12:10:50.147 [main                     ] DEBUG Logger               - Configured Logger
12:10:50.263 [main                     ] DEBUG GameApplication      - Logging settings
Title: Gestión de Áreas
Version: 1.0
Width: 1000
Height: 600
Fullscreen: false
Intro: false
Profiling: false
Single step:false
App Mode: DEVELOPER
Menu Key: ESCAPE
Stage Style: DECORATED
Scene Factory: class com.almasb.fxgl.app.scene.SceneFactory

12:10:51.274 [JavaFX Application Thread] DEBUG FXGLApplication      - Initializing FXGL
12:10:51.292 [JavaFX Application Thread] INFO  Engine               - FXGL-17.1 (24.03.2022 17.34) on WINDOWS (J:17.0.5 FX:18)
12:10:51.293 [JavaFX Application Thread] DEBUG Engine               - JRE Vendor Name: Eclipse Adoptium
12:10:51.294 [JavaFX Application Thread] DEBUG Engine               - Running on OS: Windows 11 version 10.0
12:10:51.295 [JavaFX Application Thread] DEBUG Engine               - Architecture: amd64
12:10:51.295 [JavaFX Application Thread] INFO  Engine               - Source code and latest versions at: https://github.com/AlmasB/FXGL
12:10:51.296 [JavaFX Application Thread] INFO  Engine               -       Ask questions and discuss at: https://github.com/AlmasB/FXGL/discussions
12:10:51.297 [JavaFX Application Thread] INFO  Engine               -              Join the FXGL chat at: https://gitter.im/AlmasB/FXGL
12:10:51.695 [JavaFX Application Thread] DEBUG PrimaryStageWindow   - Creating a JavaFX scene
12:10:51.801 [JavaFX Application Thread] DEBUG PrimaryStageWindow   - Target settings size: 1000.0 x 600.0
12:10:51.801 [JavaFX Application Thread] DEBUG PrimaryStageWindow   - Scaled scene size:    1000.0 x 600.0
12:10:51.802 [JavaFX Application Thread] DEBUG PrimaryStageWindow   - Scaled ratio: (1.0, 1.0)
12:10:51.805 [JavaFX Application Thread] DEBUG PrimaryStageWindow   - Set initial scene to FXGLStartupScene
12:10:51.821 [JavaFX Application Thread] DEBUG PrimaryStageWindow   - Opening main window
12:10:52.042 [JavaFX Application Thread] DEBUG PrimaryStageWindow   - Window border size: (14.66668701171875, 37.33331298828125)
12:10:52.043 [JavaFX Application Thread] DEBUG PrimaryStageWindow   - Scaled size: 1000.0 x 600.0
12:10:52.043 [JavaFX Application Thread] DEBUG PrimaryStageWindow   - Scaled ratio: (1.0, 1.0)
12:10:52.044 [JavaFX Application Thread] DEBUG PrimaryStageWindow   - Scene size: 1000.0 x 600.0
12:10:52.045 [JavaFX Application Thread] DEBUG PrimaryStageWindow   - Stage size: 1014.6666870117188 x 637.3333129882812
12:10:52.094 [FXGL Background Thread 1 ] DEBUG Engine               - Initializing environment variables
12:10:52.182 [FXGL Background Thread 1 ] DEBUG FXGLAssetLoaderServi - User app class for loading assets: class org.example.Main
12:10:52.183 [FXGL Background Thread 1 ] DEBUG GameApplicationServi - Applying CSS: fxgl_dark.css
12:10:52.186 [FXGL Background Thread 1 ] DEBUG FXGLAssetLoaderServi - Loading from file system: jar:file:/C:/Users/100070997/.m2/repository/com/github/almasb/fxgl/17.1/fxgl-17.1.jar!/fxglassets/ui/css/fxgl_dark.css
12:10:52.298 [FXGL Background Thread 1 ] DEBUG GameApplicationServi - Initializing application scenes
12:10:52.379 [FXGL Background Thread 1 ] DEBUG GameWorld            - Game world initialized
12:10:52.505 [FXGL Background Thread 1 ] DEBUG PhysicsWorld         - Physics world initialized: appHeight=600, physics.ppm=50.0
12:10:52.506 [FXGL Background Thread 1 ] DEBUG PhysicsWorld         - Using strategy: BRUTE_FORCE
12:10:52.513 [FXGL Background Thread 1 ] DEBUG GameScene            - Game scene initialized: 1000x600
12:10:52.538 [FXGL Background Thread 1 ] DEBUG FXGL.DefaultMenu     - createMenuBodyGameMenu()
12:10:52.576 [FXGL Background Thread 1 ] DEBUG FXGL.DefaultMenu     - createOptionsMenu()
12:10:52.603 [FXGL Background Thread 1 ] DEBUG FXGLAssetLoaderServi - Loading from file system: jar:file:/C:/Users/100070997/.m2/repository/com/github/almasb/fxgl/17.1/fxgl-17.1.jar!/fxglassets/textures/particles/smoke.png
12:10:52.798 [FXGL Background Thread 1 ] DEBUG FXGLAssetLoaderServi - Loading from file system: jar:file:/C:/Users/100070997/.m2/repository/com/github/almasb/fxgl/17.1/fxgl-17.1.jar!/fxglassets/textures/particles/trace_horizontal.png
12:10:52.858 [FXGL Background Thread 1 ] DEBUG GameApplicationServi - Application scenes initialized
12:10:52.884 [FXGL Background Thread 1 ] DEBUG SystemBundleService  - Loading FXGL system data
12:10:52.892 [FXGL Background Thread 1 ] DEBUG FileSystemAccess     - Reading from: C:\Users\100070997\Desktop\restaurant_simulator\system\fxgl.bundle
12:10:52.903 [FXGL Background Thread 1 ] DEBUG SystemBundleService  - Bundle FXGL: {}
12:10:52.904 [FXGL Background Thread 1 ] DEBUG UpdaterService       - Checking for updates
12:10:52.912 [FXGL Background Thread 4 ] DEBUG FXGLApplication      - Loading fonts
12:10:52.913 [FXGL Background Thread 4 ] DEBUG FXGLAssetLoaderServi - Loading from file system: jar:file:/C:/Users/100070997/.m2/repository/com/github/almasb/fxgl/17.1/fxgl-17.1.jar!/fxglassets/ui/fonts/VarelaRound-Regular.ttf
12:10:52.913 [FXGL Background Thread 1 ] DEBUG FXGLApplication      - Loading default localization
12:10:52.914 [FXGL Background Thread 1 ] DEBUG FXGLAssetLoaderServi - Loading from file system: jar:file:/C:/Users/100070997/.m2/repository/com/github/almasb/fxgl/17.1/fxgl-17.1.jar!/fxglassets/languages/english.lang
12:10:52.958 [FXGL Background Thread 1 ] INFO  FXGLApplication      - FXGL initialization took: 0.863 sec
12:10:52.960 [JavaFX Application Thread] DEBUG FXGLAssetLoaderServi - Loading from file system: jar:file:/C:/Users/100070997/.m2/repository/com/github/almasb/fxgl/17.1/fxgl-17.1.jar!/fxglassets/textures/fxgl_icon.png
12:10:53.012 [JavaFX Application Thread] DEBUG FXGLAssetLoaderServi - Loading from file system: jar:file:/C:/Users/100070997/.m2/repository/com/github/almasb/fxgl/17.1/fxgl-17.1.jar!/fxglassets/textures/fxgl_default_cursor.png
12:10:53.039 [JavaFX Application Thread] DEBUG Input                - Registered new binding: Screenshot - CTRL+8
12:10:53.040 [JavaFX Application Thread] DEBUG Input                - Registered new binding: System info dump - CTRL+9
12:10:53.042 [JavaFX Application Thread] DEBUG Input                - Registered new binding: Restart - CTRL+R
12:10:53.044 [JavaFX Application Thread] DEBUG Input                - Registered new binding: Toggle Debug Camera - CTRL+7
12:10:53.048 [JavaFX Application Thread] DEBUG LoopRunner           - Starting loop
12:10:53.048 [JavaFX Application Thread] DEBUG LoopRunner           - Initializing JavaFX AnimationTimerLoop
12:10:53.052 [JavaFX Application Thread] DEBUG GameApplicationServi - Starting new game
12:10:53.053 [JavaFX Application Thread] DEBUG Input                - Clearing active input actions
12:10:53.079 [JavaFX Application Thread] DEBUG GameApplicationServi - Removing overlay from FXGLStartupScene and adding to FXGLLoadingScene
12:10:53.080 [JavaFX Application Thread] DEBUG PrimaryStageWindow   - FXGLStartupScene -> FXGLLoadingScene
12:10:53.080 [JavaFX Application Thread] DEBUG GameApplicationServi - Clearing previous game
12:10:53.080 [JavaFX Application Thread] DEBUG GameScene            - Clearing game scene
12:10:53.081 [JavaFX Application Thread] DEBUG GameWorld            - Clearing game world
12:10:53.081 [JavaFX Application Thread] DEBUG PhysicsWorld         - Clearing physics world
12:10:53.084 [FXGL Background Thread 1 ] DEBUG FXGLApplication      - Initializing game
12:10:53.097 [FXGL Background Thread 4 ] DEBUG FXGLAssetLoaderServi - Loading from file system: jar:file:/C:/Users/100070997/.m2/repository/com/github/almasb/fxgl/17.1/fxgl-17.1.jar!/fxglassets/ui/fonts/Abel-Regular.ttf
12:10:53.129 [FXGL Background Thread 4 ] DEBUG FXGLAssetLoaderServi - Loading from file system: jar:file:/C:/Users/100070997/.m2/repository/com/github/almasb/fxgl/17.1/fxgl-17.1.jar!/fxglassets/ui/fonts/TerminalLandMono-Regular.otf
12:10:53.157 [FXGL Background Thread 4 ] DEBUG FXGLAssetLoaderServi - Loading from file system: jar:file:/C:/Users/100070997/.m2/repository/com/github/almasb/fxgl/17.1/fxgl-17.1.jar!/fxglassets/ui/fonts/Courier-Prime.ttf
12:10:53.360 [JavaFX Application Thread] DEBUG FXGLApplication      - Registering font factories with UI factory
12:10:53.802 [FXGL Background Thread 1 ] INFO  FXGLApplication      - Game initialization took: 0.718 sec
12:10:53.810 [JavaFX Application Thread] DEBUG Input                - Clearing active input actions
12:10:53.844 [JavaFX Application Thread] DEBUG GameApplicationServi - Removing overlay from FXGLLoadingScene and adding to GameScene
12:10:53.844 [JavaFX Application Thread] DEBUG PrimaryStageWindow   - FXGLLoadingScene -> GameScene
12:10:53.904 [FXGL Background Thread 2 ] INFO  UpdaterService       - Your current version:  17.1
12:10:53.907 [FXGL Background Thread 2 ] INFO  UpdaterService       - Latest stable version: 21.1
12:10:55.910 [FXGL Background Thread 3 ] DEBUG Engine               - Logging environment variables
12:10:55.912 [FXGL Background Thread 3 ] DEBUG Engine               - achievements: []
12:10:55.913 [FXGL Background Thread 3 ] DEBUG Engine               - actualHeight: 600.0
12:10:55.914 [FXGL Background Thread 3 ] DEBUG Engine               - actualHeightProperty: ReadOnlyDoubleProperty [value: 600.0]
12:10:55.914 [FXGL Background Thread 3 ] DEBUG Engine               - actualWidth: 1000.0
12:10:55.914 [FXGL Background Thread 3 ] DEBUG Engine               - actualWidthProperty: ReadOnlyDoubleProperty [value: 1000.0]
12:10:55.915 [FXGL Background Thread 3 ] DEBUG Engine               - appIcon: fxgl_icon.png
12:10:55.915 [FXGL Background Thread 3 ] DEBUG Engine               - applicationMode: DEVELOPER
12:10:55.915 [FXGL Background Thread 3 ] DEBUG Engine               - cSSList: [fxgl_dark.css]
12:10:55.916 [FXGL Background Thread 3 ] DEBUG Engine               - collisionDetectionStrategy: BRUTE_FORCE
12:10:55.916 [FXGL Background Thread 3 ] DEBUG Engine               - configClass: Optional.empty
12:10:55.916 [FXGL Background Thread 3 ] DEBUG Engine               - credits: []
12:10:55.918 [FXGL Background Thread 3 ] DEBUG Engine               - defaultCursor: CursorInfo(imageName=fxgl_default_cursor.png, hotspotX=7.0, hotspotY=6.0)
12:10:55.918 [FXGL Background Thread 3 ] DEBUG Engine               - devBBoxColorProperty: ObjectProperty [value: 0xff0000ff]
12:10:55.919 [FXGL Background Thread 3 ] DEBUG Engine               - devEnableDebugCameraProperty: BooleanProperty [value: false]
12:10:55.920 [FXGL Background Thread 3 ] DEBUG Engine               - devSensorColorProperty: ObjectProperty [value: 0xffff00ff]
12:10:55.920 [FXGL Background Thread 3 ] DEBUG Engine               - devShowBBoxProperty: BooleanProperty [value: false]
12:10:55.921 [FXGL Background Thread 3 ] DEBUG Engine               - devShowPositionProperty: BooleanProperty [value: false]
12:10:55.921 [FXGL Background Thread 3 ] DEBUG Engine               - enabledMenuItems: []
12:10:55.923 [FXGL Background Thread 3 ] DEBUG Engine               - engineServices: [class com.almasb.fxgl.app.services.FXGLAssetLoaderService, class com.almasb.fxgl.app.FXGLApplication$GameApplicationService, class com.almasb.fxgl.app.services.FXGLDialogService, class com.almasb.fxgl.app.services.IOTaskExecutorService, class com.almasb.fxgl.io.FileSystemService, class com.almasb.fxgl.localization.LocalizationService, class com.almasb.fxgl.app.services.SystemBundleService, class com.almasb.fxgl.profile.SaveLoadService, class com.almasb.fxgl.ui.FXGLUIFactoryServiceProvider, class com.almasb.fxgl.ui.FXGLDialogFactoryServiceProvider, class com.almasb.fxgl.audio.AudioPlayer, class com.almasb.fxgl.notification.impl.NotificationServiceProvider, class com.almasb.fxgl.achievement.AchievementService, class com.almasb.fxgl.cutscene.CutsceneService, class com.almasb.fxgl.minigames.MiniGameService, class com.almasb.fxgl.net.NetService, class com.almasb.fxgl.app.services.UpdaterService, class com.almasb.fxgl.dev.DevService]
12:10:55.924 [FXGL Background Thread 3 ] DEBUG Engine               - fontGame: Abel-Regular.ttf
12:10:55.924 [FXGL Background Thread 3 ] DEBUG Engine               - fontMono: TerminalLandMono-Regular.otf
12:10:55.925 [FXGL Background Thread 3 ] DEBUG Engine               - fontText: Courier-Prime.ttf
12:10:55.926 [FXGL Background Thread 3 ] DEBUG Engine               - fontUI: VarelaRound-Regular.ttf
12:10:55.926 [FXGL Background Thread 3 ] DEBUG Engine               - fullScreen: BooleanProperty [value: false]
12:10:55.927 [FXGL Background Thread 3 ] DEBUG Engine               - gameDifficulty: MEDIUM
12:10:55.927 [FXGL Background Thread 3 ] DEBUG Engine               - gameDifficultyProperty: ObjectProperty [value: MEDIUM]
12:10:55.928 [FXGL Background Thread 3 ] DEBUG Engine               - globalMusicVolume: 0.5
12:10:55.929 [FXGL Background Thread 3 ] DEBUG Engine               - globalMusicVolumeProperty: DoubleProperty [value: 0.5]
12:10:55.929 [FXGL Background Thread 3 ] DEBUG Engine               - globalSoundVolume: 0.5
12:10:55.930 [FXGL Background Thread 3 ] DEBUG Engine               - globalSoundVolumeProperty: DoubleProperty [value: 0.5]
12:10:55.931 [FXGL Background Thread 3 ] DEBUG Engine               - height: 600
12:10:55.931 [FXGL Background Thread 3 ] DEBUG Engine               - is3D: false
12:10:55.931 [FXGL Background Thread 3 ] DEBUG Engine               - isAndroid: false
12:10:55.931 [FXGL Background Thread 3 ] DEBUG Engine               - isBrowser: false
12:10:55.932 [FXGL Background Thread 3 ] DEBUG Engine               - isClickFeedbackEnabled: false
12:10:55.932 [FXGL Background Thread 3 ] DEBUG Engine               - isCloseConfirmation: false
12:10:55.932 [FXGL Background Thread 3 ] DEBUG Engine               - isDesktop: true
12:10:55.933 [FXGL Background Thread 3 ] DEBUG Engine               - isDeveloperMenuEnabled: false
12:10:55.933 [FXGL Background Thread 3 ] DEBUG Engine               - isEmbedded: false
12:10:55.933 [FXGL Background Thread 3 ] DEBUG Engine               - isEntityPreloadEnabled: true
12:10:55.933 [FXGL Background Thread 3 ] DEBUG Engine               - isExperimentalTiledLargeMap: false
12:10:55.934 [FXGL Background Thread 3 ] DEBUG Engine               - isFileSystemWriteAllowed: true
12:10:55.934 [FXGL Background Thread 3 ] DEBUG Engine               - isFullScreenAllowed: false
12:10:55.934 [FXGL Background Thread 3 ] DEBUG Engine               - isFullScreenFromStart: false
12:10:55.934 [FXGL Background Thread 3 ] DEBUG Engine               - isGameMenuEnabled: true
12:10:55.935 [FXGL Background Thread 3 ] DEBUG Engine               - isIOS: false
12:10:55.935 [FXGL Background Thread 3 ] DEBUG Engine               - isIntroEnabled: false
12:10:55.935 [FXGL Background Thread 3 ] DEBUG Engine               - isLinux: false
12:10:55.936 [FXGL Background Thread 3 ] DEBUG Engine               - isMac: false
12:10:55.936 [FXGL Background Thread 3 ] DEBUG Engine               - isMainMenuEnabled: false
12:10:55.936 [FXGL Background Thread 3 ] DEBUG Engine               - isManualResizeEnabled: false
12:10:55.937 [FXGL Background Thread 3 ] DEBUG Engine               - isMobile: false
12:10:55.937 [FXGL Background Thread 3 ] DEBUG Engine               - isNative: false
12:10:55.938 [FXGL Background Thread 3 ] DEBUG Engine               - isPauseMusicWhenMinimized: true
12:10:55.939 [FXGL Background Thread 3 ] DEBUG Engine               - isPreserveResizeRatio: false
12:10:55.939 [FXGL Background Thread 3 ] DEBUG Engine               - isProfilingEnabled: false
12:10:55.940 [FXGL Background Thread 3 ] DEBUG Engine               - isScaleAffectedOnResize: true
12:10:55.941 [FXGL Background Thread 3 ] DEBUG Engine               - isSingleStep: false
12:10:55.941 [FXGL Background Thread 3 ] DEBUG Engine               - isUserProfileEnabled: false
12:10:55.941 [FXGL Background Thread 3 ] DEBUG Engine               - isWindows: true
12:10:55.942 [FXGL Background Thread 3 ] DEBUG Engine               - language: ObjectProperty [value: ENGLISH]
12:10:55.942 [FXGL Background Thread 3 ] DEBUG Engine               - menuKey: ESCAPE
12:10:55.943 [FXGL Background Thread 3 ] DEBUG Engine               - mouseSensitivity: 0.2
12:10:55.943 [FXGL Background Thread 3 ] DEBUG Engine               - notificationViewClass: class com.almasb.fxgl.notification.view.XboxNotificationView
12:10:55.944 [FXGL Background Thread 3 ] DEBUG Engine               - pixelsPerMeter: 50.0
12:10:55.945 [FXGL Background Thread 3 ] DEBUG Engine               - platform: WINDOWS
12:10:55.945 [FXGL Background Thread 3 ] DEBUG Engine               - prefHeightProperty: ReadOnlyDoubleProperty [value: 600.0]
12:10:55.946 [FXGL Background Thread 3 ] DEBUG Engine               - prefWidthProperty: ReadOnlyDoubleProperty [value: 1000.0]
12:10:55.946 [FXGL Background Thread 3 ] DEBUG Engine               - profileDir: profiles/
12:10:55.947 [FXGL Background Thread 3 ] DEBUG Engine               - profileName: StringProperty [value: DEFAULT]
12:10:55.947 [FXGL Background Thread 3 ] DEBUG Engine               - randomSeed: -1
12:10:55.948 [FXGL Background Thread 3 ] DEBUG Engine               - runtimeInfo: RuntimeInfo(platform=WINDOWS, version=17.1, build=24.03.2022 17.34)
12:10:55.948 [FXGL Background Thread 3 ] DEBUG Engine               - saveFileExt: sav
12:10:55.949 [FXGL Background Thread 3 ] DEBUG Engine               - scaledHeightProp$fxgl: DoubleProperty [bound, value: 600.0]
12:10:55.949 [FXGL Background Thread 3 ] DEBUG Engine               - scaledWidthProp$fxgl: DoubleProperty [bound, value: 1000.0]
12:10:55.949 [FXGL Background Thread 3 ] DEBUG Engine               - sceneFactory: com.almasb.fxgl.app.scene.SceneFactory@12150387
12:10:55.950 [FXGL Background Thread 3 ] DEBUG Engine               - secondsIn24h: 60
12:10:55.950 [FXGL Background Thread 3 ] DEBUG Engine               - soundMenuBack: menu/back.wav
12:10:55.950 [FXGL Background Thread 3 ] DEBUG Engine               - soundMenuPress: menu/press.wav
12:10:55.950 [FXGL Background Thread 3 ] DEBUG Engine               - soundMenuSelect: menu/select.wav
12:10:55.951 [FXGL Background Thread 3 ] DEBUG Engine               - soundNotification: core/notification.wav
12:10:55.951 [FXGL Background Thread 3 ] DEBUG Engine               - stageStyle: DECORATED
12:10:55.951 [FXGL Background Thread 3 ] DEBUG Engine               - supportedLanguages: [ENGLISH, FRENCH, GERMAN, HUNGARIAN, RUSSIAN]
12:10:55.951 [FXGL Background Thread 3 ] DEBUG Engine               - ticksPerSecond: -1
12:10:55.952 [FXGL Background Thread 3 ] DEBUG Engine               - title: Gestión de Áreas
12:10:55.952 [FXGL Background Thread 3 ] DEBUG Engine               - urlGithub: https://github.com/AlmasB/FXGL
12:10:55.952 [FXGL Background Thread 3 ] DEBUG Engine               - urlLeaderboard: http://fxgl-top.herokuapp.com/
12:10:55.952 [FXGL Background Thread 3 ] DEBUG Engine               - urlPOM: https://raw.githubusercontent.com/AlmasB/FXGL/release/README.md
12:10:55.953 [FXGL Background Thread 3 ] DEBUG Engine               - userAppClass: class org.example.Main
12:10:55.953 [FXGL Background Thread 3 ] DEBUG Engine               - version: 1.0
12:10:55.953 [FXGL Background Thread 3 ] DEBUG Engine               - versionCheckDays: 7
12:10:55.954 [FXGL Background Thread 3 ] DEBUG Engine               - width: 1000
12:10:55.955 [FXGL Background Thread 3 ] DEBUG Engine               - Logging services
12:10:55.955 [FXGL Background Thread 3 ] DEBUG Engine               - class com.almasb.fxgl.app.services.FXGLAssetLoaderService
12:10:55.955 [FXGL Background Thread 3 ] DEBUG Engine               - class com.almasb.fxgl.app.FXGLApplication$GameApplicationService
12:10:55.956 [FXGL Background Thread 3 ] DEBUG Engine               - class com.almasb.fxgl.app.services.FXGLDialogService
12:10:55.956 [FXGL Background Thread 3 ] DEBUG Engine               - class com.almasb.fxgl.app.services.IOTaskExecutorService
12:10:55.957 [FXGL Background Thread 3 ] DEBUG Engine               - class com.almasb.fxgl.io.FileSystemService
12:10:55.957 [FXGL Background Thread 3 ] DEBUG Engine               - class com.almasb.fxgl.localization.LocalizationService
12:10:55.957 [FXGL Background Thread 3 ] DEBUG Engine               - class com.almasb.fxgl.app.services.SystemBundleService
12:10:55.958 [FXGL Background Thread 3 ] DEBUG Engine               - class com.almasb.fxgl.profile.SaveLoadService
12:10:55.958 [FXGL Background Thread 3 ] DEBUG Engine               - class com.almasb.fxgl.ui.FXGLUIFactoryServiceProvider
12:10:55.958 [FXGL Background Thread 3 ] DEBUG Engine               - class com.almasb.fxgl.ui.FXGLDialogFactoryServiceProvider
12:10:55.959 [FXGL Background Thread 3 ] DEBUG Engine               - class com.almasb.fxgl.audio.AudioPlayer
12:10:55.959 [FXGL Background Thread 3 ] DEBUG Engine               - class com.almasb.fxgl.notification.impl.NotificationServiceProvider
12:10:55.959 [FXGL Background Thread 3 ] DEBUG Engine               - class com.almasb.fxgl.achievement.AchievementService
12:10:55.959 [FXGL Background Thread 3 ] DEBUG Engine               - class com.almasb.fxgl.cutscene.CutsceneService
12:10:55.959 [FXGL Background Thread 3 ] DEBUG Engine               - class com.almasb.fxgl.minigames.MiniGameService
12:10:55.960 [FXGL Background Thread 3 ] DEBUG Engine               - class com.almasb.fxgl.net.NetService
12:10:55.960 [FXGL Background Thread 3 ] DEBUG Engine               - class com.almasb.fxgl.app.services.UpdaterService
12:10:55.960 [FXGL Background Thread 3 ] DEBUG Engine               - class com.almasb.fxgl.dev.DevService
12:11:14.839 [JavaFX Application Thread] DEBUG FXGLApplication      - Exiting FXGL
12:11:14.840 [JavaFX Application Thread] DEBUG LoopRunner           - Stopping loop
12:11:14.840 [JavaFX Application Thread] DEBUG SystemBundleService  - Saving FXGL system data
12:11:14.848 [JavaFX Application Thread] DEBUG FileSystemAccess     - Writing to: C:\Users\100070997\Desktop\restaurant_simulator\system\fxgl.bundle
12:11:14.855 [JavaFX Application Thread] DEBUG Async                - Shutting down background threads
12:11:14.856 [JavaFX Application Thread] DEBUG PrimaryStageWindow   - Closing main window
12:11:14.931 [JavaFX Application Thread] DEBUG Logger               - Closing Logger
