20:13:16.749 [main                     ] DEBUG Logger               - Configured Logger
20:13:16.776 [main                     ] DEBUG GameApplication      - Logging settings
Title: Gestión de Áreas
Version: 1.0
Width: 1000
Height: 600
Fullscreen: false
Intro: false
Profiling: false
Single step:false
App Mode: DEVELOPER
Menu Key: ESCAPE
Stage Style: DECORATED
Scene Factory: class com.almasb.fxgl.app.scene.SceneFactory

20:13:17.092 [JavaFX Application Thread] DEBUG FXGLApplication      - Initializing FXGL
20:13:17.099 [JavaFX Application Thread] INFO  Engine               - FXGL-17.1 (24.03.2022 17.34) on WINDOWS (J:17.0.5 FX:18)
20:13:17.099 [JavaFX Application Thread] DEBUG Engine               - JRE Vendor Name: Eclipse Adoptium
20:13:17.099 [JavaFX Application Thread] DEBUG Engine               - Running on OS: Windows 11 version 10.0
20:13:17.100 [JavaFX Application Thread] DEBUG Engine               - Architecture: amd64
20:13:17.100 [JavaFX Application Thread] INFO  Engine               - Source code and latest versions at: https://github.com/AlmasB/FXGL
20:13:17.100 [JavaFX Application Thread] INFO  Engine               -       Ask questions and discuss at: https://github.com/AlmasB/FXGL/discussions
20:13:17.101 [JavaFX Application Thread] INFO  Engine               -              Join the FXGL chat at: https://gitter.im/AlmasB/FXGL
20:13:17.230 [JavaFX Application Thread] DEBUG PrimaryStageWindow   - Creating a JavaFX scene
20:13:17.273 [JavaFX Application Thread] DEBUG PrimaryStageWindow   - Target settings size: 1000.0 x 600.0
20:13:17.273 [JavaFX Application Thread] DEBUG PrimaryStageWindow   - Scaled scene size:    1000.0 x 600.0
20:13:17.273 [JavaFX Application Thread] DEBUG PrimaryStageWindow   - Scaled ratio: (1.0, 1.0)
20:13:17.274 [JavaFX Application Thread] DEBUG PrimaryStageWindow   - Set initial scene to FXGLStartupScene
20:13:17.281 [JavaFX Application Thread] DEBUG PrimaryStageWindow   - Opening main window
20:13:17.378 [JavaFX Application Thread] DEBUG PrimaryStageWindow   - Window border size: (14.66668701171875, 37.33331298828125)
20:13:17.378 [JavaFX Application Thread] DEBUG PrimaryStageWindow   - Scaled size: 1000.0 x 600.0
20:13:17.378 [JavaFX Application Thread] DEBUG PrimaryStageWindow   - Scaled ratio: (1.0, 1.0)
20:13:17.379 [JavaFX Application Thread] DEBUG PrimaryStageWindow   - Scene size: 1000.0 x 600.0
20:13:17.379 [JavaFX Application Thread] DEBUG PrimaryStageWindow   - Stage size: 1014.6666870117188 x 637.3333129882812
20:13:17.387 [FXGL Background Thread 1 ] DEBUG Engine               - Initializing environment variables
20:13:17.429 [FXGL Background Thread 1 ] DEBUG FXGLAssetLoaderServi - User app class for loading assets: class org.example.Main
20:13:17.429 [FXGL Background Thread 1 ] DEBUG GameApplicationServi - Applying CSS: fxgl_dark.css
20:13:17.430 [FXGL Background Thread 1 ] DEBUG FXGLAssetLoaderServi - Loading from file system: jar:file:/C:/Users/100070997/.m2/repository/com/github/almasb/fxgl/17.1/fxgl-17.1.jar!/fxglassets/ui/css/fxgl_dark.css
20:13:17.487 [FXGL Background Thread 1 ] DEBUG GameApplicationServi - Initializing application scenes
20:13:17.543 [FXGL Background Thread 1 ] DEBUG GameWorld            - Game world initialized
20:13:17.614 [FXGL Background Thread 1 ] DEBUG PhysicsWorld         - Physics world initialized: appHeight=600, physics.ppm=50.0
20:13:17.614 [FXGL Background Thread 1 ] DEBUG PhysicsWorld         - Using strategy: BRUTE_FORCE
20:13:17.618 [FXGL Background Thread 1 ] DEBUG GameScene            - Game scene initialized: 1000x600
20:13:17.636 [FXGL Background Thread 1 ] DEBUG FXGL.DefaultMenu     - createMenuBodyGameMenu()
20:13:17.660 [FXGL Background Thread 1 ] DEBUG FXGL.DefaultMenu     - createOptionsMenu()
20:13:17.676 [FXGL Background Thread 1 ] DEBUG FXGLAssetLoaderServi - Loading from file system: jar:file:/C:/Users/100070997/.m2/repository/com/github/almasb/fxgl/17.1/fxgl-17.1.jar!/fxglassets/textures/particles/smoke.png
20:13:17.766 [FXGL Background Thread 1 ] DEBUG FXGLAssetLoaderServi - Loading from file system: jar:file:/C:/Users/100070997/.m2/repository/com/github/almasb/fxgl/17.1/fxgl-17.1.jar!/fxglassets/textures/particles/trace_horizontal.png
20:13:17.792 [FXGL Background Thread 1 ] DEBUG GameApplicationServi - Application scenes initialized
20:13:17.804 [FXGL Background Thread 1 ] DEBUG SystemBundleService  - Loading FXGL system data
20:13:17.809 [FXGL Background Thread 1 ] DEBUG FileSystemAccess     - Reading from: C:\Users\100070997\Desktop\restaurant_simulator\system\fxgl.bundle
20:13:17.814 [FXGL Background Thread 1 ] DEBUG SystemBundleService  - Bundle FXGL: {}
20:13:17.814 [FXGL Background Thread 1 ] DEBUG UpdaterService       - Checking for updates
20:13:17.817 [FXGL Background Thread 4 ] DEBUG FXGLApplication      - Loading fonts
20:13:17.818 [FXGL Background Thread 4 ] DEBUG FXGLAssetLoaderServi - Loading from file system: jar:file:/C:/Users/100070997/.m2/repository/com/github/almasb/fxgl/17.1/fxgl-17.1.jar!/fxglassets/ui/fonts/VarelaRound-Regular.ttf
20:13:17.818 [FXGL Background Thread 1 ] DEBUG FXGLApplication      - Loading default localization
20:13:17.819 [FXGL Background Thread 1 ] DEBUG FXGLAssetLoaderServi - Loading from file system: jar:file:/C:/Users/100070997/.m2/repository/com/github/almasb/fxgl/17.1/fxgl-17.1.jar!/fxglassets/languages/english.lang
20:13:17.841 [FXGL Background Thread 1 ] INFO  FXGLApplication      - FXGL initialization took: 0.453 sec
20:13:17.842 [JavaFX Application Thread] DEBUG FXGLAssetLoaderServi - Loading from file system: jar:file:/C:/Users/100070997/.m2/repository/com/github/almasb/fxgl/17.1/fxgl-17.1.jar!/fxglassets/textures/fxgl_icon.png
20:13:17.867 [JavaFX Application Thread] DEBUG FXGLAssetLoaderServi - Loading from file system: jar:file:/C:/Users/100070997/.m2/repository/com/github/almasb/fxgl/17.1/fxgl-17.1.jar!/fxglassets/textures/fxgl_default_cursor.png
20:13:17.883 [JavaFX Application Thread] DEBUG Input                - Registered new binding: Screenshot - CTRL+8
20:13:17.885 [JavaFX Application Thread] DEBUG Input                - Registered new binding: System info dump - CTRL+9
20:13:17.886 [JavaFX Application Thread] DEBUG Input                - Registered new binding: Restart - CTRL+R
20:13:17.887 [JavaFX Application Thread] DEBUG Input                - Registered new binding: Toggle Debug Camera - CTRL+7
20:13:17.892 [JavaFX Application Thread] DEBUG LoopRunner           - Starting loop
20:13:17.892 [JavaFX Application Thread] DEBUG LoopRunner           - Initializing JavaFX AnimationTimerLoop
20:13:17.894 [JavaFX Application Thread] DEBUG GameApplicationServi - Starting new game
20:13:17.895 [JavaFX Application Thread] DEBUG Input                - Clearing active input actions
20:13:17.908 [JavaFX Application Thread] DEBUG GameApplicationServi - Removing overlay from FXGLStartupScene and adding to FXGLLoadingScene
20:13:17.909 [FXGL Background Thread 4 ] DEBUG FXGLAssetLoaderServi - Loading from file system: jar:file:/C:/Users/100070997/.m2/repository/com/github/almasb/fxgl/17.1/fxgl-17.1.jar!/fxglassets/ui/fonts/Abel-Regular.ttf
20:13:17.909 [JavaFX Application Thread] DEBUG PrimaryStageWindow   - FXGLStartupScene -> FXGLLoadingScene
20:13:17.909 [JavaFX Application Thread] DEBUG GameApplicationServi - Clearing previous game
20:13:17.909 [JavaFX Application Thread] DEBUG GameScene            - Clearing game scene
20:13:17.909 [JavaFX Application Thread] DEBUG GameWorld            - Clearing game world
20:13:17.909 [JavaFX Application Thread] DEBUG PhysicsWorld         - Clearing physics world
20:13:17.911 [FXGL Background Thread 1 ] DEBUG FXGLApplication      - Initializing game
20:13:17.925 [FXGL Background Thread 4 ] DEBUG FXGLAssetLoaderServi - Loading from file system: jar:file:/C:/Users/100070997/.m2/repository/com/github/almasb/fxgl/17.1/fxgl-17.1.jar!/fxglassets/ui/fonts/TerminalLandMono-Regular.otf
20:13:17.955 [FXGL Background Thread 4 ] DEBUG FXGLAssetLoaderServi - Loading from file system: jar:file:/C:/Users/100070997/.m2/repository/com/github/almasb/fxgl/17.1/fxgl-17.1.jar!/fxglassets/ui/fonts/Courier-Prime.ttf
20:13:18.074 [JavaFX Application Thread] DEBUG FXGLApplication      - Registering font factories with UI factory
20:13:18.272 [FXGL Background Thread 1 ] INFO  FXGLApplication      - Game initialization took: 0.361 sec
20:13:18.275 [JavaFX Application Thread] DEBUG Input                - Clearing active input actions
20:13:18.293 [JavaFX Application Thread] DEBUG GameApplicationServi - Removing overlay from FXGLLoadingScene and adding to GameScene
20:13:18.294 [JavaFX Application Thread] DEBUG PrimaryStageWindow   - FXGLLoadingScene -> GameScene
20:13:18.358 [Thread-5                 ] DEBUG LoopRunner           - Stopping loop
20:13:18.360 [Thread-5                 ] FATAL FXGLApplication      - Uncaught Exception:
java.lang.NullPointerException: Cannot invoke "org.example.sprites.SpriteCaminante.getImageView()" because "spriteExistente" is null
	at org.example.utils.SpriteMesero.moverSprite(SpriteMesero.java:57)
	at org.example.models.Mesero.run(Mesero.java:50)
	at java.base/java.lang.Thread.run(Thread.java:833)

20:13:18.361 [Thread-5                 ] FATAL FXGLApplication      - Application will now exit
20:13:18.405 [Thread-5                 ] DEBUG PrimaryStageWindow   - Push state: ErrorSubScene
20:13:18.405 [Thread-5                 ] DEBUG Input                - Clearing active input actions
20:13:18.438 [FXGL Background Thread 2 ] INFO  UpdaterService       - Your current version:  17.1
20:13:18.439 [FXGL Background Thread 2 ] INFO  UpdaterService       - Latest stable version: 21.1
20:13:20.817 [FXGL Background Thread 3 ] DEBUG Engine               - Logging environment variables
20:13:20.818 [FXGL Background Thread 3 ] DEBUG Engine               - achievements: []
20:13:20.818 [FXGL Background Thread 3 ] DEBUG Engine               - actualHeight: 600.0
20:13:20.818 [FXGL Background Thread 3 ] DEBUG Engine               - actualHeightProperty: ReadOnlyDoubleProperty [value: 600.0]
20:13:20.818 [FXGL Background Thread 3 ] DEBUG Engine               - actualWidth: 1000.0
20:13:20.819 [FXGL Background Thread 3 ] DEBUG Engine               - actualWidthProperty: ReadOnlyDoubleProperty [value: 1000.0]
20:13:20.819 [FXGL Background Thread 3 ] DEBUG Engine               - appIcon: fxgl_icon.png
20:13:20.819 [FXGL Background Thread 3 ] DEBUG Engine               - applicationMode: DEVELOPER
20:13:20.819 [FXGL Background Thread 3 ] DEBUG Engine               - cSSList: [fxgl_dark.css]
20:13:20.819 [FXGL Background Thread 3 ] DEBUG Engine               - collisionDetectionStrategy: BRUTE_FORCE
20:13:20.819 [FXGL Background Thread 3 ] DEBUG Engine               - configClass: Optional.empty
20:13:20.820 [FXGL Background Thread 3 ] DEBUG Engine               - credits: []
20:13:20.820 [FXGL Background Thread 3 ] DEBUG Engine               - defaultCursor: CursorInfo(imageName=fxgl_default_cursor.png, hotspotX=7.0, hotspotY=6.0)
20:13:20.821 [FXGL Background Thread 3 ] DEBUG Engine               - devBBoxColorProperty: ObjectProperty [value: 0xff0000ff]
20:13:20.821 [FXGL Background Thread 3 ] DEBUG Engine               - devEnableDebugCameraProperty: BooleanProperty [value: false]
20:13:20.823 [FXGL Background Thread 3 ] DEBUG Engine               - devSensorColorProperty: ObjectProperty [value: 0xffff00ff]
20:13:20.823 [FXGL Background Thread 3 ] DEBUG Engine               - devShowBBoxProperty: BooleanProperty [value: false]
20:13:20.823 [FXGL Background Thread 3 ] DEBUG Engine               - devShowPositionProperty: BooleanProperty [value: false]
20:13:20.823 [FXGL Background Thread 3 ] DEBUG Engine               - enabledMenuItems: []
20:13:20.823 [FXGL Background Thread 3 ] DEBUG Engine               - engineServices: [class com.almasb.fxgl.app.services.FXGLAssetLoaderService, class com.almasb.fxgl.app.FXGLApplication$GameApplicationService, class com.almasb.fxgl.app.services.FXGLDialogService, class com.almasb.fxgl.app.services.IOTaskExecutorService, class com.almasb.fxgl.io.FileSystemService, class com.almasb.fxgl.localization.LocalizationService, class com.almasb.fxgl.app.services.SystemBundleService, class com.almasb.fxgl.profile.SaveLoadService, class com.almasb.fxgl.ui.FXGLUIFactoryServiceProvider, class com.almasb.fxgl.ui.FXGLDialogFactoryServiceProvider, class com.almasb.fxgl.audio.AudioPlayer, class com.almasb.fxgl.notification.impl.NotificationServiceProvider, class com.almasb.fxgl.achievement.AchievementService, class com.almasb.fxgl.cutscene.CutsceneService, class com.almasb.fxgl.minigames.MiniGameService, class com.almasb.fxgl.net.NetService, class com.almasb.fxgl.app.services.UpdaterService, class com.almasb.fxgl.dev.DevService]
20:13:20.824 [FXGL Background Thread 3 ] DEBUG Engine               - fontGame: Abel-Regular.ttf
20:13:20.824 [FXGL Background Thread 3 ] DEBUG Engine               - fontMono: TerminalLandMono-Regular.otf
20:13:20.824 [FXGL Background Thread 3 ] DEBUG Engine               - fontText: Courier-Prime.ttf
20:13:20.824 [FXGL Background Thread 3 ] DEBUG Engine               - fontUI: VarelaRound-Regular.ttf
20:13:20.824 [FXGL Background Thread 3 ] DEBUG Engine               - fullScreen: BooleanProperty [value: false]
20:13:20.824 [FXGL Background Thread 3 ] DEBUG Engine               - gameDifficulty: MEDIUM
20:13:20.824 [FXGL Background Thread 3 ] DEBUG Engine               - gameDifficultyProperty: ObjectProperty [value: MEDIUM]
20:13:20.824 [FXGL Background Thread 3 ] DEBUG Engine               - globalMusicVolume: 0.5
20:13:20.825 [FXGL Background Thread 3 ] DEBUG Engine               - globalMusicVolumeProperty: DoubleProperty [value: 0.5]
20:13:20.825 [FXGL Background Thread 3 ] DEBUG Engine               - globalSoundVolume: 0.5
20:13:20.825 [FXGL Background Thread 3 ] DEBUG Engine               - globalSoundVolumeProperty: DoubleProperty [value: 0.5]
20:13:20.825 [FXGL Background Thread 3 ] DEBUG Engine               - height: 600
20:13:20.825 [FXGL Background Thread 3 ] DEBUG Engine               - is3D: false
20:13:20.825 [FXGL Background Thread 3 ] DEBUG Engine               - isAndroid: false
20:13:20.825 [FXGL Background Thread 3 ] DEBUG Engine               - isBrowser: false
20:13:20.825 [FXGL Background Thread 3 ] DEBUG Engine               - isClickFeedbackEnabled: false
20:13:20.825 [FXGL Background Thread 3 ] DEBUG Engine               - isCloseConfirmation: false
20:13:20.825 [FXGL Background Thread 3 ] DEBUG Engine               - isDesktop: true
20:13:20.825 [FXGL Background Thread 3 ] DEBUG Engine               - isDeveloperMenuEnabled: false
20:13:20.825 [FXGL Background Thread 3 ] DEBUG Engine               - isEmbedded: false
20:13:20.825 [FXGL Background Thread 3 ] DEBUG Engine               - isEntityPreloadEnabled: true
20:13:20.826 [FXGL Background Thread 3 ] DEBUG Engine               - isExperimentalTiledLargeMap: false
20:13:20.826 [FXGL Background Thread 3 ] DEBUG Engine               - isFileSystemWriteAllowed: true
20:13:20.826 [FXGL Background Thread 3 ] DEBUG Engine               - isFullScreenAllowed: false
20:13:20.826 [FXGL Background Thread 3 ] DEBUG Engine               - isFullScreenFromStart: false
20:13:20.826 [FXGL Background Thread 3 ] DEBUG Engine               - isGameMenuEnabled: true
20:13:20.826 [FXGL Background Thread 3 ] DEBUG Engine               - isIOS: false
20:13:20.826 [FXGL Background Thread 3 ] DEBUG Engine               - isIntroEnabled: false
20:13:20.826 [FXGL Background Thread 3 ] DEBUG Engine               - isLinux: false
20:13:20.826 [FXGL Background Thread 3 ] DEBUG Engine               - isMac: false
20:13:20.826 [FXGL Background Thread 3 ] DEBUG Engine               - isMainMenuEnabled: false
20:13:20.826 [FXGL Background Thread 3 ] DEBUG Engine               - isManualResizeEnabled: false
20:13:20.827 [FXGL Background Thread 3 ] DEBUG Engine               - isMobile: false
20:13:20.827 [FXGL Background Thread 3 ] DEBUG Engine               - isNative: false
20:13:20.827 [FXGL Background Thread 3 ] DEBUG Engine               - isPauseMusicWhenMinimized: true
20:13:20.827 [FXGL Background Thread 3 ] DEBUG Engine               - isPreserveResizeRatio: false
20:13:20.827 [FXGL Background Thread 3 ] DEBUG Engine               - isProfilingEnabled: false
20:13:20.827 [FXGL Background Thread 3 ] DEBUG Engine               - isScaleAffectedOnResize: true
20:13:20.827 [FXGL Background Thread 3 ] DEBUG Engine               - isSingleStep: false
20:13:20.827 [FXGL Background Thread 3 ] DEBUG Engine               - isUserProfileEnabled: false
20:13:20.827 [FXGL Background Thread 3 ] DEBUG Engine               - isWindows: true
20:13:20.827 [FXGL Background Thread 3 ] DEBUG Engine               - language: ObjectProperty [value: ENGLISH]
20:13:20.827 [FXGL Background Thread 3 ] DEBUG Engine               - menuKey: ESCAPE
20:13:20.828 [FXGL Background Thread 3 ] DEBUG Engine               - mouseSensitivity: 0.2
20:13:20.828 [FXGL Background Thread 3 ] DEBUG Engine               - notificationViewClass: class com.almasb.fxgl.notification.view.XboxNotificationView
20:13:20.828 [FXGL Background Thread 3 ] DEBUG Engine               - pixelsPerMeter: 50.0
20:13:20.828 [FXGL Background Thread 3 ] DEBUG Engine               - platform: WINDOWS
20:13:20.828 [FXGL Background Thread 3 ] DEBUG Engine               - prefHeightProperty: ReadOnlyDoubleProperty [value: 600.0]
20:13:20.828 [FXGL Background Thread 3 ] DEBUG Engine               - prefWidthProperty: ReadOnlyDoubleProperty [value: 1000.0]
20:13:20.828 [FXGL Background Thread 3 ] DEBUG Engine               - profileDir: profiles/
20:13:20.828 [FXGL Background Thread 3 ] DEBUG Engine               - profileName: StringProperty [value: DEFAULT]
20:13:20.828 [FXGL Background Thread 3 ] DEBUG Engine               - randomSeed: -1
20:13:20.829 [FXGL Background Thread 3 ] DEBUG Engine               - runtimeInfo: RuntimeInfo(platform=WINDOWS, version=17.1, build=24.03.2022 17.34)
20:13:20.829 [FXGL Background Thread 3 ] DEBUG Engine               - saveFileExt: sav
20:13:20.829 [FXGL Background Thread 3 ] DEBUG Engine               - scaledHeightProp$fxgl: DoubleProperty [bound, value: 600.0]
20:13:20.829 [FXGL Background Thread 3 ] DEBUG Engine               - scaledWidthProp$fxgl: DoubleProperty [bound, value: 1000.0]
20:13:20.829 [FXGL Background Thread 3 ] DEBUG Engine               - sceneFactory: com.almasb.fxgl.app.scene.SceneFactory@55c5c0f2
20:13:20.829 [FXGL Background Thread 3 ] DEBUG Engine               - secondsIn24h: 60
20:13:20.830 [FXGL Background Thread 3 ] DEBUG Engine               - soundMenuBack: menu/back.wav
20:13:20.830 [FXGL Background Thread 3 ] DEBUG Engine               - soundMenuPress: menu/press.wav
20:13:20.830 [FXGL Background Thread 3 ] DEBUG Engine               - soundMenuSelect: menu/select.wav
20:13:20.830 [FXGL Background Thread 3 ] DEBUG Engine               - soundNotification: core/notification.wav
20:13:20.830 [FXGL Background Thread 3 ] DEBUG Engine               - stageStyle: DECORATED
20:13:20.830 [FXGL Background Thread 3 ] DEBUG Engine               - supportedLanguages: [ENGLISH, FRENCH, GERMAN, HUNGARIAN, RUSSIAN]
20:13:20.830 [FXGL Background Thread 3 ] DEBUG Engine               - ticksPerSecond: -1
20:13:20.830 [FXGL Background Thread 3 ] DEBUG Engine               - title: Gestión de Áreas
20:13:20.830 [FXGL Background Thread 3 ] DEBUG Engine               - urlGithub: https://github.com/AlmasB/FXGL
20:13:20.830 [FXGL Background Thread 3 ] DEBUG Engine               - urlLeaderboard: http://fxgl-top.herokuapp.com/
20:13:20.830 [FXGL Background Thread 3 ] DEBUG Engine               - urlPOM: https://raw.githubusercontent.com/AlmasB/FXGL/release/README.md
20:13:20.830 [FXGL Background Thread 3 ] DEBUG Engine               - userAppClass: class org.example.Main
20:13:20.830 [FXGL Background Thread 3 ] DEBUG Engine               - version: 1.0
20:13:20.830 [FXGL Background Thread 3 ] DEBUG Engine               - versionCheckDays: 7
20:13:20.830 [FXGL Background Thread 3 ] DEBUG Engine               - width: 1000
20:13:20.830 [FXGL Background Thread 3 ] DEBUG Engine               - Logging services
20:13:20.831 [FXGL Background Thread 3 ] DEBUG Engine               - class com.almasb.fxgl.app.services.FXGLAssetLoaderService
20:13:20.831 [FXGL Background Thread 3 ] DEBUG Engine               - class com.almasb.fxgl.app.FXGLApplication$GameApplicationService
20:13:20.831 [FXGL Background Thread 3 ] DEBUG Engine               - class com.almasb.fxgl.app.services.FXGLDialogService
20:13:20.831 [FXGL Background Thread 3 ] DEBUG Engine               - class com.almasb.fxgl.app.services.IOTaskExecutorService
20:13:20.831 [FXGL Background Thread 3 ] DEBUG Engine               - class com.almasb.fxgl.io.FileSystemService
20:13:20.831 [FXGL Background Thread 3 ] DEBUG Engine               - class com.almasb.fxgl.localization.LocalizationService
20:13:20.831 [FXGL Background Thread 3 ] DEBUG Engine               - class com.almasb.fxgl.app.services.SystemBundleService
20:13:20.831 [FXGL Background Thread 3 ] DEBUG Engine               - class com.almasb.fxgl.profile.SaveLoadService
20:13:20.831 [FXGL Background Thread 3 ] DEBUG Engine               - class com.almasb.fxgl.ui.FXGLUIFactoryServiceProvider
20:13:20.831 [FXGL Background Thread 3 ] DEBUG Engine               - class com.almasb.fxgl.ui.FXGLDialogFactoryServiceProvider
20:13:20.831 [FXGL Background Thread 3 ] DEBUG Engine               - class com.almasb.fxgl.audio.AudioPlayer
20:13:20.831 [FXGL Background Thread 3 ] DEBUG Engine               - class com.almasb.fxgl.notification.impl.NotificationServiceProvider
20:13:20.831 [FXGL Background Thread 3 ] DEBUG Engine               - class com.almasb.fxgl.achievement.AchievementService
20:13:20.831 [FXGL Background Thread 3 ] DEBUG Engine               - class com.almasb.fxgl.cutscene.CutsceneService
20:13:20.831 [FXGL Background Thread 3 ] DEBUG Engine               - class com.almasb.fxgl.minigames.MiniGameService
20:13:20.831 [FXGL Background Thread 3 ] DEBUG Engine               - class com.almasb.fxgl.net.NetService
20:13:20.831 [FXGL Background Thread 3 ] DEBUG Engine               - class com.almasb.fxgl.app.services.UpdaterService
20:13:20.831 [FXGL Background Thread 3 ] DEBUG Engine               - class com.almasb.fxgl.dev.DevService
20:13:36.714 [JavaFX Application Thread] DEBUG FXGLApplication      - Exiting FXGL
20:13:36.714 [JavaFX Application Thread] DEBUG Async                - Shutting down background threads
20:13:36.714 [JavaFX Application Thread] DEBUG PrimaryStageWindow   - Closing main window
20:13:36.727 [JavaFX Application Thread] DEBUG Logger               - Closing Logger
