21:49:15.545 [main                     ] DEBUG Logger               - Configured Logger
21:49:15.573 [main                     ] DEBUG GameApplication      - Logging settings
Title: Gestión de Áreas
Version: 1.0
Width: 1000
Height: 600
Fullscreen: false
Intro: false
Profiling: false
Single step:false
App Mode: DEVELOPER
Menu Key: ESCAPE
Stage Style: DECORATED
Scene Factory: class com.almasb.fxgl.app.scene.SceneFactory

21:49:15.924 [JavaFX Application Thread] DEBUG FXGLApplication      - Initializing FXGL
21:49:15.930 [JavaFX Application Thread] INFO  Engine               - FXGL-17.1 (24.03.2022 17.34) on WINDOWS (J:17.0.5 FX:18)
21:49:15.931 [JavaFX Application Thread] DEBUG Engine               - JRE Vendor Name: Eclipse Adoptium
21:49:15.931 [JavaFX Application Thread] DEBUG Engine               - Running on OS: Windows 11 version 10.0
21:49:15.931 [JavaFX Application Thread] DEBUG Engine               - Architecture: amd64
21:49:15.932 [JavaFX Application Thread] INFO  Engine               - Source code and latest versions at: https://github.com/AlmasB/FXGL
21:49:15.932 [JavaFX Application Thread] INFO  Engine               -       Ask questions and discuss at: https://github.com/AlmasB/FXGL/discussions
21:49:15.932 [JavaFX Application Thread] INFO  Engine               -              Join the FXGL chat at: https://gitter.im/AlmasB/FXGL
21:49:16.052 [JavaFX Application Thread] DEBUG PrimaryStageWindow   - Creating a JavaFX scene
21:49:16.101 [JavaFX Application Thread] DEBUG PrimaryStageWindow   - Target settings size: 1000.0 x 600.0
21:49:16.102 [JavaFX Application Thread] DEBUG PrimaryStageWindow   - Scaled scene size:    1000.0 x 600.0
21:49:16.102 [JavaFX Application Thread] DEBUG PrimaryStageWindow   - Scaled ratio: (1.0, 1.0)
21:49:16.104 [JavaFX Application Thread] DEBUG PrimaryStageWindow   - Set initial scene to FXGLStartupScene
21:49:16.113 [JavaFX Application Thread] DEBUG PrimaryStageWindow   - Opening main window
21:49:16.239 [JavaFX Application Thread] DEBUG PrimaryStageWindow   - Window border size: (14.66668701171875, 37.33331298828125)
21:49:16.239 [JavaFX Application Thread] DEBUG PrimaryStageWindow   - Scaled size: 1000.0 x 600.0
21:49:16.240 [JavaFX Application Thread] DEBUG PrimaryStageWindow   - Scaled ratio: (1.0, 1.0)
21:49:16.240 [JavaFX Application Thread] DEBUG PrimaryStageWindow   - Scene size: 1000.0 x 600.0
21:49:16.240 [JavaFX Application Thread] DEBUG PrimaryStageWindow   - Stage size: 1014.6666870117188 x 637.3333129882812
21:49:16.250 [FXGL Background Thread 1 ] DEBUG Engine               - Initializing environment variables
21:49:16.307 [FXGL Background Thread 1 ] DEBUG FXGLAssetLoaderServi - User app class for loading assets: class org.example.Main
21:49:16.308 [FXGL Background Thread 1 ] DEBUG GameApplicationServi - Applying CSS: fxgl_dark.css
21:49:16.310 [FXGL Background Thread 1 ] DEBUG FXGLAssetLoaderServi - Loading from file system: jar:file:/C:/Users/100070997/.m2/repository/com/github/almasb/fxgl/17.1/fxgl-17.1.jar!/fxglassets/ui/css/fxgl_dark.css
21:49:16.368 [FXGL Background Thread 1 ] DEBUG GameApplicationServi - Initializing application scenes
21:49:16.423 [FXGL Background Thread 1 ] DEBUG GameWorld            - Game world initialized
21:49:16.498 [FXGL Background Thread 1 ] DEBUG PhysicsWorld         - Physics world initialized: appHeight=600, physics.ppm=50.0
21:49:16.498 [FXGL Background Thread 1 ] DEBUG PhysicsWorld         - Using strategy: BRUTE_FORCE
21:49:16.502 [FXGL Background Thread 1 ] DEBUG GameScene            - Game scene initialized: 1000x600
21:49:16.522 [FXGL Background Thread 1 ] DEBUG FXGL.DefaultMenu     - createMenuBodyGameMenu()
21:49:16.548 [FXGL Background Thread 1 ] DEBUG FXGL.DefaultMenu     - createOptionsMenu()
21:49:16.571 [FXGL Background Thread 1 ] DEBUG FXGLAssetLoaderServi - Loading from file system: jar:file:/C:/Users/100070997/.m2/repository/com/github/almasb/fxgl/17.1/fxgl-17.1.jar!/fxglassets/textures/particles/smoke.png
21:49:16.682 [FXGL Background Thread 1 ] DEBUG FXGLAssetLoaderServi - Loading from file system: jar:file:/C:/Users/100070997/.m2/repository/com/github/almasb/fxgl/17.1/fxgl-17.1.jar!/fxglassets/textures/particles/trace_horizontal.png
21:49:16.712 [FXGL Background Thread 1 ] DEBUG GameApplicationServi - Application scenes initialized
21:49:16.724 [FXGL Background Thread 1 ] DEBUG SystemBundleService  - Loading FXGL system data
21:49:16.731 [FXGL Background Thread 1 ] DEBUG FileSystemAccess     - Reading from: C:\Users\100070997\Desktop\restaurant_simulator\system\fxgl.bundle
21:49:16.738 [FXGL Background Thread 1 ] DEBUG SystemBundleService  - Bundle FXGL: {}
21:49:16.738 [FXGL Background Thread 1 ] DEBUG UpdaterService       - Checking for updates
21:49:16.744 [FXGL Background Thread 4 ] DEBUG FXGLApplication      - Loading fonts
21:49:16.745 [FXGL Background Thread 4 ] DEBUG FXGLAssetLoaderServi - Loading from file system: jar:file:/C:/Users/100070997/.m2/repository/com/github/almasb/fxgl/17.1/fxgl-17.1.jar!/fxglassets/ui/fonts/VarelaRound-Regular.ttf
21:49:16.745 [FXGL Background Thread 1 ] DEBUG FXGLApplication      - Loading default localization
21:49:16.746 [FXGL Background Thread 1 ] DEBUG FXGLAssetLoaderServi - Loading from file system: jar:file:/C:/Users/100070997/.m2/repository/com/github/almasb/fxgl/17.1/fxgl-17.1.jar!/fxglassets/languages/english.lang
21:49:16.771 [FXGL Background Thread 1 ] INFO  FXGLApplication      - FXGL initialization took: 0.521 sec
21:49:16.772 [JavaFX Application Thread] DEBUG FXGLAssetLoaderServi - Loading from file system: jar:file:/C:/Users/100070997/.m2/repository/com/github/almasb/fxgl/17.1/fxgl-17.1.jar!/fxglassets/textures/fxgl_icon.png
21:49:16.800 [JavaFX Application Thread] DEBUG FXGLAssetLoaderServi - Loading from file system: jar:file:/C:/Users/100070997/.m2/repository/com/github/almasb/fxgl/17.1/fxgl-17.1.jar!/fxglassets/textures/fxgl_default_cursor.png
21:49:16.815 [JavaFX Application Thread] DEBUG Input                - Registered new binding: Screenshot - CTRL+8
21:49:16.816 [JavaFX Application Thread] DEBUG Input                - Registered new binding: System info dump - CTRL+9
21:49:16.816 [JavaFX Application Thread] DEBUG Input                - Registered new binding: Restart - CTRL+R
21:49:16.817 [JavaFX Application Thread] DEBUG Input                - Registered new binding: Toggle Debug Camera - CTRL+7
21:49:16.820 [JavaFX Application Thread] DEBUG LoopRunner           - Starting loop
21:49:16.820 [JavaFX Application Thread] DEBUG LoopRunner           - Initializing JavaFX AnimationTimerLoop
21:49:16.824 [JavaFX Application Thread] DEBUG GameApplicationServi - Starting new game
21:49:16.826 [JavaFX Application Thread] DEBUG Input                - Clearing active input actions
21:49:16.840 [JavaFX Application Thread] DEBUG GameApplicationServi - Removing overlay from FXGLStartupScene and adding to FXGLLoadingScene
21:49:16.841 [JavaFX Application Thread] DEBUG PrimaryStageWindow   - FXGLStartupScene -> FXGLLoadingScene
21:49:16.841 [JavaFX Application Thread] DEBUG GameApplicationServi - Clearing previous game
21:49:16.841 [JavaFX Application Thread] DEBUG GameScene            - Clearing game scene
21:49:16.841 [JavaFX Application Thread] DEBUG GameWorld            - Clearing game world
21:49:16.841 [JavaFX Application Thread] DEBUG PhysicsWorld         - Clearing physics world
21:49:16.844 [FXGL Background Thread 1 ] DEBUG FXGLApplication      - Initializing game
21:49:16.864 [FXGL Background Thread 4 ] DEBUG FXGLAssetLoaderServi - Loading from file system: jar:file:/C:/Users/100070997/.m2/repository/com/github/almasb/fxgl/17.1/fxgl-17.1.jar!/fxglassets/ui/fonts/Abel-Regular.ttf
21:49:16.883 [FXGL Background Thread 4 ] DEBUG FXGLAssetLoaderServi - Loading from file system: jar:file:/C:/Users/100070997/.m2/repository/com/github/almasb/fxgl/17.1/fxgl-17.1.jar!/fxglassets/ui/fonts/TerminalLandMono-Regular.otf
21:49:16.899 [FXGL Background Thread 4 ] DEBUG FXGLAssetLoaderServi - Loading from file system: jar:file:/C:/Users/100070997/.m2/repository/com/github/almasb/fxgl/17.1/fxgl-17.1.jar!/fxglassets/ui/fonts/Courier-Prime.ttf
21:49:17.045 [JavaFX Application Thread] DEBUG FXGLApplication      - Registering font factories with UI factory
21:49:17.266 [FXGL Background Thread 1 ] INFO  FXGLApplication      - Game initialization took: 0.420 sec
21:49:17.280 [JavaFX Application Thread] DEBUG Input                - Clearing active input actions
21:49:17.299 [JavaFX Application Thread] DEBUG GameApplicationServi - Removing overlay from FXGLLoadingScene and adding to GameScene
21:49:17.300 [JavaFX Application Thread] DEBUG PrimaryStageWindow   - FXGLLoadingScene -> GameScene
21:49:17.434 [FXGL Background Thread 2 ] INFO  UpdaterService       - Your current version:  17.1
21:49:17.435 [FXGL Background Thread 2 ] INFO  UpdaterService       - Latest stable version: 21.1
21:49:19.743 [FXGL Background Thread 3 ] DEBUG Engine               - Logging environment variables
21:49:19.744 [FXGL Background Thread 3 ] DEBUG Engine               - achievements: []
21:49:19.744 [FXGL Background Thread 3 ] DEBUG Engine               - actualHeight: 600.0
21:49:19.744 [FXGL Background Thread 3 ] DEBUG Engine               - actualHeightProperty: ReadOnlyDoubleProperty [value: 600.0]
21:49:19.744 [FXGL Background Thread 3 ] DEBUG Engine               - actualWidth: 1000.0
21:49:19.744 [FXGL Background Thread 3 ] DEBUG Engine               - actualWidthProperty: ReadOnlyDoubleProperty [value: 1000.0]
21:49:19.744 [FXGL Background Thread 3 ] DEBUG Engine               - appIcon: fxgl_icon.png
21:49:19.745 [FXGL Background Thread 3 ] DEBUG Engine               - applicationMode: DEVELOPER
21:49:19.745 [FXGL Background Thread 3 ] DEBUG Engine               - cSSList: [fxgl_dark.css]
21:49:19.745 [FXGL Background Thread 3 ] DEBUG Engine               - collisionDetectionStrategy: BRUTE_FORCE
21:49:19.745 [FXGL Background Thread 3 ] DEBUG Engine               - configClass: Optional.empty
21:49:19.745 [FXGL Background Thread 3 ] DEBUG Engine               - credits: []
21:49:19.745 [FXGL Background Thread 3 ] DEBUG Engine               - defaultCursor: CursorInfo(imageName=fxgl_default_cursor.png, hotspotX=7.0, hotspotY=6.0)
21:49:19.745 [FXGL Background Thread 3 ] DEBUG Engine               - devBBoxColorProperty: ObjectProperty [value: 0xff0000ff]
21:49:19.745 [FXGL Background Thread 3 ] DEBUG Engine               - devEnableDebugCameraProperty: BooleanProperty [value: false]
21:49:19.746 [FXGL Background Thread 3 ] DEBUG Engine               - devSensorColorProperty: ObjectProperty [value: 0xffff00ff]
21:49:19.746 [FXGL Background Thread 3 ] DEBUG Engine               - devShowBBoxProperty: BooleanProperty [value: false]
21:49:19.746 [FXGL Background Thread 3 ] DEBUG Engine               - devShowPositionProperty: BooleanProperty [value: false]
21:49:19.746 [FXGL Background Thread 3 ] DEBUG Engine               - enabledMenuItems: []
21:49:19.746 [FXGL Background Thread 3 ] DEBUG Engine               - engineServices: [class com.almasb.fxgl.app.services.FXGLAssetLoaderService, class com.almasb.fxgl.app.FXGLApplication$GameApplicationService, class com.almasb.fxgl.app.services.FXGLDialogService, class com.almasb.fxgl.app.services.IOTaskExecutorService, class com.almasb.fxgl.io.FileSystemService, class com.almasb.fxgl.localization.LocalizationService, class com.almasb.fxgl.app.services.SystemBundleService, class com.almasb.fxgl.profile.SaveLoadService, class com.almasb.fxgl.ui.FXGLUIFactoryServiceProvider, class com.almasb.fxgl.ui.FXGLDialogFactoryServiceProvider, class com.almasb.fxgl.audio.AudioPlayer, class com.almasb.fxgl.notification.impl.NotificationServiceProvider, class com.almasb.fxgl.achievement.AchievementService, class com.almasb.fxgl.cutscene.CutsceneService, class com.almasb.fxgl.minigames.MiniGameService, class com.almasb.fxgl.net.NetService, class com.almasb.fxgl.app.services.UpdaterService, class com.almasb.fxgl.dev.DevService]
21:49:19.746 [FXGL Background Thread 3 ] DEBUG Engine               - fontGame: Abel-Regular.ttf
21:49:19.746 [FXGL Background Thread 3 ] DEBUG Engine               - fontMono: TerminalLandMono-Regular.otf
21:49:19.746 [FXGL Background Thread 3 ] DEBUG Engine               - fontText: Courier-Prime.ttf
21:49:19.746 [FXGL Background Thread 3 ] DEBUG Engine               - fontUI: VarelaRound-Regular.ttf
21:49:19.746 [FXGL Background Thread 3 ] DEBUG Engine               - fullScreen: BooleanProperty [value: false]
21:49:19.746 [FXGL Background Thread 3 ] DEBUG Engine               - gameDifficulty: MEDIUM
21:49:19.746 [FXGL Background Thread 3 ] DEBUG Engine               - gameDifficultyProperty: ObjectProperty [value: MEDIUM]
21:49:19.746 [FXGL Background Thread 3 ] DEBUG Engine               - globalMusicVolume: 0.5
21:49:19.746 [FXGL Background Thread 3 ] DEBUG Engine               - globalMusicVolumeProperty: DoubleProperty [value: 0.5]
21:49:19.747 [FXGL Background Thread 3 ] DEBUG Engine               - globalSoundVolume: 0.5
21:49:19.747 [FXGL Background Thread 3 ] DEBUG Engine               - globalSoundVolumeProperty: DoubleProperty [value: 0.5]
21:49:19.747 [FXGL Background Thread 3 ] DEBUG Engine               - height: 600
21:49:19.747 [FXGL Background Thread 3 ] DEBUG Engine               - is3D: false
21:49:19.747 [FXGL Background Thread 3 ] DEBUG Engine               - isAndroid: false
21:49:19.747 [FXGL Background Thread 3 ] DEBUG Engine               - isBrowser: false
21:49:19.747 [FXGL Background Thread 3 ] DEBUG Engine               - isClickFeedbackEnabled: false
21:49:19.747 [FXGL Background Thread 3 ] DEBUG Engine               - isCloseConfirmation: false
21:49:19.747 [FXGL Background Thread 3 ] DEBUG Engine               - isDesktop: true
21:49:19.747 [FXGL Background Thread 3 ] DEBUG Engine               - isDeveloperMenuEnabled: false
21:49:19.747 [FXGL Background Thread 3 ] DEBUG Engine               - isEmbedded: false
21:49:19.747 [FXGL Background Thread 3 ] DEBUG Engine               - isEntityPreloadEnabled: true
21:49:19.747 [FXGL Background Thread 3 ] DEBUG Engine               - isExperimentalTiledLargeMap: false
21:49:19.747 [FXGL Background Thread 3 ] DEBUG Engine               - isFileSystemWriteAllowed: true
21:49:19.748 [FXGL Background Thread 3 ] DEBUG Engine               - isFullScreenAllowed: false
21:49:19.748 [FXGL Background Thread 3 ] DEBUG Engine               - isFullScreenFromStart: false
21:49:19.748 [FXGL Background Thread 3 ] DEBUG Engine               - isGameMenuEnabled: true
21:49:19.748 [FXGL Background Thread 3 ] DEBUG Engine               - isIOS: false
21:49:19.748 [FXGL Background Thread 3 ] DEBUG Engine               - isIntroEnabled: false
21:49:19.748 [FXGL Background Thread 3 ] DEBUG Engine               - isLinux: false
21:49:19.748 [FXGL Background Thread 3 ] DEBUG Engine               - isMac: false
21:49:19.748 [FXGL Background Thread 3 ] DEBUG Engine               - isMainMenuEnabled: false
21:49:19.748 [FXGL Background Thread 3 ] DEBUG Engine               - isManualResizeEnabled: false
21:49:19.748 [FXGL Background Thread 3 ] DEBUG Engine               - isMobile: false
21:49:19.748 [FXGL Background Thread 3 ] DEBUG Engine               - isNative: false
21:49:19.748 [FXGL Background Thread 3 ] DEBUG Engine               - isPauseMusicWhenMinimized: true
21:49:19.748 [FXGL Background Thread 3 ] DEBUG Engine               - isPreserveResizeRatio: false
21:49:19.748 [FXGL Background Thread 3 ] DEBUG Engine               - isProfilingEnabled: false
21:49:19.748 [FXGL Background Thread 3 ] DEBUG Engine               - isScaleAffectedOnResize: true
21:49:19.749 [FXGL Background Thread 3 ] DEBUG Engine               - isSingleStep: false
21:49:19.749 [FXGL Background Thread 3 ] DEBUG Engine               - isUserProfileEnabled: false
21:49:19.749 [FXGL Background Thread 3 ] DEBUG Engine               - isWindows: true
21:49:19.749 [FXGL Background Thread 3 ] DEBUG Engine               - language: ObjectProperty [value: ENGLISH]
21:49:19.749 [FXGL Background Thread 3 ] DEBUG Engine               - menuKey: ESCAPE
21:49:19.749 [FXGL Background Thread 3 ] DEBUG Engine               - mouseSensitivity: 0.2
21:49:19.749 [FXGL Background Thread 3 ] DEBUG Engine               - notificationViewClass: class com.almasb.fxgl.notification.view.XboxNotificationView
21:49:19.749 [FXGL Background Thread 3 ] DEBUG Engine               - pixelsPerMeter: 50.0
21:49:19.750 [FXGL Background Thread 3 ] DEBUG Engine               - platform: WINDOWS
21:49:19.750 [FXGL Background Thread 3 ] DEBUG Engine               - prefHeightProperty: ReadOnlyDoubleProperty [value: 600.0]
21:49:19.750 [FXGL Background Thread 3 ] DEBUG Engine               - prefWidthProperty: ReadOnlyDoubleProperty [value: 1000.0]
21:49:19.750 [FXGL Background Thread 3 ] DEBUG Engine               - profileDir: profiles/
21:49:19.750 [FXGL Background Thread 3 ] DEBUG Engine               - profileName: StringProperty [value: DEFAULT]
21:49:19.750 [FXGL Background Thread 3 ] DEBUG Engine               - randomSeed: -1
21:49:19.750 [FXGL Background Thread 3 ] DEBUG Engine               - runtimeInfo: RuntimeInfo(platform=WINDOWS, version=17.1, build=24.03.2022 17.34)
21:49:19.750 [FXGL Background Thread 3 ] DEBUG Engine               - saveFileExt: sav
21:49:19.750 [FXGL Background Thread 3 ] DEBUG Engine               - scaledHeightProp$fxgl: DoubleProperty [bound, value: 600.0]
21:49:19.750 [FXGL Background Thread 3 ] DEBUG Engine               - scaledWidthProp$fxgl: DoubleProperty [bound, value: 1000.0]
21:49:19.750 [FXGL Background Thread 3 ] DEBUG Engine               - sceneFactory: com.almasb.fxgl.app.scene.SceneFactory@3c300946
21:49:19.750 [FXGL Background Thread 3 ] DEBUG Engine               - secondsIn24h: 60
21:49:19.751 [FXGL Background Thread 3 ] DEBUG Engine               - soundMenuBack: menu/back.wav
21:49:19.751 [FXGL Background Thread 3 ] DEBUG Engine               - soundMenuPress: menu/press.wav
21:49:19.751 [FXGL Background Thread 3 ] DEBUG Engine               - soundMenuSelect: menu/select.wav
21:49:19.751 [FXGL Background Thread 3 ] DEBUG Engine               - soundNotification: core/notification.wav
21:49:19.751 [FXGL Background Thread 3 ] DEBUG Engine               - stageStyle: DECORATED
21:49:19.751 [FXGL Background Thread 3 ] DEBUG Engine               - supportedLanguages: [ENGLISH, FRENCH, GERMAN, HUNGARIAN, RUSSIAN]
21:49:19.751 [FXGL Background Thread 3 ] DEBUG Engine               - ticksPerSecond: -1
21:49:19.751 [FXGL Background Thread 3 ] DEBUG Engine               - title: Gestión de Áreas
21:49:19.751 [FXGL Background Thread 3 ] DEBUG Engine               - urlGithub: https://github.com/AlmasB/FXGL
21:49:19.751 [FXGL Background Thread 3 ] DEBUG Engine               - urlLeaderboard: http://fxgl-top.herokuapp.com/
21:49:19.751 [FXGL Background Thread 3 ] DEBUG Engine               - urlPOM: https://raw.githubusercontent.com/AlmasB/FXGL/release/README.md
21:49:19.751 [FXGL Background Thread 3 ] DEBUG Engine               - userAppClass: class org.example.Main
21:49:19.751 [FXGL Background Thread 3 ] DEBUG Engine               - version: 1.0
21:49:19.751 [FXGL Background Thread 3 ] DEBUG Engine               - versionCheckDays: 7
21:49:19.751 [FXGL Background Thread 3 ] DEBUG Engine               - width: 1000
21:49:19.751 [FXGL Background Thread 3 ] DEBUG Engine               - Logging services
21:49:19.751 [FXGL Background Thread 3 ] DEBUG Engine               - class com.almasb.fxgl.app.services.FXGLAssetLoaderService
21:49:19.752 [FXGL Background Thread 3 ] DEBUG Engine               - class com.almasb.fxgl.app.FXGLApplication$GameApplicationService
21:49:19.752 [FXGL Background Thread 3 ] DEBUG Engine               - class com.almasb.fxgl.app.services.FXGLDialogService
21:49:19.752 [FXGL Background Thread 3 ] DEBUG Engine               - class com.almasb.fxgl.app.services.IOTaskExecutorService
21:49:19.752 [FXGL Background Thread 3 ] DEBUG Engine               - class com.almasb.fxgl.io.FileSystemService
21:49:19.752 [FXGL Background Thread 3 ] DEBUG Engine               - class com.almasb.fxgl.localization.LocalizationService
21:49:19.752 [FXGL Background Thread 3 ] DEBUG Engine               - class com.almasb.fxgl.app.services.SystemBundleService
21:49:19.752 [FXGL Background Thread 3 ] DEBUG Engine               - class com.almasb.fxgl.profile.SaveLoadService
21:49:19.752 [FXGL Background Thread 3 ] DEBUG Engine               - class com.almasb.fxgl.ui.FXGLUIFactoryServiceProvider
21:49:19.752 [FXGL Background Thread 3 ] DEBUG Engine               - class com.almasb.fxgl.ui.FXGLDialogFactoryServiceProvider
21:49:19.752 [FXGL Background Thread 3 ] DEBUG Engine               - class com.almasb.fxgl.audio.AudioPlayer
21:49:19.752 [FXGL Background Thread 3 ] DEBUG Engine               - class com.almasb.fxgl.notification.impl.NotificationServiceProvider
21:49:19.752 [FXGL Background Thread 3 ] DEBUG Engine               - class com.almasb.fxgl.achievement.AchievementService
21:49:19.752 [FXGL Background Thread 3 ] DEBUG Engine               - class com.almasb.fxgl.cutscene.CutsceneService
21:49:19.752 [FXGL Background Thread 3 ] DEBUG Engine               - class com.almasb.fxgl.minigames.MiniGameService
21:49:19.752 [FXGL Background Thread 3 ] DEBUG Engine               - class com.almasb.fxgl.net.NetService
21:49:19.752 [FXGL Background Thread 3 ] DEBUG Engine               - class com.almasb.fxgl.app.services.UpdaterService
21:49:19.752 [FXGL Background Thread 3 ] DEBUG Engine               - class com.almasb.fxgl.dev.DevService
21:49:21.410 [JavaFX Application Thread] DEBUG FXGLApplication      - Exiting FXGL
21:49:21.410 [JavaFX Application Thread] DEBUG LoopRunner           - Stopping loop
21:49:21.410 [JavaFX Application Thread] DEBUG SystemBundleService  - Saving FXGL system data
21:49:21.413 [JavaFX Application Thread] DEBUG FileSystemAccess     - Writing to: C:\Users\100070997\Desktop\restaurant_simulator\system\fxgl.bundle
21:49:21.414 [JavaFX Application Thread] DEBUG Async                - Shutting down background threads
21:49:21.414 [JavaFX Application Thread] DEBUG PrimaryStageWindow   - Closing main window
21:49:21.430 [JavaFX Application Thread] DEBUG Logger               - Closing Logger
