22:02:10.704 [main                     ] DEBUG Logger               - Configured Logger
22:02:10.730 [main                     ] DEBUG GameApplication      - Logging settings
Title: Gestión de Áreas
Version: 1.0
Width: 1000
Height: 450
Fullscreen: false
Intro: false
Profiling: false
Single step:false
App Mode: DEVELOPER
Menu Key: ESCAPE
Stage Style: DECORATED
Scene Factory: class com.almasb.fxgl.app.scene.SceneFactory

22:02:11.123 [JavaFX Application Thread] DEBUG FXGLApplication      - Initializing FXGL
22:02:11.131 [JavaFX Application Thread] INFO  Engine               - FXGL-17.1 (24.03.2022 17.34) on WINDOWS (J:17.0.5 FX:18)
22:02:11.133 [JavaFX Application Thread] DEBUG Engine               - JRE Vendor Name: Eclipse Adoptium
22:02:11.133 [JavaFX Application Thread] DEBUG Engine               - Running on OS: Windows 11 version 10.0
22:02:11.133 [JavaFX Application Thread] DEBUG Engine               - Architecture: amd64
22:02:11.133 [JavaFX Application Thread] INFO  Engine               - Source code and latest versions at: https://github.com/AlmasB/FXGL
22:02:11.134 [JavaFX Application Thread] INFO  Engine               -       Ask questions and discuss at: https://github.com/AlmasB/FXGL/discussions
22:02:11.134 [JavaFX Application Thread] INFO  Engine               -              Join the FXGL chat at: https://gitter.im/AlmasB/FXGL
22:02:11.258 [JavaFX Application Thread] DEBUG PrimaryStageWindow   - Creating a JavaFX scene
22:02:11.301 [JavaFX Application Thread] DEBUG PrimaryStageWindow   - Target settings size: 1000.0 x 450.0
22:02:11.301 [JavaFX Application Thread] DEBUG PrimaryStageWindow   - Scaled scene size:    1000.0 x 450.0
22:02:11.301 [JavaFX Application Thread] DEBUG PrimaryStageWindow   - Scaled ratio: (1.0, 1.0)
22:02:11.305 [JavaFX Application Thread] DEBUG PrimaryStageWindow   - Set initial scene to FXGLStartupScene
22:02:11.312 [JavaFX Application Thread] DEBUG PrimaryStageWindow   - Opening main window
22:02:11.398 [JavaFX Application Thread] DEBUG PrimaryStageWindow   - Window border size: (14.66668701171875, 37.333343505859375)
22:02:11.399 [JavaFX Application Thread] DEBUG PrimaryStageWindow   - Scaled size: 1000.0 x 450.0
22:02:11.399 [JavaFX Application Thread] DEBUG PrimaryStageWindow   - Scaled ratio: (1.0, 1.0)
22:02:11.399 [JavaFX Application Thread] DEBUG PrimaryStageWindow   - Scene size: 1000.0 x 450.0
22:02:11.401 [JavaFX Application Thread] DEBUG PrimaryStageWindow   - Stage size: 1014.6666870117188 x 487.3333435058594
22:02:11.417 [FXGL Background Thread 1 ] DEBUG Engine               - Initializing environment variables
22:02:11.471 [FXGL Background Thread 1 ] DEBUG FXGLAssetLoaderServi - User app class for loading assets: class org.example.Main
22:02:11.472 [FXGL Background Thread 1 ] DEBUG GameApplicationServi - Applying CSS: fxgl_dark.css
22:02:11.474 [FXGL Background Thread 1 ] DEBUG FXGLAssetLoaderServi - Loading from file system: jar:file:/C:/Users/100070997/.m2/repository/com/github/almasb/fxgl/17.1/fxgl-17.1.jar!/fxglassets/ui/css/fxgl_dark.css
22:02:11.546 [FXGL Background Thread 1 ] DEBUG GameApplicationServi - Initializing application scenes
22:02:11.616 [FXGL Background Thread 1 ] DEBUG GameWorld            - Game world initialized
22:02:11.705 [FXGL Background Thread 1 ] DEBUG PhysicsWorld         - Physics world initialized: appHeight=450, physics.ppm=50.0
22:02:11.706 [FXGL Background Thread 1 ] DEBUG PhysicsWorld         - Using strategy: BRUTE_FORCE
22:02:11.711 [FXGL Background Thread 1 ] DEBUG GameScene            - Game scene initialized: 1000x450
22:02:11.729 [FXGL Background Thread 1 ] WARN  FXGL.DefaultMenu     - FXGLDefaultMenu is not designed for resolutions < 800x600
22:02:11.729 [FXGL Background Thread 1 ] DEBUG FXGL.DefaultMenu     - createMenuBodyGameMenu()
22:02:11.755 [FXGL Background Thread 1 ] DEBUG FXGL.DefaultMenu     - createOptionsMenu()
22:02:11.778 [FXGL Background Thread 1 ] DEBUG FXGLAssetLoaderServi - Loading from file system: jar:file:/C:/Users/100070997/.m2/repository/com/github/almasb/fxgl/17.1/fxgl-17.1.jar!/fxglassets/textures/particles/smoke.png
22:02:11.899 [FXGL Background Thread 1 ] DEBUG FXGLAssetLoaderServi - Loading from file system: jar:file:/C:/Users/100070997/.m2/repository/com/github/almasb/fxgl/17.1/fxgl-17.1.jar!/fxglassets/textures/particles/trace_horizontal.png
22:02:11.925 [FXGL Background Thread 1 ] DEBUG GameApplicationServi - Application scenes initialized
22:02:11.937 [FXGL Background Thread 1 ] DEBUG SystemBundleService  - Loading FXGL system data
22:02:11.941 [FXGL Background Thread 1 ] DEBUG FileSystemAccess     - Reading from: C:\Users\100070997\Desktop\restaurant_simulator\system\fxgl.bundle
22:02:11.947 [FXGL Background Thread 1 ] DEBUG SystemBundleService  - Bundle FXGL: {}
22:02:11.947 [FXGL Background Thread 1 ] DEBUG UpdaterService       - Checking for updates
22:02:11.952 [FXGL Background Thread 4 ] DEBUG FXGLApplication      - Loading fonts
22:02:11.952 [FXGL Background Thread 1 ] DEBUG FXGLApplication      - Loading default localization
22:02:11.952 [FXGL Background Thread 4 ] DEBUG FXGLAssetLoaderServi - Loading from file system: jar:file:/C:/Users/100070997/.m2/repository/com/github/almasb/fxgl/17.1/fxgl-17.1.jar!/fxglassets/ui/fonts/VarelaRound-Regular.ttf
22:02:11.954 [FXGL Background Thread 1 ] DEBUG FXGLAssetLoaderServi - Loading from file system: jar:file:/C:/Users/100070997/.m2/repository/com/github/almasb/fxgl/17.1/fxgl-17.1.jar!/fxglassets/languages/english.lang
22:02:11.979 [FXGL Background Thread 1 ] INFO  FXGLApplication      - FXGL initialization took: 0.562 sec
22:02:11.981 [JavaFX Application Thread] DEBUG FXGLAssetLoaderServi - Loading from file system: jar:file:/C:/Users/100070997/.m2/repository/com/github/almasb/fxgl/17.1/fxgl-17.1.jar!/fxglassets/textures/fxgl_icon.png
22:02:12.009 [JavaFX Application Thread] DEBUG FXGLAssetLoaderServi - Loading from file system: jar:file:/C:/Users/100070997/.m2/repository/com/github/almasb/fxgl/17.1/fxgl-17.1.jar!/fxglassets/textures/fxgl_default_cursor.png
22:02:12.028 [JavaFX Application Thread] DEBUG Input                - Registered new binding: Screenshot - CTRL+8
22:02:12.028 [JavaFX Application Thread] DEBUG Input                - Registered new binding: System info dump - CTRL+9
22:02:12.029 [JavaFX Application Thread] DEBUG Input                - Registered new binding: Restart - CTRL+R
22:02:12.031 [JavaFX Application Thread] DEBUG Input                - Registered new binding: Toggle Debug Camera - CTRL+7
22:02:12.037 [JavaFX Application Thread] DEBUG LoopRunner           - Starting loop
22:02:12.037 [JavaFX Application Thread] DEBUG LoopRunner           - Initializing JavaFX AnimationTimerLoop
22:02:12.041 [JavaFX Application Thread] DEBUG GameApplicationServi - Starting new game
22:02:12.042 [JavaFX Application Thread] DEBUG Input                - Clearing active input actions
22:02:12.049 [FXGL Background Thread 4 ] DEBUG FXGLAssetLoaderServi - Loading from file system: jar:file:/C:/Users/100070997/.m2/repository/com/github/almasb/fxgl/17.1/fxgl-17.1.jar!/fxglassets/ui/fonts/Abel-Regular.ttf
22:02:12.058 [JavaFX Application Thread] DEBUG GameApplicationServi - Removing overlay from FXGLStartupScene and adding to FXGLLoadingScene
22:02:12.059 [JavaFX Application Thread] DEBUG PrimaryStageWindow   - FXGLStartupScene -> FXGLLoadingScene
22:02:12.059 [JavaFX Application Thread] DEBUG GameApplicationServi - Clearing previous game
22:02:12.059 [JavaFX Application Thread] DEBUG GameScene            - Clearing game scene
22:02:12.059 [JavaFX Application Thread] DEBUG GameWorld            - Clearing game world
22:02:12.059 [JavaFX Application Thread] DEBUG PhysicsWorld         - Clearing physics world
22:02:12.061 [FXGL Background Thread 1 ] DEBUG FXGLApplication      - Initializing game
22:02:12.069 [FXGL Background Thread 4 ] DEBUG FXGLAssetLoaderServi - Loading from file system: jar:file:/C:/Users/100070997/.m2/repository/com/github/almasb/fxgl/17.1/fxgl-17.1.jar!/fxglassets/ui/fonts/TerminalLandMono-Regular.otf
22:02:12.084 [FXGL Background Thread 4 ] DEBUG FXGLAssetLoaderServi - Loading from file system: jar:file:/C:/Users/100070997/.m2/repository/com/github/almasb/fxgl/17.1/fxgl-17.1.jar!/fxglassets/ui/fonts/Courier-Prime.ttf
22:02:12.130 [JavaFX Application Thread] DEBUG FXGLApplication      - Registering font factories with UI factory
22:02:12.385 [FXGL Background Thread 1 ] INFO  FXGLApplication      - Game initialization took: 0.324 sec
22:02:12.389 [JavaFX Application Thread] DEBUG Input                - Clearing active input actions
22:02:12.407 [JavaFX Application Thread] DEBUG GameApplicationServi - Removing overlay from FXGLLoadingScene and adding to GameScene
22:02:12.408 [JavaFX Application Thread] DEBUG PrimaryStageWindow   - FXGLLoadingScene -> GameScene
22:02:12.650 [FXGL Background Thread 2 ] INFO  UpdaterService       - Your current version:  17.1
22:02:12.651 [FXGL Background Thread 2 ] INFO  UpdaterService       - Latest stable version: 21.1
22:02:14.951 [FXGL Background Thread 3 ] DEBUG Engine               - Logging environment variables
22:02:14.951 [FXGL Background Thread 3 ] DEBUG Engine               - achievements: []
22:02:14.951 [FXGL Background Thread 3 ] DEBUG Engine               - actualHeight: 450.0
22:02:14.951 [FXGL Background Thread 3 ] DEBUG Engine               - actualHeightProperty: ReadOnlyDoubleProperty [value: 450.0]
22:02:14.952 [FXGL Background Thread 3 ] DEBUG Engine               - actualWidth: 1000.0
22:02:14.952 [FXGL Background Thread 3 ] DEBUG Engine               - actualWidthProperty: ReadOnlyDoubleProperty [value: 1000.0]
22:02:14.952 [FXGL Background Thread 3 ] DEBUG Engine               - appIcon: fxgl_icon.png
22:02:14.952 [FXGL Background Thread 3 ] DEBUG Engine               - applicationMode: DEVELOPER
22:02:14.952 [FXGL Background Thread 3 ] DEBUG Engine               - cSSList: [fxgl_dark.css]
22:02:14.952 [FXGL Background Thread 3 ] DEBUG Engine               - collisionDetectionStrategy: BRUTE_FORCE
22:02:14.952 [FXGL Background Thread 3 ] DEBUG Engine               - configClass: Optional.empty
22:02:14.952 [FXGL Background Thread 3 ] DEBUG Engine               - credits: []
22:02:14.952 [FXGL Background Thread 3 ] DEBUG Engine               - defaultCursor: CursorInfo(imageName=fxgl_default_cursor.png, hotspotX=7.0, hotspotY=6.0)
22:02:14.953 [FXGL Background Thread 3 ] DEBUG Engine               - devBBoxColorProperty: ObjectProperty [value: 0xff0000ff]
22:02:14.953 [FXGL Background Thread 3 ] DEBUG Engine               - devEnableDebugCameraProperty: BooleanProperty [value: false]
22:02:14.953 [FXGL Background Thread 3 ] DEBUG Engine               - devSensorColorProperty: ObjectProperty [value: 0xffff00ff]
22:02:14.953 [FXGL Background Thread 3 ] DEBUG Engine               - devShowBBoxProperty: BooleanProperty [value: false]
22:02:14.953 [FXGL Background Thread 3 ] DEBUG Engine               - devShowPositionProperty: BooleanProperty [value: false]
22:02:14.953 [FXGL Background Thread 3 ] DEBUG Engine               - enabledMenuItems: []
22:02:14.953 [FXGL Background Thread 3 ] DEBUG Engine               - engineServices: [class com.almasb.fxgl.app.services.FXGLAssetLoaderService, class com.almasb.fxgl.app.FXGLApplication$GameApplicationService, class com.almasb.fxgl.app.services.FXGLDialogService, class com.almasb.fxgl.app.services.IOTaskExecutorService, class com.almasb.fxgl.io.FileSystemService, class com.almasb.fxgl.localization.LocalizationService, class com.almasb.fxgl.app.services.SystemBundleService, class com.almasb.fxgl.profile.SaveLoadService, class com.almasb.fxgl.ui.FXGLUIFactoryServiceProvider, class com.almasb.fxgl.ui.FXGLDialogFactoryServiceProvider, class com.almasb.fxgl.audio.AudioPlayer, class com.almasb.fxgl.notification.impl.NotificationServiceProvider, class com.almasb.fxgl.achievement.AchievementService, class com.almasb.fxgl.cutscene.CutsceneService, class com.almasb.fxgl.minigames.MiniGameService, class com.almasb.fxgl.net.NetService, class com.almasb.fxgl.app.services.UpdaterService, class com.almasb.fxgl.dev.DevService]
22:02:14.953 [FXGL Background Thread 3 ] DEBUG Engine               - fontGame: Abel-Regular.ttf
22:02:14.954 [FXGL Background Thread 3 ] DEBUG Engine               - fontMono: TerminalLandMono-Regular.otf
22:02:14.954 [FXGL Background Thread 3 ] DEBUG Engine               - fontText: Courier-Prime.ttf
22:02:14.954 [FXGL Background Thread 3 ] DEBUG Engine               - fontUI: VarelaRound-Regular.ttf
22:02:14.954 [FXGL Background Thread 3 ] DEBUG Engine               - fullScreen: BooleanProperty [value: false]
22:02:14.954 [FXGL Background Thread 3 ] DEBUG Engine               - gameDifficulty: MEDIUM
22:02:14.954 [FXGL Background Thread 3 ] DEBUG Engine               - gameDifficultyProperty: ObjectProperty [value: MEDIUM]
22:02:14.954 [FXGL Background Thread 3 ] DEBUG Engine               - globalMusicVolume: 0.5
22:02:14.954 [FXGL Background Thread 3 ] DEBUG Engine               - globalMusicVolumeProperty: DoubleProperty [value: 0.5]
22:02:14.954 [FXGL Background Thread 3 ] DEBUG Engine               - globalSoundVolume: 0.5
22:02:14.954 [FXGL Background Thread 3 ] DEBUG Engine               - globalSoundVolumeProperty: DoubleProperty [value: 0.5]
22:02:14.954 [FXGL Background Thread 3 ] DEBUG Engine               - height: 450
22:02:14.955 [FXGL Background Thread 3 ] DEBUG Engine               - is3D: false
22:02:14.955 [FXGL Background Thread 3 ] DEBUG Engine               - isAndroid: false
22:02:14.955 [FXGL Background Thread 3 ] DEBUG Engine               - isBrowser: false
22:02:14.955 [FXGL Background Thread 3 ] DEBUG Engine               - isClickFeedbackEnabled: false
22:02:14.955 [FXGL Background Thread 3 ] DEBUG Engine               - isCloseConfirmation: false
22:02:14.955 [FXGL Background Thread 3 ] DEBUG Engine               - isDesktop: true
22:02:14.955 [FXGL Background Thread 3 ] DEBUG Engine               - isDeveloperMenuEnabled: false
22:02:14.955 [FXGL Background Thread 3 ] DEBUG Engine               - isEmbedded: false
22:02:14.955 [FXGL Background Thread 3 ] DEBUG Engine               - isEntityPreloadEnabled: true
22:02:14.955 [FXGL Background Thread 3 ] DEBUG Engine               - isExperimentalTiledLargeMap: false
22:02:14.956 [FXGL Background Thread 3 ] DEBUG Engine               - isFileSystemWriteAllowed: true
22:02:14.956 [FXGL Background Thread 3 ] DEBUG Engine               - isFullScreenAllowed: false
22:02:14.956 [FXGL Background Thread 3 ] DEBUG Engine               - isFullScreenFromStart: false
22:02:14.956 [FXGL Background Thread 3 ] DEBUG Engine               - isGameMenuEnabled: true
22:02:14.956 [FXGL Background Thread 3 ] DEBUG Engine               - isIOS: false
22:02:14.956 [FXGL Background Thread 3 ] DEBUG Engine               - isIntroEnabled: false
22:02:14.956 [FXGL Background Thread 3 ] DEBUG Engine               - isLinux: false
22:02:14.957 [FXGL Background Thread 3 ] DEBUG Engine               - isMac: false
22:02:14.957 [FXGL Background Thread 3 ] DEBUG Engine               - isMainMenuEnabled: false
22:02:14.957 [FXGL Background Thread 3 ] DEBUG Engine               - isManualResizeEnabled: false
22:02:14.957 [FXGL Background Thread 3 ] DEBUG Engine               - isMobile: false
22:02:14.957 [FXGL Background Thread 3 ] DEBUG Engine               - isNative: false
22:02:14.957 [FXGL Background Thread 3 ] DEBUG Engine               - isPauseMusicWhenMinimized: true
22:02:14.957 [FXGL Background Thread 3 ] DEBUG Engine               - isPreserveResizeRatio: false
22:02:14.957 [FXGL Background Thread 3 ] DEBUG Engine               - isProfilingEnabled: false
22:02:14.957 [FXGL Background Thread 3 ] DEBUG Engine               - isScaleAffectedOnResize: true
22:02:14.957 [FXGL Background Thread 3 ] DEBUG Engine               - isSingleStep: false
22:02:14.957 [FXGL Background Thread 3 ] DEBUG Engine               - isUserProfileEnabled: false
22:02:14.957 [FXGL Background Thread 3 ] DEBUG Engine               - isWindows: true
22:02:14.957 [FXGL Background Thread 3 ] DEBUG Engine               - language: ObjectProperty [value: ENGLISH]
22:02:14.957 [FXGL Background Thread 3 ] DEBUG Engine               - menuKey: ESCAPE
22:02:14.957 [FXGL Background Thread 3 ] DEBUG Engine               - mouseSensitivity: 0.2
22:02:14.957 [FXGL Background Thread 3 ] DEBUG Engine               - notificationViewClass: class com.almasb.fxgl.notification.view.XboxNotificationView
22:02:14.957 [FXGL Background Thread 3 ] DEBUG Engine               - pixelsPerMeter: 50.0
22:02:14.957 [FXGL Background Thread 3 ] DEBUG Engine               - platform: WINDOWS
22:02:14.957 [FXGL Background Thread 3 ] DEBUG Engine               - prefHeightProperty: ReadOnlyDoubleProperty [value: 450.0]
22:02:14.957 [FXGL Background Thread 3 ] DEBUG Engine               - prefWidthProperty: ReadOnlyDoubleProperty [value: 1000.0]
22:02:14.957 [FXGL Background Thread 3 ] DEBUG Engine               - profileDir: profiles/
22:02:14.958 [FXGL Background Thread 3 ] DEBUG Engine               - profileName: StringProperty [value: DEFAULT]
22:02:14.958 [FXGL Background Thread 3 ] DEBUG Engine               - randomSeed: -1
22:02:14.958 [FXGL Background Thread 3 ] DEBUG Engine               - runtimeInfo: RuntimeInfo(platform=WINDOWS, version=17.1, build=24.03.2022 17.34)
22:02:14.959 [FXGL Background Thread 3 ] DEBUG Engine               - saveFileExt: sav
22:02:14.959 [FXGL Background Thread 3 ] DEBUG Engine               - scaledHeightProp$fxgl: DoubleProperty [bound, value: 450.0]
22:02:14.959 [FXGL Background Thread 3 ] DEBUG Engine               - scaledWidthProp$fxgl: DoubleProperty [bound, value: 1000.0]
22:02:14.959 [FXGL Background Thread 3 ] DEBUG Engine               - sceneFactory: com.almasb.fxgl.app.scene.SceneFactory@ad4c4c6
22:02:14.959 [FXGL Background Thread 3 ] DEBUG Engine               - secondsIn24h: 60
22:02:14.959 [FXGL Background Thread 3 ] DEBUG Engine               - soundMenuBack: menu/back.wav
22:02:14.959 [FXGL Background Thread 3 ] DEBUG Engine               - soundMenuPress: menu/press.wav
22:02:14.959 [FXGL Background Thread 3 ] DEBUG Engine               - soundMenuSelect: menu/select.wav
22:02:14.959 [FXGL Background Thread 3 ] DEBUG Engine               - soundNotification: core/notification.wav
22:02:14.959 [FXGL Background Thread 3 ] DEBUG Engine               - stageStyle: DECORATED
22:02:14.959 [FXGL Background Thread 3 ] DEBUG Engine               - supportedLanguages: [ENGLISH, FRENCH, GERMAN, HUNGARIAN, RUSSIAN]
22:02:14.959 [FXGL Background Thread 3 ] DEBUG Engine               - ticksPerSecond: -1
22:02:14.959 [FXGL Background Thread 3 ] DEBUG Engine               - title: Gestión de Áreas
22:02:14.959 [FXGL Background Thread 3 ] DEBUG Engine               - urlGithub: https://github.com/AlmasB/FXGL
22:02:14.959 [FXGL Background Thread 3 ] DEBUG Engine               - urlLeaderboard: http://fxgl-top.herokuapp.com/
22:02:14.959 [FXGL Background Thread 3 ] DEBUG Engine               - urlPOM: https://raw.githubusercontent.com/AlmasB/FXGL/release/README.md
22:02:14.960 [FXGL Background Thread 3 ] DEBUG Engine               - userAppClass: class org.example.Main
22:02:14.960 [FXGL Background Thread 3 ] DEBUG Engine               - version: 1.0
22:02:14.960 [FXGL Background Thread 3 ] DEBUG Engine               - versionCheckDays: 7
22:02:14.960 [FXGL Background Thread 3 ] DEBUG Engine               - width: 1000
22:02:14.960 [FXGL Background Thread 3 ] DEBUG Engine               - Logging services
22:02:14.960 [FXGL Background Thread 3 ] DEBUG Engine               - class com.almasb.fxgl.app.services.FXGLAssetLoaderService
22:02:14.960 [FXGL Background Thread 3 ] DEBUG Engine               - class com.almasb.fxgl.app.FXGLApplication$GameApplicationService
22:02:14.960 [FXGL Background Thread 3 ] DEBUG Engine               - class com.almasb.fxgl.app.services.FXGLDialogService
22:02:14.960 [FXGL Background Thread 3 ] DEBUG Engine               - class com.almasb.fxgl.app.services.IOTaskExecutorService
22:02:14.960 [FXGL Background Thread 3 ] DEBUG Engine               - class com.almasb.fxgl.io.FileSystemService
22:02:14.960 [FXGL Background Thread 3 ] DEBUG Engine               - class com.almasb.fxgl.localization.LocalizationService
22:02:14.960 [FXGL Background Thread 3 ] DEBUG Engine               - class com.almasb.fxgl.app.services.SystemBundleService
22:02:14.960 [FXGL Background Thread 3 ] DEBUG Engine               - class com.almasb.fxgl.profile.SaveLoadService
22:02:14.960 [FXGL Background Thread 3 ] DEBUG Engine               - class com.almasb.fxgl.ui.FXGLUIFactoryServiceProvider
22:02:14.960 [FXGL Background Thread 3 ] DEBUG Engine               - class com.almasb.fxgl.ui.FXGLDialogFactoryServiceProvider
22:02:14.960 [FXGL Background Thread 3 ] DEBUG Engine               - class com.almasb.fxgl.audio.AudioPlayer
22:02:14.960 [FXGL Background Thread 3 ] DEBUG Engine               - class com.almasb.fxgl.notification.impl.NotificationServiceProvider
22:02:14.960 [FXGL Background Thread 3 ] DEBUG Engine               - class com.almasb.fxgl.achievement.AchievementService
22:02:14.961 [FXGL Background Thread 3 ] DEBUG Engine               - class com.almasb.fxgl.cutscene.CutsceneService
22:02:14.961 [FXGL Background Thread 3 ] DEBUG Engine               - class com.almasb.fxgl.minigames.MiniGameService
22:02:14.961 [FXGL Background Thread 3 ] DEBUG Engine               - class com.almasb.fxgl.net.NetService
22:02:14.961 [FXGL Background Thread 3 ] DEBUG Engine               - class com.almasb.fxgl.app.services.UpdaterService
22:02:14.961 [FXGL Background Thread 3 ] DEBUG Engine               - class com.almasb.fxgl.dev.DevService
22:02:25.793 [JavaFX Application Thread] DEBUG FXGLApplication      - Exiting FXGL
22:02:25.793 [JavaFX Application Thread] DEBUG LoopRunner           - Stopping loop
22:02:25.794 [JavaFX Application Thread] DEBUG SystemBundleService  - Saving FXGL system data
22:02:25.797 [JavaFX Application Thread] DEBUG FileSystemAccess     - Writing to: C:\Users\100070997\Desktop\restaurant_simulator\system\fxgl.bundle
22:02:25.798 [JavaFX Application Thread] DEBUG Async                - Shutting down background threads
22:02:25.799 [JavaFX Application Thread] DEBUG PrimaryStageWindow   - Closing main window
22:02:25.815 [JavaFX Application Thread] DEBUG Logger               - Closing Logger
