05:25:05.461 [main                     ] DEBUG Logger               - Configured Logger
05:25:05.507 [main                     ] DEBUG GameApplication      - Logging settings
Title: Gestión de Áreas
Version: 1.0
Width: 1000
Height: 600
Fullscreen: false
Intro: false
Profiling: false
Single step:false
App Mode: DEVELOPER
Menu Key: ESCAPE
Stage Style: DECORATED
Scene Factory: class com.almasb.fxgl.app.scene.SceneFactory

05:25:06.077 [JavaFX Application Thread] DEBUG FXGLApplication      - Initializing FXGL
05:25:06.088 [JavaFX Application Thread] INFO  Engine               - FXGL-17.1 (24.03.2022 17.34) on WINDOWS (J:17.0.5 FX:18)
05:25:06.089 [JavaFX Application Thread] DEBUG Engine               - JRE Vendor Name: Eclipse Adoptium
05:25:06.089 [JavaFX Application Thread] DEBUG Engine               - Running on OS: Windows 11 version 10.0
05:25:06.090 [JavaFX Application Thread] DEBUG Engine               - Architecture: amd64
05:25:06.090 [JavaFX Application Thread] INFO  Engine               - Source code and latest versions at: https://github.com/AlmasB/FXGL
05:25:06.092 [JavaFX Application Thread] INFO  Engine               -       Ask questions and discuss at: https://github.com/AlmasB/FXGL/discussions
05:25:06.093 [JavaFX Application Thread] INFO  Engine               -              Join the FXGL chat at: https://gitter.im/AlmasB/FXGL
05:25:06.343 [JavaFX Application Thread] DEBUG PrimaryStageWindow   - Creating a JavaFX scene
05:25:06.438 [JavaFX Application Thread] DEBUG PrimaryStageWindow   - Target settings size: 1000.0 x 600.0
05:25:06.439 [JavaFX Application Thread] DEBUG PrimaryStageWindow   - Scaled scene size:    1000.0 x 600.0
05:25:06.439 [JavaFX Application Thread] DEBUG PrimaryStageWindow   - Scaled ratio: (1.0, 1.0)
05:25:06.441 [JavaFX Application Thread] DEBUG PrimaryStageWindow   - Set initial scene to FXGLStartupScene
05:25:06.462 [JavaFX Application Thread] DEBUG PrimaryStageWindow   - Opening main window
05:25:06.639 [JavaFX Application Thread] DEBUG PrimaryStageWindow   - Window border size: (14.66668701171875, 37.33331298828125)
05:25:06.640 [JavaFX Application Thread] DEBUG PrimaryStageWindow   - Scaled size: 1000.0 x 600.0
05:25:06.641 [JavaFX Application Thread] DEBUG PrimaryStageWindow   - Scaled ratio: (1.0, 1.0)
05:25:06.642 [JavaFX Application Thread] DEBUG PrimaryStageWindow   - Scene size: 1000.0 x 600.0
05:25:06.643 [JavaFX Application Thread] DEBUG PrimaryStageWindow   - Stage size: 1014.6666870117188 x 637.3333129882812
05:25:06.669 [FXGL Background Thread 1 ] DEBUG Engine               - Initializing environment variables
05:25:06.772 [FXGL Background Thread 1 ] DEBUG FXGLAssetLoaderServi - User app class for loading assets: class org.example.Main
05:25:06.773 [FXGL Background Thread 1 ] DEBUG GameApplicationServi - Applying CSS: fxgl_dark.css
05:25:06.776 [FXGL Background Thread 1 ] DEBUG FXGLAssetLoaderServi - Loading from file system: jar:file:/C:/Users/100070997/.m2/repository/com/github/almasb/fxgl/17.1/fxgl-17.1.jar!/fxglassets/ui/css/fxgl_dark.css
05:25:06.915 [FXGL Background Thread 1 ] DEBUG GameApplicationServi - Initializing application scenes
05:25:07.022 [FXGL Background Thread 1 ] DEBUG GameWorld            - Game world initialized
05:25:07.201 [FXGL Background Thread 1 ] DEBUG PhysicsWorld         - Physics world initialized: appHeight=600, physics.ppm=50.0
05:25:07.202 [FXGL Background Thread 1 ] DEBUG PhysicsWorld         - Using strategy: BRUTE_FORCE
05:25:07.214 [FXGL Background Thread 1 ] DEBUG GameScene            - Game scene initialized: 1000x600
05:25:07.253 [FXGL Background Thread 1 ] DEBUG FXGL.DefaultMenu     - createMenuBodyGameMenu()
05:25:07.299 [FXGL Background Thread 1 ] DEBUG FXGL.DefaultMenu     - createOptionsMenu()
05:25:07.339 [FXGL Background Thread 1 ] DEBUG FXGLAssetLoaderServi - Loading from file system: jar:file:/C:/Users/100070997/.m2/repository/com/github/almasb/fxgl/17.1/fxgl-17.1.jar!/fxglassets/textures/particles/smoke.png
05:25:07.604 [FXGL Background Thread 1 ] DEBUG FXGLAssetLoaderServi - Loading from file system: jar:file:/C:/Users/100070997/.m2/repository/com/github/almasb/fxgl/17.1/fxgl-17.1.jar!/fxglassets/textures/particles/trace_horizontal.png
05:25:07.687 [FXGL Background Thread 1 ] DEBUG GameApplicationServi - Application scenes initialized
05:25:07.722 [FXGL Background Thread 1 ] DEBUG SystemBundleService  - Loading FXGL system data
05:25:07.734 [FXGL Background Thread 1 ] DEBUG FileSystemAccess     - Reading from: C:\Users\100070997\Desktop\restaurant_simulator\system\fxgl.bundle
05:25:07.750 [FXGL Background Thread 1 ] DEBUG SystemBundleService  - Bundle FXGL: {}
05:25:07.751 [FXGL Background Thread 1 ] DEBUG UpdaterService       - Checking for updates
05:25:07.762 [FXGL Background Thread 4 ] DEBUG FXGLApplication      - Loading fonts
05:25:07.764 [FXGL Background Thread 4 ] DEBUG FXGLAssetLoaderServi - Loading from file system: jar:file:/C:/Users/100070997/.m2/repository/com/github/almasb/fxgl/17.1/fxgl-17.1.jar!/fxglassets/ui/fonts/VarelaRound-Regular.ttf
05:25:07.764 [FXGL Background Thread 1 ] DEBUG FXGLApplication      - Loading default localization
05:25:07.765 [FXGL Background Thread 1 ] DEBUG FXGLAssetLoaderServi - Loading from file system: jar:file:/C:/Users/100070997/.m2/repository/com/github/almasb/fxgl/17.1/fxgl-17.1.jar!/fxglassets/languages/english.lang
05:25:07.815 [FXGL Background Thread 1 ] INFO  FXGLApplication      - FXGL initialization took: 1.146 sec
05:25:07.842 [JavaFX Application Thread] DEBUG FXGLAssetLoaderServi - Loading from file system: jar:file:/C:/Users/100070997/.m2/repository/com/github/almasb/fxgl/17.1/fxgl-17.1.jar!/fxglassets/textures/fxgl_icon.png
05:25:07.898 [JavaFX Application Thread] DEBUG FXGLAssetLoaderServi - Loading from file system: jar:file:/C:/Users/100070997/.m2/repository/com/github/almasb/fxgl/17.1/fxgl-17.1.jar!/fxglassets/textures/fxgl_default_cursor.png
05:25:07.930 [JavaFX Application Thread] DEBUG Input                - Registered new binding: Screenshot - CTRL+8
05:25:07.931 [JavaFX Application Thread] DEBUG Input                - Registered new binding: System info dump - CTRL+9
05:25:07.932 [JavaFX Application Thread] DEBUG Input                - Registered new binding: Restart - CTRL+R
05:25:07.934 [JavaFX Application Thread] DEBUG Input                - Registered new binding: Toggle Debug Camera - CTRL+7
05:25:07.939 [JavaFX Application Thread] DEBUG LoopRunner           - Starting loop
05:25:07.939 [JavaFX Application Thread] DEBUG LoopRunner           - Initializing JavaFX AnimationTimerLoop
05:25:07.943 [JavaFX Application Thread] DEBUG GameApplicationServi - Starting new game
05:25:07.944 [JavaFX Application Thread] DEBUG Input                - Clearing active input actions
05:25:07.969 [JavaFX Application Thread] DEBUG GameApplicationServi - Removing overlay from FXGLStartupScene and adding to FXGLLoadingScene
05:25:07.970 [JavaFX Application Thread] DEBUG PrimaryStageWindow   - FXGLStartupScene -> FXGLLoadingScene
05:25:07.970 [JavaFX Application Thread] DEBUG GameApplicationServi - Clearing previous game
05:25:07.971 [JavaFX Application Thread] DEBUG GameScene            - Clearing game scene
05:25:07.971 [JavaFX Application Thread] DEBUG GameWorld            - Clearing game world
05:25:07.971 [JavaFX Application Thread] DEBUG PhysicsWorld         - Clearing physics world
05:25:07.974 [FXGL Background Thread 1 ] DEBUG FXGLApplication      - Initializing game
05:25:07.981 [FXGL Background Thread 4 ] DEBUG FXGLAssetLoaderServi - Loading from file system: jar:file:/C:/Users/100070997/.m2/repository/com/github/almasb/fxgl/17.1/fxgl-17.1.jar!/fxglassets/ui/fonts/Abel-Regular.ttf
05:25:08.009 [FXGL Background Thread 4 ] DEBUG FXGLAssetLoaderServi - Loading from file system: jar:file:/C:/Users/100070997/.m2/repository/com/github/almasb/fxgl/17.1/fxgl-17.1.jar!/fxglassets/ui/fonts/TerminalLandMono-Regular.otf
05:25:08.041 [FXGL Background Thread 4 ] DEBUG FXGLAssetLoaderServi - Loading from file system: jar:file:/C:/Users/100070997/.m2/repository/com/github/almasb/fxgl/17.1/fxgl-17.1.jar!/fxglassets/ui/fonts/Courier-Prime.ttf
05:25:08.107 [JavaFX Application Thread] DEBUG FXGLApplication      - Registering font factories with UI factory
05:25:08.893 [FXGL Background Thread 1 ] INFO  FXGLApplication      - Game initialization took: 0.918 sec
05:25:08.953 [JavaFX Application Thread] DEBUG Input                - Clearing active input actions
05:25:08.998 [JavaFX Application Thread] DEBUG GameApplicationServi - Removing overlay from FXGLLoadingScene and adding to GameScene
05:25:08.999 [JavaFX Application Thread] DEBUG PrimaryStageWindow   - FXGLLoadingScene -> GameScene
05:25:09.032 [FXGL Background Thread 2 ] INFO  UpdaterService       - Your current version:  17.1
05:25:09.041 [FXGL Background Thread 2 ] INFO  UpdaterService       - Latest stable version: 21.1
05:25:09.153 [JavaFX Application Thread] DEBUG FXGLApplication      - Exiting FXGL
05:25:09.153 [JavaFX Application Thread] DEBUG LoopRunner           - Stopping loop
05:25:09.154 [JavaFX Application Thread] DEBUG SystemBundleService  - Saving FXGL system data
05:25:09.159 [JavaFX Application Thread] DEBUG FileSystemAccess     - Writing to: C:\Users\100070997\Desktop\restaurant_simulator\system\fxgl.bundle
05:25:09.163 [JavaFX Application Thread] DEBUG Async                - Shutting down background threads
05:25:09.164 [JavaFX Application Thread] DEBUG PrimaryStageWindow   - Closing main window
05:25:09.336 [JavaFX Application Thread] DEBUG Logger               - Closing Logger
