15:10:53.596 [main                     ] DEBUG Logger               - Configured Logger
15:10:53.651 [main                     ] DEBUG GameApplication      - Logging settings
Title: Gestión de Áreas
Version: 1.0
Width: 1000
Height: 600
Fullscreen: false
Intro: false
Profiling: false
Single step:false
App Mode: DEVELOPER
Menu Key: ESCAPE
Stage Style: DECORATED
Scene Factory: class com.almasb.fxgl.app.scene.SceneFactory

15:10:54.638 [JavaFX Application Thread] DEBUG FXGLApplication      - Initializing FXGL
15:10:54.649 [JavaFX Application Thread] INFO  Engine               - FXGL-17.1 (24.03.2022 17.34) on WINDOWS (J:17.0.5 FX:18)
15:10:54.650 [JavaFX Application Thread] DEBUG Engine               - JRE Vendor Name: Eclipse Adoptium
15:10:54.650 [JavaFX Application Thread] DEBUG Engine               - Running on OS: Windows 11 version 10.0
15:10:54.651 [JavaFX Application Thread] DEBUG Engine               - Architecture: amd64
15:10:54.651 [JavaFX Application Thread] INFO  Engine               - Source code and latest versions at: https://github.com/AlmasB/FXGL
15:10:54.652 [JavaFX Application Thread] INFO  Engine               -       Ask questions and discuss at: https://github.com/AlmasB/FXGL/discussions
15:10:54.652 [JavaFX Application Thread] INFO  Engine               -              Join the FXGL chat at: https://gitter.im/AlmasB/FXGL
15:10:54.984 [JavaFX Application Thread] DEBUG PrimaryStageWindow   - Creating a JavaFX scene
15:10:55.087 [JavaFX Application Thread] DEBUG PrimaryStageWindow   - Target settings size: 1000.0 x 600.0
15:10:55.087 [JavaFX Application Thread] DEBUG PrimaryStageWindow   - Scaled scene size:    1000.0 x 600.0
15:10:55.088 [JavaFX Application Thread] DEBUG PrimaryStageWindow   - Scaled ratio: (1.0, 1.0)
15:10:55.090 [JavaFX Application Thread] DEBUG PrimaryStageWindow   - Set initial scene to FXGLStartupScene
15:10:55.108 [JavaFX Application Thread] DEBUG PrimaryStageWindow   - Opening main window
15:10:55.288 [JavaFX Application Thread] DEBUG PrimaryStageWindow   - Window border size: (14.66668701171875, 37.33331298828125)
15:10:55.289 [JavaFX Application Thread] DEBUG PrimaryStageWindow   - Scaled size: 1000.0 x 600.0
15:10:55.290 [JavaFX Application Thread] DEBUG PrimaryStageWindow   - Scaled ratio: (1.0, 1.0)
15:10:55.291 [JavaFX Application Thread] DEBUG PrimaryStageWindow   - Scene size: 1000.0 x 600.0
15:10:55.292 [JavaFX Application Thread] DEBUG PrimaryStageWindow   - Stage size: 1014.6666870117188 x 637.3333129882812
15:10:55.309 [FXGL Background Thread 1 ] DEBUG Engine               - Initializing environment variables
15:10:55.392 [FXGL Background Thread 1 ] DEBUG FXGLAssetLoaderServi - User app class for loading assets: class org.example.Main
15:10:55.394 [FXGL Background Thread 1 ] DEBUG GameApplicationServi - Applying CSS: fxgl_dark.css
15:10:55.397 [FXGL Background Thread 1 ] DEBUG FXGLAssetLoaderServi - Loading from file system: jar:file:/C:/Users/100070997/.m2/repository/com/github/almasb/fxgl/17.1/fxgl-17.1.jar!/fxglassets/ui/css/fxgl_dark.css
15:10:55.488 [FXGL Background Thread 1 ] DEBUG GameApplicationServi - Initializing application scenes
15:10:55.575 [FXGL Background Thread 1 ] DEBUG GameWorld            - Game world initialized
15:10:55.702 [FXGL Background Thread 1 ] DEBUG PhysicsWorld         - Physics world initialized: appHeight=600, physics.ppm=50.0
15:10:55.702 [FXGL Background Thread 1 ] DEBUG PhysicsWorld         - Using strategy: BRUTE_FORCE
15:10:55.712 [FXGL Background Thread 1 ] DEBUG GameScene            - Game scene initialized: 1000x600
15:10:55.743 [FXGL Background Thread 1 ] DEBUG FXGL.DefaultMenu     - createMenuBodyGameMenu()
15:10:55.780 [FXGL Background Thread 1 ] DEBUG FXGL.DefaultMenu     - createOptionsMenu()
15:10:55.809 [FXGL Background Thread 1 ] DEBUG FXGLAssetLoaderServi - Loading from file system: jar:file:/C:/Users/100070997/.m2/repository/com/github/almasb/fxgl/17.1/fxgl-17.1.jar!/fxglassets/textures/particles/smoke.png
15:10:55.996 [FXGL Background Thread 1 ] DEBUG FXGLAssetLoaderServi - Loading from file system: jar:file:/C:/Users/100070997/.m2/repository/com/github/almasb/fxgl/17.1/fxgl-17.1.jar!/fxglassets/textures/particles/trace_horizontal.png
15:10:56.050 [FXGL Background Thread 1 ] DEBUG GameApplicationServi - Application scenes initialized
15:10:56.071 [FXGL Background Thread 1 ] DEBUG SystemBundleService  - Loading FXGL system data
15:10:56.079 [FXGL Background Thread 1 ] DEBUG FileSystemAccess     - Reading from: C:\Users\100070997\Desktop\restaurant_simulator\system\fxgl.bundle
15:10:56.089 [FXGL Background Thread 1 ] DEBUG SystemBundleService  - Bundle FXGL: {}
15:10:56.089 [FXGL Background Thread 1 ] DEBUG UpdaterService       - Checking for updates
15:10:56.097 [FXGL Background Thread 4 ] DEBUG FXGLApplication      - Loading fonts
15:10:56.097 [FXGL Background Thread 4 ] DEBUG FXGLAssetLoaderServi - Loading from file system: jar:file:/C:/Users/100070997/.m2/repository/com/github/almasb/fxgl/17.1/fxgl-17.1.jar!/fxglassets/ui/fonts/VarelaRound-Regular.ttf
15:10:56.098 [FXGL Background Thread 1 ] DEBUG FXGLApplication      - Loading default localization
15:10:56.099 [FXGL Background Thread 1 ] DEBUG FXGLAssetLoaderServi - Loading from file system: jar:file:/C:/Users/100070997/.m2/repository/com/github/almasb/fxgl/17.1/fxgl-17.1.jar!/fxglassets/languages/english.lang
15:10:56.135 [FXGL Background Thread 1 ] INFO  FXGLApplication      - FXGL initialization took: 0.826 sec
15:10:56.137 [JavaFX Application Thread] DEBUG FXGLAssetLoaderServi - Loading from file system: jar:file:/C:/Users/100070997/.m2/repository/com/github/almasb/fxgl/17.1/fxgl-17.1.jar!/fxglassets/textures/fxgl_icon.png
15:10:56.185 [JavaFX Application Thread] DEBUG FXGLAssetLoaderServi - Loading from file system: jar:file:/C:/Users/100070997/.m2/repository/com/github/almasb/fxgl/17.1/fxgl-17.1.jar!/fxglassets/textures/fxgl_default_cursor.png
15:10:56.216 [JavaFX Application Thread] DEBUG Input                - Registered new binding: Screenshot - CTRL+8
15:10:56.217 [JavaFX Application Thread] DEBUG Input                - Registered new binding: System info dump - CTRL+9
15:10:56.218 [JavaFX Application Thread] DEBUG Input                - Registered new binding: Restart - CTRL+R
15:10:56.220 [JavaFX Application Thread] DEBUG Input                - Registered new binding: Toggle Debug Camera - CTRL+7
15:10:56.226 [JavaFX Application Thread] DEBUG LoopRunner           - Starting loop
15:10:56.226 [JavaFX Application Thread] DEBUG LoopRunner           - Initializing JavaFX AnimationTimerLoop
15:10:56.232 [JavaFX Application Thread] DEBUG GameApplicationServi - Starting new game
15:10:56.232 [JavaFX Application Thread] DEBUG Input                - Clearing active input actions
15:10:56.254 [JavaFX Application Thread] DEBUG GameApplicationServi - Removing overlay from FXGLStartupScene and adding to FXGLLoadingScene
15:10:56.255 [JavaFX Application Thread] DEBUG PrimaryStageWindow   - FXGLStartupScene -> FXGLLoadingScene
15:10:56.255 [JavaFX Application Thread] DEBUG GameApplicationServi - Clearing previous game
15:10:56.256 [JavaFX Application Thread] DEBUG GameScene            - Clearing game scene
15:10:56.256 [JavaFX Application Thread] DEBUG GameWorld            - Clearing game world
15:10:56.256 [JavaFX Application Thread] DEBUG PhysicsWorld         - Clearing physics world
15:10:56.260 [FXGL Background Thread 1 ] DEBUG FXGLApplication      - Initializing game
15:10:56.283 [FXGL Background Thread 4 ] DEBUG FXGLAssetLoaderServi - Loading from file system: jar:file:/C:/Users/100070997/.m2/repository/com/github/almasb/fxgl/17.1/fxgl-17.1.jar!/fxglassets/ui/fonts/Abel-Regular.ttf
15:10:56.309 [FXGL Background Thread 4 ] DEBUG FXGLAssetLoaderServi - Loading from file system: jar:file:/C:/Users/100070997/.m2/repository/com/github/almasb/fxgl/17.1/fxgl-17.1.jar!/fxglassets/ui/fonts/TerminalLandMono-Regular.otf
15:10:56.331 [FXGL Background Thread 4 ] DEBUG FXGLAssetLoaderServi - Loading from file system: jar:file:/C:/Users/100070997/.m2/repository/com/github/almasb/fxgl/17.1/fxgl-17.1.jar!/fxglassets/ui/fonts/Courier-Prime.ttf
15:10:56.365 [JavaFX Application Thread] DEBUG FXGLApplication      - Registering font factories with UI factory
15:10:56.828 [FXGL Background Thread 1 ] INFO  FXGLApplication      - Game initialization took: 0.568 sec
15:10:56.842 [JavaFX Application Thread] DEBUG Input                - Clearing active input actions
15:10:56.874 [JavaFX Application Thread] DEBUG GameApplicationServi - Removing overlay from FXGLLoadingScene and adding to GameScene
15:10:56.875 [JavaFX Application Thread] DEBUG PrimaryStageWindow   - FXGLLoadingScene -> GameScene
15:10:56.884 [FXGL Background Thread 2 ] INFO  UpdaterService       - Your current version:  17.1
15:10:56.885 [FXGL Background Thread 2 ] INFO  UpdaterService       - Latest stable version: 21.1
15:10:59.095 [FXGL Background Thread 3 ] DEBUG Engine               - Logging environment variables
15:10:59.098 [FXGL Background Thread 3 ] DEBUG Engine               - achievements: []
15:10:59.098 [FXGL Background Thread 3 ] DEBUG Engine               - actualHeight: 600.0
15:10:59.099 [FXGL Background Thread 3 ] DEBUG Engine               - actualHeightProperty: ReadOnlyDoubleProperty [value: 600.0]
15:10:59.099 [FXGL Background Thread 3 ] DEBUG Engine               - actualWidth: 1000.0
15:10:59.100 [FXGL Background Thread 3 ] DEBUG Engine               - actualWidthProperty: ReadOnlyDoubleProperty [value: 1000.0]
15:10:59.100 [FXGL Background Thread 3 ] DEBUG Engine               - appIcon: fxgl_icon.png
15:10:59.101 [FXGL Background Thread 3 ] DEBUG Engine               - applicationMode: DEVELOPER
15:10:59.101 [FXGL Background Thread 3 ] DEBUG Engine               - cSSList: [fxgl_dark.css]
15:10:59.101 [FXGL Background Thread 3 ] DEBUG Engine               - collisionDetectionStrategy: BRUTE_FORCE
15:10:59.102 [FXGL Background Thread 3 ] DEBUG Engine               - configClass: Optional.empty
15:10:59.102 [FXGL Background Thread 3 ] DEBUG Engine               - credits: []
15:10:59.103 [FXGL Background Thread 3 ] DEBUG Engine               - defaultCursor: CursorInfo(imageName=fxgl_default_cursor.png, hotspotX=7.0, hotspotY=6.0)
15:10:59.104 [FXGL Background Thread 3 ] DEBUG Engine               - devBBoxColorProperty: ObjectProperty [value: 0xff0000ff]
15:10:59.104 [FXGL Background Thread 3 ] DEBUG Engine               - devEnableDebugCameraProperty: BooleanProperty [value: false]
15:10:59.105 [FXGL Background Thread 3 ] DEBUG Engine               - devSensorColorProperty: ObjectProperty [value: 0xffff00ff]
15:10:59.105 [FXGL Background Thread 3 ] DEBUG Engine               - devShowBBoxProperty: BooleanProperty [value: false]
15:10:59.106 [FXGL Background Thread 3 ] DEBUG Engine               - devShowPositionProperty: BooleanProperty [value: false]
15:10:59.106 [FXGL Background Thread 3 ] DEBUG Engine               - enabledMenuItems: []
15:10:59.106 [FXGL Background Thread 3 ] DEBUG Engine               - engineServices: [class com.almasb.fxgl.app.services.FXGLAssetLoaderService, class com.almasb.fxgl.app.FXGLApplication$GameApplicationService, class com.almasb.fxgl.app.services.FXGLDialogService, class com.almasb.fxgl.app.services.IOTaskExecutorService, class com.almasb.fxgl.io.FileSystemService, class com.almasb.fxgl.localization.LocalizationService, class com.almasb.fxgl.app.services.SystemBundleService, class com.almasb.fxgl.profile.SaveLoadService, class com.almasb.fxgl.ui.FXGLUIFactoryServiceProvider, class com.almasb.fxgl.ui.FXGLDialogFactoryServiceProvider, class com.almasb.fxgl.audio.AudioPlayer, class com.almasb.fxgl.notification.impl.NotificationServiceProvider, class com.almasb.fxgl.achievement.AchievementService, class com.almasb.fxgl.cutscene.CutsceneService, class com.almasb.fxgl.minigames.MiniGameService, class com.almasb.fxgl.net.NetService, class com.almasb.fxgl.app.services.UpdaterService, class com.almasb.fxgl.dev.DevService]
15:10:59.107 [FXGL Background Thread 3 ] DEBUG Engine               - fontGame: Abel-Regular.ttf
15:10:59.107 [FXGL Background Thread 3 ] DEBUG Engine               - fontMono: TerminalLandMono-Regular.otf
15:10:59.107 [FXGL Background Thread 3 ] DEBUG Engine               - fontText: Courier-Prime.ttf
15:10:59.108 [FXGL Background Thread 3 ] DEBUG Engine               - fontUI: VarelaRound-Regular.ttf
15:10:59.108 [FXGL Background Thread 3 ] DEBUG Engine               - fullScreen: BooleanProperty [value: false]
15:10:59.108 [FXGL Background Thread 3 ] DEBUG Engine               - gameDifficulty: MEDIUM
15:10:59.110 [FXGL Background Thread 3 ] DEBUG Engine               - gameDifficultyProperty: ObjectProperty [value: MEDIUM]
15:10:59.111 [FXGL Background Thread 3 ] DEBUG Engine               - globalMusicVolume: 0.5
15:10:59.112 [FXGL Background Thread 3 ] DEBUG Engine               - globalMusicVolumeProperty: DoubleProperty [value: 0.5]
15:10:59.112 [FXGL Background Thread 3 ] DEBUG Engine               - globalSoundVolume: 0.5
15:10:59.113 [FXGL Background Thread 3 ] DEBUG Engine               - globalSoundVolumeProperty: DoubleProperty [value: 0.5]
15:10:59.113 [FXGL Background Thread 3 ] DEBUG Engine               - height: 600
15:10:59.113 [FXGL Background Thread 3 ] DEBUG Engine               - is3D: false
15:10:59.114 [FXGL Background Thread 3 ] DEBUG Engine               - isAndroid: false
15:10:59.114 [FXGL Background Thread 3 ] DEBUG Engine               - isBrowser: false
15:10:59.114 [FXGL Background Thread 3 ] DEBUG Engine               - isClickFeedbackEnabled: false
15:10:59.114 [FXGL Background Thread 3 ] DEBUG Engine               - isCloseConfirmation: false
15:10:59.116 [FXGL Background Thread 3 ] DEBUG Engine               - isDesktop: true
15:10:59.116 [FXGL Background Thread 3 ] DEBUG Engine               - isDeveloperMenuEnabled: false
15:10:59.116 [FXGL Background Thread 3 ] DEBUG Engine               - isEmbedded: false
15:10:59.117 [FXGL Background Thread 3 ] DEBUG Engine               - isEntityPreloadEnabled: true
15:10:59.117 [FXGL Background Thread 3 ] DEBUG Engine               - isExperimentalTiledLargeMap: false
15:10:59.117 [FXGL Background Thread 3 ] DEBUG Engine               - isFileSystemWriteAllowed: true
15:10:59.118 [FXGL Background Thread 3 ] DEBUG Engine               - isFullScreenAllowed: false
15:10:59.118 [FXGL Background Thread 3 ] DEBUG Engine               - isFullScreenFromStart: false
15:10:59.118 [FXGL Background Thread 3 ] DEBUG Engine               - isGameMenuEnabled: true
15:10:59.119 [FXGL Background Thread 3 ] DEBUG Engine               - isIOS: false
15:10:59.119 [FXGL Background Thread 3 ] DEBUG Engine               - isIntroEnabled: false
15:10:59.119 [FXGL Background Thread 3 ] DEBUG Engine               - isLinux: false
15:10:59.120 [FXGL Background Thread 3 ] DEBUG Engine               - isMac: false
15:10:59.120 [FXGL Background Thread 3 ] DEBUG Engine               - isMainMenuEnabled: false
15:10:59.120 [FXGL Background Thread 3 ] DEBUG Engine               - isManualResizeEnabled: false
15:10:59.121 [FXGL Background Thread 3 ] DEBUG Engine               - isMobile: false
15:10:59.121 [FXGL Background Thread 3 ] DEBUG Engine               - isNative: false
15:10:59.122 [FXGL Background Thread 3 ] DEBUG Engine               - isPauseMusicWhenMinimized: true
15:10:59.122 [FXGL Background Thread 3 ] DEBUG Engine               - isPreserveResizeRatio: false
15:10:59.123 [FXGL Background Thread 3 ] DEBUG Engine               - isProfilingEnabled: false
15:10:59.123 [FXGL Background Thread 3 ] DEBUG Engine               - isScaleAffectedOnResize: true
15:10:59.123 [FXGL Background Thread 3 ] DEBUG Engine               - isSingleStep: false
15:10:59.124 [FXGL Background Thread 3 ] DEBUG Engine               - isUserProfileEnabled: false
15:10:59.124 [FXGL Background Thread 3 ] DEBUG Engine               - isWindows: true
15:10:59.124 [FXGL Background Thread 3 ] DEBUG Engine               - language: ObjectProperty [value: ENGLISH]
15:10:59.125 [FXGL Background Thread 3 ] DEBUG Engine               - menuKey: ESCAPE
15:10:59.125 [FXGL Background Thread 3 ] DEBUG Engine               - mouseSensitivity: 0.2
15:10:59.125 [FXGL Background Thread 3 ] DEBUG Engine               - notificationViewClass: class com.almasb.fxgl.notification.view.XboxNotificationView
15:10:59.126 [FXGL Background Thread 3 ] DEBUG Engine               - pixelsPerMeter: 50.0
15:10:59.126 [FXGL Background Thread 3 ] DEBUG Engine               - platform: WINDOWS
15:10:59.127 [FXGL Background Thread 3 ] DEBUG Engine               - prefHeightProperty: ReadOnlyDoubleProperty [value: 600.0]
15:10:59.128 [FXGL Background Thread 3 ] DEBUG Engine               - prefWidthProperty: ReadOnlyDoubleProperty [value: 1000.0]
15:10:59.128 [FXGL Background Thread 3 ] DEBUG Engine               - profileDir: profiles/
15:10:59.129 [FXGL Background Thread 3 ] DEBUG Engine               - profileName: StringProperty [value: DEFAULT]
15:10:59.129 [FXGL Background Thread 3 ] DEBUG Engine               - randomSeed: -1
15:10:59.130 [FXGL Background Thread 3 ] DEBUG Engine               - runtimeInfo: RuntimeInfo(platform=WINDOWS, version=17.1, build=24.03.2022 17.34)
15:10:59.131 [FXGL Background Thread 3 ] DEBUG Engine               - saveFileExt: sav
15:10:59.131 [FXGL Background Thread 3 ] DEBUG Engine               - scaledHeightProp$fxgl: DoubleProperty [bound, value: 600.0]
15:10:59.132 [FXGL Background Thread 3 ] DEBUG Engine               - scaledWidthProp$fxgl: DoubleProperty [bound, value: 1000.0]
15:10:59.132 [FXGL Background Thread 3 ] DEBUG Engine               - sceneFactory: com.almasb.fxgl.app.scene.SceneFactory@693fc994
15:10:59.133 [FXGL Background Thread 3 ] DEBUG Engine               - secondsIn24h: 60
15:10:59.133 [FXGL Background Thread 3 ] DEBUG Engine               - soundMenuBack: menu/back.wav
15:10:59.134 [FXGL Background Thread 3 ] DEBUG Engine               - soundMenuPress: menu/press.wav
15:10:59.134 [FXGL Background Thread 3 ] DEBUG Engine               - soundMenuSelect: menu/select.wav
15:10:59.135 [FXGL Background Thread 3 ] DEBUG Engine               - soundNotification: core/notification.wav
15:10:59.135 [FXGL Background Thread 3 ] DEBUG Engine               - stageStyle: DECORATED
15:10:59.135 [FXGL Background Thread 3 ] DEBUG Engine               - supportedLanguages: [ENGLISH, FRENCH, GERMAN, HUNGARIAN, RUSSIAN]
15:10:59.136 [FXGL Background Thread 3 ] DEBUG Engine               - ticksPerSecond: -1
15:10:59.136 [FXGL Background Thread 3 ] DEBUG Engine               - title: Gestión de Áreas
15:10:59.136 [FXGL Background Thread 3 ] DEBUG Engine               - urlGithub: https://github.com/AlmasB/FXGL
15:10:59.137 [FXGL Background Thread 3 ] DEBUG Engine               - urlLeaderboard: http://fxgl-top.herokuapp.com/
15:10:59.137 [FXGL Background Thread 3 ] DEBUG Engine               - urlPOM: https://raw.githubusercontent.com/AlmasB/FXGL/release/README.md
15:10:59.137 [FXGL Background Thread 3 ] DEBUG Engine               - userAppClass: class org.example.Main
15:10:59.137 [FXGL Background Thread 3 ] DEBUG Engine               - version: 1.0
15:10:59.138 [FXGL Background Thread 3 ] DEBUG Engine               - versionCheckDays: 7
15:10:59.138 [FXGL Background Thread 3 ] DEBUG Engine               - width: 1000
15:10:59.138 [FXGL Background Thread 3 ] DEBUG Engine               - Logging services
15:10:59.139 [FXGL Background Thread 3 ] DEBUG Engine               - class com.almasb.fxgl.app.services.FXGLAssetLoaderService
15:10:59.139 [FXGL Background Thread 3 ] DEBUG Engine               - class com.almasb.fxgl.app.FXGLApplication$GameApplicationService
15:10:59.139 [FXGL Background Thread 3 ] DEBUG Engine               - class com.almasb.fxgl.app.services.FXGLDialogService
15:10:59.140 [FXGL Background Thread 3 ] DEBUG Engine               - class com.almasb.fxgl.app.services.IOTaskExecutorService
15:10:59.140 [FXGL Background Thread 3 ] DEBUG Engine               - class com.almasb.fxgl.io.FileSystemService
15:10:59.140 [FXGL Background Thread 3 ] DEBUG Engine               - class com.almasb.fxgl.localization.LocalizationService
15:10:59.141 [FXGL Background Thread 3 ] DEBUG Engine               - class com.almasb.fxgl.app.services.SystemBundleService
15:10:59.141 [FXGL Background Thread 3 ] DEBUG Engine               - class com.almasb.fxgl.profile.SaveLoadService
15:10:59.141 [FXGL Background Thread 3 ] DEBUG Engine               - class com.almasb.fxgl.ui.FXGLUIFactoryServiceProvider
15:10:59.141 [FXGL Background Thread 3 ] DEBUG Engine               - class com.almasb.fxgl.ui.FXGLDialogFactoryServiceProvider
15:10:59.142 [FXGL Background Thread 3 ] DEBUG Engine               - class com.almasb.fxgl.audio.AudioPlayer
15:10:59.142 [FXGL Background Thread 3 ] DEBUG Engine               - class com.almasb.fxgl.notification.impl.NotificationServiceProvider
15:10:59.142 [FXGL Background Thread 3 ] DEBUG Engine               - class com.almasb.fxgl.achievement.AchievementService
15:10:59.143 [FXGL Background Thread 3 ] DEBUG Engine               - class com.almasb.fxgl.cutscene.CutsceneService
15:10:59.143 [FXGL Background Thread 3 ] DEBUG Engine               - class com.almasb.fxgl.minigames.MiniGameService
15:10:59.143 [FXGL Background Thread 3 ] DEBUG Engine               - class com.almasb.fxgl.net.NetService
15:10:59.143 [FXGL Background Thread 3 ] DEBUG Engine               - class com.almasb.fxgl.app.services.UpdaterService
15:10:59.145 [FXGL Background Thread 3 ] DEBUG Engine               - class com.almasb.fxgl.dev.DevService
15:11:57.367 [JavaFX Application Thread] DEBUG FXGLApplication      - Exiting FXGL
15:11:57.368 [JavaFX Application Thread] DEBUG LoopRunner           - Stopping loop
15:11:57.368 [JavaFX Application Thread] DEBUG SystemBundleService  - Saving FXGL system data
15:11:57.376 [JavaFX Application Thread] DEBUG FileSystemAccess     - Writing to: C:\Users\100070997\Desktop\restaurant_simulator\system\fxgl.bundle
15:11:57.381 [JavaFX Application Thread] DEBUG Async                - Shutting down background threads
15:11:57.382 [JavaFX Application Thread] DEBUG PrimaryStageWindow   - Closing main window
15:11:57.457 [JavaFX Application Thread] DEBUG Logger               - Closing Logger
