01:54:44.184 [main                     ] DEBUG Logger               - Configured Logger
01:54:44.212 [main                     ] DEBUG GameApplication      - Logging settings
Title: Gestión de Áreas
Version: 1.0
Width: 1000
Height: 600
Fullscreen: false
Intro: false
Profiling: false
Single step:false
App Mode: DEVELOPER
Menu Key: ESCAPE
Stage Style: DECORATED
Scene Factory: class com.almasb.fxgl.app.scene.SceneFactory

01:54:44.553 [JavaFX Application Thread] DEBUG FXGLApplication      - Initializing FXGL
01:54:44.561 [JavaFX Application Thread] INFO  Engine               - FXGL-17.1 (24.03.2022 17.34) on WINDOWS (J:17.0.5 FX:18)
01:54:44.562 [JavaFX Application Thread] DEBUG Engine               - JRE Vendor Name: Eclipse Adoptium
01:54:44.562 [JavaFX Application Thread] DEBUG Engine               - Running on OS: Windows 11 version 10.0
01:54:44.562 [JavaFX Application Thread] DEBUG Engine               - Architecture: amd64
01:54:44.562 [JavaFX Application Thread] INFO  Engine               - Source code and latest versions at: https://github.com/AlmasB/FXGL
01:54:44.562 [JavaFX Application Thread] INFO  Engine               -       Ask questions and discuss at: https://github.com/AlmasB/FXGL/discussions
01:54:44.563 [JavaFX Application Thread] INFO  Engine               -              Join the FXGL chat at: https://gitter.im/AlmasB/FXGL
01:54:44.687 [JavaFX Application Thread] DEBUG PrimaryStageWindow   - Creating a JavaFX scene
01:54:44.732 [JavaFX Application Thread] DEBUG PrimaryStageWindow   - Target settings size: 1000.0 x 600.0
01:54:44.733 [JavaFX Application Thread] DEBUG PrimaryStageWindow   - Scaled scene size:    1000.0 x 600.0
01:54:44.733 [JavaFX Application Thread] DEBUG PrimaryStageWindow   - Scaled ratio: (1.0, 1.0)
01:54:44.735 [JavaFX Application Thread] DEBUG PrimaryStageWindow   - Set initial scene to FXGLStartupScene
01:54:44.749 [JavaFX Application Thread] DEBUG PrimaryStageWindow   - Opening main window
01:54:44.862 [JavaFX Application Thread] DEBUG PrimaryStageWindow   - Window border size: (14.66668701171875, 37.33331298828125)
01:54:44.862 [JavaFX Application Thread] DEBUG PrimaryStageWindow   - Scaled size: 1000.0 x 600.0
01:54:44.863 [JavaFX Application Thread] DEBUG PrimaryStageWindow   - Scaled ratio: (1.0, 1.0)
01:54:44.863 [JavaFX Application Thread] DEBUG PrimaryStageWindow   - Scene size: 1000.0 x 600.0
01:54:44.863 [JavaFX Application Thread] DEBUG PrimaryStageWindow   - Stage size: 1014.6666870117188 x 637.3333129882812
01:54:44.884 [FXGL Background Thread 1 ] DEBUG Engine               - Initializing environment variables
01:54:44.946 [FXGL Background Thread 1 ] DEBUG FXGLAssetLoaderServi - User app class for loading assets: class org.example.Main
01:54:44.946 [FXGL Background Thread 1 ] DEBUG GameApplicationServi - Applying CSS: fxgl_dark.css
01:54:44.948 [FXGL Background Thread 1 ] DEBUG FXGLAssetLoaderServi - Loading from file system: jar:file:/C:/Users/100070997/.m2/repository/com/github/almasb/fxgl/17.1/fxgl-17.1.jar!/fxglassets/ui/css/fxgl_dark.css
01:54:45.034 [FXGL Background Thread 1 ] DEBUG GameApplicationServi - Initializing application scenes
01:54:45.096 [FXGL Background Thread 1 ] DEBUG GameWorld            - Game world initialized
01:54:45.179 [FXGL Background Thread 1 ] DEBUG PhysicsWorld         - Physics world initialized: appHeight=600, physics.ppm=50.0
01:54:45.179 [FXGL Background Thread 1 ] DEBUG PhysicsWorld         - Using strategy: BRUTE_FORCE
01:54:45.183 [FXGL Background Thread 1 ] DEBUG GameScene            - Game scene initialized: 1000x600
01:54:45.200 [FXGL Background Thread 1 ] DEBUG FXGL.DefaultMenu     - createMenuBodyGameMenu()
01:54:45.221 [FXGL Background Thread 1 ] DEBUG FXGL.DefaultMenu     - createOptionsMenu()
01:54:45.234 [FXGL Background Thread 1 ] DEBUG FXGLAssetLoaderServi - Loading from file system: jar:file:/C:/Users/100070997/.m2/repository/com/github/almasb/fxgl/17.1/fxgl-17.1.jar!/fxglassets/textures/particles/smoke.png
01:54:45.336 [FXGL Background Thread 1 ] DEBUG FXGLAssetLoaderServi - Loading from file system: jar:file:/C:/Users/100070997/.m2/repository/com/github/almasb/fxgl/17.1/fxgl-17.1.jar!/fxglassets/textures/particles/trace_horizontal.png
01:54:45.370 [FXGL Background Thread 1 ] DEBUG GameApplicationServi - Application scenes initialized
01:54:45.382 [FXGL Background Thread 1 ] DEBUG SystemBundleService  - Loading FXGL system data
01:54:45.388 [FXGL Background Thread 1 ] DEBUG FileSystemAccess     - Reading from: C:\Users\100070997\Desktop\restaurant_simulator\system\fxgl.bundle
01:54:45.393 [FXGL Background Thread 1 ] DEBUG SystemBundleService  - Bundle FXGL: {}
01:54:45.393 [FXGL Background Thread 1 ] DEBUG UpdaterService       - Checking for updates
01:54:45.396 [FXGL Background Thread 4 ] DEBUG FXGLApplication      - Loading fonts
01:54:45.397 [FXGL Background Thread 1 ] DEBUG FXGLApplication      - Loading default localization
01:54:45.397 [FXGL Background Thread 4 ] DEBUG FXGLAssetLoaderServi - Loading from file system: jar:file:/C:/Users/100070997/.m2/repository/com/github/almasb/fxgl/17.1/fxgl-17.1.jar!/fxglassets/ui/fonts/VarelaRound-Regular.ttf
01:54:45.398 [FXGL Background Thread 1 ] DEBUG FXGLAssetLoaderServi - Loading from file system: jar:file:/C:/Users/100070997/.m2/repository/com/github/almasb/fxgl/17.1/fxgl-17.1.jar!/fxglassets/languages/english.lang
01:54:45.429 [FXGL Background Thread 1 ] INFO  FXGLApplication      - FXGL initialization took: 0.544 sec
01:54:45.431 [JavaFX Application Thread] DEBUG FXGLAssetLoaderServi - Loading from file system: jar:file:/C:/Users/100070997/.m2/repository/com/github/almasb/fxgl/17.1/fxgl-17.1.jar!/fxglassets/textures/fxgl_icon.png
01:54:45.468 [JavaFX Application Thread] DEBUG FXGLAssetLoaderServi - Loading from file system: jar:file:/C:/Users/100070997/.m2/repository/com/github/almasb/fxgl/17.1/fxgl-17.1.jar!/fxglassets/textures/fxgl_default_cursor.png
01:54:45.485 [JavaFX Application Thread] DEBUG Input                - Registered new binding: Screenshot - CTRL+8
01:54:45.486 [JavaFX Application Thread] DEBUG Input                - Registered new binding: System info dump - CTRL+9
01:54:45.487 [JavaFX Application Thread] DEBUG Input                - Registered new binding: Restart - CTRL+R
01:54:45.488 [JavaFX Application Thread] DEBUG Input                - Registered new binding: Toggle Debug Camera - CTRL+7
01:54:45.492 [JavaFX Application Thread] DEBUG LoopRunner           - Starting loop
01:54:45.493 [JavaFX Application Thread] DEBUG LoopRunner           - Initializing JavaFX AnimationTimerLoop
01:54:45.494 [FXGL Background Thread 4 ] DEBUG FXGLAssetLoaderServi - Loading from file system: jar:file:/C:/Users/100070997/.m2/repository/com/github/almasb/fxgl/17.1/fxgl-17.1.jar!/fxglassets/ui/fonts/Abel-Regular.ttf
01:54:45.495 [JavaFX Application Thread] DEBUG GameApplicationServi - Starting new game
01:54:45.495 [JavaFX Application Thread] DEBUG Input                - Clearing active input actions
01:54:45.507 [JavaFX Application Thread] DEBUG GameApplicationServi - Removing overlay from FXGLStartupScene and adding to FXGLLoadingScene
01:54:45.507 [FXGL Background Thread 4 ] DEBUG FXGLAssetLoaderServi - Loading from file system: jar:file:/C:/Users/100070997/.m2/repository/com/github/almasb/fxgl/17.1/fxgl-17.1.jar!/fxglassets/ui/fonts/TerminalLandMono-Regular.otf
01:54:45.507 [JavaFX Application Thread] DEBUG PrimaryStageWindow   - FXGLStartupScene -> FXGLLoadingScene
01:54:45.508 [JavaFX Application Thread] DEBUG GameApplicationServi - Clearing previous game
01:54:45.508 [JavaFX Application Thread] DEBUG GameScene            - Clearing game scene
01:54:45.508 [JavaFX Application Thread] DEBUG GameWorld            - Clearing game world
01:54:45.508 [JavaFX Application Thread] DEBUG PhysicsWorld         - Clearing physics world
01:54:45.510 [FXGL Background Thread 1 ] DEBUG FXGLApplication      - Initializing game
01:54:45.518 [FXGL Background Thread 4 ] DEBUG FXGLAssetLoaderServi - Loading from file system: jar:file:/C:/Users/100070997/.m2/repository/com/github/almasb/fxgl/17.1/fxgl-17.1.jar!/fxglassets/ui/fonts/Courier-Prime.ttf
01:54:45.561 [JavaFX Application Thread] DEBUG FXGLApplication      - Registering font factories with UI factory
01:54:45.798 [FXGL Background Thread 1 ] INFO  FXGLApplication      - Game initialization took: 0.288 sec
01:54:45.806 [JavaFX Application Thread] DEBUG Input                - Clearing active input actions
01:54:45.827 [JavaFX Application Thread] DEBUG GameApplicationServi - Removing overlay from FXGLLoadingScene and adding to GameScene
01:54:45.827 [JavaFX Application Thread] DEBUG PrimaryStageWindow   - FXGLLoadingScene -> GameScene
01:54:46.209 [FXGL Background Thread 2 ] INFO  UpdaterService       - Your current version:  17.1
01:54:46.210 [FXGL Background Thread 2 ] INFO  UpdaterService       - Latest stable version: 21.1
01:54:48.397 [FXGL Background Thread 3 ] DEBUG Engine               - Logging environment variables
01:54:48.398 [FXGL Background Thread 3 ] DEBUG Engine               - achievements: []
01:54:48.399 [FXGL Background Thread 3 ] DEBUG Engine               - actualHeight: 600.0
01:54:48.399 [FXGL Background Thread 3 ] DEBUG Engine               - actualHeightProperty: ReadOnlyDoubleProperty [value: 600.0]
01:54:48.399 [FXGL Background Thread 3 ] DEBUG Engine               - actualWidth: 1000.0
01:54:48.400 [FXGL Background Thread 3 ] DEBUG Engine               - actualWidthProperty: ReadOnlyDoubleProperty [value: 1000.0]
01:54:48.400 [FXGL Background Thread 3 ] DEBUG Engine               - appIcon: fxgl_icon.png
01:54:48.400 [FXGL Background Thread 3 ] DEBUG Engine               - applicationMode: DEVELOPER
01:54:48.401 [FXGL Background Thread 3 ] DEBUG Engine               - cSSList: [fxgl_dark.css]
01:54:48.401 [FXGL Background Thread 3 ] DEBUG Engine               - collisionDetectionStrategy: BRUTE_FORCE
01:54:48.401 [FXGL Background Thread 3 ] DEBUG Engine               - configClass: Optional.empty
01:54:48.402 [FXGL Background Thread 3 ] DEBUG Engine               - credits: []
01:54:48.403 [FXGL Background Thread 3 ] DEBUG Engine               - defaultCursor: CursorInfo(imageName=fxgl_default_cursor.png, hotspotX=7.0, hotspotY=6.0)
01:54:48.404 [FXGL Background Thread 3 ] DEBUG Engine               - devBBoxColorProperty: ObjectProperty [value: 0xff0000ff]
01:54:48.404 [FXGL Background Thread 3 ] DEBUG Engine               - devEnableDebugCameraProperty: BooleanProperty [value: false]
01:54:48.405 [FXGL Background Thread 3 ] DEBUG Engine               - devSensorColorProperty: ObjectProperty [value: 0xffff00ff]
01:54:48.405 [FXGL Background Thread 3 ] DEBUG Engine               - devShowBBoxProperty: BooleanProperty [value: false]
01:54:48.406 [FXGL Background Thread 3 ] DEBUG Engine               - devShowPositionProperty: BooleanProperty [value: false]
01:54:48.406 [FXGL Background Thread 3 ] DEBUG Engine               - enabledMenuItems: []
01:54:48.407 [FXGL Background Thread 3 ] DEBUG Engine               - engineServices: [class com.almasb.fxgl.app.services.FXGLAssetLoaderService, class com.almasb.fxgl.app.FXGLApplication$GameApplicationService, class com.almasb.fxgl.app.services.FXGLDialogService, class com.almasb.fxgl.app.services.IOTaskExecutorService, class com.almasb.fxgl.io.FileSystemService, class com.almasb.fxgl.localization.LocalizationService, class com.almasb.fxgl.app.services.SystemBundleService, class com.almasb.fxgl.profile.SaveLoadService, class com.almasb.fxgl.ui.FXGLUIFactoryServiceProvider, class com.almasb.fxgl.ui.FXGLDialogFactoryServiceProvider, class com.almasb.fxgl.audio.AudioPlayer, class com.almasb.fxgl.notification.impl.NotificationServiceProvider, class com.almasb.fxgl.achievement.AchievementService, class com.almasb.fxgl.cutscene.CutsceneService, class com.almasb.fxgl.minigames.MiniGameService, class com.almasb.fxgl.net.NetService, class com.almasb.fxgl.app.services.UpdaterService, class com.almasb.fxgl.dev.DevService]
01:54:48.408 [FXGL Background Thread 3 ] DEBUG Engine               - fontGame: Abel-Regular.ttf
01:54:48.409 [FXGL Background Thread 3 ] DEBUG Engine               - fontMono: TerminalLandMono-Regular.otf
01:54:48.409 [FXGL Background Thread 3 ] DEBUG Engine               - fontText: Courier-Prime.ttf
01:54:48.409 [FXGL Background Thread 3 ] DEBUG Engine               - fontUI: VarelaRound-Regular.ttf
01:54:48.410 [FXGL Background Thread 3 ] DEBUG Engine               - fullScreen: BooleanProperty [value: false]
01:54:48.410 [FXGL Background Thread 3 ] DEBUG Engine               - gameDifficulty: MEDIUM
01:54:48.411 [FXGL Background Thread 3 ] DEBUG Engine               - gameDifficultyProperty: ObjectProperty [value: MEDIUM]
01:54:48.411 [FXGL Background Thread 3 ] DEBUG Engine               - globalMusicVolume: 0.5
01:54:48.411 [FXGL Background Thread 3 ] DEBUG Engine               - globalMusicVolumeProperty: DoubleProperty [value: 0.5]
01:54:48.411 [FXGL Background Thread 3 ] DEBUG Engine               - globalSoundVolume: 0.5
01:54:48.412 [FXGL Background Thread 3 ] DEBUG Engine               - globalSoundVolumeProperty: DoubleProperty [value: 0.5]
01:54:48.412 [FXGL Background Thread 3 ] DEBUG Engine               - height: 600
01:54:48.412 [FXGL Background Thread 3 ] DEBUG Engine               - is3D: false
01:54:48.412 [FXGL Background Thread 3 ] DEBUG Engine               - isAndroid: false
01:54:48.412 [FXGL Background Thread 3 ] DEBUG Engine               - isBrowser: false
01:54:48.413 [FXGL Background Thread 3 ] DEBUG Engine               - isClickFeedbackEnabled: false
01:54:48.413 [FXGL Background Thread 3 ] DEBUG Engine               - isCloseConfirmation: false
01:54:48.413 [FXGL Background Thread 3 ] DEBUG Engine               - isDesktop: true
01:54:48.413 [FXGL Background Thread 3 ] DEBUG Engine               - isDeveloperMenuEnabled: false
01:54:48.413 [FXGL Background Thread 3 ] DEBUG Engine               - isEmbedded: false
01:54:48.413 [FXGL Background Thread 3 ] DEBUG Engine               - isEntityPreloadEnabled: true
01:54:48.414 [FXGL Background Thread 3 ] DEBUG Engine               - isExperimentalTiledLargeMap: false
01:54:48.414 [FXGL Background Thread 3 ] DEBUG Engine               - isFileSystemWriteAllowed: true
01:54:48.414 [FXGL Background Thread 3 ] DEBUG Engine               - isFullScreenAllowed: false
01:54:48.414 [FXGL Background Thread 3 ] DEBUG Engine               - isFullScreenFromStart: false
01:54:48.414 [FXGL Background Thread 3 ] DEBUG Engine               - isGameMenuEnabled: true
01:54:48.414 [FXGL Background Thread 3 ] DEBUG Engine               - isIOS: false
01:54:48.415 [FXGL Background Thread 3 ] DEBUG Engine               - isIntroEnabled: false
01:54:48.415 [FXGL Background Thread 3 ] DEBUG Engine               - isLinux: false
01:54:48.415 [FXGL Background Thread 3 ] DEBUG Engine               - isMac: false
01:54:48.415 [FXGL Background Thread 3 ] DEBUG Engine               - isMainMenuEnabled: false
01:54:48.415 [FXGL Background Thread 3 ] DEBUG Engine               - isManualResizeEnabled: false
01:54:48.416 [FXGL Background Thread 3 ] DEBUG Engine               - isMobile: false
01:54:48.416 [FXGL Background Thread 3 ] DEBUG Engine               - isNative: false
01:54:48.416 [FXGL Background Thread 3 ] DEBUG Engine               - isPauseMusicWhenMinimized: true
01:54:48.416 [FXGL Background Thread 3 ] DEBUG Engine               - isPreserveResizeRatio: false
01:54:48.416 [FXGL Background Thread 3 ] DEBUG Engine               - isProfilingEnabled: false
01:54:48.416 [FXGL Background Thread 3 ] DEBUG Engine               - isScaleAffectedOnResize: true
01:54:48.417 [FXGL Background Thread 3 ] DEBUG Engine               - isSingleStep: false
01:54:48.417 [FXGL Background Thread 3 ] DEBUG Engine               - isUserProfileEnabled: false
01:54:48.417 [FXGL Background Thread 3 ] DEBUG Engine               - isWindows: true
01:54:48.417 [FXGL Background Thread 3 ] DEBUG Engine               - language: ObjectProperty [value: ENGLISH]
01:54:48.417 [FXGL Background Thread 3 ] DEBUG Engine               - menuKey: ESCAPE
01:54:48.417 [FXGL Background Thread 3 ] DEBUG Engine               - mouseSensitivity: 0.2
01:54:48.417 [FXGL Background Thread 3 ] DEBUG Engine               - notificationViewClass: class com.almasb.fxgl.notification.view.XboxNotificationView
01:54:48.418 [FXGL Background Thread 3 ] DEBUG Engine               - pixelsPerMeter: 50.0
01:54:48.418 [FXGL Background Thread 3 ] DEBUG Engine               - platform: WINDOWS
01:54:48.418 [FXGL Background Thread 3 ] DEBUG Engine               - prefHeightProperty: ReadOnlyDoubleProperty [value: 600.0]
01:54:48.418 [FXGL Background Thread 3 ] DEBUG Engine               - prefWidthProperty: ReadOnlyDoubleProperty [value: 1000.0]
01:54:48.418 [FXGL Background Thread 3 ] DEBUG Engine               - profileDir: profiles/
01:54:48.418 [FXGL Background Thread 3 ] DEBUG Engine               - profileName: StringProperty [value: DEFAULT]
01:54:48.418 [FXGL Background Thread 3 ] DEBUG Engine               - randomSeed: -1
01:54:48.419 [FXGL Background Thread 3 ] DEBUG Engine               - runtimeInfo: RuntimeInfo(platform=WINDOWS, version=17.1, build=24.03.2022 17.34)
01:54:48.419 [FXGL Background Thread 3 ] DEBUG Engine               - saveFileExt: sav
01:54:48.419 [FXGL Background Thread 3 ] DEBUG Engine               - scaledHeightProp$fxgl: DoubleProperty [bound, value: 600.0]
01:54:48.420 [FXGL Background Thread 3 ] DEBUG Engine               - scaledWidthProp$fxgl: DoubleProperty [bound, value: 1000.0]
01:54:48.420 [FXGL Background Thread 3 ] DEBUG Engine               - sceneFactory: com.almasb.fxgl.app.scene.SceneFactory@5e57b07f
01:54:48.420 [FXGL Background Thread 3 ] DEBUG Engine               - secondsIn24h: 60
01:54:48.420 [FXGL Background Thread 3 ] DEBUG Engine               - soundMenuBack: menu/back.wav
01:54:48.420 [FXGL Background Thread 3 ] DEBUG Engine               - soundMenuPress: menu/press.wav
01:54:48.420 [FXGL Background Thread 3 ] DEBUG Engine               - soundMenuSelect: menu/select.wav
01:54:48.420 [FXGL Background Thread 3 ] DEBUG Engine               - soundNotification: core/notification.wav
01:54:48.420 [FXGL Background Thread 3 ] DEBUG Engine               - stageStyle: DECORATED
01:54:48.421 [FXGL Background Thread 3 ] DEBUG Engine               - supportedLanguages: [ENGLISH, FRENCH, GERMAN, HUNGARIAN, RUSSIAN]
01:54:48.421 [FXGL Background Thread 3 ] DEBUG Engine               - ticksPerSecond: -1
01:54:48.421 [FXGL Background Thread 3 ] DEBUG Engine               - title: Gestión de Áreas
01:54:48.421 [FXGL Background Thread 3 ] DEBUG Engine               - urlGithub: https://github.com/AlmasB/FXGL
01:54:48.421 [FXGL Background Thread 3 ] DEBUG Engine               - urlLeaderboard: http://fxgl-top.herokuapp.com/
01:54:48.421 [FXGL Background Thread 3 ] DEBUG Engine               - urlPOM: https://raw.githubusercontent.com/AlmasB/FXGL/release/README.md
01:54:48.421 [FXGL Background Thread 3 ] DEBUG Engine               - userAppClass: class org.example.Main
01:54:48.422 [FXGL Background Thread 3 ] DEBUG Engine               - version: 1.0
01:54:48.422 [FXGL Background Thread 3 ] DEBUG Engine               - versionCheckDays: 7
01:54:48.422 [FXGL Background Thread 3 ] DEBUG Engine               - width: 1000
01:54:48.422 [FXGL Background Thread 3 ] DEBUG Engine               - Logging services
01:54:48.423 [FXGL Background Thread 3 ] DEBUG Engine               - class com.almasb.fxgl.app.services.FXGLAssetLoaderService
01:54:48.424 [FXGL Background Thread 3 ] DEBUG Engine               - class com.almasb.fxgl.app.FXGLApplication$GameApplicationService
01:54:48.424 [FXGL Background Thread 3 ] DEBUG Engine               - class com.almasb.fxgl.app.services.FXGLDialogService
01:54:48.424 [FXGL Background Thread 3 ] DEBUG Engine               - class com.almasb.fxgl.app.services.IOTaskExecutorService
01:54:48.424 [FXGL Background Thread 3 ] DEBUG Engine               - class com.almasb.fxgl.io.FileSystemService
01:54:48.424 [FXGL Background Thread 3 ] DEBUG Engine               - class com.almasb.fxgl.localization.LocalizationService
01:54:48.425 [FXGL Background Thread 3 ] DEBUG Engine               - class com.almasb.fxgl.app.services.SystemBundleService
01:54:48.425 [FXGL Background Thread 3 ] DEBUG Engine               - class com.almasb.fxgl.profile.SaveLoadService
01:54:48.425 [FXGL Background Thread 3 ] DEBUG Engine               - class com.almasb.fxgl.ui.FXGLUIFactoryServiceProvider
01:54:48.425 [FXGL Background Thread 3 ] DEBUG Engine               - class com.almasb.fxgl.ui.FXGLDialogFactoryServiceProvider
01:54:48.425 [FXGL Background Thread 3 ] DEBUG Engine               - class com.almasb.fxgl.audio.AudioPlayer
01:54:48.425 [FXGL Background Thread 3 ] DEBUG Engine               - class com.almasb.fxgl.notification.impl.NotificationServiceProvider
01:54:48.425 [FXGL Background Thread 3 ] DEBUG Engine               - class com.almasb.fxgl.achievement.AchievementService
01:54:48.425 [FXGL Background Thread 3 ] DEBUG Engine               - class com.almasb.fxgl.cutscene.CutsceneService
01:54:48.425 [FXGL Background Thread 3 ] DEBUG Engine               - class com.almasb.fxgl.minigames.MiniGameService
01:54:48.426 [FXGL Background Thread 3 ] DEBUG Engine               - class com.almasb.fxgl.net.NetService
01:54:48.426 [FXGL Background Thread 3 ] DEBUG Engine               - class com.almasb.fxgl.app.services.UpdaterService
01:54:48.426 [FXGL Background Thread 3 ] DEBUG Engine               - class com.almasb.fxgl.dev.DevService
01:55:15.634 [JavaFX Application Thread] DEBUG FXGLApplication      - Exiting FXGL
01:55:15.634 [JavaFX Application Thread] DEBUG LoopRunner           - Stopping loop
01:55:15.635 [JavaFX Application Thread] DEBUG SystemBundleService  - Saving FXGL system data
01:55:15.638 [JavaFX Application Thread] DEBUG FileSystemAccess     - Writing to: C:\Users\100070997\Desktop\restaurant_simulator\system\fxgl.bundle
01:55:15.640 [JavaFX Application Thread] DEBUG Async                - Shutting down background threads
01:55:15.640 [JavaFX Application Thread] DEBUG PrimaryStageWindow   - Closing main window
01:55:15.664 [JavaFX Application Thread] DEBUG Logger               - Closing Logger
