15:12:11.799 [main                     ] DEBUG Logger               - Configured Logger
15:12:11.866 [main                     ] DEBUG GameApplication      - Logging settings
Title: Gestión de Áreas
Version: 1.0
Width: 1000
Height: 600
Fullscreen: false
Intro: false
Profiling: false
Single step:false
App Mode: DEVELOPER
Menu Key: ESCAPE
Stage Style: DECORATED
Scene Factory: class com.almasb.fxgl.app.scene.SceneFactory

15:12:12.611 [JavaFX Application Thread] DEBUG FXGLApplication      - Initializing FXGL
15:12:12.624 [JavaFX Application Thread] INFO  Engine               - FXGL-17.1 (24.03.2022 17.34) on WINDOWS (J:17.0.5 FX:18)
15:12:12.625 [JavaFX Application Thread] DEBUG Engine               - JRE Vendor Name: Eclipse Adoptium
15:12:12.625 [JavaFX Application Thread] DEBUG Engine               - Running on OS: Windows 11 version 10.0
15:12:12.626 [JavaFX Application Thread] DEBUG Engine               - Architecture: amd64
15:12:12.626 [JavaFX Application Thread] INFO  Engine               - Source code and latest versions at: https://github.com/AlmasB/FXGL
15:12:12.626 [JavaFX Application Thread] INFO  Engine               -       Ask questions and discuss at: https://github.com/AlmasB/FXGL/discussions
15:12:12.627 [JavaFX Application Thread] INFO  Engine               -              Join the FXGL chat at: https://gitter.im/AlmasB/FXGL
15:12:12.861 [JavaFX Application Thread] DEBUG PrimaryStageWindow   - Creating a JavaFX scene
15:12:12.947 [JavaFX Application Thread] DEBUG PrimaryStageWindow   - Target settings size: 1000.0 x 600.0
15:12:12.948 [JavaFX Application Thread] DEBUG PrimaryStageWindow   - Scaled scene size:    1000.0 x 600.0
15:12:12.948 [JavaFX Application Thread] DEBUG PrimaryStageWindow   - Scaled ratio: (1.0, 1.0)
15:12:12.950 [JavaFX Application Thread] DEBUG PrimaryStageWindow   - Set initial scene to FXGLStartupScene
15:12:12.969 [JavaFX Application Thread] DEBUG PrimaryStageWindow   - Opening main window
15:12:13.106 [JavaFX Application Thread] DEBUG PrimaryStageWindow   - Window border size: (14.66668701171875, 37.33331298828125)
15:12:13.107 [JavaFX Application Thread] DEBUG PrimaryStageWindow   - Scaled size: 1000.0 x 600.0
15:12:13.109 [JavaFX Application Thread] DEBUG PrimaryStageWindow   - Scaled ratio: (1.0, 1.0)
15:12:13.109 [JavaFX Application Thread] DEBUG PrimaryStageWindow   - Scene size: 1000.0 x 600.0
15:12:13.110 [JavaFX Application Thread] DEBUG PrimaryStageWindow   - Stage size: 1014.6666870117188 x 637.3333129882812
15:12:13.125 [FXGL Background Thread 1 ] DEBUG Engine               - Initializing environment variables
15:12:13.219 [FXGL Background Thread 1 ] DEBUG FXGLAssetLoaderServi - User app class for loading assets: class org.example.Main
15:12:13.220 [FXGL Background Thread 1 ] DEBUG GameApplicationServi - Applying CSS: fxgl_dark.css
15:12:13.222 [FXGL Background Thread 1 ] DEBUG FXGLAssetLoaderServi - Loading from file system: jar:file:/C:/Users/100070997/.m2/repository/com/github/almasb/fxgl/17.1/fxgl-17.1.jar!/fxglassets/ui/css/fxgl_dark.css
15:12:13.330 [FXGL Background Thread 1 ] DEBUG GameApplicationServi - Initializing application scenes
15:12:13.415 [FXGL Background Thread 1 ] DEBUG GameWorld            - Game world initialized
15:12:13.538 [FXGL Background Thread 1 ] DEBUG PhysicsWorld         - Physics world initialized: appHeight=600, physics.ppm=50.0
15:12:13.539 [FXGL Background Thread 1 ] DEBUG PhysicsWorld         - Using strategy: BRUTE_FORCE
15:12:13.548 [FXGL Background Thread 1 ] DEBUG GameScene            - Game scene initialized: 1000x600
15:12:13.577 [FXGL Background Thread 1 ] DEBUG FXGL.DefaultMenu     - createMenuBodyGameMenu()
15:12:13.613 [FXGL Background Thread 1 ] DEBUG FXGL.DefaultMenu     - createOptionsMenu()
15:12:13.637 [FXGL Background Thread 1 ] DEBUG FXGLAssetLoaderServi - Loading from file system: jar:file:/C:/Users/100070997/.m2/repository/com/github/almasb/fxgl/17.1/fxgl-17.1.jar!/fxglassets/textures/particles/smoke.png
15:12:13.807 [FXGL Background Thread 1 ] DEBUG FXGLAssetLoaderServi - Loading from file system: jar:file:/C:/Users/100070997/.m2/repository/com/github/almasb/fxgl/17.1/fxgl-17.1.jar!/fxglassets/textures/particles/trace_horizontal.png
15:12:13.853 [FXGL Background Thread 1 ] DEBUG GameApplicationServi - Application scenes initialized
15:12:13.876 [FXGL Background Thread 1 ] DEBUG SystemBundleService  - Loading FXGL system data
15:12:13.885 [FXGL Background Thread 1 ] DEBUG FileSystemAccess     - Reading from: C:\Users\100070997\Desktop\restaurant_simulator\system\fxgl.bundle
15:12:13.895 [FXGL Background Thread 1 ] DEBUG SystemBundleService  - Bundle FXGL: {}
15:12:13.895 [FXGL Background Thread 1 ] DEBUG UpdaterService       - Checking for updates
15:12:13.903 [FXGL Background Thread 4 ] DEBUG FXGLApplication      - Loading fonts
15:12:13.903 [FXGL Background Thread 1 ] DEBUG FXGLApplication      - Loading default localization
15:12:13.903 [FXGL Background Thread 4 ] DEBUG FXGLAssetLoaderServi - Loading from file system: jar:file:/C:/Users/100070997/.m2/repository/com/github/almasb/fxgl/17.1/fxgl-17.1.jar!/fxglassets/ui/fonts/VarelaRound-Regular.ttf
15:12:13.905 [FXGL Background Thread 1 ] DEBUG FXGLAssetLoaderServi - Loading from file system: jar:file:/C:/Users/100070997/.m2/repository/com/github/almasb/fxgl/17.1/fxgl-17.1.jar!/fxglassets/languages/english.lang
15:12:13.973 [FXGL Background Thread 1 ] INFO  FXGLApplication      - FXGL initialization took: 0.846 sec
15:12:13.983 [JavaFX Application Thread] DEBUG FXGLAssetLoaderServi - Loading from file system: jar:file:/C:/Users/100070997/.m2/repository/com/github/almasb/fxgl/17.1/fxgl-17.1.jar!/fxglassets/textures/fxgl_icon.png
15:12:14.043 [JavaFX Application Thread] DEBUG FXGLAssetLoaderServi - Loading from file system: jar:file:/C:/Users/100070997/.m2/repository/com/github/almasb/fxgl/17.1/fxgl-17.1.jar!/fxglassets/textures/fxgl_default_cursor.png
15:12:14.075 [JavaFX Application Thread] DEBUG Input                - Registered new binding: Screenshot - CTRL+8
15:12:14.076 [JavaFX Application Thread] DEBUG Input                - Registered new binding: System info dump - CTRL+9
15:12:14.077 [JavaFX Application Thread] DEBUG Input                - Registered new binding: Restart - CTRL+R
15:12:14.078 [JavaFX Application Thread] DEBUG Input                - Registered new binding: Toggle Debug Camera - CTRL+7
15:12:14.081 [FXGL Background Thread 4 ] DEBUG FXGLAssetLoaderServi - Loading from file system: jar:file:/C:/Users/100070997/.m2/repository/com/github/almasb/fxgl/17.1/fxgl-17.1.jar!/fxglassets/ui/fonts/Abel-Regular.ttf
15:12:14.082 [JavaFX Application Thread] DEBUG LoopRunner           - Starting loop
15:12:14.083 [JavaFX Application Thread] DEBUG LoopRunner           - Initializing JavaFX AnimationTimerLoop
15:12:14.086 [JavaFX Application Thread] DEBUG GameApplicationServi - Starting new game
15:12:14.087 [JavaFX Application Thread] DEBUG Input                - Clearing active input actions
15:12:14.105 [FXGL Background Thread 4 ] DEBUG FXGLAssetLoaderServi - Loading from file system: jar:file:/C:/Users/100070997/.m2/repository/com/github/almasb/fxgl/17.1/fxgl-17.1.jar!/fxglassets/ui/fonts/TerminalLandMono-Regular.otf
15:12:14.114 [JavaFX Application Thread] DEBUG GameApplicationServi - Removing overlay from FXGLStartupScene and adding to FXGLLoadingScene
15:12:14.114 [JavaFX Application Thread] DEBUG PrimaryStageWindow   - FXGLStartupScene -> FXGLLoadingScene
15:12:14.115 [JavaFX Application Thread] DEBUG GameApplicationServi - Clearing previous game
15:12:14.115 [JavaFX Application Thread] DEBUG GameScene            - Clearing game scene
15:12:14.115 [JavaFX Application Thread] DEBUG GameWorld            - Clearing game world
15:12:14.115 [JavaFX Application Thread] DEBUG PhysicsWorld         - Clearing physics world
15:12:14.118 [FXGL Background Thread 1 ] DEBUG FXGLApplication      - Initializing game
15:12:14.127 [FXGL Background Thread 4 ] DEBUG FXGLAssetLoaderServi - Loading from file system: jar:file:/C:/Users/100070997/.m2/repository/com/github/almasb/fxgl/17.1/fxgl-17.1.jar!/fxglassets/ui/fonts/Courier-Prime.ttf
15:12:14.209 [JavaFX Application Thread] DEBUG FXGLApplication      - Registering font factories with UI factory
15:12:14.736 [FXGL Background Thread 1 ] INFO  FXGLApplication      - Game initialization took: 0.618 sec
15:12:14.742 [JavaFX Application Thread] DEBUG Input                - Clearing active input actions
15:12:14.779 [JavaFX Application Thread] DEBUG GameApplicationServi - Removing overlay from FXGLLoadingScene and adding to GameScene
15:12:14.779 [JavaFX Application Thread] DEBUG PrimaryStageWindow   - FXGLLoadingScene -> GameScene
15:12:14.868 [FXGL Background Thread 2 ] INFO  UpdaterService       - Your current version:  17.1
15:12:14.869 [FXGL Background Thread 2 ] INFO  UpdaterService       - Latest stable version: 21.1
15:12:16.900 [FXGL Background Thread 3 ] DEBUG Engine               - Logging environment variables
15:12:16.902 [FXGL Background Thread 3 ] DEBUG Engine               - achievements: []
15:12:16.903 [FXGL Background Thread 3 ] DEBUG Engine               - actualHeight: 600.0
15:12:16.903 [FXGL Background Thread 3 ] DEBUG Engine               - actualHeightProperty: ReadOnlyDoubleProperty [value: 600.0]
15:12:16.904 [FXGL Background Thread 3 ] DEBUG Engine               - actualWidth: 1000.0
15:12:16.904 [FXGL Background Thread 3 ] DEBUG Engine               - actualWidthProperty: ReadOnlyDoubleProperty [value: 1000.0]
15:12:16.905 [FXGL Background Thread 3 ] DEBUG Engine               - appIcon: fxgl_icon.png
15:12:16.905 [FXGL Background Thread 3 ] DEBUG Engine               - applicationMode: DEVELOPER
15:12:16.905 [FXGL Background Thread 3 ] DEBUG Engine               - cSSList: [fxgl_dark.css]
15:12:16.906 [FXGL Background Thread 3 ] DEBUG Engine               - collisionDetectionStrategy: BRUTE_FORCE
15:12:16.906 [FXGL Background Thread 3 ] DEBUG Engine               - configClass: Optional.empty
15:12:16.906 [FXGL Background Thread 3 ] DEBUG Engine               - credits: []
15:12:16.908 [FXGL Background Thread 3 ] DEBUG Engine               - defaultCursor: CursorInfo(imageName=fxgl_default_cursor.png, hotspotX=7.0, hotspotY=6.0)
15:12:16.909 [FXGL Background Thread 3 ] DEBUG Engine               - devBBoxColorProperty: ObjectProperty [value: 0xff0000ff]
15:12:16.910 [FXGL Background Thread 3 ] DEBUG Engine               - devEnableDebugCameraProperty: BooleanProperty [value: false]
15:12:16.911 [FXGL Background Thread 3 ] DEBUG Engine               - devSensorColorProperty: ObjectProperty [value: 0xffff00ff]
15:12:16.911 [FXGL Background Thread 3 ] DEBUG Engine               - devShowBBoxProperty: BooleanProperty [value: false]
15:12:16.912 [FXGL Background Thread 3 ] DEBUG Engine               - devShowPositionProperty: BooleanProperty [value: false]
15:12:16.912 [FXGL Background Thread 3 ] DEBUG Engine               - enabledMenuItems: []
15:12:16.912 [FXGL Background Thread 3 ] DEBUG Engine               - engineServices: [class com.almasb.fxgl.app.services.FXGLAssetLoaderService, class com.almasb.fxgl.app.FXGLApplication$GameApplicationService, class com.almasb.fxgl.app.services.FXGLDialogService, class com.almasb.fxgl.app.services.IOTaskExecutorService, class com.almasb.fxgl.io.FileSystemService, class com.almasb.fxgl.localization.LocalizationService, class com.almasb.fxgl.app.services.SystemBundleService, class com.almasb.fxgl.profile.SaveLoadService, class com.almasb.fxgl.ui.FXGLUIFactoryServiceProvider, class com.almasb.fxgl.ui.FXGLDialogFactoryServiceProvider, class com.almasb.fxgl.audio.AudioPlayer, class com.almasb.fxgl.notification.impl.NotificationServiceProvider, class com.almasb.fxgl.achievement.AchievementService, class com.almasb.fxgl.cutscene.CutsceneService, class com.almasb.fxgl.minigames.MiniGameService, class com.almasb.fxgl.net.NetService, class com.almasb.fxgl.app.services.UpdaterService, class com.almasb.fxgl.dev.DevService]
15:12:16.912 [FXGL Background Thread 3 ] DEBUG Engine               - fontGame: Abel-Regular.ttf
15:12:16.913 [FXGL Background Thread 3 ] DEBUG Engine               - fontMono: TerminalLandMono-Regular.otf
15:12:16.913 [FXGL Background Thread 3 ] DEBUG Engine               - fontText: Courier-Prime.ttf
15:12:16.913 [FXGL Background Thread 3 ] DEBUG Engine               - fontUI: VarelaRound-Regular.ttf
15:12:16.914 [FXGL Background Thread 3 ] DEBUG Engine               - fullScreen: BooleanProperty [value: false]
15:12:16.914 [FXGL Background Thread 3 ] DEBUG Engine               - gameDifficulty: MEDIUM
15:12:16.914 [FXGL Background Thread 3 ] DEBUG Engine               - gameDifficultyProperty: ObjectProperty [value: MEDIUM]
15:12:16.915 [FXGL Background Thread 3 ] DEBUG Engine               - globalMusicVolume: 0.5
15:12:16.915 [FXGL Background Thread 3 ] DEBUG Engine               - globalMusicVolumeProperty: DoubleProperty [value: 0.5]
15:12:16.915 [FXGL Background Thread 3 ] DEBUG Engine               - globalSoundVolume: 0.5
15:12:16.916 [FXGL Background Thread 3 ] DEBUG Engine               - globalSoundVolumeProperty: DoubleProperty [value: 0.5]
15:12:16.916 [FXGL Background Thread 3 ] DEBUG Engine               - height: 600
15:12:16.916 [FXGL Background Thread 3 ] DEBUG Engine               - is3D: false
15:12:16.917 [FXGL Background Thread 3 ] DEBUG Engine               - isAndroid: false
15:12:16.917 [FXGL Background Thread 3 ] DEBUG Engine               - isBrowser: false
15:12:16.917 [FXGL Background Thread 3 ] DEBUG Engine               - isClickFeedbackEnabled: false
15:12:16.917 [FXGL Background Thread 3 ] DEBUG Engine               - isCloseConfirmation: false
15:12:16.918 [FXGL Background Thread 3 ] DEBUG Engine               - isDesktop: true
15:12:16.918 [FXGL Background Thread 3 ] DEBUG Engine               - isDeveloperMenuEnabled: false
15:12:16.918 [FXGL Background Thread 3 ] DEBUG Engine               - isEmbedded: false
15:12:16.919 [FXGL Background Thread 3 ] DEBUG Engine               - isEntityPreloadEnabled: true
15:12:16.919 [FXGL Background Thread 3 ] DEBUG Engine               - isExperimentalTiledLargeMap: false
15:12:16.919 [FXGL Background Thread 3 ] DEBUG Engine               - isFileSystemWriteAllowed: true
15:12:16.919 [FXGL Background Thread 3 ] DEBUG Engine               - isFullScreenAllowed: false
15:12:16.920 [FXGL Background Thread 3 ] DEBUG Engine               - isFullScreenFromStart: false
15:12:16.920 [FXGL Background Thread 3 ] DEBUG Engine               - isGameMenuEnabled: true
15:12:16.920 [FXGL Background Thread 3 ] DEBUG Engine               - isIOS: false
15:12:16.921 [FXGL Background Thread 3 ] DEBUG Engine               - isIntroEnabled: false
15:12:16.921 [FXGL Background Thread 3 ] DEBUG Engine               - isLinux: false
15:12:16.921 [FXGL Background Thread 3 ] DEBUG Engine               - isMac: false
15:12:16.921 [FXGL Background Thread 3 ] DEBUG Engine               - isMainMenuEnabled: false
15:12:16.922 [FXGL Background Thread 3 ] DEBUG Engine               - isManualResizeEnabled: false
15:12:16.923 [FXGL Background Thread 3 ] DEBUG Engine               - isMobile: false
15:12:16.923 [FXGL Background Thread 3 ] DEBUG Engine               - isNative: false
15:12:16.923 [FXGL Background Thread 3 ] DEBUG Engine               - isPauseMusicWhenMinimized: true
15:12:16.924 [FXGL Background Thread 3 ] DEBUG Engine               - isPreserveResizeRatio: false
15:12:16.924 [FXGL Background Thread 3 ] DEBUG Engine               - isProfilingEnabled: false
15:12:16.925 [FXGL Background Thread 3 ] DEBUG Engine               - isScaleAffectedOnResize: true
15:12:16.925 [FXGL Background Thread 3 ] DEBUG Engine               - isSingleStep: false
15:12:16.926 [FXGL Background Thread 3 ] DEBUG Engine               - isUserProfileEnabled: false
15:12:16.926 [FXGL Background Thread 3 ] DEBUG Engine               - isWindows: true
15:12:16.927 [FXGL Background Thread 3 ] DEBUG Engine               - language: ObjectProperty [value: ENGLISH]
15:12:16.927 [FXGL Background Thread 3 ] DEBUG Engine               - menuKey: ESCAPE
15:12:16.927 [FXGL Background Thread 3 ] DEBUG Engine               - mouseSensitivity: 0.2
15:12:16.927 [FXGL Background Thread 3 ] DEBUG Engine               - notificationViewClass: class com.almasb.fxgl.notification.view.XboxNotificationView
15:12:16.928 [FXGL Background Thread 3 ] DEBUG Engine               - pixelsPerMeter: 50.0
15:12:16.928 [FXGL Background Thread 3 ] DEBUG Engine               - platform: WINDOWS
15:12:16.928 [FXGL Background Thread 3 ] DEBUG Engine               - prefHeightProperty: ReadOnlyDoubleProperty [value: 600.0]
15:12:16.929 [FXGL Background Thread 3 ] DEBUG Engine               - prefWidthProperty: ReadOnlyDoubleProperty [value: 1000.0]
15:12:16.929 [FXGL Background Thread 3 ] DEBUG Engine               - profileDir: profiles/
15:12:16.929 [FXGL Background Thread 3 ] DEBUG Engine               - profileName: StringProperty [value: DEFAULT]
15:12:16.930 [FXGL Background Thread 3 ] DEBUG Engine               - randomSeed: -1
15:12:16.931 [FXGL Background Thread 3 ] DEBUG Engine               - runtimeInfo: RuntimeInfo(platform=WINDOWS, version=17.1, build=24.03.2022 17.34)
15:12:16.931 [FXGL Background Thread 3 ] DEBUG Engine               - saveFileExt: sav
15:12:16.931 [FXGL Background Thread 3 ] DEBUG Engine               - scaledHeightProp$fxgl: DoubleProperty [bound, value: 600.0]
15:12:16.932 [FXGL Background Thread 3 ] DEBUG Engine               - scaledWidthProp$fxgl: DoubleProperty [bound, value: 1000.0]
15:12:16.932 [FXGL Background Thread 3 ] DEBUG Engine               - sceneFactory: com.almasb.fxgl.app.scene.SceneFactory@693fc994
15:12:16.932 [FXGL Background Thread 3 ] DEBUG Engine               - secondsIn24h: 60
15:12:16.933 [FXGL Background Thread 3 ] DEBUG Engine               - soundMenuBack: menu/back.wav
15:12:16.933 [FXGL Background Thread 3 ] DEBUG Engine               - soundMenuPress: menu/press.wav
15:12:16.933 [FXGL Background Thread 3 ] DEBUG Engine               - soundMenuSelect: menu/select.wav
15:12:16.933 [FXGL Background Thread 3 ] DEBUG Engine               - soundNotification: core/notification.wav
15:12:16.934 [FXGL Background Thread 3 ] DEBUG Engine               - stageStyle: DECORATED
15:12:16.934 [FXGL Background Thread 3 ] DEBUG Engine               - supportedLanguages: [ENGLISH, FRENCH, GERMAN, HUNGARIAN, RUSSIAN]
15:12:16.934 [FXGL Background Thread 3 ] DEBUG Engine               - ticksPerSecond: -1
15:12:16.934 [FXGL Background Thread 3 ] DEBUG Engine               - title: Gestión de Áreas
15:12:16.935 [FXGL Background Thread 3 ] DEBUG Engine               - urlGithub: https://github.com/AlmasB/FXGL
15:12:16.935 [FXGL Background Thread 3 ] DEBUG Engine               - urlLeaderboard: http://fxgl-top.herokuapp.com/
15:12:16.935 [FXGL Background Thread 3 ] DEBUG Engine               - urlPOM: https://raw.githubusercontent.com/AlmasB/FXGL/release/README.md
15:12:16.936 [FXGL Background Thread 3 ] DEBUG Engine               - userAppClass: class org.example.Main
15:12:16.936 [FXGL Background Thread 3 ] DEBUG Engine               - version: 1.0
15:12:16.936 [FXGL Background Thread 3 ] DEBUG Engine               - versionCheckDays: 7
15:12:16.937 [FXGL Background Thread 3 ] DEBUG Engine               - width: 1000
15:12:16.937 [FXGL Background Thread 3 ] DEBUG Engine               - Logging services
15:12:16.937 [FXGL Background Thread 3 ] DEBUG Engine               - class com.almasb.fxgl.app.services.FXGLAssetLoaderService
15:12:16.938 [FXGL Background Thread 3 ] DEBUG Engine               - class com.almasb.fxgl.app.FXGLApplication$GameApplicationService
15:12:16.938 [FXGL Background Thread 3 ] DEBUG Engine               - class com.almasb.fxgl.app.services.FXGLDialogService
15:12:16.939 [FXGL Background Thread 3 ] DEBUG Engine               - class com.almasb.fxgl.app.services.IOTaskExecutorService
15:12:16.939 [FXGL Background Thread 3 ] DEBUG Engine               - class com.almasb.fxgl.io.FileSystemService
15:12:16.939 [FXGL Background Thread 3 ] DEBUG Engine               - class com.almasb.fxgl.localization.LocalizationService
15:12:16.940 [FXGL Background Thread 3 ] DEBUG Engine               - class com.almasb.fxgl.app.services.SystemBundleService
15:12:16.940 [FXGL Background Thread 3 ] DEBUG Engine               - class com.almasb.fxgl.profile.SaveLoadService
15:12:16.941 [FXGL Background Thread 3 ] DEBUG Engine               - class com.almasb.fxgl.ui.FXGLUIFactoryServiceProvider
15:12:16.941 [FXGL Background Thread 3 ] DEBUG Engine               - class com.almasb.fxgl.ui.FXGLDialogFactoryServiceProvider
15:12:16.941 [FXGL Background Thread 3 ] DEBUG Engine               - class com.almasb.fxgl.audio.AudioPlayer
15:12:16.942 [FXGL Background Thread 3 ] DEBUG Engine               - class com.almasb.fxgl.notification.impl.NotificationServiceProvider
15:12:16.942 [FXGL Background Thread 3 ] DEBUG Engine               - class com.almasb.fxgl.achievement.AchievementService
15:12:16.943 [FXGL Background Thread 3 ] DEBUG Engine               - class com.almasb.fxgl.cutscene.CutsceneService
15:12:16.943 [FXGL Background Thread 3 ] DEBUG Engine               - class com.almasb.fxgl.minigames.MiniGameService
15:12:16.944 [FXGL Background Thread 3 ] DEBUG Engine               - class com.almasb.fxgl.net.NetService
15:12:16.944 [FXGL Background Thread 3 ] DEBUG Engine               - class com.almasb.fxgl.app.services.UpdaterService
15:12:16.944 [FXGL Background Thread 3 ] DEBUG Engine               - class com.almasb.fxgl.dev.DevService
15:12:54.666 [JavaFX Application Thread] DEBUG FXGLApplication      - Exiting FXGL
15:12:54.666 [JavaFX Application Thread] DEBUG LoopRunner           - Stopping loop
15:12:54.667 [JavaFX Application Thread] DEBUG SystemBundleService  - Saving FXGL system data
15:12:54.676 [JavaFX Application Thread] DEBUG FileSystemAccess     - Writing to: C:\Users\100070997\Desktop\restaurant_simulator\system\fxgl.bundle
15:12:54.686 [JavaFX Application Thread] DEBUG Async                - Shutting down background threads
15:12:54.687 [JavaFX Application Thread] DEBUG PrimaryStageWindow   - Closing main window
15:12:54.755 [JavaFX Application Thread] DEBUG Logger               - Closing Logger
