21:53:16.052 [main                     ] DEBUG Logger               - Configured Logger
21:53:16.080 [main                     ] DEBUG GameApplication      - Logging settings
Title: Gestión de Áreas
Version: 1.0
Width: 1000
Height: 450
Fullscreen: false
Intro: false
Profiling: false
Single step:false
App Mode: DEVELOPER
Menu Key: ESCAPE
Stage Style: DECORATED
Scene Factory: class com.almasb.fxgl.app.scene.SceneFactory

21:53:16.404 [JavaFX Application Thread] DEBUG FXGLApplication      - Initializing FXGL
21:53:16.410 [JavaFX Application Thread] INFO  Engine               - FXGL-17.1 (24.03.2022 17.34) on WINDOWS (J:17.0.5 FX:18)
21:53:16.410 [JavaFX Application Thread] DEBUG Engine               - JRE Vendor Name: Eclipse Adoptium
21:53:16.410 [JavaFX Application Thread] DEBUG Engine               - Running on OS: Windows 11 version 10.0
21:53:16.410 [JavaFX Application Thread] DEBUG Engine               - Architecture: amd64
21:53:16.410 [JavaFX Application Thread] INFO  Engine               - Source code and latest versions at: https://github.com/AlmasB/FXGL
21:53:16.412 [JavaFX Application Thread] INFO  Engine               -       Ask questions and discuss at: https://github.com/AlmasB/FXGL/discussions
21:53:16.412 [JavaFX Application Thread] INFO  Engine               -              Join the FXGL chat at: https://gitter.im/AlmasB/FXGL
21:53:16.535 [JavaFX Application Thread] DEBUG PrimaryStageWindow   - Creating a JavaFX scene
21:53:16.600 [JavaFX Application Thread] DEBUG PrimaryStageWindow   - Target settings size: 1000.0 x 450.0
21:53:16.600 [JavaFX Application Thread] DEBUG PrimaryStageWindow   - Scaled scene size:    1000.0 x 450.0
21:53:16.601 [JavaFX Application Thread] DEBUG PrimaryStageWindow   - Scaled ratio: (1.0, 1.0)
21:53:16.602 [JavaFX Application Thread] DEBUG PrimaryStageWindow   - Set initial scene to FXGLStartupScene
21:53:16.615 [JavaFX Application Thread] DEBUG PrimaryStageWindow   - Opening main window
21:53:16.723 [JavaFX Application Thread] DEBUG PrimaryStageWindow   - Window border size: (14.66668701171875, 37.333343505859375)
21:53:16.724 [JavaFX Application Thread] DEBUG PrimaryStageWindow   - Scaled size: 1000.0 x 450.0
21:53:16.725 [JavaFX Application Thread] DEBUG PrimaryStageWindow   - Scaled ratio: (1.0, 1.0)
21:53:16.726 [JavaFX Application Thread] DEBUG PrimaryStageWindow   - Scene size: 1000.0 x 450.0
21:53:16.726 [JavaFX Application Thread] DEBUG PrimaryStageWindow   - Stage size: 1014.6666870117188 x 487.3333435058594
21:53:16.736 [FXGL Background Thread 1 ] DEBUG Engine               - Initializing environment variables
21:53:16.787 [FXGL Background Thread 1 ] DEBUG FXGLAssetLoaderServi - User app class for loading assets: class org.example.Main
21:53:16.787 [FXGL Background Thread 1 ] DEBUG GameApplicationServi - Applying CSS: fxgl_dark.css
21:53:16.789 [FXGL Background Thread 1 ] DEBUG FXGLAssetLoaderServi - Loading from file system: jar:file:/C:/Users/100070997/.m2/repository/com/github/almasb/fxgl/17.1/fxgl-17.1.jar!/fxglassets/ui/css/fxgl_dark.css
21:53:16.838 [FXGL Background Thread 1 ] DEBUG GameApplicationServi - Initializing application scenes
21:53:16.889 [FXGL Background Thread 1 ] DEBUG GameWorld            - Game world initialized
21:53:16.960 [FXGL Background Thread 1 ] DEBUG PhysicsWorld         - Physics world initialized: appHeight=450, physics.ppm=50.0
21:53:16.962 [FXGL Background Thread 1 ] DEBUG PhysicsWorld         - Using strategy: BRUTE_FORCE
21:53:16.966 [FXGL Background Thread 1 ] DEBUG GameScene            - Game scene initialized: 1000x450
21:53:16.982 [FXGL Background Thread 1 ] WARN  FXGL.DefaultMenu     - FXGLDefaultMenu is not designed for resolutions < 800x600
21:53:16.982 [FXGL Background Thread 1 ] DEBUG FXGL.DefaultMenu     - createMenuBodyGameMenu()
21:53:17.001 [FXGL Background Thread 1 ] DEBUG FXGL.DefaultMenu     - createOptionsMenu()
21:53:17.015 [FXGL Background Thread 1 ] DEBUG FXGLAssetLoaderServi - Loading from file system: jar:file:/C:/Users/100070997/.m2/repository/com/github/almasb/fxgl/17.1/fxgl-17.1.jar!/fxglassets/textures/particles/smoke.png
21:53:17.110 [FXGL Background Thread 1 ] DEBUG FXGLAssetLoaderServi - Loading from file system: jar:file:/C:/Users/100070997/.m2/repository/com/github/almasb/fxgl/17.1/fxgl-17.1.jar!/fxglassets/textures/particles/trace_horizontal.png
21:53:17.143 [FXGL Background Thread 1 ] DEBUG GameApplicationServi - Application scenes initialized
21:53:17.154 [FXGL Background Thread 1 ] DEBUG SystemBundleService  - Loading FXGL system data
21:53:17.161 [FXGL Background Thread 1 ] DEBUG FileSystemAccess     - Reading from: C:\Users\100070997\Desktop\restaurant_simulator\system\fxgl.bundle
21:53:17.166 [FXGL Background Thread 1 ] DEBUG SystemBundleService  - Bundle FXGL: {}
21:53:17.166 [FXGL Background Thread 1 ] DEBUG UpdaterService       - Checking for updates
21:53:17.170 [FXGL Background Thread 4 ] DEBUG FXGLApplication      - Loading fonts
21:53:17.170 [FXGL Background Thread 1 ] DEBUG FXGLApplication      - Loading default localization
21:53:17.170 [FXGL Background Thread 4 ] DEBUG FXGLAssetLoaderServi - Loading from file system: jar:file:/C:/Users/100070997/.m2/repository/com/github/almasb/fxgl/17.1/fxgl-17.1.jar!/fxglassets/ui/fonts/VarelaRound-Regular.ttf
21:53:17.171 [FXGL Background Thread 1 ] DEBUG FXGLAssetLoaderServi - Loading from file system: jar:file:/C:/Users/100070997/.m2/repository/com/github/almasb/fxgl/17.1/fxgl-17.1.jar!/fxglassets/languages/english.lang
21:53:17.193 [FXGL Background Thread 1 ] INFO  FXGLApplication      - FXGL initialization took: 0.457 sec
21:53:17.195 [JavaFX Application Thread] DEBUG FXGLAssetLoaderServi - Loading from file system: jar:file:/C:/Users/100070997/.m2/repository/com/github/almasb/fxgl/17.1/fxgl-17.1.jar!/fxglassets/textures/fxgl_icon.png
21:53:17.220 [JavaFX Application Thread] DEBUG FXGLAssetLoaderServi - Loading from file system: jar:file:/C:/Users/100070997/.m2/repository/com/github/almasb/fxgl/17.1/fxgl-17.1.jar!/fxglassets/textures/fxgl_default_cursor.png
21:53:17.238 [JavaFX Application Thread] DEBUG Input                - Registered new binding: Screenshot - CTRL+8
21:53:17.239 [JavaFX Application Thread] DEBUG Input                - Registered new binding: System info dump - CTRL+9
21:53:17.239 [JavaFX Application Thread] DEBUG Input                - Registered new binding: Restart - CTRL+R
21:53:17.241 [JavaFX Application Thread] DEBUG Input                - Registered new binding: Toggle Debug Camera - CTRL+7
21:53:17.248 [JavaFX Application Thread] DEBUG LoopRunner           - Starting loop
21:53:17.248 [JavaFX Application Thread] DEBUG LoopRunner           - Initializing JavaFX AnimationTimerLoop
21:53:17.251 [JavaFX Application Thread] DEBUG GameApplicationServi - Starting new game
21:53:17.251 [JavaFX Application Thread] DEBUG Input                - Clearing active input actions
21:53:17.268 [JavaFX Application Thread] DEBUG GameApplicationServi - Removing overlay from FXGLStartupScene and adding to FXGLLoadingScene
21:53:17.270 [JavaFX Application Thread] DEBUG PrimaryStageWindow   - FXGLStartupScene -> FXGLLoadingScene
21:53:17.270 [JavaFX Application Thread] DEBUG GameApplicationServi - Clearing previous game
21:53:17.270 [JavaFX Application Thread] DEBUG GameScene            - Clearing game scene
21:53:17.270 [JavaFX Application Thread] DEBUG GameWorld            - Clearing game world
21:53:17.270 [JavaFX Application Thread] DEBUG PhysicsWorld         - Clearing physics world
21:53:17.273 [FXGL Background Thread 1 ] DEBUG FXGLApplication      - Initializing game
21:53:17.285 [FXGL Background Thread 4 ] DEBUG FXGLAssetLoaderServi - Loading from file system: jar:file:/C:/Users/100070997/.m2/repository/com/github/almasb/fxgl/17.1/fxgl-17.1.jar!/fxglassets/ui/fonts/Abel-Regular.ttf
21:53:17.301 [FXGL Background Thread 4 ] DEBUG FXGLAssetLoaderServi - Loading from file system: jar:file:/C:/Users/100070997/.m2/repository/com/github/almasb/fxgl/17.1/fxgl-17.1.jar!/fxglassets/ui/fonts/TerminalLandMono-Regular.otf
21:53:17.317 [FXGL Background Thread 4 ] DEBUG FXGLAssetLoaderServi - Loading from file system: jar:file:/C:/Users/100070997/.m2/repository/com/github/almasb/fxgl/17.1/fxgl-17.1.jar!/fxglassets/ui/fonts/Courier-Prime.ttf
21:53:17.340 [JavaFX Application Thread] DEBUG FXGLApplication      - Registering font factories with UI factory
21:53:17.641 [FXGL Background Thread 1 ] INFO  FXGLApplication      - Game initialization took: 0.367 sec
21:53:17.643 [JavaFX Application Thread] DEBUG Input                - Clearing active input actions
21:53:17.662 [JavaFX Application Thread] DEBUG GameApplicationServi - Removing overlay from FXGLLoadingScene and adding to GameScene
21:53:17.663 [JavaFX Application Thread] DEBUG PrimaryStageWindow   - FXGLLoadingScene -> GameScene
21:53:17.839 [FXGL Background Thread 2 ] INFO  UpdaterService       - Your current version:  17.1
21:53:17.839 [FXGL Background Thread 2 ] INFO  UpdaterService       - Latest stable version: 21.1
21:53:20.170 [FXGL Background Thread 3 ] DEBUG Engine               - Logging environment variables
21:53:20.170 [FXGL Background Thread 3 ] DEBUG Engine               - achievements: []
21:53:20.170 [FXGL Background Thread 3 ] DEBUG Engine               - actualHeight: 450.0
21:53:20.170 [FXGL Background Thread 3 ] DEBUG Engine               - actualHeightProperty: ReadOnlyDoubleProperty [value: 450.0]
21:53:20.171 [FXGL Background Thread 3 ] DEBUG Engine               - actualWidth: 1000.0
21:53:20.171 [FXGL Background Thread 3 ] DEBUG Engine               - actualWidthProperty: ReadOnlyDoubleProperty [value: 1000.0]
21:53:20.171 [FXGL Background Thread 3 ] DEBUG Engine               - appIcon: fxgl_icon.png
21:53:20.171 [FXGL Background Thread 3 ] DEBUG Engine               - applicationMode: DEVELOPER
21:53:20.171 [FXGL Background Thread 3 ] DEBUG Engine               - cSSList: [fxgl_dark.css]
21:53:20.171 [FXGL Background Thread 3 ] DEBUG Engine               - collisionDetectionStrategy: BRUTE_FORCE
21:53:20.171 [FXGL Background Thread 3 ] DEBUG Engine               - configClass: Optional.empty
21:53:20.171 [FXGL Background Thread 3 ] DEBUG Engine               - credits: []
21:53:20.171 [FXGL Background Thread 3 ] DEBUG Engine               - defaultCursor: CursorInfo(imageName=fxgl_default_cursor.png, hotspotX=7.0, hotspotY=6.0)
21:53:20.172 [FXGL Background Thread 3 ] DEBUG Engine               - devBBoxColorProperty: ObjectProperty [value: 0xff0000ff]
21:53:20.172 [FXGL Background Thread 3 ] DEBUG Engine               - devEnableDebugCameraProperty: BooleanProperty [value: false]
21:53:20.172 [FXGL Background Thread 3 ] DEBUG Engine               - devSensorColorProperty: ObjectProperty [value: 0xffff00ff]
21:53:20.172 [FXGL Background Thread 3 ] DEBUG Engine               - devShowBBoxProperty: BooleanProperty [value: false]
21:53:20.172 [FXGL Background Thread 3 ] DEBUG Engine               - devShowPositionProperty: BooleanProperty [value: false]
21:53:20.172 [FXGL Background Thread 3 ] DEBUG Engine               - enabledMenuItems: []
21:53:20.172 [FXGL Background Thread 3 ] DEBUG Engine               - engineServices: [class com.almasb.fxgl.app.services.FXGLAssetLoaderService, class com.almasb.fxgl.app.FXGLApplication$GameApplicationService, class com.almasb.fxgl.app.services.FXGLDialogService, class com.almasb.fxgl.app.services.IOTaskExecutorService, class com.almasb.fxgl.io.FileSystemService, class com.almasb.fxgl.localization.LocalizationService, class com.almasb.fxgl.app.services.SystemBundleService, class com.almasb.fxgl.profile.SaveLoadService, class com.almasb.fxgl.ui.FXGLUIFactoryServiceProvider, class com.almasb.fxgl.ui.FXGLDialogFactoryServiceProvider, class com.almasb.fxgl.audio.AudioPlayer, class com.almasb.fxgl.notification.impl.NotificationServiceProvider, class com.almasb.fxgl.achievement.AchievementService, class com.almasb.fxgl.cutscene.CutsceneService, class com.almasb.fxgl.minigames.MiniGameService, class com.almasb.fxgl.net.NetService, class com.almasb.fxgl.app.services.UpdaterService, class com.almasb.fxgl.dev.DevService]
21:53:20.172 [FXGL Background Thread 3 ] DEBUG Engine               - fontGame: Abel-Regular.ttf
21:53:20.172 [FXGL Background Thread 3 ] DEBUG Engine               - fontMono: TerminalLandMono-Regular.otf
21:53:20.172 [FXGL Background Thread 3 ] DEBUG Engine               - fontText: Courier-Prime.ttf
21:53:20.172 [FXGL Background Thread 3 ] DEBUG Engine               - fontUI: VarelaRound-Regular.ttf
21:53:20.172 [FXGL Background Thread 3 ] DEBUG Engine               - fullScreen: BooleanProperty [value: false]
21:53:20.173 [FXGL Background Thread 3 ] DEBUG Engine               - gameDifficulty: MEDIUM
21:53:20.173 [FXGL Background Thread 3 ] DEBUG Engine               - gameDifficultyProperty: ObjectProperty [value: MEDIUM]
21:53:20.173 [FXGL Background Thread 3 ] DEBUG Engine               - globalMusicVolume: 0.5
21:53:20.173 [FXGL Background Thread 3 ] DEBUG Engine               - globalMusicVolumeProperty: DoubleProperty [value: 0.5]
21:53:20.173 [FXGL Background Thread 3 ] DEBUG Engine               - globalSoundVolume: 0.5
21:53:20.173 [FXGL Background Thread 3 ] DEBUG Engine               - globalSoundVolumeProperty: DoubleProperty [value: 0.5]
21:53:20.173 [FXGL Background Thread 3 ] DEBUG Engine               - height: 450
21:53:20.173 [FXGL Background Thread 3 ] DEBUG Engine               - is3D: false
21:53:20.173 [FXGL Background Thread 3 ] DEBUG Engine               - isAndroid: false
21:53:20.173 [FXGL Background Thread 3 ] DEBUG Engine               - isBrowser: false
21:53:20.174 [FXGL Background Thread 3 ] DEBUG Engine               - isClickFeedbackEnabled: false
21:53:20.174 [FXGL Background Thread 3 ] DEBUG Engine               - isCloseConfirmation: false
21:53:20.174 [FXGL Background Thread 3 ] DEBUG Engine               - isDesktop: true
21:53:20.174 [FXGL Background Thread 3 ] DEBUG Engine               - isDeveloperMenuEnabled: false
21:53:20.174 [FXGL Background Thread 3 ] DEBUG Engine               - isEmbedded: false
21:53:20.174 [FXGL Background Thread 3 ] DEBUG Engine               - isEntityPreloadEnabled: true
21:53:20.174 [FXGL Background Thread 3 ] DEBUG Engine               - isExperimentalTiledLargeMap: false
21:53:20.174 [FXGL Background Thread 3 ] DEBUG Engine               - isFileSystemWriteAllowed: true
21:53:20.175 [FXGL Background Thread 3 ] DEBUG Engine               - isFullScreenAllowed: false
21:53:20.175 [FXGL Background Thread 3 ] DEBUG Engine               - isFullScreenFromStart: false
21:53:20.176 [FXGL Background Thread 3 ] DEBUG Engine               - isGameMenuEnabled: true
21:53:20.176 [FXGL Background Thread 3 ] DEBUG Engine               - isIOS: false
21:53:20.176 [FXGL Background Thread 3 ] DEBUG Engine               - isIntroEnabled: false
21:53:20.176 [FXGL Background Thread 3 ] DEBUG Engine               - isLinux: false
21:53:20.176 [FXGL Background Thread 3 ] DEBUG Engine               - isMac: false
21:53:20.176 [FXGL Background Thread 3 ] DEBUG Engine               - isMainMenuEnabled: false
21:53:20.176 [FXGL Background Thread 3 ] DEBUG Engine               - isManualResizeEnabled: false
21:53:20.176 [FXGL Background Thread 3 ] DEBUG Engine               - isMobile: false
21:53:20.176 [FXGL Background Thread 3 ] DEBUG Engine               - isNative: false
21:53:20.176 [FXGL Background Thread 3 ] DEBUG Engine               - isPauseMusicWhenMinimized: true
21:53:20.176 [FXGL Background Thread 3 ] DEBUG Engine               - isPreserveResizeRatio: false
21:53:20.177 [FXGL Background Thread 3 ] DEBUG Engine               - isProfilingEnabled: false
21:53:20.177 [FXGL Background Thread 3 ] DEBUG Engine               - isScaleAffectedOnResize: true
21:53:20.177 [FXGL Background Thread 3 ] DEBUG Engine               - isSingleStep: false
21:53:20.177 [FXGL Background Thread 3 ] DEBUG Engine               - isUserProfileEnabled: false
21:53:20.177 [FXGL Background Thread 3 ] DEBUG Engine               - isWindows: true
21:53:20.177 [FXGL Background Thread 3 ] DEBUG Engine               - language: ObjectProperty [value: ENGLISH]
21:53:20.177 [FXGL Background Thread 3 ] DEBUG Engine               - menuKey: ESCAPE
21:53:20.177 [FXGL Background Thread 3 ] DEBUG Engine               - mouseSensitivity: 0.2
21:53:20.177 [FXGL Background Thread 3 ] DEBUG Engine               - notificationViewClass: class com.almasb.fxgl.notification.view.XboxNotificationView
21:53:20.177 [FXGL Background Thread 3 ] DEBUG Engine               - pixelsPerMeter: 50.0
21:53:20.177 [FXGL Background Thread 3 ] DEBUG Engine               - platform: WINDOWS
21:53:20.177 [FXGL Background Thread 3 ] DEBUG Engine               - prefHeightProperty: ReadOnlyDoubleProperty [value: 450.0]
21:53:20.177 [FXGL Background Thread 3 ] DEBUG Engine               - prefWidthProperty: ReadOnlyDoubleProperty [value: 1000.0]
21:53:20.177 [FXGL Background Thread 3 ] DEBUG Engine               - profileDir: profiles/
21:53:20.178 [FXGL Background Thread 3 ] DEBUG Engine               - profileName: StringProperty [value: DEFAULT]
21:53:20.178 [FXGL Background Thread 3 ] DEBUG Engine               - randomSeed: -1
21:53:20.178 [FXGL Background Thread 3 ] DEBUG Engine               - runtimeInfo: RuntimeInfo(platform=WINDOWS, version=17.1, build=24.03.2022 17.34)
21:53:20.178 [FXGL Background Thread 3 ] DEBUG Engine               - saveFileExt: sav
21:53:20.179 [FXGL Background Thread 3 ] DEBUG Engine               - scaledHeightProp$fxgl: DoubleProperty [bound, value: 450.0]
21:53:20.179 [FXGL Background Thread 3 ] DEBUG Engine               - scaledWidthProp$fxgl: DoubleProperty [bound, value: 1000.0]
21:53:20.179 [FXGL Background Thread 3 ] DEBUG Engine               - sceneFactory: com.almasb.fxgl.app.scene.SceneFactory@690fb24c
21:53:20.179 [FXGL Background Thread 3 ] DEBUG Engine               - secondsIn24h: 60
21:53:20.179 [FXGL Background Thread 3 ] DEBUG Engine               - soundMenuBack: menu/back.wav
21:53:20.179 [FXGL Background Thread 3 ] DEBUG Engine               - soundMenuPress: menu/press.wav
21:53:20.179 [FXGL Background Thread 3 ] DEBUG Engine               - soundMenuSelect: menu/select.wav
21:53:20.179 [FXGL Background Thread 3 ] DEBUG Engine               - soundNotification: core/notification.wav
21:53:20.179 [FXGL Background Thread 3 ] DEBUG Engine               - stageStyle: DECORATED
21:53:20.179 [FXGL Background Thread 3 ] DEBUG Engine               - supportedLanguages: [ENGLISH, FRENCH, GERMAN, HUNGARIAN, RUSSIAN]
21:53:20.179 [FXGL Background Thread 3 ] DEBUG Engine               - ticksPerSecond: -1
21:53:20.179 [FXGL Background Thread 3 ] DEBUG Engine               - title: Gestión de Áreas
21:53:20.179 [FXGL Background Thread 3 ] DEBUG Engine               - urlGithub: https://github.com/AlmasB/FXGL
21:53:20.179 [FXGL Background Thread 3 ] DEBUG Engine               - urlLeaderboard: http://fxgl-top.herokuapp.com/
21:53:20.179 [FXGL Background Thread 3 ] DEBUG Engine               - urlPOM: https://raw.githubusercontent.com/AlmasB/FXGL/release/README.md
21:53:20.179 [FXGL Background Thread 3 ] DEBUG Engine               - userAppClass: class org.example.Main
21:53:20.179 [FXGL Background Thread 3 ] DEBUG Engine               - version: 1.0
21:53:20.179 [FXGL Background Thread 3 ] DEBUG Engine               - versionCheckDays: 7
21:53:20.179 [FXGL Background Thread 3 ] DEBUG Engine               - width: 1000
21:53:20.179 [FXGL Background Thread 3 ] DEBUG Engine               - Logging services
21:53:20.180 [FXGL Background Thread 3 ] DEBUG Engine               - class com.almasb.fxgl.app.services.FXGLAssetLoaderService
21:53:20.180 [FXGL Background Thread 3 ] DEBUG Engine               - class com.almasb.fxgl.app.FXGLApplication$GameApplicationService
21:53:20.180 [FXGL Background Thread 3 ] DEBUG Engine               - class com.almasb.fxgl.app.services.FXGLDialogService
21:53:20.180 [FXGL Background Thread 3 ] DEBUG Engine               - class com.almasb.fxgl.app.services.IOTaskExecutorService
21:53:20.180 [FXGL Background Thread 3 ] DEBUG Engine               - class com.almasb.fxgl.io.FileSystemService
21:53:20.180 [FXGL Background Thread 3 ] DEBUG Engine               - class com.almasb.fxgl.localization.LocalizationService
21:53:20.180 [FXGL Background Thread 3 ] DEBUG Engine               - class com.almasb.fxgl.app.services.SystemBundleService
21:53:20.180 [FXGL Background Thread 3 ] DEBUG Engine               - class com.almasb.fxgl.profile.SaveLoadService
21:53:20.180 [FXGL Background Thread 3 ] DEBUG Engine               - class com.almasb.fxgl.ui.FXGLUIFactoryServiceProvider
21:53:20.180 [FXGL Background Thread 3 ] DEBUG Engine               - class com.almasb.fxgl.ui.FXGLDialogFactoryServiceProvider
21:53:20.180 [FXGL Background Thread 3 ] DEBUG Engine               - class com.almasb.fxgl.audio.AudioPlayer
21:53:20.180 [FXGL Background Thread 3 ] DEBUG Engine               - class com.almasb.fxgl.notification.impl.NotificationServiceProvider
21:53:20.180 [FXGL Background Thread 3 ] DEBUG Engine               - class com.almasb.fxgl.achievement.AchievementService
21:53:20.180 [FXGL Background Thread 3 ] DEBUG Engine               - class com.almasb.fxgl.cutscene.CutsceneService
21:53:20.180 [FXGL Background Thread 3 ] DEBUG Engine               - class com.almasb.fxgl.minigames.MiniGameService
21:53:20.180 [FXGL Background Thread 3 ] DEBUG Engine               - class com.almasb.fxgl.net.NetService
21:53:20.180 [FXGL Background Thread 3 ] DEBUG Engine               - class com.almasb.fxgl.app.services.UpdaterService
21:53:20.180 [FXGL Background Thread 3 ] DEBUG Engine               - class com.almasb.fxgl.dev.DevService
21:53:46.474 [JavaFX Application Thread] DEBUG FXGLApplication      - Exiting FXGL
21:53:46.475 [JavaFX Application Thread] DEBUG LoopRunner           - Stopping loop
21:53:46.475 [JavaFX Application Thread] DEBUG SystemBundleService  - Saving FXGL system data
21:53:46.477 [JavaFX Application Thread] DEBUG FileSystemAccess     - Writing to: C:\Users\100070997\Desktop\restaurant_simulator\system\fxgl.bundle
21:53:46.479 [JavaFX Application Thread] DEBUG Async                - Shutting down background threads
21:53:46.480 [JavaFX Application Thread] DEBUG PrimaryStageWindow   - Closing main window
21:53:46.494 [JavaFX Application Thread] DEBUG Logger               - Closing Logger
