21:48:55.551 [main                     ] DEBUG Logger               - Configured Logger
21:48:55.580 [main                     ] DEBUG GameApplication      - Logging settings
Title: Gestión de Áreas
Version: 1.0
Width: 1000
Height: 600
Fullscreen: false
Intro: false
Profiling: false
Single step:false
App Mode: DEVELOPER
Menu Key: ESCAPE
Stage Style: DECORATED
Scene Factory: class com.almasb.fxgl.app.scene.SceneFactory

21:48:55.946 [JavaFX Application Thread] DEBUG FXGLApplication      - Initializing FXGL
21:48:55.954 [JavaFX Application Thread] INFO  Engine               - FXGL-17.1 (24.03.2022 17.34) on WINDOWS (J:17.0.5 FX:18)
21:48:55.954 [JavaFX Application Thread] DEBUG Engine               - JRE Vendor Name: Eclipse Adoptium
21:48:55.954 [JavaFX Application Thread] DEBUG Engine               - Running on OS: Windows 11 version 10.0
21:48:55.954 [JavaFX Application Thread] DEBUG Engine               - Architecture: amd64
21:48:55.956 [JavaFX Application Thread] INFO  Engine               - Source code and latest versions at: https://github.com/AlmasB/FXGL
21:48:55.956 [JavaFX Application Thread] INFO  Engine               -       Ask questions and discuss at: https://github.com/AlmasB/FXGL/discussions
21:48:55.956 [JavaFX Application Thread] INFO  Engine               -              Join the FXGL chat at: https://gitter.im/AlmasB/FXGL
21:48:56.079 [JavaFX Application Thread] DEBUG PrimaryStageWindow   - Creating a JavaFX scene
21:48:56.125 [JavaFX Application Thread] DEBUG PrimaryStageWindow   - Target settings size: 1000.0 x 600.0
21:48:56.125 [JavaFX Application Thread] DEBUG PrimaryStageWindow   - Scaled scene size:    1000.0 x 600.0
21:48:56.126 [JavaFX Application Thread] DEBUG PrimaryStageWindow   - Scaled ratio: (1.0, 1.0)
21:48:56.127 [JavaFX Application Thread] DEBUG PrimaryStageWindow   - Set initial scene to FXGLStartupScene
21:48:56.138 [JavaFX Application Thread] DEBUG PrimaryStageWindow   - Opening main window
21:48:56.257 [JavaFX Application Thread] DEBUG PrimaryStageWindow   - Window border size: (14.66668701171875, 37.33331298828125)
21:48:56.258 [JavaFX Application Thread] DEBUG PrimaryStageWindow   - Scaled size: 1000.0 x 600.0
21:48:56.258 [JavaFX Application Thread] DEBUG PrimaryStageWindow   - Scaled ratio: (1.0, 1.0)
21:48:56.258 [JavaFX Application Thread] DEBUG PrimaryStageWindow   - Scene size: 1000.0 x 600.0
21:48:56.259 [JavaFX Application Thread] DEBUG PrimaryStageWindow   - Stage size: 1014.6666870117188 x 637.3333129882812
21:48:56.269 [FXGL Background Thread 1 ] DEBUG Engine               - Initializing environment variables
21:48:56.324 [FXGL Background Thread 1 ] DEBUG FXGLAssetLoaderServi - User app class for loading assets: class org.example.Main
21:48:56.324 [FXGL Background Thread 1 ] DEBUG GameApplicationServi - Applying CSS: fxgl_dark.css
21:48:56.326 [FXGL Background Thread 1 ] DEBUG FXGLAssetLoaderServi - Loading from file system: jar:file:/C:/Users/100070997/.m2/repository/com/github/almasb/fxgl/17.1/fxgl-17.1.jar!/fxglassets/ui/css/fxgl_dark.css
21:48:56.388 [FXGL Background Thread 1 ] DEBUG GameApplicationServi - Initializing application scenes
21:48:56.453 [FXGL Background Thread 1 ] DEBUG GameWorld            - Game world initialized
21:48:56.529 [FXGL Background Thread 1 ] DEBUG PhysicsWorld         - Physics world initialized: appHeight=600, physics.ppm=50.0
21:48:56.530 [FXGL Background Thread 1 ] DEBUG PhysicsWorld         - Using strategy: BRUTE_FORCE
21:48:56.534 [FXGL Background Thread 1 ] DEBUG GameScene            - Game scene initialized: 1000x600
21:48:56.550 [FXGL Background Thread 1 ] DEBUG FXGL.DefaultMenu     - createMenuBodyGameMenu()
21:48:56.576 [FXGL Background Thread 1 ] DEBUG FXGL.DefaultMenu     - createOptionsMenu()
21:48:56.593 [FXGL Background Thread 1 ] DEBUG FXGLAssetLoaderServi - Loading from file system: jar:file:/C:/Users/100070997/.m2/repository/com/github/almasb/fxgl/17.1/fxgl-17.1.jar!/fxglassets/textures/particles/smoke.png
21:48:56.693 [FXGL Background Thread 1 ] DEBUG FXGLAssetLoaderServi - Loading from file system: jar:file:/C:/Users/100070997/.m2/repository/com/github/almasb/fxgl/17.1/fxgl-17.1.jar!/fxglassets/textures/particles/trace_horizontal.png
21:48:56.721 [FXGL Background Thread 1 ] DEBUG GameApplicationServi - Application scenes initialized
21:48:56.734 [FXGL Background Thread 1 ] DEBUG SystemBundleService  - Loading FXGL system data
21:48:56.738 [FXGL Background Thread 1 ] DEBUG FileSystemAccess     - Reading from: C:\Users\100070997\Desktop\restaurant_simulator\system\fxgl.bundle
21:48:56.743 [FXGL Background Thread 1 ] DEBUG SystemBundleService  - Bundle FXGL: {}
21:48:56.743 [FXGL Background Thread 1 ] DEBUG UpdaterService       - Checking for updates
21:48:56.748 [FXGL Background Thread 4 ] DEBUG FXGLApplication      - Loading fonts
21:48:56.748 [FXGL Background Thread 4 ] DEBUG FXGLAssetLoaderServi - Loading from file system: jar:file:/C:/Users/100070997/.m2/repository/com/github/almasb/fxgl/17.1/fxgl-17.1.jar!/fxglassets/ui/fonts/VarelaRound-Regular.ttf
21:48:56.748 [FXGL Background Thread 1 ] DEBUG FXGLApplication      - Loading default localization
21:48:56.749 [FXGL Background Thread 1 ] DEBUG FXGLAssetLoaderServi - Loading from file system: jar:file:/C:/Users/100070997/.m2/repository/com/github/almasb/fxgl/17.1/fxgl-17.1.jar!/fxglassets/languages/english.lang
21:48:56.774 [FXGL Background Thread 1 ] INFO  FXGLApplication      - FXGL initialization took: 0.505 sec
21:48:56.778 [JavaFX Application Thread] DEBUG FXGLAssetLoaderServi - Loading from file system: jar:file:/C:/Users/100070997/.m2/repository/com/github/almasb/fxgl/17.1/fxgl-17.1.jar!/fxglassets/textures/fxgl_icon.png
21:48:56.802 [JavaFX Application Thread] DEBUG FXGLAssetLoaderServi - Loading from file system: jar:file:/C:/Users/100070997/.m2/repository/com/github/almasb/fxgl/17.1/fxgl-17.1.jar!/fxglassets/textures/fxgl_default_cursor.png
21:48:56.819 [JavaFX Application Thread] DEBUG Input                - Registered new binding: Screenshot - CTRL+8
21:48:56.820 [JavaFX Application Thread] DEBUG Input                - Registered new binding: System info dump - CTRL+9
21:48:56.820 [JavaFX Application Thread] DEBUG Input                - Registered new binding: Restart - CTRL+R
21:48:56.822 [JavaFX Application Thread] DEBUG Input                - Registered new binding: Toggle Debug Camera - CTRL+7
21:48:56.825 [JavaFX Application Thread] DEBUG LoopRunner           - Starting loop
21:48:56.825 [JavaFX Application Thread] DEBUG LoopRunner           - Initializing JavaFX AnimationTimerLoop
21:48:56.829 [JavaFX Application Thread] DEBUG GameApplicationServi - Starting new game
21:48:56.830 [JavaFX Application Thread] DEBUG Input                - Clearing active input actions
21:48:56.846 [JavaFX Application Thread] DEBUG GameApplicationServi - Removing overlay from FXGLStartupScene and adding to FXGLLoadingScene
21:48:56.847 [JavaFX Application Thread] DEBUG PrimaryStageWindow   - FXGLStartupScene -> FXGLLoadingScene
21:48:56.847 [JavaFX Application Thread] DEBUG GameApplicationServi - Clearing previous game
21:48:56.847 [JavaFX Application Thread] DEBUG GameScene            - Clearing game scene
21:48:56.847 [JavaFX Application Thread] DEBUG GameWorld            - Clearing game world
21:48:56.847 [JavaFX Application Thread] DEBUG PhysicsWorld         - Clearing physics world
21:48:56.848 [FXGL Background Thread 1 ] DEBUG FXGLApplication      - Initializing game
21:48:56.856 [FXGL Background Thread 4 ] DEBUG FXGLAssetLoaderServi - Loading from file system: jar:file:/C:/Users/100070997/.m2/repository/com/github/almasb/fxgl/17.1/fxgl-17.1.jar!/fxglassets/ui/fonts/Abel-Regular.ttf
21:48:56.878 [FXGL Background Thread 4 ] DEBUG FXGLAssetLoaderServi - Loading from file system: jar:file:/C:/Users/100070997/.m2/repository/com/github/almasb/fxgl/17.1/fxgl-17.1.jar!/fxglassets/ui/fonts/TerminalLandMono-Regular.otf
21:48:56.900 [FXGL Background Thread 4 ] DEBUG FXGLAssetLoaderServi - Loading from file system: jar:file:/C:/Users/100070997/.m2/repository/com/github/almasb/fxgl/17.1/fxgl-17.1.jar!/fxglassets/ui/fonts/Courier-Prime.ttf
21:48:57.014 [JavaFX Application Thread] DEBUG FXGLApplication      - Registering font factories with UI factory
21:48:57.241 [FXGL Background Thread 1 ] INFO  FXGLApplication      - Game initialization took: 0.392 sec
21:48:57.243 [JavaFX Application Thread] DEBUG Input                - Clearing active input actions
21:48:57.265 [JavaFX Application Thread] DEBUG GameApplicationServi - Removing overlay from FXGLLoadingScene and adding to GameScene
21:48:57.266 [JavaFX Application Thread] DEBUG PrimaryStageWindow   - FXGLLoadingScene -> GameScene
21:48:57.454 [FXGL Background Thread 2 ] INFO  UpdaterService       - Your current version:  17.1
21:48:57.454 [FXGL Background Thread 2 ] INFO  UpdaterService       - Latest stable version: 21.1
21:48:58.198 [JavaFX Application Thread] DEBUG FXGLApplication      - Exiting FXGL
21:48:58.198 [JavaFX Application Thread] DEBUG LoopRunner           - Stopping loop
21:48:58.198 [JavaFX Application Thread] DEBUG SystemBundleService  - Saving FXGL system data
21:48:58.201 [JavaFX Application Thread] DEBUG FileSystemAccess     - Writing to: C:\Users\100070997\Desktop\restaurant_simulator\system\fxgl.bundle
21:48:58.204 [JavaFX Application Thread] DEBUG Async                - Shutting down background threads
21:48:58.204 [JavaFX Application Thread] DEBUG PrimaryStageWindow   - Closing main window
21:48:58.222 [JavaFX Application Thread] DEBUG Logger               - Closing Logger
