15:13:13.940 [main                     ] DEBUG Logger               - Configured Logger
15:13:14.004 [main                     ] DEBUG GameApplication      - Logging settings
Title: Gestión de Áreas
Version: 1.0
Width: 1000
Height: 600
Fullscreen: false
Intro: false
Profiling: false
Single step:false
App Mode: DEVELOPER
Menu Key: ESCAPE
Stage Style: DECORATED
Scene Factory: class com.almasb.fxgl.app.scene.SceneFactory

15:13:14.906 [JavaFX Application Thread] DEBUG FXGLApplication      - Initializing FXGL
15:13:14.921 [JavaFX Application Thread] INFO  Engine               - FXGL-17.1 (24.03.2022 17.34) on WINDOWS (J:17.0.5 FX:18)
15:13:14.922 [JavaFX Application Thread] DEBUG Engine               - JRE Vendor Name: Eclipse Adoptium
15:13:14.922 [JavaFX Application Thread] DEBUG Engine               - Running on OS: Windows 11 version 10.0
15:13:14.923 [JavaFX Application Thread] DEBUG Engine               - Architecture: amd64
15:13:14.923 [JavaFX Application Thread] INFO  Engine               - Source code and latest versions at: https://github.com/AlmasB/FXGL
15:13:14.924 [JavaFX Application Thread] INFO  Engine               -       Ask questions and discuss at: https://github.com/AlmasB/FXGL/discussions
15:13:14.925 [JavaFX Application Thread] INFO  Engine               -              Join the FXGL chat at: https://gitter.im/AlmasB/FXGL
15:13:15.200 [JavaFX Application Thread] DEBUG PrimaryStageWindow   - Creating a JavaFX scene
15:13:15.323 [JavaFX Application Thread] DEBUG PrimaryStageWindow   - Target settings size: 1000.0 x 600.0
15:13:15.324 [JavaFX Application Thread] DEBUG PrimaryStageWindow   - Scaled scene size:    1000.0 x 600.0
15:13:15.325 [JavaFX Application Thread] DEBUG PrimaryStageWindow   - Scaled ratio: (1.0, 1.0)
15:13:15.328 [JavaFX Application Thread] DEBUG PrimaryStageWindow   - Set initial scene to FXGLStartupScene
15:13:15.354 [JavaFX Application Thread] DEBUG PrimaryStageWindow   - Opening main window
15:13:15.582 [JavaFX Application Thread] DEBUG PrimaryStageWindow   - Window border size: (14.66668701171875, 37.33331298828125)
15:13:15.582 [JavaFX Application Thread] DEBUG PrimaryStageWindow   - Scaled size: 1000.0 x 600.0
15:13:15.582 [JavaFX Application Thread] DEBUG PrimaryStageWindow   - Scaled ratio: (1.0, 1.0)
15:13:15.583 [JavaFX Application Thread] DEBUG PrimaryStageWindow   - Scene size: 1000.0 x 600.0
15:13:15.583 [JavaFX Application Thread] DEBUG PrimaryStageWindow   - Stage size: 1014.6666870117188 x 637.3333129882812
15:13:15.598 [FXGL Background Thread 1 ] DEBUG Engine               - Initializing environment variables
15:13:15.682 [FXGL Background Thread 1 ] DEBUG FXGLAssetLoaderServi - User app class for loading assets: class org.example.Main
15:13:15.683 [FXGL Background Thread 1 ] DEBUG GameApplicationServi - Applying CSS: fxgl_dark.css
15:13:15.685 [FXGL Background Thread 1 ] DEBUG FXGLAssetLoaderServi - Loading from file system: jar:file:/C:/Users/100070997/.m2/repository/com/github/almasb/fxgl/17.1/fxgl-17.1.jar!/fxglassets/ui/css/fxgl_dark.css
15:13:15.789 [FXGL Background Thread 1 ] DEBUG GameApplicationServi - Initializing application scenes
15:13:15.883 [FXGL Background Thread 1 ] DEBUG GameWorld            - Game world initialized
15:13:16.005 [FXGL Background Thread 1 ] DEBUG PhysicsWorld         - Physics world initialized: appHeight=600, physics.ppm=50.0
15:13:16.006 [FXGL Background Thread 1 ] DEBUG PhysicsWorld         - Using strategy: BRUTE_FORCE
15:13:16.016 [FXGL Background Thread 1 ] DEBUG GameScene            - Game scene initialized: 1000x600
15:13:16.050 [FXGL Background Thread 1 ] DEBUG FXGL.DefaultMenu     - createMenuBodyGameMenu()
15:13:16.092 [FXGL Background Thread 1 ] DEBUG FXGL.DefaultMenu     - createOptionsMenu()
15:13:16.120 [FXGL Background Thread 1 ] DEBUG FXGLAssetLoaderServi - Loading from file system: jar:file:/C:/Users/100070997/.m2/repository/com/github/almasb/fxgl/17.1/fxgl-17.1.jar!/fxglassets/textures/particles/smoke.png
15:13:16.298 [FXGL Background Thread 1 ] DEBUG FXGLAssetLoaderServi - Loading from file system: jar:file:/C:/Users/100070997/.m2/repository/com/github/almasb/fxgl/17.1/fxgl-17.1.jar!/fxglassets/textures/particles/trace_horizontal.png
15:13:16.342 [FXGL Background Thread 1 ] DEBUG GameApplicationServi - Application scenes initialized
15:13:16.367 [FXGL Background Thread 1 ] DEBUG SystemBundleService  - Loading FXGL system data
15:13:16.375 [FXGL Background Thread 1 ] DEBUG FileSystemAccess     - Reading from: C:\Users\100070997\Desktop\restaurant_simulator\system\fxgl.bundle
15:13:16.384 [FXGL Background Thread 1 ] DEBUG SystemBundleService  - Bundle FXGL: {}
15:13:16.385 [FXGL Background Thread 1 ] DEBUG UpdaterService       - Checking for updates
15:13:16.392 [FXGL Background Thread 4 ] DEBUG FXGLApplication      - Loading fonts
15:13:16.393 [FXGL Background Thread 4 ] DEBUG FXGLAssetLoaderServi - Loading from file system: jar:file:/C:/Users/100070997/.m2/repository/com/github/almasb/fxgl/17.1/fxgl-17.1.jar!/fxglassets/ui/fonts/VarelaRound-Regular.ttf
15:13:16.395 [FXGL Background Thread 1 ] DEBUG FXGLApplication      - Loading default localization
15:13:16.397 [FXGL Background Thread 1 ] DEBUG FXGLAssetLoaderServi - Loading from file system: jar:file:/C:/Users/100070997/.m2/repository/com/github/almasb/fxgl/17.1/fxgl-17.1.jar!/fxglassets/languages/english.lang
15:13:16.445 [FXGL Background Thread 1 ] INFO  FXGLApplication      - FXGL initialization took: 0.847 sec
15:13:16.447 [JavaFX Application Thread] DEBUG FXGLAssetLoaderServi - Loading from file system: jar:file:/C:/Users/100070997/.m2/repository/com/github/almasb/fxgl/17.1/fxgl-17.1.jar!/fxglassets/textures/fxgl_icon.png
15:13:16.497 [JavaFX Application Thread] DEBUG FXGLAssetLoaderServi - Loading from file system: jar:file:/C:/Users/100070997/.m2/repository/com/github/almasb/fxgl/17.1/fxgl-17.1.jar!/fxglassets/textures/fxgl_default_cursor.png
15:13:16.531 [JavaFX Application Thread] DEBUG Input                - Registered new binding: Screenshot - CTRL+8
15:13:16.532 [JavaFX Application Thread] DEBUG Input                - Registered new binding: System info dump - CTRL+9
15:13:16.533 [JavaFX Application Thread] DEBUG Input                - Registered new binding: Restart - CTRL+R
15:13:16.534 [JavaFX Application Thread] DEBUG Input                - Registered new binding: Toggle Debug Camera - CTRL+7
15:13:16.542 [JavaFX Application Thread] DEBUG LoopRunner           - Starting loop
15:13:16.542 [JavaFX Application Thread] DEBUG LoopRunner           - Initializing JavaFX AnimationTimerLoop
15:13:16.546 [JavaFX Application Thread] DEBUG GameApplicationServi - Starting new game
15:13:16.547 [JavaFX Application Thread] DEBUG Input                - Clearing active input actions
15:13:16.566 [FXGL Background Thread 4 ] DEBUG FXGLAssetLoaderServi - Loading from file system: jar:file:/C:/Users/100070997/.m2/repository/com/github/almasb/fxgl/17.1/fxgl-17.1.jar!/fxglassets/ui/fonts/Abel-Regular.ttf
15:13:16.569 [JavaFX Application Thread] DEBUG GameApplicationServi - Removing overlay from FXGLStartupScene and adding to FXGLLoadingScene
15:13:16.570 [JavaFX Application Thread] DEBUG PrimaryStageWindow   - FXGLStartupScene -> FXGLLoadingScene
15:13:16.570 [JavaFX Application Thread] DEBUG GameApplicationServi - Clearing previous game
15:13:16.570 [JavaFX Application Thread] DEBUG GameScene            - Clearing game scene
15:13:16.570 [JavaFX Application Thread] DEBUG GameWorld            - Clearing game world
15:13:16.572 [JavaFX Application Thread] DEBUG PhysicsWorld         - Clearing physics world
15:13:16.575 [FXGL Background Thread 1 ] DEBUG FXGLApplication      - Initializing game
15:13:16.594 [FXGL Background Thread 4 ] DEBUG FXGLAssetLoaderServi - Loading from file system: jar:file:/C:/Users/100070997/.m2/repository/com/github/almasb/fxgl/17.1/fxgl-17.1.jar!/fxglassets/ui/fonts/TerminalLandMono-Regular.otf
15:13:16.627 [FXGL Background Thread 4 ] DEBUG FXGLAssetLoaderServi - Loading from file system: jar:file:/C:/Users/100070997/.m2/repository/com/github/almasb/fxgl/17.1/fxgl-17.1.jar!/fxglassets/ui/fonts/Courier-Prime.ttf
15:13:16.669 [JavaFX Application Thread] DEBUG FXGLApplication      - Registering font factories with UI factory
15:13:17.181 [FXGL Background Thread 1 ] INFO  FXGLApplication      - Game initialization took: 0.606 sec
15:13:17.183 [JavaFX Application Thread] DEBUG Input                - Clearing active input actions
15:13:17.209 [FXGL Background Thread 2 ] INFO  UpdaterService       - Your current version:  17.1
15:13:17.211 [FXGL Background Thread 2 ] INFO  UpdaterService       - Latest stable version: 21.1
15:13:17.218 [JavaFX Application Thread] DEBUG GameApplicationServi - Removing overlay from FXGLLoadingScene and adding to GameScene
15:13:17.219 [JavaFX Application Thread] DEBUG PrimaryStageWindow   - FXGLLoadingScene -> GameScene
15:13:17.310 [JavaFX Application Thread] DEBUG LoopRunner           - Stopping loop
15:13:17.352 [JavaFX Application Thread] FATAL FXGLApplication      - Uncaught Exception:
java.lang.NullPointerException: Cannot invoke "com.sun.scenario.animation.shared.TimerReceiver.handle(long)" because "<local5>[<local7>]" is null
	at com.sun.scenario.animation.AbstractPrimaryTimer.timePulseImpl(AbstractPrimaryTimer.java:356)
	at com.sun.scenario.animation.AbstractPrimaryTimer$MainLoop.run(AbstractPrimaryTimer.java:266)
	at com.sun.javafx.tk.quantum.QuantumToolkit.pulse(QuantumToolkit.java:571)
	at com.sun.javafx.tk.quantum.QuantumToolkit.pulse(QuantumToolkit.java:555)
	at com.sun.javafx.tk.quantum.QuantumToolkit.pulseFromQueue(QuantumToolkit.java:548)
	at com.sun.javafx.tk.quantum.QuantumToolkit.lambda$runToolkit$11(QuantumToolkit.java:352)
	at com.sun.glass.ui.InvokeLaterDispatcher$Future.run(InvokeLaterDispatcher.java:96)
	at com.sun.glass.ui.win.WinApplication._runLoop(Native Method)
	at com.sun.glass.ui.win.WinApplication.lambda$runLoop$3(WinApplication.java:184)
	at java.base/java.lang.Thread.run(Thread.java:833)

15:13:17.357 [JavaFX Application Thread] FATAL FXGLApplication      - Application will now exit
15:13:17.406 [JavaFX Application Thread] DEBUG PrimaryStageWindow   - Push state: ErrorSubScene
15:13:17.407 [JavaFX Application Thread] DEBUG Input                - Clearing active input actions
15:13:17.419 [JavaFX Application Thread] DEBUG GameApplicationServi - Removing overlay from GameScene and adding to ErrorSubScene
15:13:17.420 [JavaFX Application Thread] DEBUG PrimaryStageWindow   - GameScene -> ErrorSubScene
15:13:19.390 [FXGL Background Thread 3 ] DEBUG Engine               - Logging environment variables
15:13:19.392 [FXGL Background Thread 3 ] DEBUG Engine               - achievements: []
15:13:19.392 [FXGL Background Thread 3 ] DEBUG Engine               - actualHeight: 600.0
15:13:19.393 [FXGL Background Thread 3 ] DEBUG Engine               - actualHeightProperty: ReadOnlyDoubleProperty [value: 600.0]
15:13:19.394 [FXGL Background Thread 3 ] DEBUG Engine               - actualWidth: 1000.0
15:13:19.394 [FXGL Background Thread 3 ] DEBUG Engine               - actualWidthProperty: ReadOnlyDoubleProperty [value: 1000.0]
15:13:19.395 [FXGL Background Thread 3 ] DEBUG Engine               - appIcon: fxgl_icon.png
15:13:19.395 [FXGL Background Thread 3 ] DEBUG Engine               - applicationMode: DEVELOPER
15:13:19.395 [FXGL Background Thread 3 ] DEBUG Engine               - cSSList: [fxgl_dark.css]
15:13:19.396 [FXGL Background Thread 3 ] DEBUG Engine               - collisionDetectionStrategy: BRUTE_FORCE
15:13:19.396 [FXGL Background Thread 3 ] DEBUG Engine               - configClass: Optional.empty
15:13:19.396 [FXGL Background Thread 3 ] DEBUG Engine               - credits: []
15:13:19.398 [FXGL Background Thread 3 ] DEBUG Engine               - defaultCursor: CursorInfo(imageName=fxgl_default_cursor.png, hotspotX=7.0, hotspotY=6.0)
15:13:19.398 [FXGL Background Thread 3 ] DEBUG Engine               - devBBoxColorProperty: ObjectProperty [value: 0xff0000ff]
15:13:19.399 [FXGL Background Thread 3 ] DEBUG Engine               - devEnableDebugCameraProperty: BooleanProperty [value: false]
15:13:19.399 [FXGL Background Thread 3 ] DEBUG Engine               - devSensorColorProperty: ObjectProperty [value: 0xffff00ff]
15:13:19.400 [FXGL Background Thread 3 ] DEBUG Engine               - devShowBBoxProperty: BooleanProperty [value: false]
15:13:19.400 [FXGL Background Thread 3 ] DEBUG Engine               - devShowPositionProperty: BooleanProperty [value: false]
15:13:19.400 [FXGL Background Thread 3 ] DEBUG Engine               - enabledMenuItems: []
15:13:19.401 [FXGL Background Thread 3 ] DEBUG Engine               - engineServices: [class com.almasb.fxgl.app.services.FXGLAssetLoaderService, class com.almasb.fxgl.app.FXGLApplication$GameApplicationService, class com.almasb.fxgl.app.services.FXGLDialogService, class com.almasb.fxgl.app.services.IOTaskExecutorService, class com.almasb.fxgl.io.FileSystemService, class com.almasb.fxgl.localization.LocalizationService, class com.almasb.fxgl.app.services.SystemBundleService, class com.almasb.fxgl.profile.SaveLoadService, class com.almasb.fxgl.ui.FXGLUIFactoryServiceProvider, class com.almasb.fxgl.ui.FXGLDialogFactoryServiceProvider, class com.almasb.fxgl.audio.AudioPlayer, class com.almasb.fxgl.notification.impl.NotificationServiceProvider, class com.almasb.fxgl.achievement.AchievementService, class com.almasb.fxgl.cutscene.CutsceneService, class com.almasb.fxgl.minigames.MiniGameService, class com.almasb.fxgl.net.NetService, class com.almasb.fxgl.app.services.UpdaterService, class com.almasb.fxgl.dev.DevService]
15:13:19.401 [FXGL Background Thread 3 ] DEBUG Engine               - fontGame: Abel-Regular.ttf
15:13:19.401 [FXGL Background Thread 3 ] DEBUG Engine               - fontMono: TerminalLandMono-Regular.otf
15:13:19.402 [FXGL Background Thread 3 ] DEBUG Engine               - fontText: Courier-Prime.ttf
15:13:19.402 [FXGL Background Thread 3 ] DEBUG Engine               - fontUI: VarelaRound-Regular.ttf
15:13:19.402 [FXGL Background Thread 3 ] DEBUG Engine               - fullScreen: BooleanProperty [value: false]
15:13:19.403 [FXGL Background Thread 3 ] DEBUG Engine               - gameDifficulty: MEDIUM
15:13:19.403 [FXGL Background Thread 3 ] DEBUG Engine               - gameDifficultyProperty: ObjectProperty [value: MEDIUM]
15:13:19.403 [FXGL Background Thread 3 ] DEBUG Engine               - globalMusicVolume: 0.5
15:13:19.404 [FXGL Background Thread 3 ] DEBUG Engine               - globalMusicVolumeProperty: DoubleProperty [value: 0.5]
15:13:19.404 [FXGL Background Thread 3 ] DEBUG Engine               - globalSoundVolume: 0.5
15:13:19.405 [FXGL Background Thread 3 ] DEBUG Engine               - globalSoundVolumeProperty: DoubleProperty [value: 0.5]
15:13:19.405 [FXGL Background Thread 3 ] DEBUG Engine               - height: 600
15:13:19.406 [FXGL Background Thread 3 ] DEBUG Engine               - is3D: false
15:13:19.406 [FXGL Background Thread 3 ] DEBUG Engine               - isAndroid: false
15:13:19.407 [FXGL Background Thread 3 ] DEBUG Engine               - isBrowser: false
15:13:19.407 [FXGL Background Thread 3 ] DEBUG Engine               - isClickFeedbackEnabled: false
15:13:19.407 [FXGL Background Thread 3 ] DEBUG Engine               - isCloseConfirmation: false
15:13:19.408 [FXGL Background Thread 3 ] DEBUG Engine               - isDesktop: true
15:13:19.408 [FXGL Background Thread 3 ] DEBUG Engine               - isDeveloperMenuEnabled: false
15:13:19.408 [FXGL Background Thread 3 ] DEBUG Engine               - isEmbedded: false
15:13:19.408 [FXGL Background Thread 3 ] DEBUG Engine               - isEntityPreloadEnabled: true
15:13:19.409 [FXGL Background Thread 3 ] DEBUG Engine               - isExperimentalTiledLargeMap: false
15:13:19.409 [FXGL Background Thread 3 ] DEBUG Engine               - isFileSystemWriteAllowed: true
15:13:19.409 [FXGL Background Thread 3 ] DEBUG Engine               - isFullScreenAllowed: false
15:13:19.410 [FXGL Background Thread 3 ] DEBUG Engine               - isFullScreenFromStart: false
15:13:19.410 [FXGL Background Thread 3 ] DEBUG Engine               - isGameMenuEnabled: true
15:13:19.411 [FXGL Background Thread 3 ] DEBUG Engine               - isIOS: false
15:13:19.411 [FXGL Background Thread 3 ] DEBUG Engine               - isIntroEnabled: false
15:13:19.411 [FXGL Background Thread 3 ] DEBUG Engine               - isLinux: false
15:13:19.412 [FXGL Background Thread 3 ] DEBUG Engine               - isMac: false
15:13:19.412 [FXGL Background Thread 3 ] DEBUG Engine               - isMainMenuEnabled: false
15:13:19.413 [FXGL Background Thread 3 ] DEBUG Engine               - isManualResizeEnabled: false
15:13:19.413 [FXGL Background Thread 3 ] DEBUG Engine               - isMobile: false
15:13:19.413 [FXGL Background Thread 3 ] DEBUG Engine               - isNative: false
15:13:19.414 [FXGL Background Thread 3 ] DEBUG Engine               - isPauseMusicWhenMinimized: true
15:13:19.414 [FXGL Background Thread 3 ] DEBUG Engine               - isPreserveResizeRatio: false
15:13:19.414 [FXGL Background Thread 3 ] DEBUG Engine               - isProfilingEnabled: false
15:13:19.414 [FXGL Background Thread 3 ] DEBUG Engine               - isScaleAffectedOnResize: true
15:13:19.415 [FXGL Background Thread 3 ] DEBUG Engine               - isSingleStep: false
15:13:19.415 [FXGL Background Thread 3 ] DEBUG Engine               - isUserProfileEnabled: false
15:13:19.415 [FXGL Background Thread 3 ] DEBUG Engine               - isWindows: true
15:13:19.415 [FXGL Background Thread 3 ] DEBUG Engine               - language: ObjectProperty [value: ENGLISH]
15:13:19.416 [FXGL Background Thread 3 ] DEBUG Engine               - menuKey: ESCAPE
15:13:19.416 [FXGL Background Thread 3 ] DEBUG Engine               - mouseSensitivity: 0.2
15:13:19.416 [FXGL Background Thread 3 ] DEBUG Engine               - notificationViewClass: class com.almasb.fxgl.notification.view.XboxNotificationView
15:13:19.417 [FXGL Background Thread 3 ] DEBUG Engine               - pixelsPerMeter: 50.0
15:13:19.417 [FXGL Background Thread 3 ] DEBUG Engine               - platform: WINDOWS
15:13:19.417 [FXGL Background Thread 3 ] DEBUG Engine               - prefHeightProperty: ReadOnlyDoubleProperty [value: 600.0]
15:13:19.418 [FXGL Background Thread 3 ] DEBUG Engine               - prefWidthProperty: ReadOnlyDoubleProperty [value: 1000.0]
15:13:19.418 [FXGL Background Thread 3 ] DEBUG Engine               - profileDir: profiles/
15:13:19.418 [FXGL Background Thread 3 ] DEBUG Engine               - profileName: StringProperty [value: DEFAULT]
15:13:19.419 [FXGL Background Thread 3 ] DEBUG Engine               - randomSeed: -1
15:13:19.420 [FXGL Background Thread 3 ] DEBUG Engine               - runtimeInfo: RuntimeInfo(platform=WINDOWS, version=17.1, build=24.03.2022 17.34)
15:13:19.420 [FXGL Background Thread 3 ] DEBUG Engine               - saveFileExt: sav
15:13:19.421 [FXGL Background Thread 3 ] DEBUG Engine               - scaledHeightProp$fxgl: DoubleProperty [bound, value: 600.0]
15:13:19.421 [FXGL Background Thread 3 ] DEBUG Engine               - scaledWidthProp$fxgl: DoubleProperty [bound, value: 1000.0]
15:13:19.421 [FXGL Background Thread 3 ] DEBUG Engine               - sceneFactory: com.almasb.fxgl.app.scene.SceneFactory@7f5cdb0
15:13:19.421 [FXGL Background Thread 3 ] DEBUG Engine               - secondsIn24h: 60
15:13:19.422 [FXGL Background Thread 3 ] DEBUG Engine               - soundMenuBack: menu/back.wav
15:13:19.422 [FXGL Background Thread 3 ] DEBUG Engine               - soundMenuPress: menu/press.wav
15:13:19.422 [FXGL Background Thread 3 ] DEBUG Engine               - soundMenuSelect: menu/select.wav
15:13:19.422 [FXGL Background Thread 3 ] DEBUG Engine               - soundNotification: core/notification.wav
15:13:19.423 [FXGL Background Thread 3 ] DEBUG Engine               - stageStyle: DECORATED
15:13:19.423 [FXGL Background Thread 3 ] DEBUG Engine               - supportedLanguages: [ENGLISH, FRENCH, GERMAN, HUNGARIAN, RUSSIAN]
15:13:19.423 [FXGL Background Thread 3 ] DEBUG Engine               - ticksPerSecond: -1
15:13:19.424 [FXGL Background Thread 3 ] DEBUG Engine               - title: Gestión de Áreas
15:13:19.424 [FXGL Background Thread 3 ] DEBUG Engine               - urlGithub: https://github.com/AlmasB/FXGL
15:13:19.424 [FXGL Background Thread 3 ] DEBUG Engine               - urlLeaderboard: http://fxgl-top.herokuapp.com/
15:13:19.424 [FXGL Background Thread 3 ] DEBUG Engine               - urlPOM: https://raw.githubusercontent.com/AlmasB/FXGL/release/README.md
15:13:19.425 [FXGL Background Thread 3 ] DEBUG Engine               - userAppClass: class org.example.Main
15:13:19.425 [FXGL Background Thread 3 ] DEBUG Engine               - version: 1.0
15:13:19.425 [FXGL Background Thread 3 ] DEBUG Engine               - versionCheckDays: 7
15:13:19.425 [FXGL Background Thread 3 ] DEBUG Engine               - width: 1000
15:13:19.426 [FXGL Background Thread 3 ] DEBUG Engine               - Logging services
15:13:19.426 [FXGL Background Thread 3 ] DEBUG Engine               - class com.almasb.fxgl.app.services.FXGLAssetLoaderService
15:13:19.426 [FXGL Background Thread 3 ] DEBUG Engine               - class com.almasb.fxgl.app.FXGLApplication$GameApplicationService
15:13:19.427 [FXGL Background Thread 3 ] DEBUG Engine               - class com.almasb.fxgl.app.services.FXGLDialogService
15:13:19.427 [FXGL Background Thread 3 ] DEBUG Engine               - class com.almasb.fxgl.app.services.IOTaskExecutorService
15:13:19.427 [FXGL Background Thread 3 ] DEBUG Engine               - class com.almasb.fxgl.io.FileSystemService
15:13:19.427 [FXGL Background Thread 3 ] DEBUG Engine               - class com.almasb.fxgl.localization.LocalizationService
15:13:19.428 [FXGL Background Thread 3 ] DEBUG Engine               - class com.almasb.fxgl.app.services.SystemBundleService
15:13:19.428 [FXGL Background Thread 3 ] DEBUG Engine               - class com.almasb.fxgl.profile.SaveLoadService
15:13:19.428 [FXGL Background Thread 3 ] DEBUG Engine               - class com.almasb.fxgl.ui.FXGLUIFactoryServiceProvider
15:13:19.428 [FXGL Background Thread 3 ] DEBUG Engine               - class com.almasb.fxgl.ui.FXGLDialogFactoryServiceProvider
15:13:19.429 [FXGL Background Thread 3 ] DEBUG Engine               - class com.almasb.fxgl.audio.AudioPlayer
15:13:19.429 [FXGL Background Thread 3 ] DEBUG Engine               - class com.almasb.fxgl.notification.impl.NotificationServiceProvider
15:13:19.429 [FXGL Background Thread 3 ] DEBUG Engine               - class com.almasb.fxgl.achievement.AchievementService
15:13:19.429 [FXGL Background Thread 3 ] DEBUG Engine               - class com.almasb.fxgl.cutscene.CutsceneService
15:13:19.429 [FXGL Background Thread 3 ] DEBUG Engine               - class com.almasb.fxgl.minigames.MiniGameService
15:13:19.430 [FXGL Background Thread 3 ] DEBUG Engine               - class com.almasb.fxgl.net.NetService
15:13:19.430 [FXGL Background Thread 3 ] DEBUG Engine               - class com.almasb.fxgl.app.services.UpdaterService
15:13:19.430 [FXGL Background Thread 3 ] DEBUG Engine               - class com.almasb.fxgl.dev.DevService
15:13:22.733 [JavaFX Application Thread] DEBUG FXGLApplication      - Exiting FXGL
15:13:22.733 [JavaFX Application Thread] DEBUG Async                - Shutting down background threads
15:13:22.734 [JavaFX Application Thread] DEBUG PrimaryStageWindow   - Closing main window
15:13:22.816 [JavaFX Application Thread] DEBUG Logger               - Closing Logger
