22:47:34.667 [main                     ] DEBUG Logger               - Configured Logger
22:47:34.715 [main                     ] DEBUG GameApplication      - Logging settings
Title: Gestión de Áreas
Version: 1.0
Width: 1000
Height: 600
Fullscreen: false
Intro: false
Profiling: false
Single step:false
App Mode: DEVELOPER
Menu Key: ESCAPE
Stage Style: DECORATED
Scene Factory: class com.almasb.fxgl.app.scene.SceneFactory

22:47:35.240 [JavaFX Application Thread] DEBUG FXGLApplication      - Initializing FXGL
22:47:35.253 [JavaFX Application Thread] INFO  Engine               - FXGL-17.1 (24.03.2022 17.34) on WINDOWS (J:17.0.5 FX:18)
22:47:35.254 [JavaFX Application Thread] DEBUG Engine               - JRE Vendor Name: Eclipse Adoptium
22:47:35.254 [JavaFX Application Thread] DEBUG Engine               - Running on OS: Windows 11 version 10.0
22:47:35.254 [JavaFX Application Thread] DEBUG Engine               - Architecture: amd64
22:47:35.254 [JavaFX Application Thread] INFO  Engine               - Source code and latest versions at: https://github.com/AlmasB/FXGL
22:47:35.255 [JavaFX Application Thread] INFO  Engine               -       Ask questions and discuss at: https://github.com/AlmasB/FXGL/discussions
22:47:35.255 [JavaFX Application Thread] INFO  Engine               -              Join the FXGL chat at: https://gitter.im/AlmasB/FXGL
22:47:35.459 [JavaFX Application Thread] DEBUG PrimaryStageWindow   - Creating a JavaFX scene
22:47:35.527 [JavaFX Application Thread] DEBUG PrimaryStageWindow   - Target settings size: 1000.0 x 600.0
22:47:35.528 [JavaFX Application Thread] DEBUG PrimaryStageWindow   - Scaled scene size:    1000.0 x 600.0
22:47:35.528 [JavaFX Application Thread] DEBUG PrimaryStageWindow   - Scaled ratio: (1.0, 1.0)
22:47:35.530 [JavaFX Application Thread] DEBUG PrimaryStageWindow   - Set initial scene to FXGLStartupScene
22:47:35.544 [JavaFX Application Thread] DEBUG PrimaryStageWindow   - Opening main window
22:47:35.711 [JavaFX Application Thread] DEBUG PrimaryStageWindow   - Window border size: (14.66668701171875, 37.33331298828125)
22:47:35.711 [JavaFX Application Thread] DEBUG PrimaryStageWindow   - Scaled size: 1000.0 x 600.0
22:47:35.712 [JavaFX Application Thread] DEBUG PrimaryStageWindow   - Scaled ratio: (1.0, 1.0)
22:47:35.713 [JavaFX Application Thread] DEBUG PrimaryStageWindow   - Scene size: 1000.0 x 600.0
22:47:35.713 [JavaFX Application Thread] DEBUG PrimaryStageWindow   - Stage size: 1014.6666870117188 x 637.3333129882812
22:47:35.728 [FXGL Background Thread 1 ] DEBUG Engine               - Initializing environment variables
22:47:35.803 [FXGL Background Thread 1 ] DEBUG FXGLAssetLoaderServi - User app class for loading assets: class org.example.Main
22:47:35.804 [FXGL Background Thread 1 ] DEBUG GameApplicationServi - Applying CSS: fxgl_dark.css
22:47:35.806 [FXGL Background Thread 1 ] DEBUG FXGLAssetLoaderServi - Loading from file system: jar:file:/C:/Users/100070997/.m2/repository/com/github/almasb/fxgl/17.1/fxgl-17.1.jar!/fxglassets/ui/css/fxgl_dark.css
22:47:35.924 [FXGL Background Thread 1 ] DEBUG GameApplicationServi - Initializing application scenes
22:47:36.013 [FXGL Background Thread 1 ] DEBUG GameWorld            - Game world initialized
22:47:36.133 [FXGL Background Thread 1 ] DEBUG PhysicsWorld         - Physics world initialized: appHeight=600, physics.ppm=50.0
22:47:36.133 [FXGL Background Thread 1 ] DEBUG PhysicsWorld         - Using strategy: BRUTE_FORCE
22:47:36.140 [FXGL Background Thread 1 ] DEBUG GameScene            - Game scene initialized: 1000x600
22:47:36.169 [FXGL Background Thread 1 ] DEBUG FXGL.DefaultMenu     - createMenuBodyGameMenu()
22:47:36.208 [FXGL Background Thread 1 ] DEBUG FXGL.DefaultMenu     - createOptionsMenu()
22:47:36.230 [FXGL Background Thread 1 ] DEBUG FXGLAssetLoaderServi - Loading from file system: jar:file:/C:/Users/100070997/.m2/repository/com/github/almasb/fxgl/17.1/fxgl-17.1.jar!/fxglassets/textures/particles/smoke.png
22:47:36.409 [FXGL Background Thread 1 ] DEBUG FXGLAssetLoaderServi - Loading from file system: jar:file:/C:/Users/100070997/.m2/repository/com/github/almasb/fxgl/17.1/fxgl-17.1.jar!/fxglassets/textures/particles/trace_horizontal.png
22:47:36.461 [FXGL Background Thread 1 ] DEBUG GameApplicationServi - Application scenes initialized
22:47:36.489 [FXGL Background Thread 1 ] DEBUG SystemBundleService  - Loading FXGL system data
22:47:36.497 [FXGL Background Thread 1 ] DEBUG FileSystemAccess     - Reading from: C:\Users\100070997\Desktop\restaurant_simulator\system\fxgl.bundle
22:47:36.508 [FXGL Background Thread 1 ] DEBUG SystemBundleService  - Bundle FXGL: {}
22:47:36.509 [FXGL Background Thread 1 ] DEBUG UpdaterService       - Checking for updates
22:47:36.514 [FXGL Background Thread 4 ] DEBUG FXGLApplication      - Loading fonts
22:47:36.516 [FXGL Background Thread 4 ] DEBUG FXGLAssetLoaderServi - Loading from file system: jar:file:/C:/Users/100070997/.m2/repository/com/github/almasb/fxgl/17.1/fxgl-17.1.jar!/fxglassets/ui/fonts/VarelaRound-Regular.ttf
22:47:36.517 [FXGL Background Thread 1 ] DEBUG FXGLApplication      - Loading default localization
22:47:36.518 [FXGL Background Thread 1 ] DEBUG FXGLAssetLoaderServi - Loading from file system: jar:file:/C:/Users/100070997/.m2/repository/com/github/almasb/fxgl/17.1/fxgl-17.1.jar!/fxglassets/languages/english.lang
22:47:36.553 [FXGL Background Thread 1 ] INFO  FXGLApplication      - FXGL initialization took: 0.826 sec
22:47:36.557 [JavaFX Application Thread] DEBUG FXGLAssetLoaderServi - Loading from file system: jar:file:/C:/Users/100070997/.m2/repository/com/github/almasb/fxgl/17.1/fxgl-17.1.jar!/fxglassets/textures/fxgl_icon.png
22:47:36.593 [JavaFX Application Thread] DEBUG FXGLAssetLoaderServi - Loading from file system: jar:file:/C:/Users/100070997/.m2/repository/com/github/almasb/fxgl/17.1/fxgl-17.1.jar!/fxglassets/textures/fxgl_default_cursor.png
22:47:36.614 [JavaFX Application Thread] DEBUG Input                - Registered new binding: Screenshot - CTRL+8
22:47:36.614 [JavaFX Application Thread] DEBUG Input                - Registered new binding: System info dump - CTRL+9
22:47:36.615 [JavaFX Application Thread] DEBUG Input                - Registered new binding: Restart - CTRL+R
22:47:36.617 [JavaFX Application Thread] DEBUG Input                - Registered new binding: Toggle Debug Camera - CTRL+7
22:47:36.622 [JavaFX Application Thread] DEBUG LoopRunner           - Starting loop
22:47:36.623 [JavaFX Application Thread] DEBUG LoopRunner           - Initializing JavaFX AnimationTimerLoop
22:47:36.627 [JavaFX Application Thread] DEBUG GameApplicationServi - Starting new game
22:47:36.628 [JavaFX Application Thread] DEBUG Input                - Clearing active input actions
22:47:36.650 [JavaFX Application Thread] DEBUG GameApplicationServi - Removing overlay from FXGLStartupScene and adding to FXGLLoadingScene
22:47:36.651 [JavaFX Application Thread] DEBUG PrimaryStageWindow   - FXGLStartupScene -> FXGLLoadingScene
22:47:36.651 [JavaFX Application Thread] DEBUG GameApplicationServi - Clearing previous game
22:47:36.651 [JavaFX Application Thread] DEBUG GameScene            - Clearing game scene
22:47:36.652 [JavaFX Application Thread] DEBUG GameWorld            - Clearing game world
22:47:36.652 [JavaFX Application Thread] DEBUG PhysicsWorld         - Clearing physics world
22:47:36.654 [FXGL Background Thread 1 ] DEBUG FXGLApplication      - Initializing game
22:47:36.715 [FXGL Background Thread 4 ] DEBUG FXGLAssetLoaderServi - Loading from file system: jar:file:/C:/Users/100070997/.m2/repository/com/github/almasb/fxgl/17.1/fxgl-17.1.jar!/fxglassets/ui/fonts/Abel-Regular.ttf
22:47:36.737 [FXGL Background Thread 4 ] DEBUG FXGLAssetLoaderServi - Loading from file system: jar:file:/C:/Users/100070997/.m2/repository/com/github/almasb/fxgl/17.1/fxgl-17.1.jar!/fxglassets/ui/fonts/TerminalLandMono-Regular.otf
22:47:36.762 [FXGL Background Thread 4 ] DEBUG FXGLAssetLoaderServi - Loading from file system: jar:file:/C:/Users/100070997/.m2/repository/com/github/almasb/fxgl/17.1/fxgl-17.1.jar!/fxglassets/ui/fonts/Courier-Prime.ttf
22:47:36.941 [JavaFX Application Thread] DEBUG FXGLApplication      - Registering font factories with UI factory
22:47:37.303 [FXGL Background Thread 1 ] INFO  FXGLApplication      - Game initialization took: 0.649 sec
22:47:37.306 [JavaFX Application Thread] DEBUG Input                - Clearing active input actions
22:47:37.336 [JavaFX Application Thread] DEBUG GameApplicationServi - Removing overlay from FXGLLoadingScene and adding to GameScene
22:47:37.337 [JavaFX Application Thread] DEBUG PrimaryStageWindow   - FXGLLoadingScene -> GameScene
22:47:37.723 [FXGL Background Thread 2 ] INFO  UpdaterService       - Your current version:  17.1
22:47:37.723 [FXGL Background Thread 2 ] INFO  UpdaterService       - Latest stable version: 21.1
22:47:38.893 [JavaFX Application Thread] DEBUG FXGLApplication      - Exiting FXGL
22:47:38.893 [JavaFX Application Thread] DEBUG LoopRunner           - Stopping loop
22:47:38.893 [JavaFX Application Thread] DEBUG SystemBundleService  - Saving FXGL system data
22:47:38.897 [JavaFX Application Thread] DEBUG FileSystemAccess     - Writing to: C:\Users\100070997\Desktop\restaurant_simulator\system\fxgl.bundle
22:47:38.901 [JavaFX Application Thread] DEBUG Async                - Shutting down background threads
22:47:38.901 [JavaFX Application Thread] DEBUG PrimaryStageWindow   - Closing main window
22:47:38.923 [JavaFX Application Thread] DEBUG Logger               - Closing Logger
