11:02:29.424 [main                     ] DEBUG Logger               - Configured Logger
11:02:29.459 [main                     ] DEBUG GameApplication      - Logging settings
Title: Gestión de Áreas
Version: 1.0
Width: 1000
Height: 600
Fullscreen: false
Intro: false
Profiling: false
Single step:false
App Mode: DEVELOPER
Menu Key: ESCAPE
Stage Style: DECORATED
Scene Factory: class com.almasb.fxgl.app.scene.SceneFactory

11:02:29.794 [JavaFX Application Thread] DEBUG FXGLApplication      - Initializing FXGL
11:02:29.802 [JavaFX Application Thread] INFO  Engine               - FXGL-17.1 (24.03.2022 17.34) on WINDOWS (J:17.0.5 FX:18)
11:02:29.803 [JavaFX Application Thread] DEBUG Engine               - JRE Vendor Name: Eclipse Adoptium
11:02:29.803 [JavaFX Application Thread] DEBUG Engine               - Running on OS: Windows 11 version 10.0
11:02:29.803 [JavaFX Application Thread] DEBUG Engine               - Architecture: amd64
11:02:29.803 [JavaFX Application Thread] INFO  Engine               - Source code and latest versions at: https://github.com/AlmasB/FXGL
11:02:29.804 [JavaFX Application Thread] INFO  Engine               -       Ask questions and discuss at: https://github.com/AlmasB/FXGL/discussions
11:02:29.804 [JavaFX Application Thread] INFO  Engine               -              Join the FXGL chat at: https://gitter.im/AlmasB/FXGL
11:02:29.930 [JavaFX Application Thread] DEBUG PrimaryStageWindow   - Creating a JavaFX scene
11:02:29.975 [JavaFX Application Thread] DEBUG PrimaryStageWindow   - Target settings size: 1000.0 x 600.0
11:02:29.975 [JavaFX Application Thread] DEBUG PrimaryStageWindow   - Scaled scene size:    1000.0 x 600.0
11:02:29.976 [JavaFX Application Thread] DEBUG PrimaryStageWindow   - Scaled ratio: (1.0, 1.0)
11:02:29.976 [JavaFX Application Thread] DEBUG PrimaryStageWindow   - Set initial scene to FXGLStartupScene
11:02:29.988 [JavaFX Application Thread] DEBUG PrimaryStageWindow   - Opening main window
11:02:30.076 [JavaFX Application Thread] DEBUG PrimaryStageWindow   - Window border size: (14.66668701171875, 37.33331298828125)
11:02:30.076 [JavaFX Application Thread] DEBUG PrimaryStageWindow   - Scaled size: 1000.0 x 600.0
11:02:30.076 [JavaFX Application Thread] DEBUG PrimaryStageWindow   - Scaled ratio: (1.0, 1.0)
11:02:30.077 [JavaFX Application Thread] DEBUG PrimaryStageWindow   - Scene size: 1000.0 x 600.0
11:02:30.077 [JavaFX Application Thread] DEBUG PrimaryStageWindow   - Stage size: 1014.6666870117188 x 637.3333129882812
11:02:30.086 [FXGL Background Thread 1 ] DEBUG Engine               - Initializing environment variables
11:02:30.132 [FXGL Background Thread 1 ] DEBUG FXGLAssetLoaderServi - User app class for loading assets: class org.example.Main
11:02:30.133 [FXGL Background Thread 1 ] DEBUG GameApplicationServi - Applying CSS: fxgl_dark.css
11:02:30.134 [FXGL Background Thread 1 ] DEBUG FXGLAssetLoaderServi - Loading from file system: jar:file:/C:/Users/100070997/.m2/repository/com/github/almasb/fxgl/17.1/fxgl-17.1.jar!/fxglassets/ui/css/fxgl_dark.css
11:02:30.195 [FXGL Background Thread 1 ] DEBUG GameApplicationServi - Initializing application scenes
11:02:30.256 [FXGL Background Thread 1 ] DEBUG GameWorld            - Game world initialized
11:02:30.339 [FXGL Background Thread 1 ] DEBUG PhysicsWorld         - Physics world initialized: appHeight=600, physics.ppm=50.0
11:02:30.340 [FXGL Background Thread 1 ] DEBUG PhysicsWorld         - Using strategy: BRUTE_FORCE
11:02:30.349 [FXGL Background Thread 1 ] DEBUG GameScene            - Game scene initialized: 1000x600
11:02:30.367 [FXGL Background Thread 1 ] DEBUG FXGL.DefaultMenu     - createMenuBodyGameMenu()
11:02:30.392 [FXGL Background Thread 1 ] DEBUG FXGL.DefaultMenu     - createOptionsMenu()
11:02:30.412 [FXGL Background Thread 1 ] DEBUG FXGLAssetLoaderServi - Loading from file system: jar:file:/C:/Users/100070997/.m2/repository/com/github/almasb/fxgl/17.1/fxgl-17.1.jar!/fxglassets/textures/particles/smoke.png
11:02:30.516 [FXGL Background Thread 1 ] DEBUG FXGLAssetLoaderServi - Loading from file system: jar:file:/C:/Users/100070997/.m2/repository/com/github/almasb/fxgl/17.1/fxgl-17.1.jar!/fxglassets/textures/particles/trace_horizontal.png
11:02:30.547 [FXGL Background Thread 1 ] DEBUG GameApplicationServi - Application scenes initialized
11:02:30.562 [FXGL Background Thread 1 ] DEBUG SystemBundleService  - Loading FXGL system data
11:02:30.566 [FXGL Background Thread 1 ] DEBUG FileSystemAccess     - Reading from: C:\Users\100070997\Desktop\restaurant_simulator\system\fxgl.bundle
11:02:30.572 [FXGL Background Thread 1 ] DEBUG SystemBundleService  - Bundle FXGL: {}
11:02:30.572 [FXGL Background Thread 1 ] DEBUG UpdaterService       - Checking for updates
11:02:30.576 [FXGL Background Thread 4 ] DEBUG FXGLApplication      - Loading fonts
11:02:30.577 [FXGL Background Thread 4 ] DEBUG FXGLAssetLoaderServi - Loading from file system: jar:file:/C:/Users/100070997/.m2/repository/com/github/almasb/fxgl/17.1/fxgl-17.1.jar!/fxglassets/ui/fonts/VarelaRound-Regular.ttf
11:02:30.577 [FXGL Background Thread 1 ] DEBUG FXGLApplication      - Loading default localization
11:02:30.577 [FXGL Background Thread 1 ] DEBUG FXGLAssetLoaderServi - Loading from file system: jar:file:/C:/Users/100070997/.m2/repository/com/github/almasb/fxgl/17.1/fxgl-17.1.jar!/fxglassets/languages/english.lang
11:02:30.603 [FXGL Background Thread 1 ] INFO  FXGLApplication      - FXGL initialization took: 0.517 sec
11:02:30.605 [JavaFX Application Thread] DEBUG FXGLAssetLoaderServi - Loading from file system: jar:file:/C:/Users/100070997/.m2/repository/com/github/almasb/fxgl/17.1/fxgl-17.1.jar!/fxglassets/textures/fxgl_icon.png
11:02:30.630 [JavaFX Application Thread] DEBUG FXGLAssetLoaderServi - Loading from file system: jar:file:/C:/Users/100070997/.m2/repository/com/github/almasb/fxgl/17.1/fxgl-17.1.jar!/fxglassets/textures/fxgl_default_cursor.png
11:02:30.646 [JavaFX Application Thread] DEBUG Input                - Registered new binding: Screenshot - CTRL+8
11:02:30.647 [JavaFX Application Thread] DEBUG Input                - Registered new binding: System info dump - CTRL+9
11:02:30.648 [JavaFX Application Thread] DEBUG Input                - Registered new binding: Restart - CTRL+R
11:02:30.649 [JavaFX Application Thread] DEBUG Input                - Registered new binding: Toggle Debug Camera - CTRL+7
11:02:30.654 [JavaFX Application Thread] DEBUG LoopRunner           - Starting loop
11:02:30.654 [JavaFX Application Thread] DEBUG LoopRunner           - Initializing JavaFX AnimationTimerLoop
11:02:30.656 [JavaFX Application Thread] DEBUG GameApplicationServi - Starting new game
11:02:30.657 [JavaFX Application Thread] DEBUG Input                - Clearing active input actions
11:02:30.671 [JavaFX Application Thread] DEBUG GameApplicationServi - Removing overlay from FXGLStartupScene and adding to FXGLLoadingScene
11:02:30.672 [JavaFX Application Thread] DEBUG PrimaryStageWindow   - FXGLStartupScene -> FXGLLoadingScene
11:02:30.672 [JavaFX Application Thread] DEBUG GameApplicationServi - Clearing previous game
11:02:30.672 [JavaFX Application Thread] DEBUG GameScene            - Clearing game scene
11:02:30.672 [JavaFX Application Thread] DEBUG GameWorld            - Clearing game world
11:02:30.672 [JavaFX Application Thread] DEBUG PhysicsWorld         - Clearing physics world
11:02:30.676 [FXGL Background Thread 1 ] DEBUG FXGLApplication      - Initializing game
11:02:30.681 [FXGL Background Thread 4 ] DEBUG FXGLAssetLoaderServi - Loading from file system: jar:file:/C:/Users/100070997/.m2/repository/com/github/almasb/fxgl/17.1/fxgl-17.1.jar!/fxglassets/ui/fonts/Abel-Regular.ttf
11:02:30.697 [FXGL Background Thread 4 ] DEBUG FXGLAssetLoaderServi - Loading from file system: jar:file:/C:/Users/100070997/.m2/repository/com/github/almasb/fxgl/17.1/fxgl-17.1.jar!/fxglassets/ui/fonts/TerminalLandMono-Regular.otf
11:02:30.712 [FXGL Background Thread 4 ] DEBUG FXGLAssetLoaderServi - Loading from file system: jar:file:/C:/Users/100070997/.m2/repository/com/github/almasb/fxgl/17.1/fxgl-17.1.jar!/fxglassets/ui/fonts/Courier-Prime.ttf
11:02:30.739 [JavaFX Application Thread] DEBUG FXGLApplication      - Registering font factories with UI factory
11:02:30.985 [FXGL Background Thread 1 ] INFO  FXGLApplication      - Game initialization took: 0.309 sec
11:02:30.995 [JavaFX Application Thread] DEBUG Input                - Clearing active input actions
11:02:31.016 [JavaFX Application Thread] DEBUG GameApplicationServi - Removing overlay from FXGLLoadingScene and adding to GameScene
11:02:31.016 [JavaFX Application Thread] DEBUG PrimaryStageWindow   - FXGLLoadingScene -> GameScene
11:02:31.190 [FXGL Background Thread 2 ] INFO  UpdaterService       - Your current version:  17.1
11:02:31.191 [FXGL Background Thread 2 ] INFO  UpdaterService       - Latest stable version: 21.1
11:02:33.575 [FXGL Background Thread 3 ] DEBUG Engine               - Logging environment variables
11:02:33.577 [FXGL Background Thread 3 ] DEBUG Engine               - achievements: []
11:02:33.577 [FXGL Background Thread 3 ] DEBUG Engine               - actualHeight: 600.0
11:02:33.579 [FXGL Background Thread 3 ] DEBUG Engine               - actualHeightProperty: ReadOnlyDoubleProperty [value: 600.0]
11:02:33.579 [FXGL Background Thread 3 ] DEBUG Engine               - actualWidth: 1000.0
11:02:33.579 [FXGL Background Thread 3 ] DEBUG Engine               - actualWidthProperty: ReadOnlyDoubleProperty [value: 1000.0]
11:02:33.579 [FXGL Background Thread 3 ] DEBUG Engine               - appIcon: fxgl_icon.png
11:02:33.579 [FXGL Background Thread 3 ] DEBUG Engine               - applicationMode: DEVELOPER
11:02:33.579 [FXGL Background Thread 3 ] DEBUG Engine               - cSSList: [fxgl_dark.css]
11:02:33.580 [FXGL Background Thread 3 ] DEBUG Engine               - collisionDetectionStrategy: BRUTE_FORCE
11:02:33.580 [FXGL Background Thread 3 ] DEBUG Engine               - configClass: Optional.empty
11:02:33.580 [FXGL Background Thread 3 ] DEBUG Engine               - credits: []
11:02:33.581 [FXGL Background Thread 3 ] DEBUG Engine               - defaultCursor: CursorInfo(imageName=fxgl_default_cursor.png, hotspotX=7.0, hotspotY=6.0)
11:02:33.581 [FXGL Background Thread 3 ] DEBUG Engine               - devBBoxColorProperty: ObjectProperty [value: 0xff0000ff]
11:02:33.581 [FXGL Background Thread 3 ] DEBUG Engine               - devEnableDebugCameraProperty: BooleanProperty [value: false]
11:02:33.582 [FXGL Background Thread 3 ] DEBUG Engine               - devSensorColorProperty: ObjectProperty [value: 0xffff00ff]
11:02:33.582 [FXGL Background Thread 3 ] DEBUG Engine               - devShowBBoxProperty: BooleanProperty [value: false]
11:02:33.582 [FXGL Background Thread 3 ] DEBUG Engine               - devShowPositionProperty: BooleanProperty [value: false]
11:02:33.582 [FXGL Background Thread 3 ] DEBUG Engine               - enabledMenuItems: []
11:02:33.583 [FXGL Background Thread 3 ] DEBUG Engine               - engineServices: [class com.almasb.fxgl.app.services.FXGLAssetLoaderService, class com.almasb.fxgl.app.FXGLApplication$GameApplicationService, class com.almasb.fxgl.app.services.FXGLDialogService, class com.almasb.fxgl.app.services.IOTaskExecutorService, class com.almasb.fxgl.io.FileSystemService, class com.almasb.fxgl.localization.LocalizationService, class com.almasb.fxgl.app.services.SystemBundleService, class com.almasb.fxgl.profile.SaveLoadService, class com.almasb.fxgl.ui.FXGLUIFactoryServiceProvider, class com.almasb.fxgl.ui.FXGLDialogFactoryServiceProvider, class com.almasb.fxgl.audio.AudioPlayer, class com.almasb.fxgl.notification.impl.NotificationServiceProvider, class com.almasb.fxgl.achievement.AchievementService, class com.almasb.fxgl.cutscene.CutsceneService, class com.almasb.fxgl.minigames.MiniGameService, class com.almasb.fxgl.net.NetService, class com.almasb.fxgl.app.services.UpdaterService, class com.almasb.fxgl.dev.DevService]
11:02:33.583 [FXGL Background Thread 3 ] DEBUG Engine               - fontGame: Abel-Regular.ttf
11:02:33.583 [FXGL Background Thread 3 ] DEBUG Engine               - fontMono: TerminalLandMono-Regular.otf
11:02:33.583 [FXGL Background Thread 3 ] DEBUG Engine               - fontText: Courier-Prime.ttf
11:02:33.583 [FXGL Background Thread 3 ] DEBUG Engine               - fontUI: VarelaRound-Regular.ttf
11:02:33.583 [FXGL Background Thread 3 ] DEBUG Engine               - fullScreen: BooleanProperty [value: false]
11:02:33.583 [FXGL Background Thread 3 ] DEBUG Engine               - gameDifficulty: MEDIUM
11:02:33.583 [FXGL Background Thread 3 ] DEBUG Engine               - gameDifficultyProperty: ObjectProperty [value: MEDIUM]
11:02:33.584 [FXGL Background Thread 3 ] DEBUG Engine               - globalMusicVolume: 0.5
11:02:33.584 [FXGL Background Thread 3 ] DEBUG Engine               - globalMusicVolumeProperty: DoubleProperty [value: 0.5]
11:02:33.584 [FXGL Background Thread 3 ] DEBUG Engine               - globalSoundVolume: 0.5
11:02:33.584 [FXGL Background Thread 3 ] DEBUG Engine               - globalSoundVolumeProperty: DoubleProperty [value: 0.5]
11:02:33.584 [FXGL Background Thread 3 ] DEBUG Engine               - height: 600
11:02:33.584 [FXGL Background Thread 3 ] DEBUG Engine               - is3D: false
11:02:33.584 [FXGL Background Thread 3 ] DEBUG Engine               - isAndroid: false
11:02:33.585 [FXGL Background Thread 3 ] DEBUG Engine               - isBrowser: false
11:02:33.585 [FXGL Background Thread 3 ] DEBUG Engine               - isClickFeedbackEnabled: false
11:02:33.585 [FXGL Background Thread 3 ] DEBUG Engine               - isCloseConfirmation: false
11:02:33.585 [FXGL Background Thread 3 ] DEBUG Engine               - isDesktop: true
11:02:33.585 [FXGL Background Thread 3 ] DEBUG Engine               - isDeveloperMenuEnabled: false
11:02:33.585 [FXGL Background Thread 3 ] DEBUG Engine               - isEmbedded: false
11:02:33.585 [FXGL Background Thread 3 ] DEBUG Engine               - isEntityPreloadEnabled: true
11:02:33.585 [FXGL Background Thread 3 ] DEBUG Engine               - isExperimentalTiledLargeMap: false
11:02:33.585 [FXGL Background Thread 3 ] DEBUG Engine               - isFileSystemWriteAllowed: true
11:02:33.586 [FXGL Background Thread 3 ] DEBUG Engine               - isFullScreenAllowed: false
11:02:33.586 [FXGL Background Thread 3 ] DEBUG Engine               - isFullScreenFromStart: false
11:02:33.586 [FXGL Background Thread 3 ] DEBUG Engine               - isGameMenuEnabled: true
11:02:33.586 [FXGL Background Thread 3 ] DEBUG Engine               - isIOS: false
11:02:33.586 [FXGL Background Thread 3 ] DEBUG Engine               - isIntroEnabled: false
11:02:33.586 [FXGL Background Thread 3 ] DEBUG Engine               - isLinux: false
11:02:33.586 [FXGL Background Thread 3 ] DEBUG Engine               - isMac: false
11:02:33.586 [FXGL Background Thread 3 ] DEBUG Engine               - isMainMenuEnabled: false
11:02:33.586 [FXGL Background Thread 3 ] DEBUG Engine               - isManualResizeEnabled: false
11:02:33.587 [FXGL Background Thread 3 ] DEBUG Engine               - isMobile: false
11:02:33.587 [FXGL Background Thread 3 ] DEBUG Engine               - isNative: false
11:02:33.587 [FXGL Background Thread 3 ] DEBUG Engine               - isPauseMusicWhenMinimized: true
11:02:33.587 [FXGL Background Thread 3 ] DEBUG Engine               - isPreserveResizeRatio: false
11:02:33.587 [FXGL Background Thread 3 ] DEBUG Engine               - isProfilingEnabled: false
11:02:33.587 [FXGL Background Thread 3 ] DEBUG Engine               - isScaleAffectedOnResize: true
11:02:33.587 [FXGL Background Thread 3 ] DEBUG Engine               - isSingleStep: false
11:02:33.587 [FXGL Background Thread 3 ] DEBUG Engine               - isUserProfileEnabled: false
11:02:33.587 [FXGL Background Thread 3 ] DEBUG Engine               - isWindows: true
11:02:33.588 [FXGL Background Thread 3 ] DEBUG Engine               - language: ObjectProperty [value: ENGLISH]
11:02:33.588 [FXGL Background Thread 3 ] DEBUG Engine               - menuKey: ESCAPE
11:02:33.588 [FXGL Background Thread 3 ] DEBUG Engine               - mouseSensitivity: 0.2
11:02:33.588 [FXGL Background Thread 3 ] DEBUG Engine               - notificationViewClass: class com.almasb.fxgl.notification.view.XboxNotificationView
11:02:33.588 [FXGL Background Thread 3 ] DEBUG Engine               - pixelsPerMeter: 50.0
11:02:33.588 [FXGL Background Thread 3 ] DEBUG Engine               - platform: WINDOWS
11:02:33.588 [FXGL Background Thread 3 ] DEBUG Engine               - prefHeightProperty: ReadOnlyDoubleProperty [value: 600.0]
11:02:33.588 [FXGL Background Thread 3 ] DEBUG Engine               - prefWidthProperty: ReadOnlyDoubleProperty [value: 1000.0]
11:02:33.588 [FXGL Background Thread 3 ] DEBUG Engine               - profileDir: profiles/
11:02:33.589 [FXGL Background Thread 3 ] DEBUG Engine               - profileName: StringProperty [value: DEFAULT]
11:02:33.589 [FXGL Background Thread 3 ] DEBUG Engine               - randomSeed: -1
11:02:33.589 [FXGL Background Thread 3 ] DEBUG Engine               - runtimeInfo: RuntimeInfo(platform=WINDOWS, version=17.1, build=24.03.2022 17.34)
11:02:33.589 [FXGL Background Thread 3 ] DEBUG Engine               - saveFileExt: sav
11:02:33.589 [FXGL Background Thread 3 ] DEBUG Engine               - scaledHeightProp$fxgl: DoubleProperty [bound, value: 600.0]
11:02:33.589 [FXGL Background Thread 3 ] DEBUG Engine               - scaledWidthProp$fxgl: DoubleProperty [bound, value: 1000.0]
11:02:33.589 [FXGL Background Thread 3 ] DEBUG Engine               - sceneFactory: com.almasb.fxgl.app.scene.SceneFactory@47ba1213
11:02:33.590 [FXGL Background Thread 3 ] DEBUG Engine               - secondsIn24h: 60
11:02:33.590 [FXGL Background Thread 3 ] DEBUG Engine               - soundMenuBack: menu/back.wav
11:02:33.590 [FXGL Background Thread 3 ] DEBUG Engine               - soundMenuPress: menu/press.wav
11:02:33.590 [FXGL Background Thread 3 ] DEBUG Engine               - soundMenuSelect: menu/select.wav
11:02:33.590 [FXGL Background Thread 3 ] DEBUG Engine               - soundNotification: core/notification.wav
11:02:33.590 [FXGL Background Thread 3 ] DEBUG Engine               - stageStyle: DECORATED
11:02:33.590 [FXGL Background Thread 3 ] DEBUG Engine               - supportedLanguages: [ENGLISH, FRENCH, GERMAN, HUNGARIAN, RUSSIAN]
11:02:33.590 [FXGL Background Thread 3 ] DEBUG Engine               - ticksPerSecond: -1
11:02:33.590 [FXGL Background Thread 3 ] DEBUG Engine               - title: Gestión de Áreas
11:02:33.590 [FXGL Background Thread 3 ] DEBUG Engine               - urlGithub: https://github.com/AlmasB/FXGL
11:02:33.590 [FXGL Background Thread 3 ] DEBUG Engine               - urlLeaderboard: http://fxgl-top.herokuapp.com/
11:02:33.591 [FXGL Background Thread 3 ] DEBUG Engine               - urlPOM: https://raw.githubusercontent.com/AlmasB/FXGL/release/README.md
11:02:33.591 [FXGL Background Thread 3 ] DEBUG Engine               - userAppClass: class org.example.Main
11:02:33.591 [FXGL Background Thread 3 ] DEBUG Engine               - version: 1.0
11:02:33.591 [FXGL Background Thread 3 ] DEBUG Engine               - versionCheckDays: 7
11:02:33.591 [FXGL Background Thread 3 ] DEBUG Engine               - width: 1000
11:02:33.591 [FXGL Background Thread 3 ] DEBUG Engine               - Logging services
11:02:33.591 [FXGL Background Thread 3 ] DEBUG Engine               - class com.almasb.fxgl.app.services.FXGLAssetLoaderService
11:02:33.591 [FXGL Background Thread 3 ] DEBUG Engine               - class com.almasb.fxgl.app.FXGLApplication$GameApplicationService
11:02:33.591 [FXGL Background Thread 3 ] DEBUG Engine               - class com.almasb.fxgl.app.services.FXGLDialogService
11:02:33.591 [FXGL Background Thread 3 ] DEBUG Engine               - class com.almasb.fxgl.app.services.IOTaskExecutorService
11:02:33.592 [FXGL Background Thread 3 ] DEBUG Engine               - class com.almasb.fxgl.io.FileSystemService
11:02:33.592 [FXGL Background Thread 3 ] DEBUG Engine               - class com.almasb.fxgl.localization.LocalizationService
11:02:33.592 [FXGL Background Thread 3 ] DEBUG Engine               - class com.almasb.fxgl.app.services.SystemBundleService
11:02:33.592 [FXGL Background Thread 3 ] DEBUG Engine               - class com.almasb.fxgl.profile.SaveLoadService
11:02:33.593 [FXGL Background Thread 3 ] DEBUG Engine               - class com.almasb.fxgl.ui.FXGLUIFactoryServiceProvider
11:02:33.593 [FXGL Background Thread 3 ] DEBUG Engine               - class com.almasb.fxgl.ui.FXGLDialogFactoryServiceProvider
11:02:33.593 [FXGL Background Thread 3 ] DEBUG Engine               - class com.almasb.fxgl.audio.AudioPlayer
11:02:33.593 [FXGL Background Thread 3 ] DEBUG Engine               - class com.almasb.fxgl.notification.impl.NotificationServiceProvider
11:02:33.594 [FXGL Background Thread 3 ] DEBUG Engine               - class com.almasb.fxgl.achievement.AchievementService
11:02:33.594 [FXGL Background Thread 3 ] DEBUG Engine               - class com.almasb.fxgl.cutscene.CutsceneService
11:02:33.594 [FXGL Background Thread 3 ] DEBUG Engine               - class com.almasb.fxgl.minigames.MiniGameService
11:02:33.594 [FXGL Background Thread 3 ] DEBUG Engine               - class com.almasb.fxgl.net.NetService
11:02:33.594 [FXGL Background Thread 3 ] DEBUG Engine               - class com.almasb.fxgl.app.services.UpdaterService
11:02:33.594 [FXGL Background Thread 3 ] DEBUG Engine               - class com.almasb.fxgl.dev.DevService
11:02:48.423 [JavaFX Application Thread] DEBUG FXGLApplication      - Exiting FXGL
11:02:48.424 [JavaFX Application Thread] DEBUG LoopRunner           - Stopping loop
11:02:48.424 [JavaFX Application Thread] DEBUG SystemBundleService  - Saving FXGL system data
11:02:48.433 [JavaFX Application Thread] DEBUG FileSystemAccess     - Writing to: C:\Users\100070997\Desktop\restaurant_simulator\system\fxgl.bundle
11:02:48.437 [JavaFX Application Thread] DEBUG Async                - Shutting down background threads
11:02:48.438 [JavaFX Application Thread] DEBUG PrimaryStageWindow   - Closing main window
11:02:48.461 [JavaFX Application Thread] DEBUG Logger               - Closing Logger
