05:19:59.432 [main                     ] DEBUG Logger               - Configured Logger
05:19:59.486 [main                     ] DEBUG GameApplication      - Logging settings
Title: Gestión de Áreas
Version: 1.0
Width: 1000
Height: 600
Fullscreen: false
Intro: false
Profiling: false
Single step:false
App Mode: DEVELOPER
Menu Key: ESCAPE
Stage Style: DECORATED
Scene Factory: class com.almasb.fxgl.app.scene.SceneFactory

05:20:00.472 [JavaFX Application Thread] DEBUG FXGLApplication      - Initializing FXGL
05:20:00.485 [JavaFX Application Thread] INFO  Engine               - FXGL-17.1 (24.03.2022 17.34) on WINDOWS (J:17.0.5 FX:18)
05:20:00.486 [JavaFX Application Thread] DEBUG Engine               - JRE Vendor Name: Eclipse Adoptium
05:20:00.486 [JavaFX Application Thread] DEBUG Engine               - Running on OS: Windows 11 version 10.0
05:20:00.487 [JavaFX Application Thread] DEBUG Engine               - Architecture: amd64
05:20:00.487 [JavaFX Application Thread] INFO  Engine               - Source code and latest versions at: https://github.com/AlmasB/FXGL
05:20:00.488 [JavaFX Application Thread] INFO  Engine               -       Ask questions and discuss at: https://github.com/AlmasB/FXGL/discussions
05:20:00.488 [JavaFX Application Thread] INFO  Engine               -              Join the FXGL chat at: https://gitter.im/AlmasB/FXGL
05:20:00.851 [JavaFX Application Thread] DEBUG PrimaryStageWindow   - Creating a JavaFX scene
05:20:01.028 [JavaFX Application Thread] DEBUG PrimaryStageWindow   - Target settings size: 1000.0 x 600.0
05:20:01.029 [JavaFX Application Thread] DEBUG PrimaryStageWindow   - Scaled scene size:    1000.0 x 600.0
05:20:01.029 [JavaFX Application Thread] DEBUG PrimaryStageWindow   - Scaled ratio: (1.0, 1.0)
05:20:01.031 [JavaFX Application Thread] DEBUG PrimaryStageWindow   - Set initial scene to FXGLStartupScene
05:20:01.050 [JavaFX Application Thread] DEBUG PrimaryStageWindow   - Opening main window
05:20:01.215 [JavaFX Application Thread] DEBUG PrimaryStageWindow   - Window border size: (14.66668701171875, 37.33331298828125)
05:20:01.217 [JavaFX Application Thread] DEBUG PrimaryStageWindow   - Scaled size: 1000.0 x 600.0
05:20:01.218 [JavaFX Application Thread] DEBUG PrimaryStageWindow   - Scaled ratio: (1.0, 1.0)
05:20:01.218 [JavaFX Application Thread] DEBUG PrimaryStageWindow   - Scene size: 1000.0 x 600.0
05:20:01.219 [JavaFX Application Thread] DEBUG PrimaryStageWindow   - Stage size: 1014.6666870117188 x 637.3333129882812
05:20:01.234 [FXGL Background Thread 1 ] DEBUG Engine               - Initializing environment variables
05:20:01.332 [FXGL Background Thread 1 ] DEBUG FXGLAssetLoaderServi - User app class for loading assets: class org.example.Main
05:20:01.333 [FXGL Background Thread 1 ] DEBUG GameApplicationServi - Applying CSS: fxgl_dark.css
05:20:01.336 [FXGL Background Thread 1 ] DEBUG FXGLAssetLoaderServi - Loading from file system: jar:file:/C:/Users/100070997/.m2/repository/com/github/almasb/fxgl/17.1/fxgl-17.1.jar!/fxglassets/ui/css/fxgl_dark.css
05:20:01.431 [FXGL Background Thread 1 ] DEBUG GameApplicationServi - Initializing application scenes
05:20:01.522 [FXGL Background Thread 1 ] DEBUG GameWorld            - Game world initialized
05:20:01.636 [FXGL Background Thread 1 ] DEBUG PhysicsWorld         - Physics world initialized: appHeight=600, physics.ppm=50.0
05:20:01.636 [FXGL Background Thread 1 ] DEBUG PhysicsWorld         - Using strategy: BRUTE_FORCE
05:20:01.645 [FXGL Background Thread 1 ] DEBUG GameScene            - Game scene initialized: 1000x600
05:20:01.675 [FXGL Background Thread 1 ] DEBUG FXGL.DefaultMenu     - createMenuBodyGameMenu()
05:20:01.711 [FXGL Background Thread 1 ] DEBUG FXGL.DefaultMenu     - createOptionsMenu()
05:20:01.740 [FXGL Background Thread 1 ] DEBUG FXGLAssetLoaderServi - Loading from file system: jar:file:/C:/Users/100070997/.m2/repository/com/github/almasb/fxgl/17.1/fxgl-17.1.jar!/fxglassets/textures/particles/smoke.png
05:20:01.937 [FXGL Background Thread 1 ] DEBUG FXGLAssetLoaderServi - Loading from file system: jar:file:/C:/Users/100070997/.m2/repository/com/github/almasb/fxgl/17.1/fxgl-17.1.jar!/fxglassets/textures/particles/trace_horizontal.png
05:20:02.003 [FXGL Background Thread 1 ] DEBUG GameApplicationServi - Application scenes initialized
05:20:02.023 [FXGL Background Thread 1 ] DEBUG SystemBundleService  - Loading FXGL system data
05:20:02.030 [FXGL Background Thread 1 ] DEBUG FileSystemAccess     - Reading from: C:\Users\100070997\Desktop\restaurant_simulator\system\fxgl.bundle
05:20:02.041 [FXGL Background Thread 1 ] DEBUG SystemBundleService  - Bundle FXGL: {}
05:20:02.041 [FXGL Background Thread 1 ] DEBUG UpdaterService       - Checking for updates
05:20:02.047 [FXGL Background Thread 4 ] DEBUG FXGLApplication      - Loading fonts
05:20:02.048 [FXGL Background Thread 4 ] DEBUG FXGLAssetLoaderServi - Loading from file system: jar:file:/C:/Users/100070997/.m2/repository/com/github/almasb/fxgl/17.1/fxgl-17.1.jar!/fxglassets/ui/fonts/VarelaRound-Regular.ttf
05:20:02.048 [FXGL Background Thread 1 ] DEBUG FXGLApplication      - Loading default localization
05:20:02.050 [FXGL Background Thread 1 ] DEBUG FXGLAssetLoaderServi - Loading from file system: jar:file:/C:/Users/100070997/.m2/repository/com/github/almasb/fxgl/17.1/fxgl-17.1.jar!/fxglassets/languages/english.lang
05:20:02.095 [FXGL Background Thread 1 ] INFO  FXGLApplication      - FXGL initialization took: 0.860 sec
05:20:02.097 [JavaFX Application Thread] DEBUG FXGLAssetLoaderServi - Loading from file system: jar:file:/C:/Users/100070997/.m2/repository/com/github/almasb/fxgl/17.1/fxgl-17.1.jar!/fxglassets/textures/fxgl_icon.png
05:20:02.177 [JavaFX Application Thread] DEBUG FXGLAssetLoaderServi - Loading from file system: jar:file:/C:/Users/100070997/.m2/repository/com/github/almasb/fxgl/17.1/fxgl-17.1.jar!/fxglassets/textures/fxgl_default_cursor.png
05:20:02.217 [JavaFX Application Thread] DEBUG Input                - Registered new binding: Screenshot - CTRL+8
05:20:02.218 [JavaFX Application Thread] DEBUG Input                - Registered new binding: System info dump - CTRL+9
05:20:02.219 [JavaFX Application Thread] DEBUG Input                - Registered new binding: Restart - CTRL+R
05:20:02.222 [JavaFX Application Thread] DEBUG Input                - Registered new binding: Toggle Debug Camera - CTRL+7
05:20:02.227 [FXGL Background Thread 4 ] DEBUG FXGLAssetLoaderServi - Loading from file system: jar:file:/C:/Users/100070997/.m2/repository/com/github/almasb/fxgl/17.1/fxgl-17.1.jar!/fxglassets/ui/fonts/Abel-Regular.ttf
05:20:02.229 [JavaFX Application Thread] DEBUG LoopRunner           - Starting loop
05:20:02.229 [JavaFX Application Thread] DEBUG LoopRunner           - Initializing JavaFX AnimationTimerLoop
05:20:02.234 [JavaFX Application Thread] DEBUG GameApplicationServi - Starting new game
05:20:02.234 [JavaFX Application Thread] DEBUG Input                - Clearing active input actions
05:20:02.252 [FXGL Background Thread 4 ] DEBUG FXGLAssetLoaderServi - Loading from file system: jar:file:/C:/Users/100070997/.m2/repository/com/github/almasb/fxgl/17.1/fxgl-17.1.jar!/fxglassets/ui/fonts/TerminalLandMono-Regular.otf
05:20:02.258 [JavaFX Application Thread] DEBUG GameApplicationServi - Removing overlay from FXGLStartupScene and adding to FXGLLoadingScene
05:20:02.259 [JavaFX Application Thread] DEBUG PrimaryStageWindow   - FXGLStartupScene -> FXGLLoadingScene
05:20:02.260 [JavaFX Application Thread] DEBUG GameApplicationServi - Clearing previous game
05:20:02.260 [JavaFX Application Thread] DEBUG GameScene            - Clearing game scene
05:20:02.260 [JavaFX Application Thread] DEBUG GameWorld            - Clearing game world
05:20:02.260 [JavaFX Application Thread] DEBUG PhysicsWorld         - Clearing physics world
05:20:02.266 [FXGL Background Thread 1 ] DEBUG FXGLApplication      - Initializing game
05:20:02.277 [FXGL Background Thread 4 ] DEBUG FXGLAssetLoaderServi - Loading from file system: jar:file:/C:/Users/100070997/.m2/repository/com/github/almasb/fxgl/17.1/fxgl-17.1.jar!/fxglassets/ui/fonts/Courier-Prime.ttf
05:20:02.353 [JavaFX Application Thread] DEBUG FXGLApplication      - Registering font factories with UI factory
05:20:03.080 [FXGL Background Thread 1 ] INFO  FXGLApplication      - Game initialization took: 0.813 sec
05:20:03.085 [JavaFX Application Thread] DEBUG Input                - Clearing active input actions
05:20:03.119 [JavaFX Application Thread] DEBUG GameApplicationServi - Removing overlay from FXGLLoadingScene and adding to GameScene
05:20:03.120 [JavaFX Application Thread] DEBUG PrimaryStageWindow   - FXGLLoadingScene -> GameScene
05:20:03.187 [FXGL Background Thread 2 ] INFO  UpdaterService       - Your current version:  17.1
05:20:03.189 [FXGL Background Thread 2 ] INFO  UpdaterService       - Latest stable version: 21.1
05:20:05.046 [FXGL Background Thread 3 ] DEBUG Engine               - Logging environment variables
05:20:05.049 [FXGL Background Thread 3 ] DEBUG Engine               - achievements: []
05:20:05.050 [FXGL Background Thread 3 ] DEBUG Engine               - actualHeight: 600.0
05:20:05.050 [FXGL Background Thread 3 ] DEBUG Engine               - actualHeightProperty: ReadOnlyDoubleProperty [value: 600.0]
05:20:05.051 [FXGL Background Thread 3 ] DEBUG Engine               - actualWidth: 1000.0
05:20:05.051 [FXGL Background Thread 3 ] DEBUG Engine               - actualWidthProperty: ReadOnlyDoubleProperty [value: 1000.0]
05:20:05.052 [FXGL Background Thread 3 ] DEBUG Engine               - appIcon: fxgl_icon.png
05:20:05.052 [FXGL Background Thread 3 ] DEBUG Engine               - applicationMode: DEVELOPER
05:20:05.053 [FXGL Background Thread 3 ] DEBUG Engine               - cSSList: [fxgl_dark.css]
05:20:05.054 [FXGL Background Thread 3 ] DEBUG Engine               - collisionDetectionStrategy: BRUTE_FORCE
05:20:05.054 [FXGL Background Thread 3 ] DEBUG Engine               - configClass: Optional.empty
05:20:05.055 [FXGL Background Thread 3 ] DEBUG Engine               - credits: []
05:20:05.056 [FXGL Background Thread 3 ] DEBUG Engine               - defaultCursor: CursorInfo(imageName=fxgl_default_cursor.png, hotspotX=7.0, hotspotY=6.0)
05:20:05.057 [FXGL Background Thread 3 ] DEBUG Engine               - devBBoxColorProperty: ObjectProperty [value: 0xff0000ff]
05:20:05.057 [FXGL Background Thread 3 ] DEBUG Engine               - devEnableDebugCameraProperty: BooleanProperty [value: false]
05:20:05.058 [FXGL Background Thread 3 ] DEBUG Engine               - devSensorColorProperty: ObjectProperty [value: 0xffff00ff]
05:20:05.058 [FXGL Background Thread 3 ] DEBUG Engine               - devShowBBoxProperty: BooleanProperty [value: false]
05:20:05.059 [FXGL Background Thread 3 ] DEBUG Engine               - devShowPositionProperty: BooleanProperty [value: false]
05:20:05.059 [FXGL Background Thread 3 ] DEBUG Engine               - enabledMenuItems: []
05:20:05.059 [FXGL Background Thread 3 ] DEBUG Engine               - engineServices: [class com.almasb.fxgl.app.services.FXGLAssetLoaderService, class com.almasb.fxgl.app.FXGLApplication$GameApplicationService, class com.almasb.fxgl.app.services.FXGLDialogService, class com.almasb.fxgl.app.services.IOTaskExecutorService, class com.almasb.fxgl.io.FileSystemService, class com.almasb.fxgl.localization.LocalizationService, class com.almasb.fxgl.app.services.SystemBundleService, class com.almasb.fxgl.profile.SaveLoadService, class com.almasb.fxgl.ui.FXGLUIFactoryServiceProvider, class com.almasb.fxgl.ui.FXGLDialogFactoryServiceProvider, class com.almasb.fxgl.audio.AudioPlayer, class com.almasb.fxgl.notification.impl.NotificationServiceProvider, class com.almasb.fxgl.achievement.AchievementService, class com.almasb.fxgl.cutscene.CutsceneService, class com.almasb.fxgl.minigames.MiniGameService, class com.almasb.fxgl.net.NetService, class com.almasb.fxgl.app.services.UpdaterService, class com.almasb.fxgl.dev.DevService]
05:20:05.060 [FXGL Background Thread 3 ] DEBUG Engine               - fontGame: Abel-Regular.ttf
05:20:05.060 [FXGL Background Thread 3 ] DEBUG Engine               - fontMono: TerminalLandMono-Regular.otf
05:20:05.060 [FXGL Background Thread 3 ] DEBUG Engine               - fontText: Courier-Prime.ttf
05:20:05.061 [FXGL Background Thread 3 ] DEBUG Engine               - fontUI: VarelaRound-Regular.ttf
05:20:05.061 [FXGL Background Thread 3 ] DEBUG Engine               - fullScreen: BooleanProperty [value: false]
05:20:05.061 [FXGL Background Thread 3 ] DEBUG Engine               - gameDifficulty: MEDIUM
05:20:05.061 [FXGL Background Thread 3 ] DEBUG Engine               - gameDifficultyProperty: ObjectProperty [value: MEDIUM]
05:20:05.061 [FXGL Background Thread 3 ] DEBUG Engine               - globalMusicVolume: 0.5
05:20:05.062 [FXGL Background Thread 3 ] DEBUG Engine               - globalMusicVolumeProperty: DoubleProperty [value: 0.5]
05:20:05.062 [FXGL Background Thread 3 ] DEBUG Engine               - globalSoundVolume: 0.5
05:20:05.063 [FXGL Background Thread 3 ] DEBUG Engine               - globalSoundVolumeProperty: DoubleProperty [value: 0.5]
05:20:05.063 [FXGL Background Thread 3 ] DEBUG Engine               - height: 600
05:20:05.064 [FXGL Background Thread 3 ] DEBUG Engine               - is3D: false
05:20:05.064 [FXGL Background Thread 3 ] DEBUG Engine               - isAndroid: false
05:20:05.065 [FXGL Background Thread 3 ] DEBUG Engine               - isBrowser: false
05:20:05.065 [FXGL Background Thread 3 ] DEBUG Engine               - isClickFeedbackEnabled: false
05:20:05.066 [FXGL Background Thread 3 ] DEBUG Engine               - isCloseConfirmation: false
05:20:05.066 [FXGL Background Thread 3 ] DEBUG Engine               - isDesktop: true
05:20:05.066 [FXGL Background Thread 3 ] DEBUG Engine               - isDeveloperMenuEnabled: false
05:20:05.067 [FXGL Background Thread 3 ] DEBUG Engine               - isEmbedded: false
05:20:05.067 [FXGL Background Thread 3 ] DEBUG Engine               - isEntityPreloadEnabled: true
05:20:05.068 [FXGL Background Thread 3 ] DEBUG Engine               - isExperimentalTiledLargeMap: false
05:20:05.068 [FXGL Background Thread 3 ] DEBUG Engine               - isFileSystemWriteAllowed: true
05:20:05.068 [FXGL Background Thread 3 ] DEBUG Engine               - isFullScreenAllowed: false
05:20:05.069 [FXGL Background Thread 3 ] DEBUG Engine               - isFullScreenFromStart: false
05:20:05.069 [FXGL Background Thread 3 ] DEBUG Engine               - isGameMenuEnabled: true
05:20:05.069 [FXGL Background Thread 3 ] DEBUG Engine               - isIOS: false
05:20:05.070 [FXGL Background Thread 3 ] DEBUG Engine               - isIntroEnabled: false
05:20:05.070 [FXGL Background Thread 3 ] DEBUG Engine               - isLinux: false
05:20:05.070 [FXGL Background Thread 3 ] DEBUG Engine               - isMac: false
05:20:05.071 [FXGL Background Thread 3 ] DEBUG Engine               - isMainMenuEnabled: false
05:20:05.071 [FXGL Background Thread 3 ] DEBUG Engine               - isManualResizeEnabled: false
05:20:05.072 [FXGL Background Thread 3 ] DEBUG Engine               - isMobile: false
05:20:05.072 [FXGL Background Thread 3 ] DEBUG Engine               - isNative: false
05:20:05.072 [FXGL Background Thread 3 ] DEBUG Engine               - isPauseMusicWhenMinimized: true
05:20:05.073 [FXGL Background Thread 3 ] DEBUG Engine               - isPreserveResizeRatio: false
05:20:05.073 [FXGL Background Thread 3 ] DEBUG Engine               - isProfilingEnabled: false
05:20:05.075 [FXGL Background Thread 3 ] DEBUG Engine               - isScaleAffectedOnResize: true
05:20:05.075 [FXGL Background Thread 3 ] DEBUG Engine               - isSingleStep: false
05:20:05.075 [FXGL Background Thread 3 ] DEBUG Engine               - isUserProfileEnabled: false
05:20:05.076 [FXGL Background Thread 3 ] DEBUG Engine               - isWindows: true
05:20:05.076 [FXGL Background Thread 3 ] DEBUG Engine               - language: ObjectProperty [value: ENGLISH]
05:20:05.077 [FXGL Background Thread 3 ] DEBUG Engine               - menuKey: ESCAPE
05:20:05.077 [FXGL Background Thread 3 ] DEBUG Engine               - mouseSensitivity: 0.2
05:20:05.077 [FXGL Background Thread 3 ] DEBUG Engine               - notificationViewClass: class com.almasb.fxgl.notification.view.XboxNotificationView
05:20:05.077 [FXGL Background Thread 3 ] DEBUG Engine               - pixelsPerMeter: 50.0
05:20:05.077 [FXGL Background Thread 3 ] DEBUG Engine               - platform: WINDOWS
05:20:05.078 [FXGL Background Thread 3 ] DEBUG Engine               - prefHeightProperty: ReadOnlyDoubleProperty [value: 600.0]
05:20:05.078 [FXGL Background Thread 3 ] DEBUG Engine               - prefWidthProperty: ReadOnlyDoubleProperty [value: 1000.0]
05:20:05.078 [FXGL Background Thread 3 ] DEBUG Engine               - profileDir: profiles/
05:20:05.079 [FXGL Background Thread 3 ] DEBUG Engine               - profileName: StringProperty [value: DEFAULT]
05:20:05.079 [FXGL Background Thread 3 ] DEBUG Engine               - randomSeed: -1
05:20:05.082 [FXGL Background Thread 3 ] DEBUG Engine               - runtimeInfo: RuntimeInfo(platform=WINDOWS, version=17.1, build=24.03.2022 17.34)
05:20:05.082 [FXGL Background Thread 3 ] DEBUG Engine               - saveFileExt: sav
05:20:05.083 [FXGL Background Thread 3 ] DEBUG Engine               - scaledHeightProp$fxgl: DoubleProperty [bound, value: 600.0]
05:20:05.083 [FXGL Background Thread 3 ] DEBUG Engine               - scaledWidthProp$fxgl: DoubleProperty [bound, value: 1000.0]
05:20:05.084 [FXGL Background Thread 3 ] DEBUG Engine               - sceneFactory: com.almasb.fxgl.app.scene.SceneFactory@1493f1c3
05:20:05.084 [FXGL Background Thread 3 ] DEBUG Engine               - secondsIn24h: 60
05:20:05.085 [FXGL Background Thread 3 ] DEBUG Engine               - soundMenuBack: menu/back.wav
05:20:05.085 [FXGL Background Thread 3 ] DEBUG Engine               - soundMenuPress: menu/press.wav
05:20:05.085 [FXGL Background Thread 3 ] DEBUG Engine               - soundMenuSelect: menu/select.wav
05:20:05.086 [FXGL Background Thread 3 ] DEBUG Engine               - soundNotification: core/notification.wav
05:20:05.086 [FXGL Background Thread 3 ] DEBUG Engine               - stageStyle: DECORATED
05:20:05.087 [FXGL Background Thread 3 ] DEBUG Engine               - supportedLanguages: [ENGLISH, FRENCH, GERMAN, HUNGARIAN, RUSSIAN]
05:20:05.088 [FXGL Background Thread 3 ] DEBUG Engine               - ticksPerSecond: -1
05:20:05.088 [FXGL Background Thread 3 ] DEBUG Engine               - title: Gestión de Áreas
05:20:05.089 [FXGL Background Thread 3 ] DEBUG Engine               - urlGithub: https://github.com/AlmasB/FXGL
05:20:05.089 [FXGL Background Thread 3 ] DEBUG Engine               - urlLeaderboard: http://fxgl-top.herokuapp.com/
05:20:05.090 [FXGL Background Thread 3 ] DEBUG Engine               - urlPOM: https://raw.githubusercontent.com/AlmasB/FXGL/release/README.md
05:20:05.090 [FXGL Background Thread 3 ] DEBUG Engine               - userAppClass: class org.example.Main
05:20:05.090 [FXGL Background Thread 3 ] DEBUG Engine               - version: 1.0
05:20:05.091 [FXGL Background Thread 3 ] DEBUG Engine               - versionCheckDays: 7
05:20:05.091 [FXGL Background Thread 3 ] DEBUG Engine               - width: 1000
05:20:05.092 [FXGL Background Thread 3 ] DEBUG Engine               - Logging services
05:20:05.092 [FXGL Background Thread 3 ] DEBUG Engine               - class com.almasb.fxgl.app.services.FXGLAssetLoaderService
05:20:05.092 [FXGL Background Thread 3 ] DEBUG Engine               - class com.almasb.fxgl.app.FXGLApplication$GameApplicationService
05:20:05.093 [FXGL Background Thread 3 ] DEBUG Engine               - class com.almasb.fxgl.app.services.FXGLDialogService
05:20:05.093 [FXGL Background Thread 3 ] DEBUG Engine               - class com.almasb.fxgl.app.services.IOTaskExecutorService
05:20:05.094 [FXGL Background Thread 3 ] DEBUG Engine               - class com.almasb.fxgl.io.FileSystemService
05:20:05.094 [FXGL Background Thread 3 ] DEBUG Engine               - class com.almasb.fxgl.localization.LocalizationService
05:20:05.095 [FXGL Background Thread 3 ] DEBUG Engine               - class com.almasb.fxgl.app.services.SystemBundleService
05:20:05.095 [FXGL Background Thread 3 ] DEBUG Engine               - class com.almasb.fxgl.profile.SaveLoadService
05:20:05.095 [FXGL Background Thread 3 ] DEBUG Engine               - class com.almasb.fxgl.ui.FXGLUIFactoryServiceProvider
05:20:05.096 [FXGL Background Thread 3 ] DEBUG Engine               - class com.almasb.fxgl.ui.FXGLDialogFactoryServiceProvider
05:20:05.096 [FXGL Background Thread 3 ] DEBUG Engine               - class com.almasb.fxgl.audio.AudioPlayer
05:20:05.096 [FXGL Background Thread 3 ] DEBUG Engine               - class com.almasb.fxgl.notification.impl.NotificationServiceProvider
05:20:05.097 [FXGL Background Thread 3 ] DEBUG Engine               - class com.almasb.fxgl.achievement.AchievementService
05:20:05.098 [FXGL Background Thread 3 ] DEBUG Engine               - class com.almasb.fxgl.cutscene.CutsceneService
05:20:05.098 [FXGL Background Thread 3 ] DEBUG Engine               - class com.almasb.fxgl.minigames.MiniGameService
05:20:05.099 [FXGL Background Thread 3 ] DEBUG Engine               - class com.almasb.fxgl.net.NetService
05:20:05.099 [FXGL Background Thread 3 ] DEBUG Engine               - class com.almasb.fxgl.app.services.UpdaterService
05:20:05.099 [FXGL Background Thread 3 ] DEBUG Engine               - class com.almasb.fxgl.dev.DevService
05:20:30.658 [JavaFX Application Thread] DEBUG FXGLApplication      - Exiting FXGL
05:20:30.659 [JavaFX Application Thread] DEBUG LoopRunner           - Stopping loop
05:20:30.659 [JavaFX Application Thread] DEBUG SystemBundleService  - Saving FXGL system data
05:20:30.705 [JavaFX Application Thread] DEBUG FileSystemAccess     - Writing to: C:\Users\100070997\Desktop\restaurant_simulator\system\fxgl.bundle
05:20:30.710 [JavaFX Application Thread] DEBUG Async                - Shutting down background threads
05:20:30.711 [JavaFX Application Thread] DEBUG PrimaryStageWindow   - Closing main window
05:20:30.781 [JavaFX Application Thread] DEBUG Logger               - Closing Logger
