04:47:26.339 [main                     ] DEBUG Logger               - Configured Logger
04:47:26.399 [main                     ] DEBUG GameApplication      - Logging settings
Title: Gestión de Áreas
Version: 1.0
Width: 1000
Height: 600
Fullscreen: false
Intro: false
Profiling: false
Single step:false
App Mode: DEVELOPER
Menu Key: ESCAPE
Stage Style: DECORATED
Scene Factory: class com.almasb.fxgl.app.scene.SceneFactory

04:47:26.953 [JavaFX Application Thread] DEBUG FXGLApplication      - Initializing FXGL
04:47:26.963 [JavaFX Application Thread] INFO  Engine               - FXGL-17.1 (24.03.2022 17.34) on WINDOWS (J:17.0.5 FX:18)
04:47:26.964 [JavaFX Application Thread] DEBUG Engine               - JRE Vendor Name: Eclipse Adoptium
04:47:26.965 [JavaFX Application Thread] DEBUG Engine               - Running on OS: Windows 11 version 10.0
04:47:26.965 [JavaFX Application Thread] DEBUG Engine               - Architecture: amd64
04:47:26.965 [JavaFX Application Thread] INFO  Engine               - Source code and latest versions at: https://github.com/AlmasB/FXGL
04:47:26.966 [JavaFX Application Thread] INFO  Engine               -       Ask questions and discuss at: https://github.com/AlmasB/FXGL/discussions
04:47:26.966 [JavaFX Application Thread] INFO  Engine               -              Join the FXGL chat at: https://gitter.im/AlmasB/FXGL
04:47:27.140 [JavaFX Application Thread] DEBUG PrimaryStageWindow   - Creating a JavaFX scene
04:47:27.202 [JavaFX Application Thread] DEBUG PrimaryStageWindow   - Target settings size: 1000.0 x 600.0
04:47:27.202 [JavaFX Application Thread] DEBUG PrimaryStageWindow   - Scaled scene size:    1000.0 x 600.0
04:47:27.202 [JavaFX Application Thread] DEBUG PrimaryStageWindow   - Scaled ratio: (1.0, 1.0)
04:47:27.204 [JavaFX Application Thread] DEBUG PrimaryStageWindow   - Set initial scene to FXGLStartupScene
04:47:27.216 [JavaFX Application Thread] DEBUG PrimaryStageWindow   - Opening main window
04:47:27.394 [JavaFX Application Thread] DEBUG PrimaryStageWindow   - Window border size: (14.66668701171875, 37.33331298828125)
04:47:27.395 [JavaFX Application Thread] DEBUG PrimaryStageWindow   - Scaled size: 1000.0 x 600.0
04:47:27.396 [JavaFX Application Thread] DEBUG PrimaryStageWindow   - Scaled ratio: (1.0, 1.0)
04:47:27.397 [JavaFX Application Thread] DEBUG PrimaryStageWindow   - Scene size: 1000.0 x 600.0
04:47:27.398 [JavaFX Application Thread] DEBUG PrimaryStageWindow   - Stage size: 1014.6666870117188 x 637.3333129882812
04:47:27.419 [FXGL Background Thread 1 ] DEBUG Engine               - Initializing environment variables
04:47:27.521 [FXGL Background Thread 1 ] DEBUG FXGLAssetLoaderServi - User app class for loading assets: class org.example.Main
04:47:27.522 [FXGL Background Thread 1 ] DEBUG GameApplicationServi - Applying CSS: fxgl_dark.css
04:47:27.525 [FXGL Background Thread 1 ] DEBUG FXGLAssetLoaderServi - Loading from file system: jar:file:/C:/Users/100070997/.m2/repository/com/github/almasb/fxgl/17.1/fxgl-17.1.jar!/fxglassets/ui/css/fxgl_dark.css
04:47:27.646 [FXGL Background Thread 1 ] DEBUG GameApplicationServi - Initializing application scenes
04:47:27.728 [FXGL Background Thread 1 ] DEBUG GameWorld            - Game world initialized
04:47:27.867 [FXGL Background Thread 1 ] DEBUG PhysicsWorld         - Physics world initialized: appHeight=600, physics.ppm=50.0
04:47:27.867 [FXGL Background Thread 1 ] DEBUG PhysicsWorld         - Using strategy: BRUTE_FORCE
04:47:27.878 [FXGL Background Thread 1 ] DEBUG GameScene            - Game scene initialized: 1000x600
04:47:27.911 [FXGL Background Thread 1 ] DEBUG FXGL.DefaultMenu     - createMenuBodyGameMenu()
04:47:27.952 [FXGL Background Thread 1 ] DEBUG FXGL.DefaultMenu     - createOptionsMenu()
04:47:27.986 [FXGL Background Thread 1 ] DEBUG FXGLAssetLoaderServi - Loading from file system: jar:file:/C:/Users/100070997/.m2/repository/com/github/almasb/fxgl/17.1/fxgl-17.1.jar!/fxglassets/textures/particles/smoke.png
04:47:28.192 [FXGL Background Thread 1 ] DEBUG FXGLAssetLoaderServi - Loading from file system: jar:file:/C:/Users/100070997/.m2/repository/com/github/almasb/fxgl/17.1/fxgl-17.1.jar!/fxglassets/textures/particles/trace_horizontal.png
04:47:28.259 [FXGL Background Thread 1 ] DEBUG GameApplicationServi - Application scenes initialized
04:47:28.288 [FXGL Background Thread 1 ] DEBUG SystemBundleService  - Loading FXGL system data
04:47:28.297 [FXGL Background Thread 1 ] DEBUG FileSystemAccess     - Reading from: C:\Users\100070997\Desktop\restaurant_simulator\system\fxgl.bundle
04:47:28.311 [FXGL Background Thread 1 ] DEBUG SystemBundleService  - Bundle FXGL: {}
04:47:28.311 [FXGL Background Thread 1 ] DEBUG UpdaterService       - Checking for updates
04:47:28.319 [FXGL Background Thread 4 ] DEBUG FXGLApplication      - Loading fonts
04:47:28.320 [FXGL Background Thread 4 ] DEBUG FXGLAssetLoaderServi - Loading from file system: jar:file:/C:/Users/100070997/.m2/repository/com/github/almasb/fxgl/17.1/fxgl-17.1.jar!/fxglassets/ui/fonts/VarelaRound-Regular.ttf
04:47:28.320 [FXGL Background Thread 1 ] DEBUG FXGLApplication      - Loading default localization
04:47:28.322 [FXGL Background Thread 1 ] DEBUG FXGLAssetLoaderServi - Loading from file system: jar:file:/C:/Users/100070997/.m2/repository/com/github/almasb/fxgl/17.1/fxgl-17.1.jar!/fxglassets/languages/english.lang
04:47:28.366 [FXGL Background Thread 1 ] INFO  FXGLApplication      - FXGL initialization took: 0.946 sec
04:47:28.368 [JavaFX Application Thread] DEBUG FXGLAssetLoaderServi - Loading from file system: jar:file:/C:/Users/100070997/.m2/repository/com/github/almasb/fxgl/17.1/fxgl-17.1.jar!/fxglassets/textures/fxgl_icon.png
04:47:28.427 [JavaFX Application Thread] DEBUG FXGLAssetLoaderServi - Loading from file system: jar:file:/C:/Users/100070997/.m2/repository/com/github/almasb/fxgl/17.1/fxgl-17.1.jar!/fxglassets/textures/fxgl_default_cursor.png
04:47:28.457 [JavaFX Application Thread] DEBUG Input                - Registered new binding: Screenshot - CTRL+8
04:47:28.458 [JavaFX Application Thread] DEBUG Input                - Registered new binding: System info dump - CTRL+9
04:47:28.459 [JavaFX Application Thread] DEBUG Input                - Registered new binding: Restart - CTRL+R
04:47:28.461 [JavaFX Application Thread] DEBUG Input                - Registered new binding: Toggle Debug Camera - CTRL+7
04:47:28.467 [JavaFX Application Thread] DEBUG LoopRunner           - Starting loop
04:47:28.467 [JavaFX Application Thread] DEBUG LoopRunner           - Initializing JavaFX AnimationTimerLoop
04:47:28.471 [JavaFX Application Thread] DEBUG GameApplicationServi - Starting new game
04:47:28.471 [JavaFX Application Thread] DEBUG Input                - Clearing active input actions
04:47:28.497 [JavaFX Application Thread] DEBUG GameApplicationServi - Removing overlay from FXGLStartupScene and adding to FXGLLoadingScene
04:47:28.498 [JavaFX Application Thread] DEBUG PrimaryStageWindow   - FXGLStartupScene -> FXGLLoadingScene
04:47:28.498 [JavaFX Application Thread] DEBUG GameApplicationServi - Clearing previous game
04:47:28.499 [JavaFX Application Thread] DEBUG GameScene            - Clearing game scene
04:47:28.499 [JavaFX Application Thread] DEBUG GameWorld            - Clearing game world
04:47:28.499 [JavaFX Application Thread] DEBUG PhysicsWorld         - Clearing physics world
04:47:28.502 [FXGL Background Thread 1 ] DEBUG FXGLApplication      - Initializing game
04:47:28.508 [FXGL Background Thread 4 ] DEBUG FXGLAssetLoaderServi - Loading from file system: jar:file:/C:/Users/100070997/.m2/repository/com/github/almasb/fxgl/17.1/fxgl-17.1.jar!/fxglassets/ui/fonts/Abel-Regular.ttf
04:47:28.533 [FXGL Background Thread 4 ] DEBUG FXGLAssetLoaderServi - Loading from file system: jar:file:/C:/Users/100070997/.m2/repository/com/github/almasb/fxgl/17.1/fxgl-17.1.jar!/fxglassets/ui/fonts/TerminalLandMono-Regular.otf
04:47:28.560 [FXGL Background Thread 4 ] DEBUG FXGLAssetLoaderServi - Loading from file system: jar:file:/C:/Users/100070997/.m2/repository/com/github/almasb/fxgl/17.1/fxgl-17.1.jar!/fxglassets/ui/fonts/Courier-Prime.ttf
04:47:28.614 [JavaFX Application Thread] DEBUG FXGLApplication      - Registering font factories with UI factory
04:47:29.331 [FXGL Background Thread 1 ] INFO  FXGLApplication      - Game initialization took: 0.828 sec
04:47:29.332 [JavaFX Application Thread] DEBUG Input                - Clearing active input actions
04:47:29.365 [JavaFX Application Thread] DEBUG GameApplicationServi - Removing overlay from FXGLLoadingScene and adding to GameScene
04:47:29.365 [JavaFX Application Thread] DEBUG PrimaryStageWindow   - FXGLLoadingScene -> GameScene
04:47:29.429 [FXGL Background Thread 2 ] INFO  UpdaterService       - Your current version:  17.1
04:47:29.438 [FXGL Background Thread 2 ] INFO  UpdaterService       - Latest stable version: 21.1
04:47:31.317 [FXGL Background Thread 3 ] DEBUG Engine               - Logging environment variables
04:47:31.318 [FXGL Background Thread 3 ] DEBUG Engine               - achievements: []
04:47:31.318 [FXGL Background Thread 3 ] DEBUG Engine               - actualHeight: 600.0
04:47:31.319 [FXGL Background Thread 3 ] DEBUG Engine               - actualHeightProperty: ReadOnlyDoubleProperty [value: 600.0]
04:47:31.319 [FXGL Background Thread 3 ] DEBUG Engine               - actualWidth: 1000.0
04:47:31.319 [FXGL Background Thread 3 ] DEBUG Engine               - actualWidthProperty: ReadOnlyDoubleProperty [value: 1000.0]
04:47:31.320 [FXGL Background Thread 3 ] DEBUG Engine               - appIcon: fxgl_icon.png
04:47:31.320 [FXGL Background Thread 3 ] DEBUG Engine               - applicationMode: DEVELOPER
04:47:31.320 [FXGL Background Thread 3 ] DEBUG Engine               - cSSList: [fxgl_dark.css]
04:47:31.320 [FXGL Background Thread 3 ] DEBUG Engine               - collisionDetectionStrategy: BRUTE_FORCE
04:47:31.321 [FXGL Background Thread 3 ] DEBUG Engine               - configClass: Optional.empty
04:47:31.321 [FXGL Background Thread 3 ] DEBUG Engine               - credits: []
04:47:31.322 [FXGL Background Thread 3 ] DEBUG Engine               - defaultCursor: CursorInfo(imageName=fxgl_default_cursor.png, hotspotX=7.0, hotspotY=6.0)
04:47:31.322 [FXGL Background Thread 3 ] DEBUG Engine               - devBBoxColorProperty: ObjectProperty [value: 0xff0000ff]
04:47:31.324 [FXGL Background Thread 3 ] DEBUG Engine               - devEnableDebugCameraProperty: BooleanProperty [value: false]
04:47:31.324 [FXGL Background Thread 3 ] DEBUG Engine               - devSensorColorProperty: ObjectProperty [value: 0xffff00ff]
04:47:31.324 [FXGL Background Thread 3 ] DEBUG Engine               - devShowBBoxProperty: BooleanProperty [value: false]
04:47:31.325 [FXGL Background Thread 3 ] DEBUG Engine               - devShowPositionProperty: BooleanProperty [value: false]
04:47:31.325 [FXGL Background Thread 3 ] DEBUG Engine               - enabledMenuItems: []
04:47:31.325 [FXGL Background Thread 3 ] DEBUG Engine               - engineServices: [class com.almasb.fxgl.app.services.FXGLAssetLoaderService, class com.almasb.fxgl.app.FXGLApplication$GameApplicationService, class com.almasb.fxgl.app.services.FXGLDialogService, class com.almasb.fxgl.app.services.IOTaskExecutorService, class com.almasb.fxgl.io.FileSystemService, class com.almasb.fxgl.localization.LocalizationService, class com.almasb.fxgl.app.services.SystemBundleService, class com.almasb.fxgl.profile.SaveLoadService, class com.almasb.fxgl.ui.FXGLUIFactoryServiceProvider, class com.almasb.fxgl.ui.FXGLDialogFactoryServiceProvider, class com.almasb.fxgl.audio.AudioPlayer, class com.almasb.fxgl.notification.impl.NotificationServiceProvider, class com.almasb.fxgl.achievement.AchievementService, class com.almasb.fxgl.cutscene.CutsceneService, class com.almasb.fxgl.minigames.MiniGameService, class com.almasb.fxgl.net.NetService, class com.almasb.fxgl.app.services.UpdaterService, class com.almasb.fxgl.dev.DevService]
04:47:31.326 [FXGL Background Thread 3 ] DEBUG Engine               - fontGame: Abel-Regular.ttf
04:47:31.326 [FXGL Background Thread 3 ] DEBUG Engine               - fontMono: TerminalLandMono-Regular.otf
04:47:31.326 [FXGL Background Thread 3 ] DEBUG Engine               - fontText: Courier-Prime.ttf
04:47:31.327 [FXGL Background Thread 3 ] DEBUG Engine               - fontUI: VarelaRound-Regular.ttf
04:47:31.327 [FXGL Background Thread 3 ] DEBUG Engine               - fullScreen: BooleanProperty [value: false]
04:47:31.329 [FXGL Background Thread 3 ] DEBUG Engine               - gameDifficulty: MEDIUM
04:47:31.329 [FXGL Background Thread 3 ] DEBUG Engine               - gameDifficultyProperty: ObjectProperty [value: MEDIUM]
04:47:31.330 [FXGL Background Thread 3 ] DEBUG Engine               - globalMusicVolume: 0.5
04:47:31.330 [FXGL Background Thread 3 ] DEBUG Engine               - globalMusicVolumeProperty: DoubleProperty [value: 0.5]
04:47:31.330 [FXGL Background Thread 3 ] DEBUG Engine               - globalSoundVolume: 0.5
04:47:31.331 [FXGL Background Thread 3 ] DEBUG Engine               - globalSoundVolumeProperty: DoubleProperty [value: 0.5]
04:47:31.331 [FXGL Background Thread 3 ] DEBUG Engine               - height: 600
04:47:31.331 [FXGL Background Thread 3 ] DEBUG Engine               - is3D: false
04:47:31.332 [FXGL Background Thread 3 ] DEBUG Engine               - isAndroid: false
04:47:31.332 [FXGL Background Thread 3 ] DEBUG Engine               - isBrowser: false
04:47:31.332 [FXGL Background Thread 3 ] DEBUG Engine               - isClickFeedbackEnabled: false
04:47:31.332 [FXGL Background Thread 3 ] DEBUG Engine               - isCloseConfirmation: false
04:47:31.332 [FXGL Background Thread 3 ] DEBUG Engine               - isDesktop: true
04:47:31.332 [FXGL Background Thread 3 ] DEBUG Engine               - isDeveloperMenuEnabled: false
04:47:31.332 [FXGL Background Thread 3 ] DEBUG Engine               - isEmbedded: false
04:47:31.334 [FXGL Background Thread 3 ] DEBUG Engine               - isEntityPreloadEnabled: true
04:47:31.334 [FXGL Background Thread 3 ] DEBUG Engine               - isExperimentalTiledLargeMap: false
04:47:31.334 [FXGL Background Thread 3 ] DEBUG Engine               - isFileSystemWriteAllowed: true
04:47:31.335 [FXGL Background Thread 3 ] DEBUG Engine               - isFullScreenAllowed: false
04:47:31.335 [FXGL Background Thread 3 ] DEBUG Engine               - isFullScreenFromStart: false
04:47:31.335 [FXGL Background Thread 3 ] DEBUG Engine               - isGameMenuEnabled: true
04:47:31.335 [FXGL Background Thread 3 ] DEBUG Engine               - isIOS: false
04:47:31.336 [FXGL Background Thread 3 ] DEBUG Engine               - isIntroEnabled: false
04:47:31.336 [FXGL Background Thread 3 ] DEBUG Engine               - isLinux: false
04:47:31.336 [FXGL Background Thread 3 ] DEBUG Engine               - isMac: false
04:47:31.336 [FXGL Background Thread 3 ] DEBUG Engine               - isMainMenuEnabled: false
04:47:31.337 [FXGL Background Thread 3 ] DEBUG Engine               - isManualResizeEnabled: false
04:47:31.337 [FXGL Background Thread 3 ] DEBUG Engine               - isMobile: false
04:47:31.337 [FXGL Background Thread 3 ] DEBUG Engine               - isNative: false
04:47:31.338 [FXGL Background Thread 3 ] DEBUG Engine               - isPauseMusicWhenMinimized: true
04:47:31.338 [FXGL Background Thread 3 ] DEBUG Engine               - isPreserveResizeRatio: false
04:47:31.338 [FXGL Background Thread 3 ] DEBUG Engine               - isProfilingEnabled: false
04:47:31.339 [FXGL Background Thread 3 ] DEBUG Engine               - isScaleAffectedOnResize: true
04:47:31.339 [FXGL Background Thread 3 ] DEBUG Engine               - isSingleStep: false
04:47:31.339 [FXGL Background Thread 3 ] DEBUG Engine               - isUserProfileEnabled: false
04:47:31.340 [FXGL Background Thread 3 ] DEBUG Engine               - isWindows: true
04:47:31.340 [FXGL Background Thread 3 ] DEBUG Engine               - language: ObjectProperty [value: ENGLISH]
04:47:31.340 [FXGL Background Thread 3 ] DEBUG Engine               - menuKey: ESCAPE
04:47:31.340 [FXGL Background Thread 3 ] DEBUG Engine               - mouseSensitivity: 0.2
04:47:31.341 [FXGL Background Thread 3 ] DEBUG Engine               - notificationViewClass: class com.almasb.fxgl.notification.view.XboxNotificationView
04:47:31.341 [FXGL Background Thread 3 ] DEBUG Engine               - pixelsPerMeter: 50.0
04:47:31.341 [FXGL Background Thread 3 ] DEBUG Engine               - platform: WINDOWS
04:47:31.341 [FXGL Background Thread 3 ] DEBUG Engine               - prefHeightProperty: ReadOnlyDoubleProperty [value: 600.0]
04:47:31.342 [FXGL Background Thread 3 ] DEBUG Engine               - prefWidthProperty: ReadOnlyDoubleProperty [value: 1000.0]
04:47:31.342 [FXGL Background Thread 3 ] DEBUG Engine               - profileDir: profiles/
04:47:31.342 [FXGL Background Thread 3 ] DEBUG Engine               - profileName: StringProperty [value: DEFAULT]
04:47:31.342 [FXGL Background Thread 3 ] DEBUG Engine               - randomSeed: -1
04:47:31.344 [FXGL Background Thread 3 ] DEBUG Engine               - runtimeInfo: RuntimeInfo(platform=WINDOWS, version=17.1, build=24.03.2022 17.34)
04:47:31.345 [FXGL Background Thread 3 ] DEBUG Engine               - saveFileExt: sav
04:47:31.346 [FXGL Background Thread 3 ] DEBUG Engine               - scaledHeightProp$fxgl: DoubleProperty [bound, value: 600.0]
04:47:31.346 [FXGL Background Thread 3 ] DEBUG Engine               - scaledWidthProp$fxgl: DoubleProperty [bound, value: 1000.0]
04:47:31.347 [FXGL Background Thread 3 ] DEBUG Engine               - sceneFactory: com.almasb.fxgl.app.scene.SceneFactory@2141e133
04:47:31.347 [FXGL Background Thread 3 ] DEBUG Engine               - secondsIn24h: 60
04:47:31.347 [FXGL Background Thread 3 ] DEBUG Engine               - soundMenuBack: menu/back.wav
04:47:31.347 [FXGL Background Thread 3 ] DEBUG Engine               - soundMenuPress: menu/press.wav
04:47:31.347 [FXGL Background Thread 3 ] DEBUG Engine               - soundMenuSelect: menu/select.wav
04:47:31.348 [FXGL Background Thread 3 ] DEBUG Engine               - soundNotification: core/notification.wav
04:47:31.348 [FXGL Background Thread 3 ] DEBUG Engine               - stageStyle: DECORATED
04:47:31.348 [FXGL Background Thread 3 ] DEBUG Engine               - supportedLanguages: [ENGLISH, FRENCH, GERMAN, HUNGARIAN, RUSSIAN]
04:47:31.348 [FXGL Background Thread 3 ] DEBUG Engine               - ticksPerSecond: -1
04:47:31.349 [FXGL Background Thread 3 ] DEBUG Engine               - title: Gestión de Áreas
04:47:31.349 [FXGL Background Thread 3 ] DEBUG Engine               - urlGithub: https://github.com/AlmasB/FXGL
04:47:31.349 [FXGL Background Thread 3 ] DEBUG Engine               - urlLeaderboard: http://fxgl-top.herokuapp.com/
04:47:31.349 [FXGL Background Thread 3 ] DEBUG Engine               - urlPOM: https://raw.githubusercontent.com/AlmasB/FXGL/release/README.md
04:47:31.349 [FXGL Background Thread 3 ] DEBUG Engine               - userAppClass: class org.example.Main
04:47:31.350 [FXGL Background Thread 3 ] DEBUG Engine               - version: 1.0
04:47:31.350 [FXGL Background Thread 3 ] DEBUG Engine               - versionCheckDays: 7
04:47:31.350 [FXGL Background Thread 3 ] DEBUG Engine               - width: 1000
04:47:31.350 [FXGL Background Thread 3 ] DEBUG Engine               - Logging services
04:47:31.350 [FXGL Background Thread 3 ] DEBUG Engine               - class com.almasb.fxgl.app.services.FXGLAssetLoaderService
04:47:31.351 [FXGL Background Thread 3 ] DEBUG Engine               - class com.almasb.fxgl.app.FXGLApplication$GameApplicationService
04:47:31.351 [FXGL Background Thread 3 ] DEBUG Engine               - class com.almasb.fxgl.app.services.FXGLDialogService
04:47:31.351 [FXGL Background Thread 3 ] DEBUG Engine               - class com.almasb.fxgl.app.services.IOTaskExecutorService
04:47:31.351 [FXGL Background Thread 3 ] DEBUG Engine               - class com.almasb.fxgl.io.FileSystemService
04:47:31.351 [FXGL Background Thread 3 ] DEBUG Engine               - class com.almasb.fxgl.localization.LocalizationService
04:47:31.352 [FXGL Background Thread 3 ] DEBUG Engine               - class com.almasb.fxgl.app.services.SystemBundleService
04:47:31.352 [FXGL Background Thread 3 ] DEBUG Engine               - class com.almasb.fxgl.profile.SaveLoadService
04:47:31.352 [FXGL Background Thread 3 ] DEBUG Engine               - class com.almasb.fxgl.ui.FXGLUIFactoryServiceProvider
04:47:31.352 [FXGL Background Thread 3 ] DEBUG Engine               - class com.almasb.fxgl.ui.FXGLDialogFactoryServiceProvider
04:47:31.352 [FXGL Background Thread 3 ] DEBUG Engine               - class com.almasb.fxgl.audio.AudioPlayer
04:47:31.352 [FXGL Background Thread 3 ] DEBUG Engine               - class com.almasb.fxgl.notification.impl.NotificationServiceProvider
04:47:31.352 [FXGL Background Thread 3 ] DEBUG Engine               - class com.almasb.fxgl.achievement.AchievementService
04:47:31.352 [FXGL Background Thread 3 ] DEBUG Engine               - class com.almasb.fxgl.cutscene.CutsceneService
04:47:31.353 [FXGL Background Thread 3 ] DEBUG Engine               - class com.almasb.fxgl.minigames.MiniGameService
04:47:31.353 [FXGL Background Thread 3 ] DEBUG Engine               - class com.almasb.fxgl.net.NetService
04:47:31.353 [FXGL Background Thread 3 ] DEBUG Engine               - class com.almasb.fxgl.app.services.UpdaterService
04:47:31.353 [FXGL Background Thread 3 ] DEBUG Engine               - class com.almasb.fxgl.dev.DevService
04:47:46.437 [JavaFX Application Thread] DEBUG FXGLApplication      - Exiting FXGL
04:47:46.438 [JavaFX Application Thread] DEBUG LoopRunner           - Stopping loop
04:47:46.438 [JavaFX Application Thread] DEBUG SystemBundleService  - Saving FXGL system data
04:47:46.443 [JavaFX Application Thread] DEBUG FileSystemAccess     - Writing to: C:\Users\100070997\Desktop\restaurant_simulator\system\fxgl.bundle
04:47:46.447 [JavaFX Application Thread] DEBUG Async                - Shutting down background threads
04:47:46.448 [JavaFX Application Thread] DEBUG PrimaryStageWindow   - Closing main window
04:47:46.520 [JavaFX Application Thread] DEBUG Logger               - Closing Logger
