20:49:24.941 [main                     ] DEBUG Logger               - Configured Logger
20:49:24.969 [main                     ] DEBUG GameApplication      - Logging settings
Title: Gestión de Áreas
Version: 1.0
Width: 1000
Height: 600
Fullscreen: false
Intro: false
Profiling: false
Single step:false
App Mode: DEVELOPER
Menu Key: ESCAPE
Stage Style: DECORATED
Scene Factory: class com.almasb.fxgl.app.scene.SceneFactory

20:49:25.366 [JavaFX Application Thread] DEBUG FXGLApplication      - Initializing FXGL
20:49:25.372 [JavaFX Application Thread] INFO  Engine               - FXGL-17.1 (24.03.2022 17.34) on WINDOWS (J:17.0.5 FX:18)
20:49:25.373 [JavaFX Application Thread] DEBUG Engine               - JRE Vendor Name: Eclipse Adoptium
20:49:25.373 [JavaFX Application Thread] DEBUG Engine               - Running on OS: Windows 11 version 10.0
20:49:25.373 [JavaFX Application Thread] DEBUG Engine               - Architecture: amd64
20:49:25.375 [JavaFX Application Thread] INFO  Engine               - Source code and latest versions at: https://github.com/AlmasB/FXGL
20:49:25.375 [JavaFX Application Thread] INFO  Engine               -       Ask questions and discuss at: https://github.com/AlmasB/FXGL/discussions
20:49:25.375 [JavaFX Application Thread] INFO  Engine               -              Join the FXGL chat at: https://gitter.im/AlmasB/FXGL
20:49:25.540 [JavaFX Application Thread] DEBUG PrimaryStageWindow   - Creating a JavaFX scene
20:49:25.595 [JavaFX Application Thread] DEBUG PrimaryStageWindow   - Target settings size: 1000.0 x 600.0
20:49:25.595 [JavaFX Application Thread] DEBUG PrimaryStageWindow   - Scaled scene size:    1000.0 x 600.0
20:49:25.595 [JavaFX Application Thread] DEBUG PrimaryStageWindow   - Scaled ratio: (1.0, 1.0)
20:49:25.596 [JavaFX Application Thread] DEBUG PrimaryStageWindow   - Set initial scene to FXGLStartupScene
20:49:25.608 [JavaFX Application Thread] DEBUG PrimaryStageWindow   - Opening main window
20:49:25.717 [JavaFX Application Thread] DEBUG PrimaryStageWindow   - Window border size: (14.66668701171875, 37.33331298828125)
20:49:25.718 [JavaFX Application Thread] DEBUG PrimaryStageWindow   - Scaled size: 1000.0 x 600.0
20:49:25.718 [JavaFX Application Thread] DEBUG PrimaryStageWindow   - Scaled ratio: (1.0, 1.0)
20:49:25.718 [JavaFX Application Thread] DEBUG PrimaryStageWindow   - Scene size: 1000.0 x 600.0
20:49:25.719 [JavaFX Application Thread] DEBUG PrimaryStageWindow   - Stage size: 1014.6666870117188 x 637.3333129882812
20:49:25.729 [FXGL Background Thread 1 ] DEBUG Engine               - Initializing environment variables
20:49:25.798 [FXGL Background Thread 1 ] DEBUG FXGLAssetLoaderServi - User app class for loading assets: class org.example.Main
20:49:25.799 [FXGL Background Thread 1 ] DEBUG GameApplicationServi - Applying CSS: fxgl_dark.css
20:49:25.801 [FXGL Background Thread 1 ] DEBUG FXGLAssetLoaderServi - Loading from file system: jar:file:/C:/Users/100070997/.m2/repository/com/github/almasb/fxgl/17.1/fxgl-17.1.jar!/fxglassets/ui/css/fxgl_dark.css
20:49:25.873 [FXGL Background Thread 1 ] DEBUG GameApplicationServi - Initializing application scenes
20:49:25.933 [FXGL Background Thread 1 ] DEBUG GameWorld            - Game world initialized
20:49:25.993 [FXGL Background Thread 1 ] DEBUG PhysicsWorld         - Physics world initialized: appHeight=600, physics.ppm=50.0
20:49:25.993 [FXGL Background Thread 1 ] DEBUG PhysicsWorld         - Using strategy: BRUTE_FORCE
20:49:25.997 [FXGL Background Thread 1 ] DEBUG GameScene            - Game scene initialized: 1000x600
20:49:26.013 [FXGL Background Thread 1 ] DEBUG FXGL.DefaultMenu     - createMenuBodyGameMenu()
20:49:26.032 [FXGL Background Thread 1 ] DEBUG FXGL.DefaultMenu     - createOptionsMenu()
20:49:26.046 [FXGL Background Thread 1 ] DEBUG FXGLAssetLoaderServi - Loading from file system: jar:file:/C:/Users/100070997/.m2/repository/com/github/almasb/fxgl/17.1/fxgl-17.1.jar!/fxglassets/textures/particles/smoke.png
20:49:26.172 [FXGL Background Thread 1 ] DEBUG FXGLAssetLoaderServi - Loading from file system: jar:file:/C:/Users/100070997/.m2/repository/com/github/almasb/fxgl/17.1/fxgl-17.1.jar!/fxglassets/textures/particles/trace_horizontal.png
20:49:26.193 [FXGL Background Thread 1 ] DEBUG GameApplicationServi - Application scenes initialized
20:49:26.209 [FXGL Background Thread 1 ] DEBUG SystemBundleService  - Loading FXGL system data
20:49:26.218 [FXGL Background Thread 1 ] DEBUG FileSystemAccess     - Reading from: C:\Users\100070997\Desktop\restaurant_simulator\system\fxgl.bundle
20:49:26.230 [FXGL Background Thread 1 ] DEBUG SystemBundleService  - Bundle FXGL: {}
20:49:26.230 [FXGL Background Thread 1 ] DEBUG UpdaterService       - Checking for updates
20:49:26.237 [FXGL Background Thread 4 ] DEBUG FXGLApplication      - Loading fonts
20:49:26.238 [FXGL Background Thread 1 ] DEBUG FXGLApplication      - Loading default localization
20:49:26.238 [FXGL Background Thread 4 ] DEBUG FXGLAssetLoaderServi - Loading from file system: jar:file:/C:/Users/100070997/.m2/repository/com/github/almasb/fxgl/17.1/fxgl-17.1.jar!/fxglassets/ui/fonts/VarelaRound-Regular.ttf
20:49:26.239 [FXGL Background Thread 1 ] DEBUG FXGLAssetLoaderServi - Loading from file system: jar:file:/C:/Users/100070997/.m2/repository/com/github/almasb/fxgl/17.1/fxgl-17.1.jar!/fxglassets/languages/english.lang
20:49:26.269 [FXGL Background Thread 1 ] INFO  FXGLApplication      - FXGL initialization took: 0.540 sec
20:49:26.272 [JavaFX Application Thread] DEBUG FXGLAssetLoaderServi - Loading from file system: jar:file:/C:/Users/100070997/.m2/repository/com/github/almasb/fxgl/17.1/fxgl-17.1.jar!/fxglassets/textures/fxgl_icon.png
20:49:26.301 [JavaFX Application Thread] DEBUG FXGLAssetLoaderServi - Loading from file system: jar:file:/C:/Users/100070997/.m2/repository/com/github/almasb/fxgl/17.1/fxgl-17.1.jar!/fxglassets/textures/fxgl_default_cursor.png
20:49:26.313 [JavaFX Application Thread] DEBUG Input                - Registered new binding: Screenshot - CTRL+8
20:49:26.314 [JavaFX Application Thread] DEBUG Input                - Registered new binding: System info dump - CTRL+9
20:49:26.315 [JavaFX Application Thread] DEBUG Input                - Registered new binding: Restart - CTRL+R
20:49:26.318 [JavaFX Application Thread] DEBUG Input                - Registered new binding: Toggle Debug Camera - CTRL+7
20:49:26.322 [JavaFX Application Thread] DEBUG LoopRunner           - Starting loop
20:49:26.322 [JavaFX Application Thread] DEBUG LoopRunner           - Initializing JavaFX AnimationTimerLoop
20:49:26.323 [JavaFX Application Thread] DEBUG GameApplicationServi - Starting new game
20:49:26.325 [JavaFX Application Thread] DEBUG Input                - Clearing active input actions
20:49:26.337 [FXGL Background Thread 4 ] DEBUG FXGLAssetLoaderServi - Loading from file system: jar:file:/C:/Users/100070997/.m2/repository/com/github/almasb/fxgl/17.1/fxgl-17.1.jar!/fxglassets/ui/fonts/Abel-Regular.ttf
20:49:26.338 [JavaFX Application Thread] DEBUG GameApplicationServi - Removing overlay from FXGLStartupScene and adding to FXGLLoadingScene
20:49:26.338 [JavaFX Application Thread] DEBUG PrimaryStageWindow   - FXGLStartupScene -> FXGLLoadingScene
20:49:26.339 [JavaFX Application Thread] DEBUG GameApplicationServi - Clearing previous game
20:49:26.339 [JavaFX Application Thread] DEBUG GameScene            - Clearing game scene
20:49:26.339 [JavaFX Application Thread] DEBUG GameWorld            - Clearing game world
20:49:26.339 [JavaFX Application Thread] DEBUG PhysicsWorld         - Clearing physics world
20:49:26.340 [FXGL Background Thread 1 ] DEBUG FXGLApplication      - Initializing game
20:49:26.350 [FXGL Background Thread 4 ] DEBUG FXGLAssetLoaderServi - Loading from file system: jar:file:/C:/Users/100070997/.m2/repository/com/github/almasb/fxgl/17.1/fxgl-17.1.jar!/fxglassets/ui/fonts/TerminalLandMono-Regular.otf
20:49:26.367 [FXGL Background Thread 4 ] DEBUG FXGLAssetLoaderServi - Loading from file system: jar:file:/C:/Users/100070997/.m2/repository/com/github/almasb/fxgl/17.1/fxgl-17.1.jar!/fxglassets/ui/fonts/Courier-Prime.ttf
20:49:26.395 [JavaFX Application Thread] DEBUG FXGLApplication      - Registering font factories with UI factory
20:49:26.759 [FXGL Background Thread 1 ] INFO  FXGLApplication      - Game initialization took: 0.419 sec
20:49:26.769 [JavaFX Application Thread] DEBUG Input                - Clearing active input actions
20:49:26.784 [JavaFX Application Thread] DEBUG GameApplicationServi - Removing overlay from FXGLLoadingScene and adding to GameScene
20:49:26.785 [JavaFX Application Thread] DEBUG PrimaryStageWindow   - FXGLLoadingScene -> GameScene
20:49:27.007 [FXGL Background Thread 2 ] INFO  UpdaterService       - Your current version:  17.1
20:49:27.008 [FXGL Background Thread 2 ] INFO  UpdaterService       - Latest stable version: 21.1
20:49:27.639 [JavaFX Application Thread] DEBUG LoopRunner           - Pausing loop
20:49:29.237 [FXGL Background Thread 3 ] DEBUG Engine               - Logging environment variables
20:49:29.239 [FXGL Background Thread 3 ] DEBUG Engine               - achievements: []
20:49:29.240 [FXGL Background Thread 3 ] DEBUG Engine               - actualHeight: 600.0
20:49:29.241 [FXGL Background Thread 3 ] DEBUG Engine               - actualHeightProperty: ReadOnlyDoubleProperty [value: 600.0]
20:49:29.242 [FXGL Background Thread 3 ] DEBUG Engine               - actualWidth: 1000.0
20:49:29.242 [FXGL Background Thread 3 ] DEBUG Engine               - actualWidthProperty: ReadOnlyDoubleProperty [value: 1000.0]
20:49:29.243 [FXGL Background Thread 3 ] DEBUG Engine               - appIcon: fxgl_icon.png
20:49:29.243 [FXGL Background Thread 3 ] DEBUG Engine               - applicationMode: DEVELOPER
20:49:29.243 [FXGL Background Thread 3 ] DEBUG Engine               - cSSList: [fxgl_dark.css]
20:49:29.244 [FXGL Background Thread 3 ] DEBUG Engine               - collisionDetectionStrategy: BRUTE_FORCE
20:49:29.245 [FXGL Background Thread 3 ] DEBUG Engine               - configClass: Optional.empty
20:49:29.245 [FXGL Background Thread 3 ] DEBUG Engine               - credits: []
20:49:29.247 [FXGL Background Thread 3 ] DEBUG Engine               - defaultCursor: CursorInfo(imageName=fxgl_default_cursor.png, hotspotX=7.0, hotspotY=6.0)
20:49:29.249 [FXGL Background Thread 3 ] DEBUG Engine               - devBBoxColorProperty: ObjectProperty [value: 0xff0000ff]
20:49:29.250 [FXGL Background Thread 3 ] DEBUG Engine               - devEnableDebugCameraProperty: BooleanProperty [value: false]
20:49:29.251 [FXGL Background Thread 3 ] DEBUG Engine               - devSensorColorProperty: ObjectProperty [value: 0xffff00ff]
20:49:29.252 [FXGL Background Thread 3 ] DEBUG Engine               - devShowBBoxProperty: BooleanProperty [value: false]
20:49:29.252 [FXGL Background Thread 3 ] DEBUG Engine               - devShowPositionProperty: BooleanProperty [value: false]
20:49:29.253 [FXGL Background Thread 3 ] DEBUG Engine               - enabledMenuItems: []
20:49:29.253 [FXGL Background Thread 3 ] DEBUG Engine               - engineServices: [class com.almasb.fxgl.app.services.FXGLAssetLoaderService, class com.almasb.fxgl.app.FXGLApplication$GameApplicationService, class com.almasb.fxgl.app.services.FXGLDialogService, class com.almasb.fxgl.app.services.IOTaskExecutorService, class com.almasb.fxgl.io.FileSystemService, class com.almasb.fxgl.localization.LocalizationService, class com.almasb.fxgl.app.services.SystemBundleService, class com.almasb.fxgl.profile.SaveLoadService, class com.almasb.fxgl.ui.FXGLUIFactoryServiceProvider, class com.almasb.fxgl.ui.FXGLDialogFactoryServiceProvider, class com.almasb.fxgl.audio.AudioPlayer, class com.almasb.fxgl.notification.impl.NotificationServiceProvider, class com.almasb.fxgl.achievement.AchievementService, class com.almasb.fxgl.cutscene.CutsceneService, class com.almasb.fxgl.minigames.MiniGameService, class com.almasb.fxgl.net.NetService, class com.almasb.fxgl.app.services.UpdaterService, class com.almasb.fxgl.dev.DevService]
20:49:29.253 [FXGL Background Thread 3 ] DEBUG Engine               - fontGame: Abel-Regular.ttf
20:49:29.253 [FXGL Background Thread 3 ] DEBUG Engine               - fontMono: TerminalLandMono-Regular.otf
20:49:29.254 [FXGL Background Thread 3 ] DEBUG Engine               - fontText: Courier-Prime.ttf
20:49:29.254 [FXGL Background Thread 3 ] DEBUG Engine               - fontUI: VarelaRound-Regular.ttf
20:49:29.254 [FXGL Background Thread 3 ] DEBUG Engine               - fullScreen: BooleanProperty [value: false]
20:49:29.254 [FXGL Background Thread 3 ] DEBUG Engine               - gameDifficulty: MEDIUM
20:49:29.254 [FXGL Background Thread 3 ] DEBUG Engine               - gameDifficultyProperty: ObjectProperty [value: MEDIUM]
20:49:29.255 [FXGL Background Thread 3 ] DEBUG Engine               - globalMusicVolume: 0.5
20:49:29.255 [FXGL Background Thread 3 ] DEBUG Engine               - globalMusicVolumeProperty: DoubleProperty [value: 0.5]
20:49:29.256 [FXGL Background Thread 3 ] DEBUG Engine               - globalSoundVolume: 0.5
20:49:29.256 [FXGL Background Thread 3 ] DEBUG Engine               - globalSoundVolumeProperty: DoubleProperty [value: 0.5]
20:49:29.256 [FXGL Background Thread 3 ] DEBUG Engine               - height: 600
20:49:29.256 [FXGL Background Thread 3 ] DEBUG Engine               - is3D: false
20:49:29.257 [FXGL Background Thread 3 ] DEBUG Engine               - isAndroid: false
20:49:29.257 [FXGL Background Thread 3 ] DEBUG Engine               - isBrowser: false
20:49:29.257 [FXGL Background Thread 3 ] DEBUG Engine               - isClickFeedbackEnabled: false
20:49:29.257 [FXGL Background Thread 3 ] DEBUG Engine               - isCloseConfirmation: false
20:49:29.257 [FXGL Background Thread 3 ] DEBUG Engine               - isDesktop: true
20:49:29.258 [FXGL Background Thread 3 ] DEBUG Engine               - isDeveloperMenuEnabled: false
20:49:29.258 [FXGL Background Thread 3 ] DEBUG Engine               - isEmbedded: false
20:49:29.258 [FXGL Background Thread 3 ] DEBUG Engine               - isEntityPreloadEnabled: true
20:49:29.258 [FXGL Background Thread 3 ] DEBUG Engine               - isExperimentalTiledLargeMap: false
20:49:29.258 [FXGL Background Thread 3 ] DEBUG Engine               - isFileSystemWriteAllowed: true
20:49:29.259 [FXGL Background Thread 3 ] DEBUG Engine               - isFullScreenAllowed: false
20:49:29.259 [FXGL Background Thread 3 ] DEBUG Engine               - isFullScreenFromStart: false
20:49:29.259 [FXGL Background Thread 3 ] DEBUG Engine               - isGameMenuEnabled: true
20:49:29.259 [FXGL Background Thread 3 ] DEBUG Engine               - isIOS: false
20:49:29.259 [FXGL Background Thread 3 ] DEBUG Engine               - isIntroEnabled: false
20:49:29.259 [FXGL Background Thread 3 ] DEBUG Engine               - isLinux: false
20:49:29.260 [FXGL Background Thread 3 ] DEBUG Engine               - isMac: false
20:49:29.260 [FXGL Background Thread 3 ] DEBUG Engine               - isMainMenuEnabled: false
20:49:29.260 [FXGL Background Thread 3 ] DEBUG Engine               - isManualResizeEnabled: false
20:49:29.260 [FXGL Background Thread 3 ] DEBUG Engine               - isMobile: false
20:49:29.261 [FXGL Background Thread 3 ] DEBUG Engine               - isNative: false
20:49:29.261 [FXGL Background Thread 3 ] DEBUG Engine               - isPauseMusicWhenMinimized: true
20:49:29.261 [FXGL Background Thread 3 ] DEBUG Engine               - isPreserveResizeRatio: false
20:49:29.261 [FXGL Background Thread 3 ] DEBUG Engine               - isProfilingEnabled: false
20:49:29.261 [FXGL Background Thread 3 ] DEBUG Engine               - isScaleAffectedOnResize: true
20:49:29.262 [FXGL Background Thread 3 ] DEBUG Engine               - isSingleStep: false
20:49:29.262 [FXGL Background Thread 3 ] DEBUG Engine               - isUserProfileEnabled: false
20:49:29.262 [FXGL Background Thread 3 ] DEBUG Engine               - isWindows: true
20:49:29.262 [FXGL Background Thread 3 ] DEBUG Engine               - language: ObjectProperty [value: ENGLISH]
20:49:29.262 [FXGL Background Thread 3 ] DEBUG Engine               - menuKey: ESCAPE
20:49:29.263 [FXGL Background Thread 3 ] DEBUG Engine               - mouseSensitivity: 0.2
20:49:29.263 [FXGL Background Thread 3 ] DEBUG Engine               - notificationViewClass: class com.almasb.fxgl.notification.view.XboxNotificationView
20:49:29.263 [FXGL Background Thread 3 ] DEBUG Engine               - pixelsPerMeter: 50.0
20:49:29.263 [FXGL Background Thread 3 ] DEBUG Engine               - platform: WINDOWS
20:49:29.263 [FXGL Background Thread 3 ] DEBUG Engine               - prefHeightProperty: ReadOnlyDoubleProperty [value: 600.0]
20:49:29.263 [FXGL Background Thread 3 ] DEBUG Engine               - prefWidthProperty: ReadOnlyDoubleProperty [value: 1000.0]
20:49:29.264 [FXGL Background Thread 3 ] DEBUG Engine               - profileDir: profiles/
20:49:29.264 [FXGL Background Thread 3 ] DEBUG Engine               - profileName: StringProperty [value: DEFAULT]
20:49:29.265 [FXGL Background Thread 3 ] DEBUG Engine               - randomSeed: -1
20:49:29.266 [FXGL Background Thread 3 ] DEBUG Engine               - runtimeInfo: RuntimeInfo(platform=WINDOWS, version=17.1, build=24.03.2022 17.34)
20:49:29.266 [FXGL Background Thread 3 ] DEBUG Engine               - saveFileExt: sav
20:49:29.266 [FXGL Background Thread 3 ] DEBUG Engine               - scaledHeightProp$fxgl: DoubleProperty [bound, value: 600.0]
20:49:29.267 [FXGL Background Thread 3 ] DEBUG Engine               - scaledWidthProp$fxgl: DoubleProperty [bound, value: 1000.0]
20:49:29.267 [FXGL Background Thread 3 ] DEBUG Engine               - sceneFactory: com.almasb.fxgl.app.scene.SceneFactory@73099650
20:49:29.267 [FXGL Background Thread 3 ] DEBUG Engine               - secondsIn24h: 60
20:49:29.267 [FXGL Background Thread 3 ] DEBUG Engine               - soundMenuBack: menu/back.wav
20:49:29.267 [FXGL Background Thread 3 ] DEBUG Engine               - soundMenuPress: menu/press.wav
20:49:29.267 [FXGL Background Thread 3 ] DEBUG Engine               - soundMenuSelect: menu/select.wav
20:49:29.267 [FXGL Background Thread 3 ] DEBUG Engine               - soundNotification: core/notification.wav
20:49:29.268 [FXGL Background Thread 3 ] DEBUG Engine               - stageStyle: DECORATED
20:49:29.268 [FXGL Background Thread 3 ] DEBUG Engine               - supportedLanguages: [ENGLISH, FRENCH, GERMAN, HUNGARIAN, RUSSIAN]
20:49:29.268 [FXGL Background Thread 3 ] DEBUG Engine               - ticksPerSecond: -1
20:49:29.268 [FXGL Background Thread 3 ] DEBUG Engine               - title: Gestión de Áreas
20:49:29.268 [FXGL Background Thread 3 ] DEBUG Engine               - urlGithub: https://github.com/AlmasB/FXGL
20:49:29.268 [FXGL Background Thread 3 ] DEBUG Engine               - urlLeaderboard: http://fxgl-top.herokuapp.com/
20:49:29.268 [FXGL Background Thread 3 ] DEBUG Engine               - urlPOM: https://raw.githubusercontent.com/AlmasB/FXGL/release/README.md
20:49:29.268 [FXGL Background Thread 3 ] DEBUG Engine               - userAppClass: class org.example.Main
20:49:29.269 [FXGL Background Thread 3 ] DEBUG Engine               - version: 1.0
20:49:29.269 [FXGL Background Thread 3 ] DEBUG Engine               - versionCheckDays: 7
20:49:29.269 [FXGL Background Thread 3 ] DEBUG Engine               - width: 1000
20:49:29.269 [FXGL Background Thread 3 ] DEBUG Engine               - Logging services
20:49:29.269 [FXGL Background Thread 3 ] DEBUG Engine               - class com.almasb.fxgl.app.services.FXGLAssetLoaderService
20:49:29.269 [FXGL Background Thread 3 ] DEBUG Engine               - class com.almasb.fxgl.app.FXGLApplication$GameApplicationService
20:49:29.269 [FXGL Background Thread 3 ] DEBUG Engine               - class com.almasb.fxgl.app.services.FXGLDialogService
20:49:29.269 [FXGL Background Thread 3 ] DEBUG Engine               - class com.almasb.fxgl.app.services.IOTaskExecutorService
20:49:29.270 [FXGL Background Thread 3 ] DEBUG Engine               - class com.almasb.fxgl.io.FileSystemService
20:49:29.270 [FXGL Background Thread 3 ] DEBUG Engine               - class com.almasb.fxgl.localization.LocalizationService
20:49:29.270 [FXGL Background Thread 3 ] DEBUG Engine               - class com.almasb.fxgl.app.services.SystemBundleService
20:49:29.270 [FXGL Background Thread 3 ] DEBUG Engine               - class com.almasb.fxgl.profile.SaveLoadService
20:49:29.270 [FXGL Background Thread 3 ] DEBUG Engine               - class com.almasb.fxgl.ui.FXGLUIFactoryServiceProvider
20:49:29.270 [FXGL Background Thread 3 ] DEBUG Engine               - class com.almasb.fxgl.ui.FXGLDialogFactoryServiceProvider
20:49:29.270 [FXGL Background Thread 3 ] DEBUG Engine               - class com.almasb.fxgl.audio.AudioPlayer
20:49:29.270 [FXGL Background Thread 3 ] DEBUG Engine               - class com.almasb.fxgl.notification.impl.NotificationServiceProvider
20:49:29.271 [FXGL Background Thread 3 ] DEBUG Engine               - class com.almasb.fxgl.achievement.AchievementService
20:49:29.271 [FXGL Background Thread 3 ] DEBUG Engine               - class com.almasb.fxgl.cutscene.CutsceneService
20:49:29.271 [FXGL Background Thread 3 ] DEBUG Engine               - class com.almasb.fxgl.minigames.MiniGameService
20:49:29.271 [FXGL Background Thread 3 ] DEBUG Engine               - class com.almasb.fxgl.net.NetService
20:49:29.271 [FXGL Background Thread 3 ] DEBUG Engine               - class com.almasb.fxgl.app.services.UpdaterService
20:49:29.271 [FXGL Background Thread 3 ] DEBUG Engine               - class com.almasb.fxgl.dev.DevService
20:49:33.732 [JavaFX Application Thread] DEBUG LoopRunner           - Resuming loop
20:49:35.481 [JavaFX Application Thread] DEBUG FXGLApplication      - Exiting FXGL
20:49:35.483 [JavaFX Application Thread] DEBUG LoopRunner           - Stopping loop
20:49:35.483 [JavaFX Application Thread] DEBUG SystemBundleService  - Saving FXGL system data
20:49:35.490 [JavaFX Application Thread] DEBUG FileSystemAccess     - Writing to: C:\Users\100070997\Desktop\restaurant_simulator\system\fxgl.bundle
20:49:35.493 [JavaFX Application Thread] DEBUG Async                - Shutting down background threads
20:49:35.493 [JavaFX Application Thread] DEBUG PrimaryStageWindow   - Closing main window
20:49:35.516 [JavaFX Application Thread] DEBUG Logger               - Closing Logger
