12:12:01.668 [main                     ] DEBUG Logger               - Configured Logger
12:12:01.780 [main                     ] DEBUG GameApplication      - Logging settings
Title: Gestión de Áreas
Version: 1.0
Width: 1000
Height: 600
Fullscreen: false
Intro: false
Profiling: false
Single step:false
App Mode: DEVELOPER
Menu Key: ESCAPE
Stage Style: DECORATED
Scene Factory: class com.almasb.fxgl.app.scene.SceneFactory

12:12:02.891 [JavaFX Application Thread] DEBUG FXGLApplication      - Initializing FXGL
12:12:02.912 [JavaFX Application Thread] INFO  Engine               - FXGL-17.1 (24.03.2022 17.34) on WINDOWS (J:17.0.5 FX:18)
12:12:02.913 [JavaFX Application Thread] DEBUG Engine               - JRE Vendor Name: Eclipse Adoptium
12:12:02.914 [JavaFX Application Thread] DEBUG Engine               - Running on OS: Windows 11 version 10.0
12:12:02.915 [JavaFX Application Thread] DEBUG Engine               - Architecture: amd64
12:12:02.915 [JavaFX Application Thread] INFO  Engine               - Source code and latest versions at: https://github.com/AlmasB/FXGL
12:12:02.916 [JavaFX Application Thread] INFO  Engine               -       Ask questions and discuss at: https://github.com/AlmasB/FXGL/discussions
12:12:02.917 [JavaFX Application Thread] INFO  Engine               -              Join the FXGL chat at: https://gitter.im/AlmasB/FXGL
12:12:03.237 [JavaFX Application Thread] DEBUG PrimaryStageWindow   - Creating a JavaFX scene
12:12:03.326 [JavaFX Application Thread] DEBUG PrimaryStageWindow   - Target settings size: 1000.0 x 600.0
12:12:03.327 [JavaFX Application Thread] DEBUG PrimaryStageWindow   - Scaled scene size:    1000.0 x 600.0
12:12:03.327 [JavaFX Application Thread] DEBUG PrimaryStageWindow   - Scaled ratio: (1.0, 1.0)
12:12:03.329 [JavaFX Application Thread] DEBUG PrimaryStageWindow   - Set initial scene to FXGLStartupScene
12:12:03.348 [JavaFX Application Thread] DEBUG PrimaryStageWindow   - Opening main window
12:12:03.531 [JavaFX Application Thread] DEBUG PrimaryStageWindow   - Window border size: (14.66668701171875, 37.33331298828125)
12:12:03.531 [JavaFX Application Thread] DEBUG PrimaryStageWindow   - Scaled size: 1000.0 x 600.0
12:12:03.532 [JavaFX Application Thread] DEBUG PrimaryStageWindow   - Scaled ratio: (1.0, 1.0)
12:12:03.532 [JavaFX Application Thread] DEBUG PrimaryStageWindow   - Scene size: 1000.0 x 600.0
12:12:03.533 [JavaFX Application Thread] DEBUG PrimaryStageWindow   - Stage size: 1014.6666870117188 x 637.3333129882812
12:12:03.549 [FXGL Background Thread 1 ] DEBUG Engine               - Initializing environment variables
12:12:03.640 [FXGL Background Thread 1 ] DEBUG FXGLAssetLoaderServi - User app class for loading assets: class org.example.Main
12:12:03.641 [FXGL Background Thread 1 ] DEBUG GameApplicationServi - Applying CSS: fxgl_dark.css
12:12:03.644 [FXGL Background Thread 1 ] DEBUG FXGLAssetLoaderServi - Loading from file system: jar:file:/C:/Users/100070997/.m2/repository/com/github/almasb/fxgl/17.1/fxgl-17.1.jar!/fxglassets/ui/css/fxgl_dark.css
12:12:03.748 [FXGL Background Thread 1 ] DEBUG GameApplicationServi - Initializing application scenes
12:12:03.835 [FXGL Background Thread 1 ] DEBUG GameWorld            - Game world initialized
12:12:03.972 [FXGL Background Thread 1 ] DEBUG PhysicsWorld         - Physics world initialized: appHeight=600, physics.ppm=50.0
12:12:03.972 [FXGL Background Thread 1 ] DEBUG PhysicsWorld         - Using strategy: BRUTE_FORCE
12:12:03.983 [FXGL Background Thread 1 ] DEBUG GameScene            - Game scene initialized: 1000x600
12:12:04.014 [FXGL Background Thread 1 ] DEBUG FXGL.DefaultMenu     - createMenuBodyGameMenu()
12:12:04.054 [FXGL Background Thread 1 ] DEBUG FXGL.DefaultMenu     - createOptionsMenu()
12:12:04.080 [FXGL Background Thread 1 ] DEBUG FXGLAssetLoaderServi - Loading from file system: jar:file:/C:/Users/100070997/.m2/repository/com/github/almasb/fxgl/17.1/fxgl-17.1.jar!/fxglassets/textures/particles/smoke.png
12:12:04.246 [FXGL Background Thread 1 ] DEBUG FXGLAssetLoaderServi - Loading from file system: jar:file:/C:/Users/100070997/.m2/repository/com/github/almasb/fxgl/17.1/fxgl-17.1.jar!/fxglassets/textures/particles/trace_horizontal.png
12:12:04.296 [FXGL Background Thread 1 ] DEBUG GameApplicationServi - Application scenes initialized
12:12:04.317 [FXGL Background Thread 1 ] DEBUG SystemBundleService  - Loading FXGL system data
12:12:04.326 [FXGL Background Thread 1 ] DEBUG FileSystemAccess     - Reading from: C:\Users\100070997\Desktop\restaurant_simulator\system\fxgl.bundle
12:12:04.336 [FXGL Background Thread 1 ] DEBUG SystemBundleService  - Bundle FXGL: {}
12:12:04.336 [FXGL Background Thread 1 ] DEBUG UpdaterService       - Checking for updates
12:12:04.347 [FXGL Background Thread 4 ] DEBUG FXGLApplication      - Loading fonts
12:12:04.348 [FXGL Background Thread 1 ] DEBUG FXGLApplication      - Loading default localization
12:12:04.349 [FXGL Background Thread 4 ] DEBUG FXGLAssetLoaderServi - Loading from file system: jar:file:/C:/Users/100070997/.m2/repository/com/github/almasb/fxgl/17.1/fxgl-17.1.jar!/fxglassets/ui/fonts/VarelaRound-Regular.ttf
12:12:04.349 [FXGL Background Thread 1 ] DEBUG FXGLAssetLoaderServi - Loading from file system: jar:file:/C:/Users/100070997/.m2/repository/com/github/almasb/fxgl/17.1/fxgl-17.1.jar!/fxglassets/languages/english.lang
12:12:04.393 [FXGL Background Thread 1 ] INFO  FXGLApplication      - FXGL initialization took: 0.844 sec
12:12:04.395 [JavaFX Application Thread] DEBUG FXGLAssetLoaderServi - Loading from file system: jar:file:/C:/Users/100070997/.m2/repository/com/github/almasb/fxgl/17.1/fxgl-17.1.jar!/fxglassets/textures/fxgl_icon.png
12:12:04.448 [JavaFX Application Thread] DEBUG FXGLAssetLoaderServi - Loading from file system: jar:file:/C:/Users/100070997/.m2/repository/com/github/almasb/fxgl/17.1/fxgl-17.1.jar!/fxglassets/textures/fxgl_default_cursor.png
12:12:04.479 [JavaFX Application Thread] DEBUG Input                - Registered new binding: Screenshot - CTRL+8
12:12:04.480 [JavaFX Application Thread] DEBUG Input                - Registered new binding: System info dump - CTRL+9
12:12:04.482 [JavaFX Application Thread] DEBUG Input                - Registered new binding: Restart - CTRL+R
12:12:04.483 [JavaFX Application Thread] DEBUG Input                - Registered new binding: Toggle Debug Camera - CTRL+7
12:12:04.488 [JavaFX Application Thread] DEBUG LoopRunner           - Starting loop
12:12:04.488 [JavaFX Application Thread] DEBUG LoopRunner           - Initializing JavaFX AnimationTimerLoop
12:12:04.494 [JavaFX Application Thread] DEBUG GameApplicationServi - Starting new game
12:12:04.495 [JavaFX Application Thread] DEBUG Input                - Clearing active input actions
12:12:04.520 [JavaFX Application Thread] DEBUG GameApplicationServi - Removing overlay from FXGLStartupScene and adding to FXGLLoadingScene
12:12:04.521 [JavaFX Application Thread] DEBUG PrimaryStageWindow   - FXGLStartupScene -> FXGLLoadingScene
12:12:04.521 [JavaFX Application Thread] DEBUG GameApplicationServi - Clearing previous game
12:12:04.521 [JavaFX Application Thread] DEBUG GameScene            - Clearing game scene
12:12:04.521 [JavaFX Application Thread] DEBUG GameWorld            - Clearing game world
12:12:04.522 [JavaFX Application Thread] DEBUG PhysicsWorld         - Clearing physics world
12:12:04.525 [FXGL Background Thread 1 ] DEBUG FXGLApplication      - Initializing game
12:12:04.532 [FXGL Background Thread 4 ] DEBUG FXGLAssetLoaderServi - Loading from file system: jar:file:/C:/Users/100070997/.m2/repository/com/github/almasb/fxgl/17.1/fxgl-17.1.jar!/fxglassets/ui/fonts/Abel-Regular.ttf
12:12:04.566 [FXGL Background Thread 4 ] DEBUG FXGLAssetLoaderServi - Loading from file system: jar:file:/C:/Users/100070997/.m2/repository/com/github/almasb/fxgl/17.1/fxgl-17.1.jar!/fxglassets/ui/fonts/TerminalLandMono-Regular.otf
12:12:04.596 [FXGL Background Thread 4 ] DEBUG FXGLAssetLoaderServi - Loading from file system: jar:file:/C:/Users/100070997/.m2/repository/com/github/almasb/fxgl/17.1/fxgl-17.1.jar!/fxglassets/ui/fonts/Courier-Prime.ttf
12:12:04.643 [JavaFX Application Thread] DEBUG FXGLApplication      - Registering font factories with UI factory
12:12:05.182 [FXGL Background Thread 1 ] INFO  FXGLApplication      - Game initialization took: 0.658 sec
12:12:05.183 [JavaFX Application Thread] DEBUG Input                - Clearing active input actions
12:12:05.213 [JavaFX Application Thread] DEBUG GameApplicationServi - Removing overlay from FXGLLoadingScene and adding to GameScene
12:12:05.214 [JavaFX Application Thread] DEBUG PrimaryStageWindow   - FXGLLoadingScene -> GameScene
12:12:05.427 [FXGL Background Thread 2 ] INFO  UpdaterService       - Your current version:  17.1
12:12:05.428 [FXGL Background Thread 2 ] INFO  UpdaterService       - Latest stable version: 21.1
12:12:07.345 [FXGL Background Thread 3 ] DEBUG Engine               - Logging environment variables
12:12:07.347 [FXGL Background Thread 3 ] DEBUG Engine               - achievements: []
12:12:07.348 [FXGL Background Thread 3 ] DEBUG Engine               - actualHeight: 600.0
12:12:07.348 [FXGL Background Thread 3 ] DEBUG Engine               - actualHeightProperty: ReadOnlyDoubleProperty [value: 600.0]
12:12:07.349 [FXGL Background Thread 3 ] DEBUG Engine               - actualWidth: 1000.0
12:12:07.349 [FXGL Background Thread 3 ] DEBUG Engine               - actualWidthProperty: ReadOnlyDoubleProperty [value: 1000.0]
12:12:07.350 [FXGL Background Thread 3 ] DEBUG Engine               - appIcon: fxgl_icon.png
12:12:07.350 [FXGL Background Thread 3 ] DEBUG Engine               - applicationMode: DEVELOPER
12:12:07.350 [FXGL Background Thread 3 ] DEBUG Engine               - cSSList: [fxgl_dark.css]
12:12:07.351 [FXGL Background Thread 3 ] DEBUG Engine               - collisionDetectionStrategy: BRUTE_FORCE
12:12:07.351 [FXGL Background Thread 3 ] DEBUG Engine               - configClass: Optional.empty
12:12:07.351 [FXGL Background Thread 3 ] DEBUG Engine               - credits: []
12:12:07.353 [FXGL Background Thread 3 ] DEBUG Engine               - defaultCursor: CursorInfo(imageName=fxgl_default_cursor.png, hotspotX=7.0, hotspotY=6.0)
12:12:07.355 [FXGL Background Thread 3 ] DEBUG Engine               - devBBoxColorProperty: ObjectProperty [value: 0xff0000ff]
12:12:07.355 [FXGL Background Thread 3 ] DEBUG Engine               - devEnableDebugCameraProperty: BooleanProperty [value: false]
12:12:07.356 [FXGL Background Thread 3 ] DEBUG Engine               - devSensorColorProperty: ObjectProperty [value: 0xffff00ff]
12:12:07.356 [FXGL Background Thread 3 ] DEBUG Engine               - devShowBBoxProperty: BooleanProperty [value: false]
12:12:07.357 [FXGL Background Thread 3 ] DEBUG Engine               - devShowPositionProperty: BooleanProperty [value: false]
12:12:07.357 [FXGL Background Thread 3 ] DEBUG Engine               - enabledMenuItems: []
12:12:07.357 [FXGL Background Thread 3 ] DEBUG Engine               - engineServices: [class com.almasb.fxgl.app.services.FXGLAssetLoaderService, class com.almasb.fxgl.app.FXGLApplication$GameApplicationService, class com.almasb.fxgl.app.services.FXGLDialogService, class com.almasb.fxgl.app.services.IOTaskExecutorService, class com.almasb.fxgl.io.FileSystemService, class com.almasb.fxgl.localization.LocalizationService, class com.almasb.fxgl.app.services.SystemBundleService, class com.almasb.fxgl.profile.SaveLoadService, class com.almasb.fxgl.ui.FXGLUIFactoryServiceProvider, class com.almasb.fxgl.ui.FXGLDialogFactoryServiceProvider, class com.almasb.fxgl.audio.AudioPlayer, class com.almasb.fxgl.notification.impl.NotificationServiceProvider, class com.almasb.fxgl.achievement.AchievementService, class com.almasb.fxgl.cutscene.CutsceneService, class com.almasb.fxgl.minigames.MiniGameService, class com.almasb.fxgl.net.NetService, class com.almasb.fxgl.app.services.UpdaterService, class com.almasb.fxgl.dev.DevService]
12:12:07.358 [FXGL Background Thread 3 ] DEBUG Engine               - fontGame: Abel-Regular.ttf
12:12:07.358 [FXGL Background Thread 3 ] DEBUG Engine               - fontMono: TerminalLandMono-Regular.otf
12:12:07.358 [FXGL Background Thread 3 ] DEBUG Engine               - fontText: Courier-Prime.ttf
12:12:07.359 [FXGL Background Thread 3 ] DEBUG Engine               - fontUI: VarelaRound-Regular.ttf
12:12:07.359 [FXGL Background Thread 3 ] DEBUG Engine               - fullScreen: BooleanProperty [value: false]
12:12:07.360 [FXGL Background Thread 3 ] DEBUG Engine               - gameDifficulty: MEDIUM
12:12:07.360 [FXGL Background Thread 3 ] DEBUG Engine               - gameDifficultyProperty: ObjectProperty [value: MEDIUM]
12:12:07.361 [FXGL Background Thread 3 ] DEBUG Engine               - globalMusicVolume: 0.5
12:12:07.362 [FXGL Background Thread 3 ] DEBUG Engine               - globalMusicVolumeProperty: DoubleProperty [value: 0.5]
12:12:07.362 [FXGL Background Thread 3 ] DEBUG Engine               - globalSoundVolume: 0.5
12:12:07.363 [FXGL Background Thread 3 ] DEBUG Engine               - globalSoundVolumeProperty: DoubleProperty [value: 0.5]
12:12:07.363 [FXGL Background Thread 3 ] DEBUG Engine               - height: 600
12:12:07.364 [FXGL Background Thread 3 ] DEBUG Engine               - is3D: false
12:12:07.364 [FXGL Background Thread 3 ] DEBUG Engine               - isAndroid: false
12:12:07.364 [FXGL Background Thread 3 ] DEBUG Engine               - isBrowser: false
12:12:07.364 [FXGL Background Thread 3 ] DEBUG Engine               - isClickFeedbackEnabled: false
12:12:07.365 [FXGL Background Thread 3 ] DEBUG Engine               - isCloseConfirmation: false
12:12:07.365 [FXGL Background Thread 3 ] DEBUG Engine               - isDesktop: true
12:12:07.365 [FXGL Background Thread 3 ] DEBUG Engine               - isDeveloperMenuEnabled: false
12:12:07.366 [FXGL Background Thread 3 ] DEBUG Engine               - isEmbedded: false
12:12:07.366 [FXGL Background Thread 3 ] DEBUG Engine               - isEntityPreloadEnabled: true
12:12:07.366 [FXGL Background Thread 3 ] DEBUG Engine               - isExperimentalTiledLargeMap: false
12:12:07.367 [FXGL Background Thread 3 ] DEBUG Engine               - isFileSystemWriteAllowed: true
12:12:07.367 [FXGL Background Thread 3 ] DEBUG Engine               - isFullScreenAllowed: false
12:12:07.367 [FXGL Background Thread 3 ] DEBUG Engine               - isFullScreenFromStart: false
12:12:07.368 [FXGL Background Thread 3 ] DEBUG Engine               - isGameMenuEnabled: true
12:12:07.368 [FXGL Background Thread 3 ] DEBUG Engine               - isIOS: false
12:12:07.368 [FXGL Background Thread 3 ] DEBUG Engine               - isIntroEnabled: false
12:12:07.369 [FXGL Background Thread 3 ] DEBUG Engine               - isLinux: false
12:12:07.369 [FXGL Background Thread 3 ] DEBUG Engine               - isMac: false
12:12:07.369 [FXGL Background Thread 3 ] DEBUG Engine               - isMainMenuEnabled: false
12:12:07.370 [FXGL Background Thread 3 ] DEBUG Engine               - isManualResizeEnabled: false
12:12:07.370 [FXGL Background Thread 3 ] DEBUG Engine               - isMobile: false
12:12:07.371 [FXGL Background Thread 3 ] DEBUG Engine               - isNative: false
12:12:07.371 [FXGL Background Thread 3 ] DEBUG Engine               - isPauseMusicWhenMinimized: true
12:12:07.372 [FXGL Background Thread 3 ] DEBUG Engine               - isPreserveResizeRatio: false
12:12:07.372 [FXGL Background Thread 3 ] DEBUG Engine               - isProfilingEnabled: false
12:12:07.372 [FXGL Background Thread 3 ] DEBUG Engine               - isScaleAffectedOnResize: true
12:12:07.373 [FXGL Background Thread 3 ] DEBUG Engine               - isSingleStep: false
12:12:07.373 [FXGL Background Thread 3 ] DEBUG Engine               - isUserProfileEnabled: false
12:12:07.373 [FXGL Background Thread 3 ] DEBUG Engine               - isWindows: true
12:12:07.374 [FXGL Background Thread 3 ] DEBUG Engine               - language: ObjectProperty [value: ENGLISH]
12:12:07.374 [FXGL Background Thread 3 ] DEBUG Engine               - menuKey: ESCAPE
12:12:07.374 [FXGL Background Thread 3 ] DEBUG Engine               - mouseSensitivity: 0.2
12:12:07.375 [FXGL Background Thread 3 ] DEBUG Engine               - notificationViewClass: class com.almasb.fxgl.notification.view.XboxNotificationView
12:12:07.375 [FXGL Background Thread 3 ] DEBUG Engine               - pixelsPerMeter: 50.0
12:12:07.375 [FXGL Background Thread 3 ] DEBUG Engine               - platform: WINDOWS
12:12:07.375 [FXGL Background Thread 3 ] DEBUG Engine               - prefHeightProperty: ReadOnlyDoubleProperty [value: 600.0]
12:12:07.376 [FXGL Background Thread 3 ] DEBUG Engine               - prefWidthProperty: ReadOnlyDoubleProperty [value: 1000.0]
12:12:07.377 [FXGL Background Thread 3 ] DEBUG Engine               - profileDir: profiles/
12:12:07.377 [FXGL Background Thread 3 ] DEBUG Engine               - profileName: StringProperty [value: DEFAULT]
12:12:07.378 [FXGL Background Thread 3 ] DEBUG Engine               - randomSeed: -1
12:12:07.379 [FXGL Background Thread 3 ] DEBUG Engine               - runtimeInfo: RuntimeInfo(platform=WINDOWS, version=17.1, build=24.03.2022 17.34)
12:12:07.379 [FXGL Background Thread 3 ] DEBUG Engine               - saveFileExt: sav
12:12:07.379 [FXGL Background Thread 3 ] DEBUG Engine               - scaledHeightProp$fxgl: DoubleProperty [bound, value: 600.0]
12:12:07.381 [FXGL Background Thread 3 ] DEBUG Engine               - scaledWidthProp$fxgl: DoubleProperty [bound, value: 1000.0]
12:12:07.381 [FXGL Background Thread 3 ] DEBUG Engine               - sceneFactory: com.almasb.fxgl.app.scene.SceneFactory@16451cd4
12:12:07.381 [FXGL Background Thread 3 ] DEBUG Engine               - secondsIn24h: 60
12:12:07.382 [FXGL Background Thread 3 ] DEBUG Engine               - soundMenuBack: menu/back.wav
12:12:07.382 [FXGL Background Thread 3 ] DEBUG Engine               - soundMenuPress: menu/press.wav
12:12:07.382 [FXGL Background Thread 3 ] DEBUG Engine               - soundMenuSelect: menu/select.wav
12:12:07.382 [FXGL Background Thread 3 ] DEBUG Engine               - soundNotification: core/notification.wav
12:12:07.382 [FXGL Background Thread 3 ] DEBUG Engine               - stageStyle: DECORATED
12:12:07.382 [FXGL Background Thread 3 ] DEBUG Engine               - supportedLanguages: [ENGLISH, FRENCH, GERMAN, HUNGARIAN, RUSSIAN]
12:12:07.383 [FXGL Background Thread 3 ] DEBUG Engine               - ticksPerSecond: -1
12:12:07.383 [FXGL Background Thread 3 ] DEBUG Engine               - title: Gestión de Áreas
12:12:07.383 [FXGL Background Thread 3 ] DEBUG Engine               - urlGithub: https://github.com/AlmasB/FXGL
12:12:07.384 [FXGL Background Thread 3 ] DEBUG Engine               - urlLeaderboard: http://fxgl-top.herokuapp.com/
12:12:07.384 [FXGL Background Thread 3 ] DEBUG Engine               - urlPOM: https://raw.githubusercontent.com/AlmasB/FXGL/release/README.md
12:12:07.384 [FXGL Background Thread 3 ] DEBUG Engine               - userAppClass: class org.example.Main
12:12:07.385 [FXGL Background Thread 3 ] DEBUG Engine               - version: 1.0
12:12:07.385 [FXGL Background Thread 3 ] DEBUG Engine               - versionCheckDays: 7
12:12:07.385 [FXGL Background Thread 3 ] DEBUG Engine               - width: 1000
12:12:07.386 [FXGL Background Thread 3 ] DEBUG Engine               - Logging services
12:12:07.386 [FXGL Background Thread 3 ] DEBUG Engine               - class com.almasb.fxgl.app.services.FXGLAssetLoaderService
12:12:07.386 [FXGL Background Thread 3 ] DEBUG Engine               - class com.almasb.fxgl.app.FXGLApplication$GameApplicationService
12:12:07.387 [FXGL Background Thread 3 ] DEBUG Engine               - class com.almasb.fxgl.app.services.FXGLDialogService
12:12:07.387 [FXGL Background Thread 3 ] DEBUG Engine               - class com.almasb.fxgl.app.services.IOTaskExecutorService
12:12:07.387 [FXGL Background Thread 3 ] DEBUG Engine               - class com.almasb.fxgl.io.FileSystemService
12:12:07.388 [FXGL Background Thread 3 ] DEBUG Engine               - class com.almasb.fxgl.localization.LocalizationService
12:12:07.388 [FXGL Background Thread 3 ] DEBUG Engine               - class com.almasb.fxgl.app.services.SystemBundleService
12:12:07.388 [FXGL Background Thread 3 ] DEBUG Engine               - class com.almasb.fxgl.profile.SaveLoadService
12:12:07.389 [FXGL Background Thread 3 ] DEBUG Engine               - class com.almasb.fxgl.ui.FXGLUIFactoryServiceProvider
12:12:07.389 [FXGL Background Thread 3 ] DEBUG Engine               - class com.almasb.fxgl.ui.FXGLDialogFactoryServiceProvider
12:12:07.389 [FXGL Background Thread 3 ] DEBUG Engine               - class com.almasb.fxgl.audio.AudioPlayer
12:12:07.390 [FXGL Background Thread 3 ] DEBUG Engine               - class com.almasb.fxgl.notification.impl.NotificationServiceProvider
12:12:07.390 [FXGL Background Thread 3 ] DEBUG Engine               - class com.almasb.fxgl.achievement.AchievementService
12:12:07.390 [FXGL Background Thread 3 ] DEBUG Engine               - class com.almasb.fxgl.cutscene.CutsceneService
12:12:07.390 [FXGL Background Thread 3 ] DEBUG Engine               - class com.almasb.fxgl.minigames.MiniGameService
12:12:07.391 [FXGL Background Thread 3 ] DEBUG Engine               - class com.almasb.fxgl.net.NetService
12:12:07.391 [FXGL Background Thread 3 ] DEBUG Engine               - class com.almasb.fxgl.app.services.UpdaterService
12:12:07.391 [FXGL Background Thread 3 ] DEBUG Engine               - class com.almasb.fxgl.dev.DevService
12:13:27.112 [JavaFX Application Thread] DEBUG FXGLApplication      - Exiting FXGL
12:13:27.113 [JavaFX Application Thread] DEBUG LoopRunner           - Stopping loop
12:13:27.113 [JavaFX Application Thread] DEBUG SystemBundleService  - Saving FXGL system data
12:13:27.122 [JavaFX Application Thread] DEBUG FileSystemAccess     - Writing to: C:\Users\100070997\Desktop\restaurant_simulator\system\fxgl.bundle
12:13:27.129 [JavaFX Application Thread] DEBUG Async                - Shutting down background threads
12:13:27.130 [JavaFX Application Thread] DEBUG PrimaryStageWindow   - Closing main window
12:13:27.211 [JavaFX Application Thread] DEBUG Logger               - Closing Logger
