15:17:07.919 [main                     ] DEBUG Logger               - Configured Logger
15:17:07.955 [main                     ] DEBUG GameApplication      - Logging settings
Title: Gestión de Áreas
Version: 1.0
Width: 1000
Height: 600
Fullscreen: false
Intro: false
Profiling: false
Single step:false
App Mode: DEVELOPER
Menu Key: ESCAPE
Stage Style: DECORATED
Scene Factory: class com.almasb.fxgl.app.scene.SceneFactory

15:17:08.389 [JavaFX Application Thread] DEBUG FXGLApplication      - Initializing FXGL
15:17:08.402 [JavaFX Application Thread] INFO  Engine               - FXGL-17.1 (24.03.2022 17.34) on WINDOWS (J:17.0.5 FX:18)
15:17:08.403 [JavaFX Application Thread] DEBUG Engine               - JRE Vendor Name: Eclipse Adoptium
15:17:08.403 [JavaFX Application Thread] DEBUG Engine               - Running on OS: Windows 11 version 10.0
15:17:08.404 [JavaFX Application Thread] DEBUG Engine               - Architecture: amd64
15:17:08.404 [JavaFX Application Thread] INFO  Engine               - Source code and latest versions at: https://github.com/AlmasB/FXGL
15:17:08.405 [JavaFX Application Thread] INFO  Engine               -       Ask questions and discuss at: https://github.com/AlmasB/FXGL/discussions
15:17:08.406 [JavaFX Application Thread] INFO  Engine               -              Join the FXGL chat at: https://gitter.im/AlmasB/FXGL
15:17:08.642 [JavaFX Application Thread] DEBUG PrimaryStageWindow   - Creating a JavaFX scene
15:17:08.704 [JavaFX Application Thread] DEBUG PrimaryStageWindow   - Target settings size: 1000.0 x 600.0
15:17:08.704 [JavaFX Application Thread] DEBUG PrimaryStageWindow   - Scaled scene size:    1000.0 x 600.0
15:17:08.705 [JavaFX Application Thread] DEBUG PrimaryStageWindow   - Scaled ratio: (1.0, 1.0)
15:17:08.706 [JavaFX Application Thread] DEBUG PrimaryStageWindow   - Set initial scene to FXGLStartupScene
15:17:08.718 [JavaFX Application Thread] DEBUG PrimaryStageWindow   - Opening main window
15:17:08.816 [JavaFX Application Thread] DEBUG PrimaryStageWindow   - Window border size: (14.66668701171875, 37.33331298828125)
15:17:08.816 [JavaFX Application Thread] DEBUG PrimaryStageWindow   - Scaled size: 1000.0 x 600.0
15:17:08.817 [JavaFX Application Thread] DEBUG PrimaryStageWindow   - Scaled ratio: (1.0, 1.0)
15:17:08.817 [JavaFX Application Thread] DEBUG PrimaryStageWindow   - Scene size: 1000.0 x 600.0
15:17:08.817 [JavaFX Application Thread] DEBUG PrimaryStageWindow   - Stage size: 1014.6666870117188 x 637.3333129882812
15:17:08.830 [FXGL Background Thread 1 ] DEBUG Engine               - Initializing environment variables
15:17:08.883 [FXGL Background Thread 1 ] DEBUG FXGLAssetLoaderServi - User app class for loading assets: class org.example.Main
15:17:08.884 [FXGL Background Thread 1 ] DEBUG GameApplicationServi - Applying CSS: fxgl_dark.css
15:17:08.885 [FXGL Background Thread 1 ] DEBUG FXGLAssetLoaderServi - Loading from file system: jar:file:/C:/Users/100070997/.m2/repository/com/github/almasb/fxgl/17.1/fxgl-17.1.jar!/fxglassets/ui/css/fxgl_dark.css
15:17:08.968 [FXGL Background Thread 1 ] DEBUG GameApplicationServi - Initializing application scenes
15:17:09.062 [FXGL Background Thread 1 ] DEBUG GameWorld            - Game world initialized
15:17:09.185 [FXGL Background Thread 1 ] DEBUG PhysicsWorld         - Physics world initialized: appHeight=600, physics.ppm=50.0
15:17:09.186 [FXGL Background Thread 1 ] DEBUG PhysicsWorld         - Using strategy: BRUTE_FORCE
15:17:09.194 [FXGL Background Thread 1 ] DEBUG GameScene            - Game scene initialized: 1000x600
15:17:09.227 [FXGL Background Thread 1 ] DEBUG FXGL.DefaultMenu     - createMenuBodyGameMenu()
15:17:09.262 [FXGL Background Thread 1 ] DEBUG FXGL.DefaultMenu     - createOptionsMenu()
15:17:09.288 [FXGL Background Thread 1 ] DEBUG FXGLAssetLoaderServi - Loading from file system: jar:file:/C:/Users/100070997/.m2/repository/com/github/almasb/fxgl/17.1/fxgl-17.1.jar!/fxglassets/textures/particles/smoke.png
15:17:09.455 [FXGL Background Thread 1 ] DEBUG FXGLAssetLoaderServi - Loading from file system: jar:file:/C:/Users/100070997/.m2/repository/com/github/almasb/fxgl/17.1/fxgl-17.1.jar!/fxglassets/textures/particles/trace_horizontal.png
15:17:09.501 [FXGL Background Thread 1 ] DEBUG GameApplicationServi - Application scenes initialized
15:17:09.521 [FXGL Background Thread 1 ] DEBUG SystemBundleService  - Loading FXGL system data
15:17:09.527 [FXGL Background Thread 1 ] DEBUG FileSystemAccess     - Reading from: C:\Users\100070997\Desktop\restaurant_simulator\system\fxgl.bundle
15:17:09.536 [FXGL Background Thread 1 ] DEBUG SystemBundleService  - Bundle FXGL: {}
15:17:09.536 [FXGL Background Thread 1 ] DEBUG UpdaterService       - Checking for updates
15:17:09.542 [FXGL Background Thread 4 ] DEBUG FXGLApplication      - Loading fonts
15:17:09.542 [FXGL Background Thread 4 ] DEBUG FXGLAssetLoaderServi - Loading from file system: jar:file:/C:/Users/100070997/.m2/repository/com/github/almasb/fxgl/17.1/fxgl-17.1.jar!/fxglassets/ui/fonts/VarelaRound-Regular.ttf
15:17:09.544 [FXGL Background Thread 1 ] DEBUG FXGLApplication      - Loading default localization
15:17:09.545 [FXGL Background Thread 1 ] DEBUG FXGLAssetLoaderServi - Loading from file system: jar:file:/C:/Users/100070997/.m2/repository/com/github/almasb/fxgl/17.1/fxgl-17.1.jar!/fxglassets/languages/english.lang
15:17:09.590 [FXGL Background Thread 1 ] INFO  FXGLApplication      - FXGL initialization took: 0.759 sec
15:17:09.593 [JavaFX Application Thread] DEBUG FXGLAssetLoaderServi - Loading from file system: jar:file:/C:/Users/100070997/.m2/repository/com/github/almasb/fxgl/17.1/fxgl-17.1.jar!/fxglassets/textures/fxgl_icon.png
15:17:09.651 [JavaFX Application Thread] DEBUG FXGLAssetLoaderServi - Loading from file system: jar:file:/C:/Users/100070997/.m2/repository/com/github/almasb/fxgl/17.1/fxgl-17.1.jar!/fxglassets/textures/fxgl_default_cursor.png
15:17:09.690 [JavaFX Application Thread] DEBUG Input                - Registered new binding: Screenshot - CTRL+8
15:17:09.692 [JavaFX Application Thread] DEBUG Input                - Registered new binding: System info dump - CTRL+9
15:17:09.696 [JavaFX Application Thread] DEBUG Input                - Registered new binding: Restart - CTRL+R
15:17:09.697 [JavaFX Application Thread] DEBUG Input                - Registered new binding: Toggle Debug Camera - CTRL+7
15:17:09.702 [JavaFX Application Thread] DEBUG LoopRunner           - Starting loop
15:17:09.704 [JavaFX Application Thread] DEBUG LoopRunner           - Initializing JavaFX AnimationTimerLoop
15:17:09.708 [JavaFX Application Thread] DEBUG GameApplicationServi - Starting new game
15:17:09.708 [JavaFX Application Thread] DEBUG Input                - Clearing active input actions
15:17:09.709 [FXGL Background Thread 4 ] DEBUG FXGLAssetLoaderServi - Loading from file system: jar:file:/C:/Users/100070997/.m2/repository/com/github/almasb/fxgl/17.1/fxgl-17.1.jar!/fxglassets/ui/fonts/Abel-Regular.ttf
15:17:09.732 [FXGL Background Thread 4 ] DEBUG FXGLAssetLoaderServi - Loading from file system: jar:file:/C:/Users/100070997/.m2/repository/com/github/almasb/fxgl/17.1/fxgl-17.1.jar!/fxglassets/ui/fonts/TerminalLandMono-Regular.otf
15:17:09.733 [JavaFX Application Thread] DEBUG GameApplicationServi - Removing overlay from FXGLStartupScene and adding to FXGLLoadingScene
15:17:09.734 [JavaFX Application Thread] DEBUG PrimaryStageWindow   - FXGLStartupScene -> FXGLLoadingScene
15:17:09.734 [JavaFX Application Thread] DEBUG GameApplicationServi - Clearing previous game
15:17:09.734 [JavaFX Application Thread] DEBUG GameScene            - Clearing game scene
15:17:09.734 [JavaFX Application Thread] DEBUG GameWorld            - Clearing game world
15:17:09.735 [JavaFX Application Thread] DEBUG PhysicsWorld         - Clearing physics world
15:17:09.738 [FXGL Background Thread 1 ] DEBUG FXGLApplication      - Initializing game
15:17:09.757 [FXGL Background Thread 4 ] DEBUG FXGLAssetLoaderServi - Loading from file system: jar:file:/C:/Users/100070997/.m2/repository/com/github/almasb/fxgl/17.1/fxgl-17.1.jar!/fxglassets/ui/fonts/Courier-Prime.ttf
15:17:09.833 [JavaFX Application Thread] DEBUG FXGLApplication      - Registering font factories with UI factory
15:17:10.416 [FXGL Background Thread 1 ] INFO  FXGLApplication      - Game initialization took: 0.679 sec
15:17:10.418 [JavaFX Application Thread] DEBUG Input                - Clearing active input actions
15:17:10.458 [JavaFX Application Thread] DEBUG GameApplicationServi - Removing overlay from FXGLLoadingScene and adding to GameScene
15:17:10.459 [JavaFX Application Thread] DEBUG PrimaryStageWindow   - FXGLLoadingScene -> GameScene
15:17:10.497 [FXGL Background Thread 2 ] INFO  UpdaterService       - Your current version:  17.1
15:17:10.498 [FXGL Background Thread 2 ] INFO  UpdaterService       - Latest stable version: 21.1
15:17:12.542 [FXGL Background Thread 3 ] DEBUG Engine               - Logging environment variables
15:17:12.544 [FXGL Background Thread 3 ] DEBUG Engine               - achievements: []
15:17:12.545 [FXGL Background Thread 3 ] DEBUG Engine               - actualHeight: 600.0
15:17:12.546 [FXGL Background Thread 3 ] DEBUG Engine               - actualHeightProperty: ReadOnlyDoubleProperty [value: 600.0]
15:17:12.546 [FXGL Background Thread 3 ] DEBUG Engine               - actualWidth: 1000.0
15:17:12.546 [FXGL Background Thread 3 ] DEBUG Engine               - actualWidthProperty: ReadOnlyDoubleProperty [value: 1000.0]
15:17:12.547 [FXGL Background Thread 3 ] DEBUG Engine               - appIcon: fxgl_icon.png
15:17:12.547 [FXGL Background Thread 3 ] DEBUG Engine               - applicationMode: DEVELOPER
15:17:12.547 [FXGL Background Thread 3 ] DEBUG Engine               - cSSList: [fxgl_dark.css]
15:17:12.547 [FXGL Background Thread 3 ] DEBUG Engine               - collisionDetectionStrategy: BRUTE_FORCE
15:17:12.548 [FXGL Background Thread 3 ] DEBUG Engine               - configClass: Optional.empty
15:17:12.548 [FXGL Background Thread 3 ] DEBUG Engine               - credits: []
15:17:12.550 [FXGL Background Thread 3 ] DEBUG Engine               - defaultCursor: CursorInfo(imageName=fxgl_default_cursor.png, hotspotX=7.0, hotspotY=6.0)
15:17:12.550 [FXGL Background Thread 3 ] DEBUG Engine               - devBBoxColorProperty: ObjectProperty [value: 0xff0000ff]
15:17:12.551 [FXGL Background Thread 3 ] DEBUG Engine               - devEnableDebugCameraProperty: BooleanProperty [value: false]
15:17:12.551 [FXGL Background Thread 3 ] DEBUG Engine               - devSensorColorProperty: ObjectProperty [value: 0xffff00ff]
15:17:12.552 [FXGL Background Thread 3 ] DEBUG Engine               - devShowBBoxProperty: BooleanProperty [value: false]
15:17:12.552 [FXGL Background Thread 3 ] DEBUG Engine               - devShowPositionProperty: BooleanProperty [value: false]
15:17:12.552 [FXGL Background Thread 3 ] DEBUG Engine               - enabledMenuItems: []
15:17:12.552 [FXGL Background Thread 3 ] DEBUG Engine               - engineServices: [class com.almasb.fxgl.app.services.FXGLAssetLoaderService, class com.almasb.fxgl.app.FXGLApplication$GameApplicationService, class com.almasb.fxgl.app.services.FXGLDialogService, class com.almasb.fxgl.app.services.IOTaskExecutorService, class com.almasb.fxgl.io.FileSystemService, class com.almasb.fxgl.localization.LocalizationService, class com.almasb.fxgl.app.services.SystemBundleService, class com.almasb.fxgl.profile.SaveLoadService, class com.almasb.fxgl.ui.FXGLUIFactoryServiceProvider, class com.almasb.fxgl.ui.FXGLDialogFactoryServiceProvider, class com.almasb.fxgl.audio.AudioPlayer, class com.almasb.fxgl.notification.impl.NotificationServiceProvider, class com.almasb.fxgl.achievement.AchievementService, class com.almasb.fxgl.cutscene.CutsceneService, class com.almasb.fxgl.minigames.MiniGameService, class com.almasb.fxgl.net.NetService, class com.almasb.fxgl.app.services.UpdaterService, class com.almasb.fxgl.dev.DevService]
15:17:12.553 [FXGL Background Thread 3 ] DEBUG Engine               - fontGame: Abel-Regular.ttf
15:17:12.553 [FXGL Background Thread 3 ] DEBUG Engine               - fontMono: TerminalLandMono-Regular.otf
15:17:12.554 [FXGL Background Thread 3 ] DEBUG Engine               - fontText: Courier-Prime.ttf
15:17:12.554 [FXGL Background Thread 3 ] DEBUG Engine               - fontUI: VarelaRound-Regular.ttf
15:17:12.554 [FXGL Background Thread 3 ] DEBUG Engine               - fullScreen: BooleanProperty [value: false]
15:17:12.554 [FXGL Background Thread 3 ] DEBUG Engine               - gameDifficulty: MEDIUM
15:17:12.555 [FXGL Background Thread 3 ] DEBUG Engine               - gameDifficultyProperty: ObjectProperty [value: MEDIUM]
15:17:12.555 [FXGL Background Thread 3 ] DEBUG Engine               - globalMusicVolume: 0.5
15:17:12.556 [FXGL Background Thread 3 ] DEBUG Engine               - globalMusicVolumeProperty: DoubleProperty [value: 0.5]
15:17:12.556 [FXGL Background Thread 3 ] DEBUG Engine               - globalSoundVolume: 0.5
15:17:12.556 [FXGL Background Thread 3 ] DEBUG Engine               - globalSoundVolumeProperty: DoubleProperty [value: 0.5]
15:17:12.556 [FXGL Background Thread 3 ] DEBUG Engine               - height: 600
15:17:12.558 [FXGL Background Thread 3 ] DEBUG Engine               - is3D: false
15:17:12.559 [FXGL Background Thread 3 ] DEBUG Engine               - isAndroid: false
15:17:12.560 [FXGL Background Thread 3 ] DEBUG Engine               - isBrowser: false
15:17:12.560 [FXGL Background Thread 3 ] DEBUG Engine               - isClickFeedbackEnabled: false
15:17:12.560 [FXGL Background Thread 3 ] DEBUG Engine               - isCloseConfirmation: false
15:17:12.561 [FXGL Background Thread 3 ] DEBUG Engine               - isDesktop: true
15:17:12.561 [FXGL Background Thread 3 ] DEBUG Engine               - isDeveloperMenuEnabled: false
15:17:12.561 [FXGL Background Thread 3 ] DEBUG Engine               - isEmbedded: false
15:17:12.562 [FXGL Background Thread 3 ] DEBUG Engine               - isEntityPreloadEnabled: true
15:17:12.562 [FXGL Background Thread 3 ] DEBUG Engine               - isExperimentalTiledLargeMap: false
15:17:12.562 [FXGL Background Thread 3 ] DEBUG Engine               - isFileSystemWriteAllowed: true
15:17:12.563 [FXGL Background Thread 3 ] DEBUG Engine               - isFullScreenAllowed: false
15:17:12.563 [FXGL Background Thread 3 ] DEBUG Engine               - isFullScreenFromStart: false
15:17:12.563 [FXGL Background Thread 3 ] DEBUG Engine               - isGameMenuEnabled: true
15:17:12.564 [FXGL Background Thread 3 ] DEBUG Engine               - isIOS: false
15:17:12.564 [FXGL Background Thread 3 ] DEBUG Engine               - isIntroEnabled: false
15:17:12.564 [FXGL Background Thread 3 ] DEBUG Engine               - isLinux: false
15:17:12.564 [FXGL Background Thread 3 ] DEBUG Engine               - isMac: false
15:17:12.565 [FXGL Background Thread 3 ] DEBUG Engine               - isMainMenuEnabled: false
15:17:12.565 [FXGL Background Thread 3 ] DEBUG Engine               - isManualResizeEnabled: false
15:17:12.565 [FXGL Background Thread 3 ] DEBUG Engine               - isMobile: false
15:17:12.566 [FXGL Background Thread 3 ] DEBUG Engine               - isNative: false
15:17:12.566 [FXGL Background Thread 3 ] DEBUG Engine               - isPauseMusicWhenMinimized: true
15:17:12.567 [FXGL Background Thread 3 ] DEBUG Engine               - isPreserveResizeRatio: false
15:17:12.567 [FXGL Background Thread 3 ] DEBUG Engine               - isProfilingEnabled: false
15:17:12.568 [FXGL Background Thread 3 ] DEBUG Engine               - isScaleAffectedOnResize: true
15:17:12.568 [FXGL Background Thread 3 ] DEBUG Engine               - isSingleStep: false
15:17:12.569 [FXGL Background Thread 3 ] DEBUG Engine               - isUserProfileEnabled: false
15:17:12.569 [FXGL Background Thread 3 ] DEBUG Engine               - isWindows: true
15:17:12.570 [FXGL Background Thread 3 ] DEBUG Engine               - language: ObjectProperty [value: ENGLISH]
15:17:12.570 [FXGL Background Thread 3 ] DEBUG Engine               - menuKey: ESCAPE
15:17:12.570 [FXGL Background Thread 3 ] DEBUG Engine               - mouseSensitivity: 0.2
15:17:12.571 [FXGL Background Thread 3 ] DEBUG Engine               - notificationViewClass: class com.almasb.fxgl.notification.view.XboxNotificationView
15:17:12.571 [FXGL Background Thread 3 ] DEBUG Engine               - pixelsPerMeter: 50.0
15:17:12.571 [FXGL Background Thread 3 ] DEBUG Engine               - platform: WINDOWS
15:17:12.573 [FXGL Background Thread 3 ] DEBUG Engine               - prefHeightProperty: ReadOnlyDoubleProperty [value: 600.0]
15:17:12.573 [FXGL Background Thread 3 ] DEBUG Engine               - prefWidthProperty: ReadOnlyDoubleProperty [value: 1000.0]
15:17:12.574 [FXGL Background Thread 3 ] DEBUG Engine               - profileDir: profiles/
15:17:12.574 [FXGL Background Thread 3 ] DEBUG Engine               - profileName: StringProperty [value: DEFAULT]
15:17:12.574 [FXGL Background Thread 3 ] DEBUG Engine               - randomSeed: -1
15:17:12.576 [FXGL Background Thread 3 ] DEBUG Engine               - runtimeInfo: RuntimeInfo(platform=WINDOWS, version=17.1, build=24.03.2022 17.34)
15:17:12.577 [FXGL Background Thread 3 ] DEBUG Engine               - saveFileExt: sav
15:17:12.577 [FXGL Background Thread 3 ] DEBUG Engine               - scaledHeightProp$fxgl: DoubleProperty [bound, value: 600.0]
15:17:12.577 [FXGL Background Thread 3 ] DEBUG Engine               - scaledWidthProp$fxgl: DoubleProperty [bound, value: 1000.0]
15:17:12.578 [FXGL Background Thread 3 ] DEBUG Engine               - sceneFactory: com.almasb.fxgl.app.scene.SceneFactory@3d2a715d
15:17:12.578 [FXGL Background Thread 3 ] DEBUG Engine               - secondsIn24h: 60
15:17:12.578 [FXGL Background Thread 3 ] DEBUG Engine               - soundMenuBack: menu/back.wav
15:17:12.579 [FXGL Background Thread 3 ] DEBUG Engine               - soundMenuPress: menu/press.wav
15:17:12.579 [FXGL Background Thread 3 ] DEBUG Engine               - soundMenuSelect: menu/select.wav
15:17:12.579 [FXGL Background Thread 3 ] DEBUG Engine               - soundNotification: core/notification.wav
15:17:12.579 [FXGL Background Thread 3 ] DEBUG Engine               - stageStyle: DECORATED
15:17:12.580 [FXGL Background Thread 3 ] DEBUG Engine               - supportedLanguages: [ENGLISH, FRENCH, GERMAN, HUNGARIAN, RUSSIAN]
15:17:12.580 [FXGL Background Thread 3 ] DEBUG Engine               - ticksPerSecond: -1
15:17:12.580 [FXGL Background Thread 3 ] DEBUG Engine               - title: Gestión de Áreas
15:17:12.580 [FXGL Background Thread 3 ] DEBUG Engine               - urlGithub: https://github.com/AlmasB/FXGL
15:17:12.581 [FXGL Background Thread 3 ] DEBUG Engine               - urlLeaderboard: http://fxgl-top.herokuapp.com/
15:17:12.581 [FXGL Background Thread 3 ] DEBUG Engine               - urlPOM: https://raw.githubusercontent.com/AlmasB/FXGL/release/README.md
15:17:12.581 [FXGL Background Thread 3 ] DEBUG Engine               - userAppClass: class org.example.Main
15:17:12.581 [FXGL Background Thread 3 ] DEBUG Engine               - version: 1.0
15:17:12.582 [FXGL Background Thread 3 ] DEBUG Engine               - versionCheckDays: 7
15:17:12.582 [FXGL Background Thread 3 ] DEBUG Engine               - width: 1000
15:17:12.582 [FXGL Background Thread 3 ] DEBUG Engine               - Logging services
15:17:12.582 [FXGL Background Thread 3 ] DEBUG Engine               - class com.almasb.fxgl.app.services.FXGLAssetLoaderService
15:17:12.582 [FXGL Background Thread 3 ] DEBUG Engine               - class com.almasb.fxgl.app.FXGLApplication$GameApplicationService
15:17:12.582 [FXGL Background Thread 3 ] DEBUG Engine               - class com.almasb.fxgl.app.services.FXGLDialogService
15:17:12.583 [FXGL Background Thread 3 ] DEBUG Engine               - class com.almasb.fxgl.app.services.IOTaskExecutorService
15:17:12.584 [FXGL Background Thread 3 ] DEBUG Engine               - class com.almasb.fxgl.io.FileSystemService
15:17:12.584 [FXGL Background Thread 3 ] DEBUG Engine               - class com.almasb.fxgl.localization.LocalizationService
15:17:12.584 [FXGL Background Thread 3 ] DEBUG Engine               - class com.almasb.fxgl.app.services.SystemBundleService
15:17:12.584 [FXGL Background Thread 3 ] DEBUG Engine               - class com.almasb.fxgl.profile.SaveLoadService
15:17:12.584 [FXGL Background Thread 3 ] DEBUG Engine               - class com.almasb.fxgl.ui.FXGLUIFactoryServiceProvider
15:17:12.584 [FXGL Background Thread 3 ] DEBUG Engine               - class com.almasb.fxgl.ui.FXGLDialogFactoryServiceProvider
15:17:12.585 [FXGL Background Thread 3 ] DEBUG Engine               - class com.almasb.fxgl.audio.AudioPlayer
15:17:12.585 [FXGL Background Thread 3 ] DEBUG Engine               - class com.almasb.fxgl.notification.impl.NotificationServiceProvider
15:17:12.585 [FXGL Background Thread 3 ] DEBUG Engine               - class com.almasb.fxgl.achievement.AchievementService
15:17:12.585 [FXGL Background Thread 3 ] DEBUG Engine               - class com.almasb.fxgl.cutscene.CutsceneService
15:17:12.585 [FXGL Background Thread 3 ] DEBUG Engine               - class com.almasb.fxgl.minigames.MiniGameService
15:17:12.586 [FXGL Background Thread 3 ] DEBUG Engine               - class com.almasb.fxgl.net.NetService
15:17:12.586 [FXGL Background Thread 3 ] DEBUG Engine               - class com.almasb.fxgl.app.services.UpdaterService
15:17:12.586 [FXGL Background Thread 3 ] DEBUG Engine               - class com.almasb.fxgl.dev.DevService
15:18:22.968 [JavaFX Application Thread] DEBUG FXGLApplication      - Exiting FXGL
15:18:22.968 [JavaFX Application Thread] DEBUG LoopRunner           - Stopping loop
15:18:22.969 [JavaFX Application Thread] DEBUG SystemBundleService  - Saving FXGL system data
15:18:22.976 [JavaFX Application Thread] DEBUG FileSystemAccess     - Writing to: C:\Users\100070997\Desktop\restaurant_simulator\system\fxgl.bundle
15:18:22.980 [JavaFX Application Thread] DEBUG Async                - Shutting down background threads
15:18:22.981 [JavaFX Application Thread] DEBUG PrimaryStageWindow   - Closing main window
15:18:23.031 [JavaFX Application Thread] DEBUG Logger               - Closing Logger
