15:19:38.478 [main                     ] DEBUG Logger               - Configured Logger
15:19:38.540 [main                     ] DEBUG GameApplication      - Logging settings
Title: Gestión de Áreas
Version: 1.0
Width: 1000
Height: 600
Fullscreen: false
Intro: false
Profiling: false
Single step:false
App Mode: DEVELOPER
Menu Key: ESCAPE
Stage Style: DECORATED
Scene Factory: class com.almasb.fxgl.app.scene.SceneFactory

15:19:39.253 [JavaFX Application Thread] DEBUG FXGLApplication      - Initializing FXGL
15:19:39.266 [JavaFX Application Thread] INFO  Engine               - FXGL-17.1 (24.03.2022 17.34) on WINDOWS (J:17.0.5 FX:18)
15:19:39.266 [JavaFX Application Thread] DEBUG Engine               - JRE Vendor Name: Eclipse Adoptium
15:19:39.267 [JavaFX Application Thread] DEBUG Engine               - Running on OS: Windows 11 version 10.0
15:19:39.268 [JavaFX Application Thread] DEBUG Engine               - Architecture: amd64
15:19:39.268 [JavaFX Application Thread] INFO  Engine               - Source code and latest versions at: https://github.com/AlmasB/FXGL
15:19:39.268 [JavaFX Application Thread] INFO  Engine               -       Ask questions and discuss at: https://github.com/AlmasB/FXGL/discussions
15:19:39.269 [JavaFX Application Thread] INFO  Engine               -              Join the FXGL chat at: https://gitter.im/AlmasB/FXGL
15:19:39.546 [JavaFX Application Thread] DEBUG PrimaryStageWindow   - Creating a JavaFX scene
15:19:39.676 [JavaFX Application Thread] DEBUG PrimaryStageWindow   - Target settings size: 1000.0 x 600.0
15:19:39.676 [JavaFX Application Thread] DEBUG PrimaryStageWindow   - Scaled scene size:    1000.0 x 600.0
15:19:39.677 [JavaFX Application Thread] DEBUG PrimaryStageWindow   - Scaled ratio: (1.0, 1.0)
15:19:39.680 [JavaFX Application Thread] DEBUG PrimaryStageWindow   - Set initial scene to FXGLStartupScene
15:19:39.702 [JavaFX Application Thread] DEBUG PrimaryStageWindow   - Opening main window
15:19:39.885 [JavaFX Application Thread] DEBUG PrimaryStageWindow   - Window border size: (14.66668701171875, 37.33331298828125)
15:19:39.885 [JavaFX Application Thread] DEBUG PrimaryStageWindow   - Scaled size: 1000.0 x 600.0
15:19:39.887 [JavaFX Application Thread] DEBUG PrimaryStageWindow   - Scaled ratio: (1.0, 1.0)
15:19:39.888 [JavaFX Application Thread] DEBUG PrimaryStageWindow   - Scene size: 1000.0 x 600.0
15:19:39.889 [JavaFX Application Thread] DEBUG PrimaryStageWindow   - Stage size: 1014.6666870117188 x 637.3333129882812
15:19:39.903 [FXGL Background Thread 1 ] DEBUG Engine               - Initializing environment variables
15:19:39.989 [FXGL Background Thread 1 ] DEBUG FXGLAssetLoaderServi - User app class for loading assets: class org.example.Main
15:19:39.990 [FXGL Background Thread 1 ] DEBUG GameApplicationServi - Applying CSS: fxgl_dark.css
15:19:39.994 [FXGL Background Thread 1 ] DEBUG FXGLAssetLoaderServi - Loading from file system: jar:file:/C:/Users/100070997/.m2/repository/com/github/almasb/fxgl/17.1/fxgl-17.1.jar!/fxglassets/ui/css/fxgl_dark.css
15:19:40.115 [FXGL Background Thread 1 ] DEBUG GameApplicationServi - Initializing application scenes
15:19:40.217 [FXGL Background Thread 1 ] DEBUG GameWorld            - Game world initialized
15:19:40.357 [FXGL Background Thread 1 ] DEBUG PhysicsWorld         - Physics world initialized: appHeight=600, physics.ppm=50.0
15:19:40.357 [FXGL Background Thread 1 ] DEBUG PhysicsWorld         - Using strategy: BRUTE_FORCE
15:19:40.366 [FXGL Background Thread 1 ] DEBUG GameScene            - Game scene initialized: 1000x600
15:19:40.395 [FXGL Background Thread 1 ] DEBUG FXGL.DefaultMenu     - createMenuBodyGameMenu()
15:19:40.437 [FXGL Background Thread 1 ] DEBUG FXGL.DefaultMenu     - createOptionsMenu()
15:19:40.464 [FXGL Background Thread 1 ] DEBUG FXGLAssetLoaderServi - Loading from file system: jar:file:/C:/Users/100070997/.m2/repository/com/github/almasb/fxgl/17.1/fxgl-17.1.jar!/fxglassets/textures/particles/smoke.png
15:19:40.679 [FXGL Background Thread 1 ] DEBUG FXGLAssetLoaderServi - Loading from file system: jar:file:/C:/Users/100070997/.m2/repository/com/github/almasb/fxgl/17.1/fxgl-17.1.jar!/fxglassets/textures/particles/trace_horizontal.png
15:19:40.732 [FXGL Background Thread 1 ] DEBUG GameApplicationServi - Application scenes initialized
15:19:40.750 [FXGL Background Thread 1 ] DEBUG SystemBundleService  - Loading FXGL system data
15:19:40.756 [FXGL Background Thread 1 ] DEBUG FileSystemAccess     - Reading from: C:\Users\100070997\Desktop\restaurant_simulator\system\fxgl.bundle
15:19:40.765 [FXGL Background Thread 1 ] DEBUG SystemBundleService  - Bundle FXGL: {}
15:19:40.765 [FXGL Background Thread 1 ] DEBUG UpdaterService       - Checking for updates
15:19:40.772 [FXGL Background Thread 4 ] DEBUG FXGLApplication      - Loading fonts
15:19:40.772 [FXGL Background Thread 4 ] DEBUG FXGLAssetLoaderServi - Loading from file system: jar:file:/C:/Users/100070997/.m2/repository/com/github/almasb/fxgl/17.1/fxgl-17.1.jar!/fxglassets/ui/fonts/VarelaRound-Regular.ttf
15:19:40.773 [FXGL Background Thread 1 ] DEBUG FXGLApplication      - Loading default localization
15:19:40.774 [FXGL Background Thread 1 ] DEBUG FXGLAssetLoaderServi - Loading from file system: jar:file:/C:/Users/100070997/.m2/repository/com/github/almasb/fxgl/17.1/fxgl-17.1.jar!/fxglassets/languages/english.lang
15:19:40.814 [FXGL Background Thread 1 ] INFO  FXGLApplication      - FXGL initialization took: 0.910 sec
15:19:40.816 [JavaFX Application Thread] DEBUG FXGLAssetLoaderServi - Loading from file system: jar:file:/C:/Users/100070997/.m2/repository/com/github/almasb/fxgl/17.1/fxgl-17.1.jar!/fxglassets/textures/fxgl_icon.png
15:19:40.859 [JavaFX Application Thread] DEBUG FXGLAssetLoaderServi - Loading from file system: jar:file:/C:/Users/100070997/.m2/repository/com/github/almasb/fxgl/17.1/fxgl-17.1.jar!/fxglassets/textures/fxgl_default_cursor.png
15:19:40.890 [JavaFX Application Thread] DEBUG Input                - Registered new binding: Screenshot - CTRL+8
15:19:40.892 [JavaFX Application Thread] DEBUG Input                - Registered new binding: System info dump - CTRL+9
15:19:40.893 [JavaFX Application Thread] DEBUG Input                - Registered new binding: Restart - CTRL+R
15:19:40.894 [JavaFX Application Thread] DEBUG Input                - Registered new binding: Toggle Debug Camera - CTRL+7
15:19:40.899 [JavaFX Application Thread] DEBUG LoopRunner           - Starting loop
15:19:40.899 [JavaFX Application Thread] DEBUG LoopRunner           - Initializing JavaFX AnimationTimerLoop
15:19:40.903 [JavaFX Application Thread] DEBUG GameApplicationServi - Starting new game
15:19:40.904 [JavaFX Application Thread] DEBUG Input                - Clearing active input actions
15:19:40.928 [JavaFX Application Thread] DEBUG GameApplicationServi - Removing overlay from FXGLStartupScene and adding to FXGLLoadingScene
15:19:40.928 [JavaFX Application Thread] DEBUG PrimaryStageWindow   - FXGLStartupScene -> FXGLLoadingScene
15:19:40.929 [JavaFX Application Thread] DEBUG GameApplicationServi - Clearing previous game
15:19:40.929 [JavaFX Application Thread] DEBUG GameScene            - Clearing game scene
15:19:40.929 [JavaFX Application Thread] DEBUG GameWorld            - Clearing game world
15:19:40.929 [JavaFX Application Thread] DEBUG PhysicsWorld         - Clearing physics world
15:19:40.932 [FXGL Background Thread 1 ] DEBUG FXGLApplication      - Initializing game
15:19:40.935 [FXGL Background Thread 4 ] DEBUG FXGLAssetLoaderServi - Loading from file system: jar:file:/C:/Users/100070997/.m2/repository/com/github/almasb/fxgl/17.1/fxgl-17.1.jar!/fxglassets/ui/fonts/Abel-Regular.ttf
15:19:40.962 [FXGL Background Thread 4 ] DEBUG FXGLAssetLoaderServi - Loading from file system: jar:file:/C:/Users/100070997/.m2/repository/com/github/almasb/fxgl/17.1/fxgl-17.1.jar!/fxglassets/ui/fonts/TerminalLandMono-Regular.otf
15:19:40.985 [FXGL Background Thread 4 ] DEBUG FXGLAssetLoaderServi - Loading from file system: jar:file:/C:/Users/100070997/.m2/repository/com/github/almasb/fxgl/17.1/fxgl-17.1.jar!/fxglassets/ui/fonts/Courier-Prime.ttf
15:19:41.027 [JavaFX Application Thread] DEBUG FXGLApplication      - Registering font factories with UI factory
15:19:41.709 [FXGL Background Thread 1 ] INFO  FXGLApplication      - Game initialization took: 0.777 sec
15:19:41.711 [JavaFX Application Thread] DEBUG Input                - Clearing active input actions
15:19:41.718 [FXGL Background Thread 2 ] INFO  UpdaterService       - Your current version:  17.1
15:19:41.719 [FXGL Background Thread 2 ] INFO  UpdaterService       - Latest stable version: 21.1
15:19:41.745 [JavaFX Application Thread] DEBUG GameApplicationServi - Removing overlay from FXGLLoadingScene and adding to GameScene
15:19:41.745 [JavaFX Application Thread] DEBUG PrimaryStageWindow   - FXGLLoadingScene -> GameScene
15:19:43.770 [FXGL Background Thread 3 ] DEBUG Engine               - Logging environment variables
15:19:43.772 [FXGL Background Thread 3 ] DEBUG Engine               - achievements: []
15:19:43.773 [FXGL Background Thread 3 ] DEBUG Engine               - actualHeight: 600.0
15:19:43.774 [FXGL Background Thread 3 ] DEBUG Engine               - actualHeightProperty: ReadOnlyDoubleProperty [value: 600.0]
15:19:43.775 [FXGL Background Thread 3 ] DEBUG Engine               - actualWidth: 1000.0
15:19:43.775 [FXGL Background Thread 3 ] DEBUG Engine               - actualWidthProperty: ReadOnlyDoubleProperty [value: 1000.0]
15:19:43.776 [FXGL Background Thread 3 ] DEBUG Engine               - appIcon: fxgl_icon.png
15:19:43.776 [FXGL Background Thread 3 ] DEBUG Engine               - applicationMode: DEVELOPER
15:19:43.777 [FXGL Background Thread 3 ] DEBUG Engine               - cSSList: [fxgl_dark.css]
15:19:43.777 [FXGL Background Thread 3 ] DEBUG Engine               - collisionDetectionStrategy: BRUTE_FORCE
15:19:43.778 [FXGL Background Thread 3 ] DEBUG Engine               - configClass: Optional.empty
15:19:43.778 [FXGL Background Thread 3 ] DEBUG Engine               - credits: []
15:19:43.780 [FXGL Background Thread 3 ] DEBUG Engine               - defaultCursor: CursorInfo(imageName=fxgl_default_cursor.png, hotspotX=7.0, hotspotY=6.0)
15:19:43.781 [FXGL Background Thread 3 ] DEBUG Engine               - devBBoxColorProperty: ObjectProperty [value: 0xff0000ff]
15:19:43.781 [FXGL Background Thread 3 ] DEBUG Engine               - devEnableDebugCameraProperty: BooleanProperty [value: false]
15:19:43.782 [FXGL Background Thread 3 ] DEBUG Engine               - devSensorColorProperty: ObjectProperty [value: 0xffff00ff]
15:19:43.782 [FXGL Background Thread 3 ] DEBUG Engine               - devShowBBoxProperty: BooleanProperty [value: false]
15:19:43.782 [FXGL Background Thread 3 ] DEBUG Engine               - devShowPositionProperty: BooleanProperty [value: false]
15:19:43.783 [FXGL Background Thread 3 ] DEBUG Engine               - enabledMenuItems: []
15:19:43.783 [FXGL Background Thread 3 ] DEBUG Engine               - engineServices: [class com.almasb.fxgl.app.services.FXGLAssetLoaderService, class com.almasb.fxgl.app.FXGLApplication$GameApplicationService, class com.almasb.fxgl.app.services.FXGLDialogService, class com.almasb.fxgl.app.services.IOTaskExecutorService, class com.almasb.fxgl.io.FileSystemService, class com.almasb.fxgl.localization.LocalizationService, class com.almasb.fxgl.app.services.SystemBundleService, class com.almasb.fxgl.profile.SaveLoadService, class com.almasb.fxgl.ui.FXGLUIFactoryServiceProvider, class com.almasb.fxgl.ui.FXGLDialogFactoryServiceProvider, class com.almasb.fxgl.audio.AudioPlayer, class com.almasb.fxgl.notification.impl.NotificationServiceProvider, class com.almasb.fxgl.achievement.AchievementService, class com.almasb.fxgl.cutscene.CutsceneService, class com.almasb.fxgl.minigames.MiniGameService, class com.almasb.fxgl.net.NetService, class com.almasb.fxgl.app.services.UpdaterService, class com.almasb.fxgl.dev.DevService]
15:19:43.784 [FXGL Background Thread 3 ] DEBUG Engine               - fontGame: Abel-Regular.ttf
15:19:43.784 [FXGL Background Thread 3 ] DEBUG Engine               - fontMono: TerminalLandMono-Regular.otf
15:19:43.784 [FXGL Background Thread 3 ] DEBUG Engine               - fontText: Courier-Prime.ttf
15:19:43.785 [FXGL Background Thread 3 ] DEBUG Engine               - fontUI: VarelaRound-Regular.ttf
15:19:43.785 [FXGL Background Thread 3 ] DEBUG Engine               - fullScreen: BooleanProperty [value: false]
15:19:43.788 [FXGL Background Thread 3 ] DEBUG Engine               - gameDifficulty: MEDIUM
15:19:43.789 [FXGL Background Thread 3 ] DEBUG Engine               - gameDifficultyProperty: ObjectProperty [value: MEDIUM]
15:19:43.790 [FXGL Background Thread 3 ] DEBUG Engine               - globalMusicVolume: 0.5
15:19:43.790 [FXGL Background Thread 3 ] DEBUG Engine               - globalMusicVolumeProperty: DoubleProperty [value: 0.5]
15:19:43.791 [FXGL Background Thread 3 ] DEBUG Engine               - globalSoundVolume: 0.5
15:19:43.792 [FXGL Background Thread 3 ] DEBUG Engine               - globalSoundVolumeProperty: DoubleProperty [value: 0.5]
15:19:43.793 [FXGL Background Thread 3 ] DEBUG Engine               - height: 600
15:19:43.794 [FXGL Background Thread 3 ] DEBUG Engine               - is3D: false
15:19:43.794 [FXGL Background Thread 3 ] DEBUG Engine               - isAndroid: false
15:19:43.795 [FXGL Background Thread 3 ] DEBUG Engine               - isBrowser: false
15:19:43.795 [FXGL Background Thread 3 ] DEBUG Engine               - isClickFeedbackEnabled: false
15:19:43.796 [FXGL Background Thread 3 ] DEBUG Engine               - isCloseConfirmation: false
15:19:43.796 [FXGL Background Thread 3 ] DEBUG Engine               - isDesktop: true
15:19:43.797 [FXGL Background Thread 3 ] DEBUG Engine               - isDeveloperMenuEnabled: false
15:19:43.797 [FXGL Background Thread 3 ] DEBUG Engine               - isEmbedded: false
15:19:43.798 [FXGL Background Thread 3 ] DEBUG Engine               - isEntityPreloadEnabled: true
15:19:43.798 [FXGL Background Thread 3 ] DEBUG Engine               - isExperimentalTiledLargeMap: false
15:19:43.799 [FXGL Background Thread 3 ] DEBUG Engine               - isFileSystemWriteAllowed: true
15:19:43.799 [FXGL Background Thread 3 ] DEBUG Engine               - isFullScreenAllowed: false
15:19:43.799 [FXGL Background Thread 3 ] DEBUG Engine               - isFullScreenFromStart: false
15:19:43.799 [FXGL Background Thread 3 ] DEBUG Engine               - isGameMenuEnabled: true
15:19:43.800 [FXGL Background Thread 3 ] DEBUG Engine               - isIOS: false
15:19:43.800 [FXGL Background Thread 3 ] DEBUG Engine               - isIntroEnabled: false
15:19:43.801 [FXGL Background Thread 3 ] DEBUG Engine               - isLinux: false
15:19:43.801 [FXGL Background Thread 3 ] DEBUG Engine               - isMac: false
15:19:43.801 [FXGL Background Thread 3 ] DEBUG Engine               - isMainMenuEnabled: false
15:19:43.803 [FXGL Background Thread 3 ] DEBUG Engine               - isManualResizeEnabled: false
15:19:43.803 [FXGL Background Thread 3 ] DEBUG Engine               - isMobile: false
15:19:43.804 [FXGL Background Thread 3 ] DEBUG Engine               - isNative: false
15:19:43.804 [FXGL Background Thread 3 ] DEBUG Engine               - isPauseMusicWhenMinimized: true
15:19:43.804 [FXGL Background Thread 3 ] DEBUG Engine               - isPreserveResizeRatio: false
15:19:43.805 [FXGL Background Thread 3 ] DEBUG Engine               - isProfilingEnabled: false
15:19:43.806 [FXGL Background Thread 3 ] DEBUG Engine               - isScaleAffectedOnResize: true
15:19:43.806 [FXGL Background Thread 3 ] DEBUG Engine               - isSingleStep: false
15:19:43.807 [FXGL Background Thread 3 ] DEBUG Engine               - isUserProfileEnabled: false
15:19:43.807 [FXGL Background Thread 3 ] DEBUG Engine               - isWindows: true
15:19:43.807 [FXGL Background Thread 3 ] DEBUG Engine               - language: ObjectProperty [value: ENGLISH]
15:19:43.808 [FXGL Background Thread 3 ] DEBUG Engine               - menuKey: ESCAPE
15:19:43.808 [FXGL Background Thread 3 ] DEBUG Engine               - mouseSensitivity: 0.2
15:19:43.809 [FXGL Background Thread 3 ] DEBUG Engine               - notificationViewClass: class com.almasb.fxgl.notification.view.XboxNotificationView
15:19:43.810 [FXGL Background Thread 3 ] DEBUG Engine               - pixelsPerMeter: 50.0
15:19:43.810 [FXGL Background Thread 3 ] DEBUG Engine               - platform: WINDOWS
15:19:43.811 [FXGL Background Thread 3 ] DEBUG Engine               - prefHeightProperty: ReadOnlyDoubleProperty [value: 600.0]
15:19:43.812 [FXGL Background Thread 3 ] DEBUG Engine               - prefWidthProperty: ReadOnlyDoubleProperty [value: 1000.0]
15:19:43.813 [FXGL Background Thread 3 ] DEBUG Engine               - profileDir: profiles/
15:19:43.814 [FXGL Background Thread 3 ] DEBUG Engine               - profileName: StringProperty [value: DEFAULT]
15:19:43.815 [FXGL Background Thread 3 ] DEBUG Engine               - randomSeed: -1
15:19:43.816 [FXGL Background Thread 3 ] DEBUG Engine               - runtimeInfo: RuntimeInfo(platform=WINDOWS, version=17.1, build=24.03.2022 17.34)
15:19:43.817 [FXGL Background Thread 3 ] DEBUG Engine               - saveFileExt: sav
15:19:43.817 [FXGL Background Thread 3 ] DEBUG Engine               - scaledHeightProp$fxgl: DoubleProperty [bound, value: 600.0]
15:19:43.817 [FXGL Background Thread 3 ] DEBUG Engine               - scaledWidthProp$fxgl: DoubleProperty [bound, value: 1000.0]
15:19:43.818 [FXGL Background Thread 3 ] DEBUG Engine               - sceneFactory: com.almasb.fxgl.app.scene.SceneFactory@232e5f0
15:19:43.818 [FXGL Background Thread 3 ] DEBUG Engine               - secondsIn24h: 60
15:19:43.819 [FXGL Background Thread 3 ] DEBUG Engine               - soundMenuBack: menu/back.wav
15:19:43.819 [FXGL Background Thread 3 ] DEBUG Engine               - soundMenuPress: menu/press.wav
15:19:43.819 [FXGL Background Thread 3 ] DEBUG Engine               - soundMenuSelect: menu/select.wav
15:19:43.820 [FXGL Background Thread 3 ] DEBUG Engine               - soundNotification: core/notification.wav
15:19:43.820 [FXGL Background Thread 3 ] DEBUG Engine               - stageStyle: DECORATED
15:19:43.820 [FXGL Background Thread 3 ] DEBUG Engine               - supportedLanguages: [ENGLISH, FRENCH, GERMAN, HUNGARIAN, RUSSIAN]
15:19:43.821 [FXGL Background Thread 3 ] DEBUG Engine               - ticksPerSecond: -1
15:19:43.821 [FXGL Background Thread 3 ] DEBUG Engine               - title: Gestión de Áreas
15:19:43.821 [FXGL Background Thread 3 ] DEBUG Engine               - urlGithub: https://github.com/AlmasB/FXGL
15:19:43.821 [FXGL Background Thread 3 ] DEBUG Engine               - urlLeaderboard: http://fxgl-top.herokuapp.com/
15:19:43.822 [FXGL Background Thread 3 ] DEBUG Engine               - urlPOM: https://raw.githubusercontent.com/AlmasB/FXGL/release/README.md
15:19:43.822 [FXGL Background Thread 3 ] DEBUG Engine               - userAppClass: class org.example.Main
15:19:43.823 [FXGL Background Thread 3 ] DEBUG Engine               - version: 1.0
15:19:43.823 [FXGL Background Thread 3 ] DEBUG Engine               - versionCheckDays: 7
15:19:43.823 [FXGL Background Thread 3 ] DEBUG Engine               - width: 1000
15:19:43.825 [FXGL Background Thread 3 ] DEBUG Engine               - Logging services
15:19:43.826 [FXGL Background Thread 3 ] DEBUG Engine               - class com.almasb.fxgl.app.services.FXGLAssetLoaderService
15:19:43.827 [FXGL Background Thread 3 ] DEBUG Engine               - class com.almasb.fxgl.app.FXGLApplication$GameApplicationService
15:19:43.827 [FXGL Background Thread 3 ] DEBUG Engine               - class com.almasb.fxgl.app.services.FXGLDialogService
15:19:43.827 [FXGL Background Thread 3 ] DEBUG Engine               - class com.almasb.fxgl.app.services.IOTaskExecutorService
15:19:43.828 [FXGL Background Thread 3 ] DEBUG Engine               - class com.almasb.fxgl.io.FileSystemService
15:19:43.828 [FXGL Background Thread 3 ] DEBUG Engine               - class com.almasb.fxgl.localization.LocalizationService
15:19:43.829 [FXGL Background Thread 3 ] DEBUG Engine               - class com.almasb.fxgl.app.services.SystemBundleService
15:19:43.829 [FXGL Background Thread 3 ] DEBUG Engine               - class com.almasb.fxgl.profile.SaveLoadService
15:19:43.829 [FXGL Background Thread 3 ] DEBUG Engine               - class com.almasb.fxgl.ui.FXGLUIFactoryServiceProvider
15:19:43.829 [FXGL Background Thread 3 ] DEBUG Engine               - class com.almasb.fxgl.ui.FXGLDialogFactoryServiceProvider
15:19:43.829 [FXGL Background Thread 3 ] DEBUG Engine               - class com.almasb.fxgl.audio.AudioPlayer
15:19:43.830 [FXGL Background Thread 3 ] DEBUG Engine               - class com.almasb.fxgl.notification.impl.NotificationServiceProvider
15:19:43.830 [FXGL Background Thread 3 ] DEBUG Engine               - class com.almasb.fxgl.achievement.AchievementService
15:19:43.830 [FXGL Background Thread 3 ] DEBUG Engine               - class com.almasb.fxgl.cutscene.CutsceneService
15:19:43.830 [FXGL Background Thread 3 ] DEBUG Engine               - class com.almasb.fxgl.minigames.MiniGameService
15:19:43.830 [FXGL Background Thread 3 ] DEBUG Engine               - class com.almasb.fxgl.net.NetService
15:19:43.831 [FXGL Background Thread 3 ] DEBUG Engine               - class com.almasb.fxgl.app.services.UpdaterService
15:19:43.831 [FXGL Background Thread 3 ] DEBUG Engine               - class com.almasb.fxgl.dev.DevService
15:19:54.941 [JavaFX Application Thread] DEBUG FXGLApplication      - Exiting FXGL
15:19:54.941 [JavaFX Application Thread] DEBUG LoopRunner           - Stopping loop
15:19:54.941 [JavaFX Application Thread] DEBUG SystemBundleService  - Saving FXGL system data
15:19:54.950 [JavaFX Application Thread] DEBUG FileSystemAccess     - Writing to: C:\Users\100070997\Desktop\restaurant_simulator\system\fxgl.bundle
15:19:54.957 [JavaFX Application Thread] DEBUG Async                - Shutting down background threads
15:19:54.958 [JavaFX Application Thread] DEBUG PrimaryStageWindow   - Closing main window
15:19:55.039 [JavaFX Application Thread] DEBUG Logger               - Closing Logger
