15:19:22.966 [main                     ] DEBUG Logger               - Configured Logger
15:19:23.055 [main                     ] DEBUG GameApplication      - Logging settings
Title: Gestión de Áreas
Version: 1.0
Width: 1000
Height: 600
Fullscreen: false
Intro: false
Profiling: false
Single step:false
App Mode: DEVELOPER
Menu Key: ESCAPE
Stage Style: DECORATED
Scene Factory: class com.almasb.fxgl.app.scene.SceneFactory

15:19:24.010 [JavaFX Application Thread] DEBUG FXGLApplication      - Initializing FXGL
15:19:24.030 [JavaFX Application Thread] INFO  Engine               - FXGL-17.1 (24.03.2022 17.34) on WINDOWS (J:17.0.5 FX:18)
15:19:24.031 [JavaFX Application Thread] DEBUG Engine               - JRE Vendor Name: Eclipse Adoptium
15:19:24.032 [JavaFX Application Thread] DEBUG Engine               - Running on OS: Windows 11 version 10.0
15:19:24.033 [JavaFX Application Thread] DEBUG Engine               - Architecture: amd64
15:19:24.033 [JavaFX Application Thread] INFO  Engine               - Source code and latest versions at: https://github.com/AlmasB/FXGL
15:19:24.034 [JavaFX Application Thread] INFO  Engine               -       Ask questions and discuss at: https://github.com/AlmasB/FXGL/discussions
15:19:24.035 [JavaFX Application Thread] INFO  Engine               -              Join the FXGL chat at: https://gitter.im/AlmasB/FXGL
15:19:24.249 [JavaFX Application Thread] DEBUG PrimaryStageWindow   - Creating a JavaFX scene
15:19:24.296 [JavaFX Application Thread] DEBUG PrimaryStageWindow   - Target settings size: 1000.0 x 600.0
15:19:24.296 [JavaFX Application Thread] DEBUG PrimaryStageWindow   - Scaled scene size:    1000.0 x 600.0
15:19:24.297 [JavaFX Application Thread] DEBUG PrimaryStageWindow   - Scaled ratio: (1.0, 1.0)
15:19:24.298 [JavaFX Application Thread] DEBUG PrimaryStageWindow   - Set initial scene to FXGLStartupScene
15:19:24.310 [JavaFX Application Thread] DEBUG PrimaryStageWindow   - Opening main window
15:19:24.423 [JavaFX Application Thread] DEBUG PrimaryStageWindow   - Window border size: (14.66668701171875, 37.33331298828125)
15:19:24.423 [JavaFX Application Thread] DEBUG PrimaryStageWindow   - Scaled size: 1000.0 x 600.0
15:19:24.425 [JavaFX Application Thread] DEBUG PrimaryStageWindow   - Scaled ratio: (1.0, 1.0)
15:19:24.425 [JavaFX Application Thread] DEBUG PrimaryStageWindow   - Scene size: 1000.0 x 600.0
15:19:24.426 [JavaFX Application Thread] DEBUG PrimaryStageWindow   - Stage size: 1014.6666870117188 x 637.3333129882812
15:19:24.437 [FXGL Background Thread 1 ] DEBUG Engine               - Initializing environment variables
15:19:24.512 [FXGL Background Thread 1 ] DEBUG FXGLAssetLoaderServi - User app class for loading assets: class org.example.Main
15:19:24.513 [FXGL Background Thread 1 ] DEBUG GameApplicationServi - Applying CSS: fxgl_dark.css
15:19:24.515 [FXGL Background Thread 1 ] DEBUG FXGLAssetLoaderServi - Loading from file system: jar:file:/C:/Users/100070997/.m2/repository/com/github/almasb/fxgl/17.1/fxgl-17.1.jar!/fxglassets/ui/css/fxgl_dark.css
15:19:24.610 [FXGL Background Thread 1 ] DEBUG GameApplicationServi - Initializing application scenes
15:19:24.701 [FXGL Background Thread 1 ] DEBUG GameWorld            - Game world initialized
15:19:24.834 [FXGL Background Thread 1 ] DEBUG PhysicsWorld         - Physics world initialized: appHeight=600, physics.ppm=50.0
15:19:24.835 [FXGL Background Thread 1 ] DEBUG PhysicsWorld         - Using strategy: BRUTE_FORCE
15:19:24.844 [FXGL Background Thread 1 ] DEBUG GameScene            - Game scene initialized: 1000x600
15:19:24.876 [FXGL Background Thread 1 ] DEBUG FXGL.DefaultMenu     - createMenuBodyGameMenu()
15:19:24.912 [FXGL Background Thread 1 ] DEBUG FXGL.DefaultMenu     - createOptionsMenu()
15:19:24.939 [FXGL Background Thread 1 ] DEBUG FXGLAssetLoaderServi - Loading from file system: jar:file:/C:/Users/100070997/.m2/repository/com/github/almasb/fxgl/17.1/fxgl-17.1.jar!/fxglassets/textures/particles/smoke.png
15:19:25.142 [FXGL Background Thread 1 ] DEBUG FXGLAssetLoaderServi - Loading from file system: jar:file:/C:/Users/100070997/.m2/repository/com/github/almasb/fxgl/17.1/fxgl-17.1.jar!/fxglassets/textures/particles/trace_horizontal.png
15:19:25.209 [FXGL Background Thread 1 ] DEBUG GameApplicationServi - Application scenes initialized
15:19:25.232 [FXGL Background Thread 1 ] DEBUG SystemBundleService  - Loading FXGL system data
15:19:25.242 [FXGL Background Thread 1 ] DEBUG FileSystemAccess     - Reading from: C:\Users\100070997\Desktop\restaurant_simulator\system\fxgl.bundle
15:19:25.252 [FXGL Background Thread 1 ] DEBUG SystemBundleService  - Bundle FXGL: {}
15:19:25.253 [FXGL Background Thread 1 ] DEBUG UpdaterService       - Checking for updates
15:19:25.261 [FXGL Background Thread 4 ] DEBUG FXGLApplication      - Loading fonts
15:19:25.262 [FXGL Background Thread 4 ] DEBUG FXGLAssetLoaderServi - Loading from file system: jar:file:/C:/Users/100070997/.m2/repository/com/github/almasb/fxgl/17.1/fxgl-17.1.jar!/fxglassets/ui/fonts/VarelaRound-Regular.ttf
15:19:25.262 [FXGL Background Thread 1 ] DEBUG FXGLApplication      - Loading default localization
15:19:25.264 [FXGL Background Thread 1 ] DEBUG FXGLAssetLoaderServi - Loading from file system: jar:file:/C:/Users/100070997/.m2/repository/com/github/almasb/fxgl/17.1/fxgl-17.1.jar!/fxglassets/languages/english.lang
15:19:25.304 [FXGL Background Thread 1 ] INFO  FXGLApplication      - FXGL initialization took: 0.868 sec
15:19:25.308 [JavaFX Application Thread] DEBUG FXGLAssetLoaderServi - Loading from file system: jar:file:/C:/Users/100070997/.m2/repository/com/github/almasb/fxgl/17.1/fxgl-17.1.jar!/fxglassets/textures/fxgl_icon.png
15:19:25.360 [JavaFX Application Thread] DEBUG FXGLAssetLoaderServi - Loading from file system: jar:file:/C:/Users/100070997/.m2/repository/com/github/almasb/fxgl/17.1/fxgl-17.1.jar!/fxglassets/textures/fxgl_default_cursor.png
15:19:25.387 [JavaFX Application Thread] DEBUG Input                - Registered new binding: Screenshot - CTRL+8
15:19:25.389 [JavaFX Application Thread] DEBUG Input                - Registered new binding: System info dump - CTRL+9
15:19:25.390 [JavaFX Application Thread] DEBUG Input                - Registered new binding: Restart - CTRL+R
15:19:25.392 [JavaFX Application Thread] DEBUG Input                - Registered new binding: Toggle Debug Camera - CTRL+7
15:19:25.398 [JavaFX Application Thread] DEBUG LoopRunner           - Starting loop
15:19:25.398 [JavaFX Application Thread] DEBUG LoopRunner           - Initializing JavaFX AnimationTimerLoop
15:19:25.402 [JavaFX Application Thread] DEBUG GameApplicationServi - Starting new game
15:19:25.403 [JavaFX Application Thread] DEBUG Input                - Clearing active input actions
15:19:25.429 [JavaFX Application Thread] DEBUG GameApplicationServi - Removing overlay from FXGLStartupScene and adding to FXGLLoadingScene
15:19:25.430 [JavaFX Application Thread] DEBUG PrimaryStageWindow   - FXGLStartupScene -> FXGLLoadingScene
15:19:25.430 [JavaFX Application Thread] DEBUG GameApplicationServi - Clearing previous game
15:19:25.430 [JavaFX Application Thread] DEBUG GameScene            - Clearing game scene
15:19:25.430 [JavaFX Application Thread] DEBUG GameWorld            - Clearing game world
15:19:25.431 [JavaFX Application Thread] DEBUG PhysicsWorld         - Clearing physics world
15:19:25.433 [FXGL Background Thread 1 ] DEBUG FXGLApplication      - Initializing game
15:19:25.446 [FXGL Background Thread 4 ] DEBUG FXGLAssetLoaderServi - Loading from file system: jar:file:/C:/Users/100070997/.m2/repository/com/github/almasb/fxgl/17.1/fxgl-17.1.jar!/fxglassets/ui/fonts/Abel-Regular.ttf
15:19:25.473 [FXGL Background Thread 4 ] DEBUG FXGLAssetLoaderServi - Loading from file system: jar:file:/C:/Users/100070997/.m2/repository/com/github/almasb/fxgl/17.1/fxgl-17.1.jar!/fxglassets/ui/fonts/TerminalLandMono-Regular.otf
15:19:25.497 [FXGL Background Thread 4 ] DEBUG FXGLAssetLoaderServi - Loading from file system: jar:file:/C:/Users/100070997/.m2/repository/com/github/almasb/fxgl/17.1/fxgl-17.1.jar!/fxglassets/ui/fonts/Courier-Prime.ttf
15:19:25.735 [JavaFX Application Thread] DEBUG FXGLApplication      - Registering font factories with UI factory
15:19:26.079 [FXGL Background Thread 1 ] INFO  FXGLApplication      - Game initialization took: 0.646 sec
15:19:26.089 [JavaFX Application Thread] DEBUG Input                - Clearing active input actions
15:19:26.117 [FXGL Background Thread 2 ] INFO  UpdaterService       - Your current version:  17.1
15:19:26.118 [FXGL Background Thread 2 ] INFO  UpdaterService       - Latest stable version: 21.1
15:19:26.120 [JavaFX Application Thread] DEBUG GameApplicationServi - Removing overlay from FXGLLoadingScene and adding to GameScene
15:19:26.121 [JavaFX Application Thread] DEBUG PrimaryStageWindow   - FXGLLoadingScene -> GameScene
15:19:26.211 [JavaFX Application Thread] DEBUG LoopRunner           - Stopping loop
15:19:26.214 [JavaFX Application Thread] FATAL FXGLApplication      - Uncaught Exception:
java.lang.NullPointerException: Cannot invoke "com.sun.scenario.animation.shared.TimerReceiver.handle(long)" because "<local5>[<local7>]" is null
	at com.sun.scenario.animation.AbstractPrimaryTimer.timePulseImpl(AbstractPrimaryTimer.java:356)
	at com.sun.scenario.animation.AbstractPrimaryTimer$MainLoop.run(AbstractPrimaryTimer.java:266)
	at com.sun.javafx.tk.quantum.QuantumToolkit.pulse(QuantumToolkit.java:571)
	at com.sun.javafx.tk.quantum.QuantumToolkit.pulse(QuantumToolkit.java:555)
	at com.sun.javafx.tk.quantum.QuantumToolkit.pulseFromQueue(QuantumToolkit.java:548)
	at com.sun.javafx.tk.quantum.QuantumToolkit.lambda$runToolkit$11(QuantumToolkit.java:352)
	at com.sun.glass.ui.InvokeLaterDispatcher$Future.run(InvokeLaterDispatcher.java:96)
	at com.sun.glass.ui.win.WinApplication._runLoop(Native Method)
	at com.sun.glass.ui.win.WinApplication.lambda$runLoop$3(WinApplication.java:184)
	at java.base/java.lang.Thread.run(Thread.java:833)

15:19:26.216 [JavaFX Application Thread] FATAL FXGLApplication      - Application will now exit
15:19:26.266 [JavaFX Application Thread] DEBUG PrimaryStageWindow   - Push state: ErrorSubScene
15:19:26.267 [JavaFX Application Thread] DEBUG Input                - Clearing active input actions
15:19:26.280 [JavaFX Application Thread] DEBUG GameApplicationServi - Removing overlay from GameScene and adding to ErrorSubScene
15:19:26.281 [JavaFX Application Thread] DEBUG PrimaryStageWindow   - GameScene -> ErrorSubScene
15:19:28.259 [FXGL Background Thread 3 ] DEBUG Engine               - Logging environment variables
15:19:28.261 [FXGL Background Thread 3 ] DEBUG Engine               - achievements: []
15:19:28.261 [FXGL Background Thread 3 ] DEBUG Engine               - actualHeight: 600.0
15:19:28.262 [FXGL Background Thread 3 ] DEBUG Engine               - actualHeightProperty: ReadOnlyDoubleProperty [value: 600.0]
15:19:28.262 [FXGL Background Thread 3 ] DEBUG Engine               - actualWidth: 1000.0
15:19:28.263 [FXGL Background Thread 3 ] DEBUG Engine               - actualWidthProperty: ReadOnlyDoubleProperty [value: 1000.0]
15:19:28.263 [FXGL Background Thread 3 ] DEBUG Engine               - appIcon: fxgl_icon.png
15:19:28.263 [FXGL Background Thread 3 ] DEBUG Engine               - applicationMode: DEVELOPER
15:19:28.264 [FXGL Background Thread 3 ] DEBUG Engine               - cSSList: [fxgl_dark.css]
15:19:28.264 [FXGL Background Thread 3 ] DEBUG Engine               - collisionDetectionStrategy: BRUTE_FORCE
15:19:28.265 [FXGL Background Thread 3 ] DEBUG Engine               - configClass: Optional.empty
15:19:28.265 [FXGL Background Thread 3 ] DEBUG Engine               - credits: []
15:19:28.266 [FXGL Background Thread 3 ] DEBUG Engine               - defaultCursor: CursorInfo(imageName=fxgl_default_cursor.png, hotspotX=7.0, hotspotY=6.0)
15:19:28.267 [FXGL Background Thread 3 ] DEBUG Engine               - devBBoxColorProperty: ObjectProperty [value: 0xff0000ff]
15:19:28.268 [FXGL Background Thread 3 ] DEBUG Engine               - devEnableDebugCameraProperty: BooleanProperty [value: false]
15:19:28.269 [FXGL Background Thread 3 ] DEBUG Engine               - devSensorColorProperty: ObjectProperty [value: 0xffff00ff]
15:19:28.270 [FXGL Background Thread 3 ] DEBUG Engine               - devShowBBoxProperty: BooleanProperty [value: false]
15:19:28.270 [FXGL Background Thread 3 ] DEBUG Engine               - devShowPositionProperty: BooleanProperty [value: false]
15:19:28.271 [FXGL Background Thread 3 ] DEBUG Engine               - enabledMenuItems: []
15:19:28.272 [FXGL Background Thread 3 ] DEBUG Engine               - engineServices: [class com.almasb.fxgl.app.services.FXGLAssetLoaderService, class com.almasb.fxgl.app.FXGLApplication$GameApplicationService, class com.almasb.fxgl.app.services.FXGLDialogService, class com.almasb.fxgl.app.services.IOTaskExecutorService, class com.almasb.fxgl.io.FileSystemService, class com.almasb.fxgl.localization.LocalizationService, class com.almasb.fxgl.app.services.SystemBundleService, class com.almasb.fxgl.profile.SaveLoadService, class com.almasb.fxgl.ui.FXGLUIFactoryServiceProvider, class com.almasb.fxgl.ui.FXGLDialogFactoryServiceProvider, class com.almasb.fxgl.audio.AudioPlayer, class com.almasb.fxgl.notification.impl.NotificationServiceProvider, class com.almasb.fxgl.achievement.AchievementService, class com.almasb.fxgl.cutscene.CutsceneService, class com.almasb.fxgl.minigames.MiniGameService, class com.almasb.fxgl.net.NetService, class com.almasb.fxgl.app.services.UpdaterService, class com.almasb.fxgl.dev.DevService]
15:19:28.273 [FXGL Background Thread 3 ] DEBUG Engine               - fontGame: Abel-Regular.ttf
15:19:28.273 [FXGL Background Thread 3 ] DEBUG Engine               - fontMono: TerminalLandMono-Regular.otf
15:19:28.274 [FXGL Background Thread 3 ] DEBUG Engine               - fontText: Courier-Prime.ttf
15:19:28.274 [FXGL Background Thread 3 ] DEBUG Engine               - fontUI: VarelaRound-Regular.ttf
15:19:28.275 [FXGL Background Thread 3 ] DEBUG Engine               - fullScreen: BooleanProperty [value: false]
15:19:28.275 [FXGL Background Thread 3 ] DEBUG Engine               - gameDifficulty: MEDIUM
15:19:28.276 [FXGL Background Thread 3 ] DEBUG Engine               - gameDifficultyProperty: ObjectProperty [value: MEDIUM]
15:19:28.276 [FXGL Background Thread 3 ] DEBUG Engine               - globalMusicVolume: 0.5
15:19:28.277 [FXGL Background Thread 3 ] DEBUG Engine               - globalMusicVolumeProperty: DoubleProperty [value: 0.5]
15:19:28.278 [FXGL Background Thread 3 ] DEBUG Engine               - globalSoundVolume: 0.5
15:19:28.278 [FXGL Background Thread 3 ] DEBUG Engine               - globalSoundVolumeProperty: DoubleProperty [value: 0.5]
15:19:28.279 [FXGL Background Thread 3 ] DEBUG Engine               - height: 600
15:19:28.279 [FXGL Background Thread 3 ] DEBUG Engine               - is3D: false
15:19:28.280 [FXGL Background Thread 3 ] DEBUG Engine               - isAndroid: false
15:19:28.280 [FXGL Background Thread 3 ] DEBUG Engine               - isBrowser: false
15:19:28.281 [FXGL Background Thread 3 ] DEBUG Engine               - isClickFeedbackEnabled: false
15:19:28.281 [FXGL Background Thread 3 ] DEBUG Engine               - isCloseConfirmation: false
15:19:28.282 [FXGL Background Thread 3 ] DEBUG Engine               - isDesktop: true
15:19:28.282 [FXGL Background Thread 3 ] DEBUG Engine               - isDeveloperMenuEnabled: false
15:19:28.283 [FXGL Background Thread 3 ] DEBUG Engine               - isEmbedded: false
15:19:28.283 [FXGL Background Thread 3 ] DEBUG Engine               - isEntityPreloadEnabled: true
15:19:28.283 [FXGL Background Thread 3 ] DEBUG Engine               - isExperimentalTiledLargeMap: false
15:19:28.284 [FXGL Background Thread 3 ] DEBUG Engine               - isFileSystemWriteAllowed: true
15:19:28.285 [FXGL Background Thread 3 ] DEBUG Engine               - isFullScreenAllowed: false
15:19:28.286 [FXGL Background Thread 3 ] DEBUG Engine               - isFullScreenFromStart: false
15:19:28.286 [FXGL Background Thread 3 ] DEBUG Engine               - isGameMenuEnabled: true
15:19:28.287 [FXGL Background Thread 3 ] DEBUG Engine               - isIOS: false
15:19:28.287 [FXGL Background Thread 3 ] DEBUG Engine               - isIntroEnabled: false
15:19:28.288 [FXGL Background Thread 3 ] DEBUG Engine               - isLinux: false
15:19:28.289 [FXGL Background Thread 3 ] DEBUG Engine               - isMac: false
15:19:28.290 [FXGL Background Thread 3 ] DEBUG Engine               - isMainMenuEnabled: false
15:19:28.290 [FXGL Background Thread 3 ] DEBUG Engine               - isManualResizeEnabled: false
15:19:28.291 [FXGL Background Thread 3 ] DEBUG Engine               - isMobile: false
15:19:28.292 [FXGL Background Thread 3 ] DEBUG Engine               - isNative: false
15:19:28.292 [FXGL Background Thread 3 ] DEBUG Engine               - isPauseMusicWhenMinimized: true
15:19:28.293 [FXGL Background Thread 3 ] DEBUG Engine               - isPreserveResizeRatio: false
15:19:28.293 [FXGL Background Thread 3 ] DEBUG Engine               - isProfilingEnabled: false
15:19:28.293 [FXGL Background Thread 3 ] DEBUG Engine               - isScaleAffectedOnResize: true
15:19:28.293 [FXGL Background Thread 3 ] DEBUG Engine               - isSingleStep: false
15:19:28.294 [FXGL Background Thread 3 ] DEBUG Engine               - isUserProfileEnabled: false
15:19:28.294 [FXGL Background Thread 3 ] DEBUG Engine               - isWindows: true
15:19:28.295 [FXGL Background Thread 3 ] DEBUG Engine               - language: ObjectProperty [value: ENGLISH]
15:19:28.295 [FXGL Background Thread 3 ] DEBUG Engine               - menuKey: ESCAPE
15:19:28.296 [FXGL Background Thread 3 ] DEBUG Engine               - mouseSensitivity: 0.2
15:19:28.296 [FXGL Background Thread 3 ] DEBUG Engine               - notificationViewClass: class com.almasb.fxgl.notification.view.XboxNotificationView
15:19:28.296 [FXGL Background Thread 3 ] DEBUG Engine               - pixelsPerMeter: 50.0
15:19:28.297 [FXGL Background Thread 3 ] DEBUG Engine               - platform: WINDOWS
15:19:28.297 [FXGL Background Thread 3 ] DEBUG Engine               - prefHeightProperty: ReadOnlyDoubleProperty [value: 600.0]
15:19:28.297 [FXGL Background Thread 3 ] DEBUG Engine               - prefWidthProperty: ReadOnlyDoubleProperty [value: 1000.0]
15:19:28.298 [FXGL Background Thread 3 ] DEBUG Engine               - profileDir: profiles/
15:19:28.298 [FXGL Background Thread 3 ] DEBUG Engine               - profileName: StringProperty [value: DEFAULT]
15:19:28.298 [FXGL Background Thread 3 ] DEBUG Engine               - randomSeed: -1
15:19:28.299 [FXGL Background Thread 3 ] DEBUG Engine               - runtimeInfo: RuntimeInfo(platform=WINDOWS, version=17.1, build=24.03.2022 17.34)
15:19:28.300 [FXGL Background Thread 3 ] DEBUG Engine               - saveFileExt: sav
15:19:28.300 [FXGL Background Thread 3 ] DEBUG Engine               - scaledHeightProp$fxgl: DoubleProperty [bound, value: 600.0]
15:19:28.301 [FXGL Background Thread 3 ] DEBUG Engine               - scaledWidthProp$fxgl: DoubleProperty [bound, value: 1000.0]
15:19:28.301 [FXGL Background Thread 3 ] DEBUG Engine               - sceneFactory: com.almasb.fxgl.app.scene.SceneFactory@693fc994
15:19:28.301 [FXGL Background Thread 3 ] DEBUG Engine               - secondsIn24h: 60
15:19:28.301 [FXGL Background Thread 3 ] DEBUG Engine               - soundMenuBack: menu/back.wav
15:19:28.302 [FXGL Background Thread 3 ] DEBUG Engine               - soundMenuPress: menu/press.wav
15:19:28.302 [FXGL Background Thread 3 ] DEBUG Engine               - soundMenuSelect: menu/select.wav
15:19:28.302 [FXGL Background Thread 3 ] DEBUG Engine               - soundNotification: core/notification.wav
15:19:28.303 [FXGL Background Thread 3 ] DEBUG Engine               - stageStyle: DECORATED
15:19:28.303 [FXGL Background Thread 3 ] DEBUG Engine               - supportedLanguages: [ENGLISH, FRENCH, GERMAN, HUNGARIAN, RUSSIAN]
15:19:28.304 [FXGL Background Thread 3 ] DEBUG Engine               - ticksPerSecond: -1
15:19:28.304 [FXGL Background Thread 3 ] DEBUG Engine               - title: Gestión de Áreas
15:19:28.305 [FXGL Background Thread 3 ] DEBUG Engine               - urlGithub: https://github.com/AlmasB/FXGL
15:19:28.305 [FXGL Background Thread 3 ] DEBUG Engine               - urlLeaderboard: http://fxgl-top.herokuapp.com/
15:19:28.306 [FXGL Background Thread 3 ] DEBUG Engine               - urlPOM: https://raw.githubusercontent.com/AlmasB/FXGL/release/README.md
15:19:28.306 [FXGL Background Thread 3 ] DEBUG Engine               - userAppClass: class org.example.Main
15:19:28.306 [FXGL Background Thread 3 ] DEBUG Engine               - version: 1.0
15:19:28.307 [FXGL Background Thread 3 ] DEBUG Engine               - versionCheckDays: 7
15:19:28.307 [FXGL Background Thread 3 ] DEBUG Engine               - width: 1000
15:19:28.308 [FXGL Background Thread 3 ] DEBUG Engine               - Logging services
15:19:28.308 [FXGL Background Thread 3 ] DEBUG Engine               - class com.almasb.fxgl.app.services.FXGLAssetLoaderService
15:19:28.309 [FXGL Background Thread 3 ] DEBUG Engine               - class com.almasb.fxgl.app.FXGLApplication$GameApplicationService
15:19:28.309 [FXGL Background Thread 3 ] DEBUG Engine               - class com.almasb.fxgl.app.services.FXGLDialogService
15:19:28.309 [FXGL Background Thread 3 ] DEBUG Engine               - class com.almasb.fxgl.app.services.IOTaskExecutorService
15:19:28.309 [FXGL Background Thread 3 ] DEBUG Engine               - class com.almasb.fxgl.io.FileSystemService
15:19:28.310 [FXGL Background Thread 3 ] DEBUG Engine               - class com.almasb.fxgl.localization.LocalizationService
15:19:28.310 [FXGL Background Thread 3 ] DEBUG Engine               - class com.almasb.fxgl.app.services.SystemBundleService
15:19:28.310 [FXGL Background Thread 3 ] DEBUG Engine               - class com.almasb.fxgl.profile.SaveLoadService
15:19:28.311 [FXGL Background Thread 3 ] DEBUG Engine               - class com.almasb.fxgl.ui.FXGLUIFactoryServiceProvider
15:19:28.311 [FXGL Background Thread 3 ] DEBUG Engine               - class com.almasb.fxgl.ui.FXGLDialogFactoryServiceProvider
15:19:28.311 [FXGL Background Thread 3 ] DEBUG Engine               - class com.almasb.fxgl.audio.AudioPlayer
15:19:28.312 [FXGL Background Thread 3 ] DEBUG Engine               - class com.almasb.fxgl.notification.impl.NotificationServiceProvider
15:19:28.312 [FXGL Background Thread 3 ] DEBUG Engine               - class com.almasb.fxgl.achievement.AchievementService
15:19:28.312 [FXGL Background Thread 3 ] DEBUG Engine               - class com.almasb.fxgl.cutscene.CutsceneService
15:19:28.313 [FXGL Background Thread 3 ] DEBUG Engine               - class com.almasb.fxgl.minigames.MiniGameService
15:19:28.313 [FXGL Background Thread 3 ] DEBUG Engine               - class com.almasb.fxgl.net.NetService
15:19:28.313 [FXGL Background Thread 3 ] DEBUG Engine               - class com.almasb.fxgl.app.services.UpdaterService
15:19:28.314 [FXGL Background Thread 3 ] DEBUG Engine               - class com.almasb.fxgl.dev.DevService
15:19:28.806 [JavaFX Application Thread] DEBUG FXGLApplication      - Exiting FXGL
15:19:28.806 [JavaFX Application Thread] DEBUG Async                - Shutting down background threads
15:19:28.807 [JavaFX Application Thread] DEBUG PrimaryStageWindow   - Closing main window
15:19:28.880 [JavaFX Application Thread] DEBUG Logger               - Closing Logger
