04:45:14.229 [main                     ] DEBUG Logger               - Configured Logger
04:45:14.288 [main                     ] DEBUG GameApplication      - Logging settings
Title: Gestión de Áreas
Version: 1.0
Width: 1000
Height: 600
Fullscreen: false
Intro: false
Profiling: false
Single step:false
App Mode: DEVELOPER
Menu Key: ESCAPE
Stage Style: DECORATED
Scene Factory: class com.almasb.fxgl.app.scene.SceneFactory

04:45:15.267 [JavaFX Application Thread] DEBUG FXGLApplication      - Initializing FXGL
04:45:15.275 [JavaFX Application Thread] INFO  Engine               - FXGL-17.1 (24.03.2022 17.34) on WINDOWS (J:17.0.5 FX:18)
04:45:15.276 [JavaFX Application Thread] DEBUG Engine               - JRE Vendor Name: Eclipse Adoptium
04:45:15.276 [JavaFX Application Thread] DEBUG Engine               - Running on OS: Windows 11 version 10.0
04:45:15.276 [JavaFX Application Thread] DEBUG Engine               - Architecture: amd64
04:45:15.277 [JavaFX Application Thread] INFO  Engine               - Source code and latest versions at: https://github.com/AlmasB/FXGL
04:45:15.277 [JavaFX Application Thread] INFO  Engine               -       Ask questions and discuss at: https://github.com/AlmasB/FXGL/discussions
04:45:15.277 [JavaFX Application Thread] INFO  Engine               -              Join the FXGL chat at: https://gitter.im/AlmasB/FXGL
04:45:15.440 [JavaFX Application Thread] DEBUG PrimaryStageWindow   - Creating a JavaFX scene
04:45:15.540 [JavaFX Application Thread] DEBUG PrimaryStageWindow   - Target settings size: 1000.0 x 600.0
04:45:15.540 [JavaFX Application Thread] DEBUG PrimaryStageWindow   - Scaled scene size:    1000.0 x 600.0
04:45:15.541 [JavaFX Application Thread] DEBUG PrimaryStageWindow   - Scaled ratio: (1.0, 1.0)
04:45:15.542 [JavaFX Application Thread] DEBUG PrimaryStageWindow   - Set initial scene to FXGLStartupScene
04:45:15.551 [JavaFX Application Thread] DEBUG PrimaryStageWindow   - Opening main window
04:45:15.676 [JavaFX Application Thread] DEBUG PrimaryStageWindow   - Window border size: (14.66668701171875, 37.33331298828125)
04:45:15.677 [JavaFX Application Thread] DEBUG PrimaryStageWindow   - Scaled size: 1000.0 x 600.0
04:45:15.677 [JavaFX Application Thread] DEBUG PrimaryStageWindow   - Scaled ratio: (1.0, 1.0)
04:45:15.678 [JavaFX Application Thread] DEBUG PrimaryStageWindow   - Scene size: 1000.0 x 600.0
04:45:15.678 [JavaFX Application Thread] DEBUG PrimaryStageWindow   - Stage size: 1014.6666870117188 x 637.3333129882812
04:45:15.692 [FXGL Background Thread 1 ] DEBUG Engine               - Initializing environment variables
04:45:15.766 [FXGL Background Thread 1 ] DEBUG FXGLAssetLoaderServi - User app class for loading assets: class org.example.Main
04:45:15.766 [FXGL Background Thread 1 ] DEBUG GameApplicationServi - Applying CSS: fxgl_dark.css
04:45:15.769 [FXGL Background Thread 1 ] DEBUG FXGLAssetLoaderServi - Loading from file system: jar:file:/C:/Users/100070997/.m2/repository/com/github/almasb/fxgl/17.1/fxgl-17.1.jar!/fxglassets/ui/css/fxgl_dark.css
04:45:15.872 [FXGL Background Thread 1 ] DEBUG GameApplicationServi - Initializing application scenes
04:45:15.970 [FXGL Background Thread 1 ] DEBUG GameWorld            - Game world initialized
04:45:16.094 [FXGL Background Thread 1 ] DEBUG PhysicsWorld         - Physics world initialized: appHeight=600, physics.ppm=50.0
04:45:16.095 [FXGL Background Thread 1 ] DEBUG PhysicsWorld         - Using strategy: BRUTE_FORCE
04:45:16.105 [FXGL Background Thread 1 ] DEBUG GameScene            - Game scene initialized: 1000x600
04:45:16.136 [FXGL Background Thread 1 ] DEBUG FXGL.DefaultMenu     - createMenuBodyGameMenu()
04:45:16.178 [FXGL Background Thread 1 ] DEBUG FXGL.DefaultMenu     - createOptionsMenu()
04:45:16.202 [FXGL Background Thread 1 ] DEBUG FXGLAssetLoaderServi - Loading from file system: jar:file:/C:/Users/100070997/.m2/repository/com/github/almasb/fxgl/17.1/fxgl-17.1.jar!/fxglassets/textures/particles/smoke.png
04:45:16.405 [FXGL Background Thread 1 ] DEBUG FXGLAssetLoaderServi - Loading from file system: jar:file:/C:/Users/100070997/.m2/repository/com/github/almasb/fxgl/17.1/fxgl-17.1.jar!/fxglassets/textures/particles/trace_horizontal.png
04:45:16.467 [FXGL Background Thread 1 ] DEBUG GameApplicationServi - Application scenes initialized
04:45:16.492 [FXGL Background Thread 1 ] DEBUG SystemBundleService  - Loading FXGL system data
04:45:16.503 [FXGL Background Thread 1 ] DEBUG FileSystemAccess     - Reading from: C:\Users\100070997\Desktop\restaurant_simulator\system\fxgl.bundle
04:45:16.517 [FXGL Background Thread 1 ] DEBUG SystemBundleService  - Bundle FXGL: {}
04:45:16.517 [FXGL Background Thread 1 ] DEBUG UpdaterService       - Checking for updates
04:45:16.526 [FXGL Background Thread 4 ] DEBUG FXGLApplication      - Loading fonts
04:45:16.527 [FXGL Background Thread 4 ] DEBUG FXGLAssetLoaderServi - Loading from file system: jar:file:/C:/Users/100070997/.m2/repository/com/github/almasb/fxgl/17.1/fxgl-17.1.jar!/fxglassets/ui/fonts/VarelaRound-Regular.ttf
04:45:16.528 [FXGL Background Thread 1 ] DEBUG FXGLApplication      - Loading default localization
04:45:16.529 [FXGL Background Thread 1 ] DEBUG FXGLAssetLoaderServi - Loading from file system: jar:file:/C:/Users/100070997/.m2/repository/com/github/almasb/fxgl/17.1/fxgl-17.1.jar!/fxglassets/languages/english.lang
04:45:16.579 [FXGL Background Thread 1 ] INFO  FXGLApplication      - FXGL initialization took: 0.886 sec
04:45:16.582 [JavaFX Application Thread] DEBUG FXGLAssetLoaderServi - Loading from file system: jar:file:/C:/Users/100070997/.m2/repository/com/github/almasb/fxgl/17.1/fxgl-17.1.jar!/fxglassets/textures/fxgl_icon.png
04:45:16.654 [JavaFX Application Thread] DEBUG FXGLAssetLoaderServi - Loading from file system: jar:file:/C:/Users/100070997/.m2/repository/com/github/almasb/fxgl/17.1/fxgl-17.1.jar!/fxglassets/textures/fxgl_default_cursor.png
04:45:16.690 [JavaFX Application Thread] DEBUG Input                - Registered new binding: Screenshot - CTRL+8
04:45:16.692 [JavaFX Application Thread] DEBUG Input                - Registered new binding: System info dump - CTRL+9
04:45:16.695 [JavaFX Application Thread] DEBUG Input                - Registered new binding: Restart - CTRL+R
04:45:16.697 [JavaFX Application Thread] DEBUG Input                - Registered new binding: Toggle Debug Camera - CTRL+7
04:45:16.705 [JavaFX Application Thread] DEBUG LoopRunner           - Starting loop
04:45:16.705 [JavaFX Application Thread] DEBUG LoopRunner           - Initializing JavaFX AnimationTimerLoop
04:45:16.711 [JavaFX Application Thread] DEBUG GameApplicationServi - Starting new game
04:45:16.713 [JavaFX Application Thread] DEBUG Input                - Clearing active input actions
04:45:16.715 [FXGL Background Thread 4 ] DEBUG FXGLAssetLoaderServi - Loading from file system: jar:file:/C:/Users/100070997/.m2/repository/com/github/almasb/fxgl/17.1/fxgl-17.1.jar!/fxglassets/ui/fonts/Abel-Regular.ttf
04:45:16.736 [JavaFX Application Thread] DEBUG GameApplicationServi - Removing overlay from FXGLStartupScene and adding to FXGLLoadingScene
04:45:16.737 [JavaFX Application Thread] DEBUG PrimaryStageWindow   - FXGLStartupScene -> FXGLLoadingScene
04:45:16.737 [JavaFX Application Thread] DEBUG GameApplicationServi - Clearing previous game
04:45:16.737 [JavaFX Application Thread] DEBUG GameScene            - Clearing game scene
04:45:16.739 [JavaFX Application Thread] DEBUG GameWorld            - Clearing game world
04:45:16.739 [JavaFX Application Thread] DEBUG PhysicsWorld         - Clearing physics world
04:45:16.741 [FXGL Background Thread 4 ] DEBUG FXGLAssetLoaderServi - Loading from file system: jar:file:/C:/Users/100070997/.m2/repository/com/github/almasb/fxgl/17.1/fxgl-17.1.jar!/fxglassets/ui/fonts/TerminalLandMono-Regular.otf
04:45:16.742 [FXGL Background Thread 1 ] DEBUG FXGLApplication      - Initializing game
04:45:16.770 [FXGL Background Thread 4 ] DEBUG FXGLAssetLoaderServi - Loading from file system: jar:file:/C:/Users/100070997/.m2/repository/com/github/almasb/fxgl/17.1/fxgl-17.1.jar!/fxglassets/ui/fonts/Courier-Prime.ttf
04:45:16.869 [JavaFX Application Thread] DEBUG FXGLApplication      - Registering font factories with UI factory
04:45:17.405 [FXGL Background Thread 1 ] INFO  FXGLApplication      - Game initialization took: 0.662 sec
04:45:17.411 [JavaFX Application Thread] DEBUG Input                - Clearing active input actions
04:45:17.443 [JavaFX Application Thread] DEBUG GameApplicationServi - Removing overlay from FXGLLoadingScene and adding to GameScene
04:45:17.443 [JavaFX Application Thread] DEBUG PrimaryStageWindow   - FXGLLoadingScene -> GameScene
04:45:17.697 [FXGL Background Thread 2 ] INFO  UpdaterService       - Your current version:  17.1
04:45:17.700 [FXGL Background Thread 2 ] INFO  UpdaterService       - Latest stable version: 21.1
04:45:19.525 [FXGL Background Thread 3 ] DEBUG Engine               - Logging environment variables
04:45:19.527 [FXGL Background Thread 3 ] DEBUG Engine               - achievements: []
04:45:19.527 [FXGL Background Thread 3 ] DEBUG Engine               - actualHeight: 600.0
04:45:19.528 [FXGL Background Thread 3 ] DEBUG Engine               - actualHeightProperty: ReadOnlyDoubleProperty [value: 600.0]
04:45:19.528 [FXGL Background Thread 3 ] DEBUG Engine               - actualWidth: 1000.0
04:45:19.528 [FXGL Background Thread 3 ] DEBUG Engine               - actualWidthProperty: ReadOnlyDoubleProperty [value: 1000.0]
04:45:19.528 [FXGL Background Thread 3 ] DEBUG Engine               - appIcon: fxgl_icon.png
04:45:19.529 [FXGL Background Thread 3 ] DEBUG Engine               - applicationMode: DEVELOPER
04:45:19.529 [FXGL Background Thread 3 ] DEBUG Engine               - cSSList: [fxgl_dark.css]
04:45:19.530 [FXGL Background Thread 3 ] DEBUG Engine               - collisionDetectionStrategy: BRUTE_FORCE
04:45:19.531 [FXGL Background Thread 3 ] DEBUG Engine               - configClass: Optional.empty
04:45:19.531 [FXGL Background Thread 3 ] DEBUG Engine               - credits: []
04:45:19.532 [FXGL Background Thread 3 ] DEBUG Engine               - defaultCursor: CursorInfo(imageName=fxgl_default_cursor.png, hotspotX=7.0, hotspotY=6.0)
04:45:19.533 [FXGL Background Thread 3 ] DEBUG Engine               - devBBoxColorProperty: ObjectProperty [value: 0xff0000ff]
04:45:19.533 [FXGL Background Thread 3 ] DEBUG Engine               - devEnableDebugCameraProperty: BooleanProperty [value: false]
04:45:19.534 [FXGL Background Thread 3 ] DEBUG Engine               - devSensorColorProperty: ObjectProperty [value: 0xffff00ff]
04:45:19.534 [FXGL Background Thread 3 ] DEBUG Engine               - devShowBBoxProperty: BooleanProperty [value: false]
04:45:19.534 [FXGL Background Thread 3 ] DEBUG Engine               - devShowPositionProperty: BooleanProperty [value: false]
04:45:19.535 [FXGL Background Thread 3 ] DEBUG Engine               - enabledMenuItems: []
04:45:19.535 [FXGL Background Thread 3 ] DEBUG Engine               - engineServices: [class com.almasb.fxgl.app.services.FXGLAssetLoaderService, class com.almasb.fxgl.app.FXGLApplication$GameApplicationService, class com.almasb.fxgl.app.services.FXGLDialogService, class com.almasb.fxgl.app.services.IOTaskExecutorService, class com.almasb.fxgl.io.FileSystemService, class com.almasb.fxgl.localization.LocalizationService, class com.almasb.fxgl.app.services.SystemBundleService, class com.almasb.fxgl.profile.SaveLoadService, class com.almasb.fxgl.ui.FXGLUIFactoryServiceProvider, class com.almasb.fxgl.ui.FXGLDialogFactoryServiceProvider, class com.almasb.fxgl.audio.AudioPlayer, class com.almasb.fxgl.notification.impl.NotificationServiceProvider, class com.almasb.fxgl.achievement.AchievementService, class com.almasb.fxgl.cutscene.CutsceneService, class com.almasb.fxgl.minigames.MiniGameService, class com.almasb.fxgl.net.NetService, class com.almasb.fxgl.app.services.UpdaterService, class com.almasb.fxgl.dev.DevService]
04:45:19.535 [FXGL Background Thread 3 ] DEBUG Engine               - fontGame: Abel-Regular.ttf
04:45:19.535 [FXGL Background Thread 3 ] DEBUG Engine               - fontMono: TerminalLandMono-Regular.otf
04:45:19.535 [FXGL Background Thread 3 ] DEBUG Engine               - fontText: Courier-Prime.ttf
04:45:19.536 [FXGL Background Thread 3 ] DEBUG Engine               - fontUI: VarelaRound-Regular.ttf
04:45:19.536 [FXGL Background Thread 3 ] DEBUG Engine               - fullScreen: BooleanProperty [value: false]
04:45:19.536 [FXGL Background Thread 3 ] DEBUG Engine               - gameDifficulty: MEDIUM
04:45:19.536 [FXGL Background Thread 3 ] DEBUG Engine               - gameDifficultyProperty: ObjectProperty [value: MEDIUM]
04:45:19.537 [FXGL Background Thread 3 ] DEBUG Engine               - globalMusicVolume: 0.5
04:45:19.537 [FXGL Background Thread 3 ] DEBUG Engine               - globalMusicVolumeProperty: DoubleProperty [value: 0.5]
04:45:19.537 [FXGL Background Thread 3 ] DEBUG Engine               - globalSoundVolume: 0.5
04:45:19.537 [FXGL Background Thread 3 ] DEBUG Engine               - globalSoundVolumeProperty: DoubleProperty [value: 0.5]
04:45:19.538 [FXGL Background Thread 3 ] DEBUG Engine               - height: 600
04:45:19.538 [FXGL Background Thread 3 ] DEBUG Engine               - is3D: false
04:45:19.538 [FXGL Background Thread 3 ] DEBUG Engine               - isAndroid: false
04:45:19.538 [FXGL Background Thread 3 ] DEBUG Engine               - isBrowser: false
04:45:19.538 [FXGL Background Thread 3 ] DEBUG Engine               - isClickFeedbackEnabled: false
04:45:19.539 [FXGL Background Thread 3 ] DEBUG Engine               - isCloseConfirmation: false
04:45:19.539 [FXGL Background Thread 3 ] DEBUG Engine               - isDesktop: true
04:45:19.539 [FXGL Background Thread 3 ] DEBUG Engine               - isDeveloperMenuEnabled: false
04:45:19.540 [FXGL Background Thread 3 ] DEBUG Engine               - isEmbedded: false
04:45:19.540 [FXGL Background Thread 3 ] DEBUG Engine               - isEntityPreloadEnabled: true
04:45:19.540 [FXGL Background Thread 3 ] DEBUG Engine               - isExperimentalTiledLargeMap: false
04:45:19.540 [FXGL Background Thread 3 ] DEBUG Engine               - isFileSystemWriteAllowed: true
04:45:19.540 [FXGL Background Thread 3 ] DEBUG Engine               - isFullScreenAllowed: false
04:45:19.541 [FXGL Background Thread 3 ] DEBUG Engine               - isFullScreenFromStart: false
04:45:19.541 [FXGL Background Thread 3 ] DEBUG Engine               - isGameMenuEnabled: true
04:45:19.541 [FXGL Background Thread 3 ] DEBUG Engine               - isIOS: false
04:45:19.541 [FXGL Background Thread 3 ] DEBUG Engine               - isIntroEnabled: false
04:45:19.541 [FXGL Background Thread 3 ] DEBUG Engine               - isLinux: false
04:45:19.542 [FXGL Background Thread 3 ] DEBUG Engine               - isMac: false
04:45:19.542 [FXGL Background Thread 3 ] DEBUG Engine               - isMainMenuEnabled: false
04:45:19.542 [FXGL Background Thread 3 ] DEBUG Engine               - isManualResizeEnabled: false
04:45:19.542 [FXGL Background Thread 3 ] DEBUG Engine               - isMobile: false
04:45:19.543 [FXGL Background Thread 3 ] DEBUG Engine               - isNative: false
04:45:19.543 [FXGL Background Thread 3 ] DEBUG Engine               - isPauseMusicWhenMinimized: true
04:45:19.543 [FXGL Background Thread 3 ] DEBUG Engine               - isPreserveResizeRatio: false
04:45:19.543 [FXGL Background Thread 3 ] DEBUG Engine               - isProfilingEnabled: false
04:45:19.543 [FXGL Background Thread 3 ] DEBUG Engine               - isScaleAffectedOnResize: true
04:45:19.544 [FXGL Background Thread 3 ] DEBUG Engine               - isSingleStep: false
04:45:19.544 [FXGL Background Thread 3 ] DEBUG Engine               - isUserProfileEnabled: false
04:45:19.544 [FXGL Background Thread 3 ] DEBUG Engine               - isWindows: true
04:45:19.545 [FXGL Background Thread 3 ] DEBUG Engine               - language: ObjectProperty [value: ENGLISH]
04:45:19.546 [FXGL Background Thread 3 ] DEBUG Engine               - menuKey: ESCAPE
04:45:19.547 [FXGL Background Thread 3 ] DEBUG Engine               - mouseSensitivity: 0.2
04:45:19.547 [FXGL Background Thread 3 ] DEBUG Engine               - notificationViewClass: class com.almasb.fxgl.notification.view.XboxNotificationView
04:45:19.547 [FXGL Background Thread 3 ] DEBUG Engine               - pixelsPerMeter: 50.0
04:45:19.547 [FXGL Background Thread 3 ] DEBUG Engine               - platform: WINDOWS
04:45:19.548 [FXGL Background Thread 3 ] DEBUG Engine               - prefHeightProperty: ReadOnlyDoubleProperty [value: 600.0]
04:45:19.548 [FXGL Background Thread 3 ] DEBUG Engine               - prefWidthProperty: ReadOnlyDoubleProperty [value: 1000.0]
04:45:19.548 [FXGL Background Thread 3 ] DEBUG Engine               - profileDir: profiles/
04:45:19.548 [FXGL Background Thread 3 ] DEBUG Engine               - profileName: StringProperty [value: DEFAULT]
04:45:19.548 [FXGL Background Thread 3 ] DEBUG Engine               - randomSeed: -1
04:45:19.549 [FXGL Background Thread 3 ] DEBUG Engine               - runtimeInfo: RuntimeInfo(platform=WINDOWS, version=17.1, build=24.03.2022 17.34)
04:45:19.549 [FXGL Background Thread 3 ] DEBUG Engine               - saveFileExt: sav
04:45:19.549 [FXGL Background Thread 3 ] DEBUG Engine               - scaledHeightProp$fxgl: DoubleProperty [bound, value: 600.0]
04:45:19.549 [FXGL Background Thread 3 ] DEBUG Engine               - scaledWidthProp$fxgl: DoubleProperty [bound, value: 1000.0]
04:45:19.550 [FXGL Background Thread 3 ] DEBUG Engine               - sceneFactory: com.almasb.fxgl.app.scene.SceneFactory@31b8b501
04:45:19.550 [FXGL Background Thread 3 ] DEBUG Engine               - secondsIn24h: 60
04:45:19.550 [FXGL Background Thread 3 ] DEBUG Engine               - soundMenuBack: menu/back.wav
04:45:19.550 [FXGL Background Thread 3 ] DEBUG Engine               - soundMenuPress: menu/press.wav
04:45:19.550 [FXGL Background Thread 3 ] DEBUG Engine               - soundMenuSelect: menu/select.wav
04:45:19.550 [FXGL Background Thread 3 ] DEBUG Engine               - soundNotification: core/notification.wav
04:45:19.550 [FXGL Background Thread 3 ] DEBUG Engine               - stageStyle: DECORATED
04:45:19.550 [FXGL Background Thread 3 ] DEBUG Engine               - supportedLanguages: [ENGLISH, FRENCH, GERMAN, HUNGARIAN, RUSSIAN]
04:45:19.551 [FXGL Background Thread 3 ] DEBUG Engine               - ticksPerSecond: -1
04:45:19.551 [FXGL Background Thread 3 ] DEBUG Engine               - title: Gestión de Áreas
04:45:19.551 [FXGL Background Thread 3 ] DEBUG Engine               - urlGithub: https://github.com/AlmasB/FXGL
04:45:19.551 [FXGL Background Thread 3 ] DEBUG Engine               - urlLeaderboard: http://fxgl-top.herokuapp.com/
04:45:19.551 [FXGL Background Thread 3 ] DEBUG Engine               - urlPOM: https://raw.githubusercontent.com/AlmasB/FXGL/release/README.md
04:45:19.551 [FXGL Background Thread 3 ] DEBUG Engine               - userAppClass: class org.example.Main
04:45:19.551 [FXGL Background Thread 3 ] DEBUG Engine               - version: 1.0
04:45:19.552 [FXGL Background Thread 3 ] DEBUG Engine               - versionCheckDays: 7
04:45:19.552 [FXGL Background Thread 3 ] DEBUG Engine               - width: 1000
04:45:19.552 [FXGL Background Thread 3 ] DEBUG Engine               - Logging services
04:45:19.552 [FXGL Background Thread 3 ] DEBUG Engine               - class com.almasb.fxgl.app.services.FXGLAssetLoaderService
04:45:19.552 [FXGL Background Thread 3 ] DEBUG Engine               - class com.almasb.fxgl.app.FXGLApplication$GameApplicationService
04:45:19.552 [FXGL Background Thread 3 ] DEBUG Engine               - class com.almasb.fxgl.app.services.FXGLDialogService
04:45:19.552 [FXGL Background Thread 3 ] DEBUG Engine               - class com.almasb.fxgl.app.services.IOTaskExecutorService
04:45:19.553 [FXGL Background Thread 3 ] DEBUG Engine               - class com.almasb.fxgl.io.FileSystemService
04:45:19.553 [FXGL Background Thread 3 ] DEBUG Engine               - class com.almasb.fxgl.localization.LocalizationService
04:45:19.553 [FXGL Background Thread 3 ] DEBUG Engine               - class com.almasb.fxgl.app.services.SystemBundleService
04:45:19.553 [FXGL Background Thread 3 ] DEBUG Engine               - class com.almasb.fxgl.profile.SaveLoadService
04:45:19.553 [FXGL Background Thread 3 ] DEBUG Engine               - class com.almasb.fxgl.ui.FXGLUIFactoryServiceProvider
04:45:19.553 [FXGL Background Thread 3 ] DEBUG Engine               - class com.almasb.fxgl.ui.FXGLDialogFactoryServiceProvider
04:45:19.553 [FXGL Background Thread 3 ] DEBUG Engine               - class com.almasb.fxgl.audio.AudioPlayer
04:45:19.554 [FXGL Background Thread 3 ] DEBUG Engine               - class com.almasb.fxgl.notification.impl.NotificationServiceProvider
04:45:19.554 [FXGL Background Thread 3 ] DEBUG Engine               - class com.almasb.fxgl.achievement.AchievementService
04:45:19.554 [FXGL Background Thread 3 ] DEBUG Engine               - class com.almasb.fxgl.cutscene.CutsceneService
04:45:19.554 [FXGL Background Thread 3 ] DEBUG Engine               - class com.almasb.fxgl.minigames.MiniGameService
04:45:19.554 [FXGL Background Thread 3 ] DEBUG Engine               - class com.almasb.fxgl.net.NetService
04:45:19.554 [FXGL Background Thread 3 ] DEBUG Engine               - class com.almasb.fxgl.app.services.UpdaterService
04:45:19.554 [FXGL Background Thread 3 ] DEBUG Engine               - class com.almasb.fxgl.dev.DevService
04:45:27.991 [JavaFX Application Thread] DEBUG FXGLApplication      - Exiting FXGL
04:45:27.992 [JavaFX Application Thread] DEBUG LoopRunner           - Stopping loop
04:45:27.993 [JavaFX Application Thread] DEBUG SystemBundleService  - Saving FXGL system data
04:45:28.040 [JavaFX Application Thread] DEBUG FileSystemAccess     - Writing to: C:\Users\100070997\Desktop\restaurant_simulator\system\fxgl.bundle
04:45:28.047 [JavaFX Application Thread] DEBUG Async                - Shutting down background threads
04:45:28.048 [JavaFX Application Thread] DEBUG PrimaryStageWindow   - Closing main window
04:45:28.121 [JavaFX Application Thread] DEBUG Logger               - Closing Logger
