12:00:36.129 [main                     ] DEBUG Logger               - Configured Logger
12:00:36.234 [main                     ] DEBUG GameApplication      - Logging settings
Title: Gestión de Áreas
Version: 1.0
Width: 1000
Height: 600
Fullscreen: false
Intro: false
Profiling: false
Single step:false
App Mode: DEVELOPER
Menu Key: ESCAPE
Stage Style: DECORATED
Scene Factory: class com.almasb.fxgl.app.scene.SceneFactory

12:00:37.312 [JavaFX Application Thread] DEBUG FXGLApplication      - Initializing FXGL
12:00:37.331 [JavaFX Application Thread] INFO  Engine               - FXGL-17.1 (24.03.2022 17.34) on WINDOWS (J:17.0.5 FX:18)
12:00:37.347 [JavaFX Application Thread] DEBUG Engine               - JRE Vendor Name: Eclipse Adoptium
12:00:37.350 [JavaFX Application Thread] DEBUG Engine               - Running on OS: Windows 11 version 10.0
12:00:37.351 [JavaFX Application Thread] DEBUG Engine               - Architecture: amd64
12:00:37.351 [JavaFX Application Thread] INFO  Engine               - Source code and latest versions at: https://github.com/AlmasB/FXGL
12:00:37.359 [JavaFX Application Thread] INFO  Engine               -       Ask questions and discuss at: https://github.com/AlmasB/FXGL/discussions
12:00:37.363 [JavaFX Application Thread] INFO  Engine               -              Join the FXGL chat at: https://gitter.im/AlmasB/FXGL
12:00:38.069 [JavaFX Application Thread] DEBUG PrimaryStageWindow   - Creating a JavaFX scene
12:00:38.471 [JavaFX Application Thread] DEBUG PrimaryStageWindow   - Target settings size: 1000.0 x 600.0
12:00:38.473 [JavaFX Application Thread] DEBUG PrimaryStageWindow   - Scaled scene size:    1000.0 x 600.0
12:00:38.473 [JavaFX Application Thread] DEBUG PrimaryStageWindow   - Scaled ratio: (1.0, 1.0)
12:00:38.477 [JavaFX Application Thread] DEBUG PrimaryStageWindow   - Set initial scene to FXGLStartupScene
12:00:38.501 [JavaFX Application Thread] DEBUG PrimaryStageWindow   - Opening main window
12:00:38.794 [JavaFX Application Thread] DEBUG PrimaryStageWindow   - Window border size: (14.66668701171875, 37.33331298828125)
12:00:38.795 [JavaFX Application Thread] DEBUG PrimaryStageWindow   - Scaled size: 1000.0 x 600.0
12:00:38.795 [JavaFX Application Thread] DEBUG PrimaryStageWindow   - Scaled ratio: (1.0, 1.0)
12:00:38.798 [JavaFX Application Thread] DEBUG PrimaryStageWindow   - Scene size: 1000.0 x 600.0
12:00:38.798 [JavaFX Application Thread] DEBUG PrimaryStageWindow   - Stage size: 1014.6666870117188 x 637.3333129882812
12:00:38.858 [FXGL Background Thread 1 ] DEBUG Engine               - Initializing environment variables
12:00:38.957 [FXGL Background Thread 1 ] DEBUG FXGLAssetLoaderServi - User app class for loading assets: class org.example.Main
12:00:38.958 [FXGL Background Thread 1 ] DEBUG GameApplicationServi - Applying CSS: fxgl_dark.css
12:00:38.960 [FXGL Background Thread 1 ] DEBUG FXGLAssetLoaderServi - Loading from file system: jar:file:/C:/Users/100070997/.m2/repository/com/github/almasb/fxgl/17.1/fxgl-17.1.jar!/fxglassets/ui/css/fxgl_dark.css
12:00:39.086 [FXGL Background Thread 1 ] DEBUG GameApplicationServi - Initializing application scenes
12:00:39.268 [FXGL Background Thread 1 ] DEBUG GameWorld            - Game world initialized
12:00:39.412 [FXGL Background Thread 1 ] DEBUG PhysicsWorld         - Physics world initialized: appHeight=600, physics.ppm=50.0
12:00:39.413 [FXGL Background Thread 1 ] DEBUG PhysicsWorld         - Using strategy: BRUTE_FORCE
12:00:39.423 [FXGL Background Thread 1 ] DEBUG GameScene            - Game scene initialized: 1000x600
12:00:39.453 [FXGL Background Thread 1 ] DEBUG FXGL.DefaultMenu     - createMenuBodyGameMenu()
12:00:39.507 [FXGL Background Thread 1 ] DEBUG FXGL.DefaultMenu     - createOptionsMenu()
12:00:39.536 [FXGL Background Thread 1 ] DEBUG FXGLAssetLoaderServi - Loading from file system: jar:file:/C:/Users/100070997/.m2/repository/com/github/almasb/fxgl/17.1/fxgl-17.1.jar!/fxglassets/textures/particles/smoke.png
12:00:39.775 [FXGL Background Thread 1 ] DEBUG FXGLAssetLoaderServi - Loading from file system: jar:file:/C:/Users/100070997/.m2/repository/com/github/almasb/fxgl/17.1/fxgl-17.1.jar!/fxglassets/textures/particles/trace_horizontal.png
12:00:39.850 [FXGL Background Thread 1 ] DEBUG GameApplicationServi - Application scenes initialized
12:00:39.887 [FXGL Background Thread 1 ] DEBUG SystemBundleService  - Loading FXGL system data
12:00:39.899 [FXGL Background Thread 1 ] DEBUG FileSystemAccess     - Reading from: C:\Users\100070997\Desktop\restaurant_simulator\system\fxgl.bundle
12:00:39.914 [FXGL Background Thread 1 ] DEBUG SystemBundleService  - Bundle FXGL: {}
12:00:39.915 [FXGL Background Thread 1 ] DEBUG UpdaterService       - Checking for updates
12:00:39.926 [FXGL Background Thread 4 ] DEBUG FXGLApplication      - Loading fonts
12:00:39.927 [FXGL Background Thread 4 ] DEBUG FXGLAssetLoaderServi - Loading from file system: jar:file:/C:/Users/100070997/.m2/repository/com/github/almasb/fxgl/17.1/fxgl-17.1.jar!/fxglassets/ui/fonts/VarelaRound-Regular.ttf
12:00:39.927 [FXGL Background Thread 1 ] DEBUG FXGLApplication      - Loading default localization
12:00:39.929 [FXGL Background Thread 1 ] DEBUG FXGLAssetLoaderServi - Loading from file system: jar:file:/C:/Users/100070997/.m2/repository/com/github/almasb/fxgl/17.1/fxgl-17.1.jar!/fxglassets/languages/english.lang
12:00:39.969 [FXGL Background Thread 1 ] INFO  FXGLApplication      - FXGL initialization took: 1.111 sec
12:00:39.978 [JavaFX Application Thread] DEBUG FXGLAssetLoaderServi - Loading from file system: jar:file:/C:/Users/100070997/.m2/repository/com/github/almasb/fxgl/17.1/fxgl-17.1.jar!/fxglassets/textures/fxgl_icon.png
12:00:40.023 [JavaFX Application Thread] DEBUG FXGLAssetLoaderServi - Loading from file system: jar:file:/C:/Users/100070997/.m2/repository/com/github/almasb/fxgl/17.1/fxgl-17.1.jar!/fxglassets/textures/fxgl_default_cursor.png
12:00:40.050 [JavaFX Application Thread] DEBUG Input                - Registered new binding: Screenshot - CTRL+8
12:00:40.052 [JavaFX Application Thread] DEBUG Input                - Registered new binding: System info dump - CTRL+9
12:00:40.053 [JavaFX Application Thread] DEBUG Input                - Registered new binding: Restart - CTRL+R
12:00:40.054 [JavaFX Application Thread] DEBUG Input                - Registered new binding: Toggle Debug Camera - CTRL+7
12:00:40.059 [JavaFX Application Thread] DEBUG LoopRunner           - Starting loop
12:00:40.060 [JavaFX Application Thread] DEBUG LoopRunner           - Initializing JavaFX AnimationTimerLoop
12:00:40.065 [JavaFX Application Thread] DEBUG GameApplicationServi - Starting new game
12:00:40.066 [JavaFX Application Thread] DEBUG Input                - Clearing active input actions
12:00:40.088 [JavaFX Application Thread] DEBUG GameApplicationServi - Removing overlay from FXGLStartupScene and adding to FXGLLoadingScene
12:00:40.089 [JavaFX Application Thread] DEBUG PrimaryStageWindow   - FXGLStartupScene -> FXGLLoadingScene
12:00:40.089 [JavaFX Application Thread] DEBUG GameApplicationServi - Clearing previous game
12:00:40.090 [JavaFX Application Thread] DEBUG GameScene            - Clearing game scene
12:00:40.090 [JavaFX Application Thread] DEBUG GameWorld            - Clearing game world
12:00:40.090 [JavaFX Application Thread] DEBUG PhysicsWorld         - Clearing physics world
12:00:40.093 [FXGL Background Thread 1 ] DEBUG FXGLApplication      - Initializing game
12:00:40.132 [FXGL Background Thread 4 ] DEBUG FXGLAssetLoaderServi - Loading from file system: jar:file:/C:/Users/100070997/.m2/repository/com/github/almasb/fxgl/17.1/fxgl-17.1.jar!/fxglassets/ui/fonts/Abel-Regular.ttf
12:00:40.157 [FXGL Background Thread 4 ] DEBUG FXGLAssetLoaderServi - Loading from file system: jar:file:/C:/Users/100070997/.m2/repository/com/github/almasb/fxgl/17.1/fxgl-17.1.jar!/fxglassets/ui/fonts/TerminalLandMono-Regular.otf
12:00:40.182 [FXGL Background Thread 4 ] DEBUG FXGLAssetLoaderServi - Loading from file system: jar:file:/C:/Users/100070997/.m2/repository/com/github/almasb/fxgl/17.1/fxgl-17.1.jar!/fxglassets/ui/fonts/Courier-Prime.ttf
12:00:40.221 [JavaFX Application Thread] DEBUG FXGLApplication      - Registering font factories with UI factory
12:00:40.907 [FXGL Background Thread 1 ] INFO  FXGLApplication      - Game initialization took: 0.814 sec
12:00:40.952 [JavaFX Application Thread] DEBUG Input                - Clearing active input actions
12:00:40.985 [JavaFX Application Thread] DEBUG GameApplicationServi - Removing overlay from FXGLLoadingScene and adding to GameScene
12:00:40.985 [JavaFX Application Thread] DEBUG PrimaryStageWindow   - FXGLLoadingScene -> GameScene
12:00:41.046 [FXGL Background Thread 2 ] INFO  UpdaterService       - Your current version:  17.1
12:00:41.051 [FXGL Background Thread 2 ] INFO  UpdaterService       - Latest stable version: 21.1
12:00:42.922 [FXGL Background Thread 3 ] DEBUG Engine               - Logging environment variables
12:00:42.923 [FXGL Background Thread 3 ] DEBUG Engine               - achievements: []
12:00:42.923 [FXGL Background Thread 3 ] DEBUG Engine               - actualHeight: 600.0
12:00:42.923 [FXGL Background Thread 3 ] DEBUG Engine               - actualHeightProperty: ReadOnlyDoubleProperty [value: 600.0]
12:00:42.924 [FXGL Background Thread 3 ] DEBUG Engine               - actualWidth: 1000.0
12:00:42.924 [FXGL Background Thread 3 ] DEBUG Engine               - actualWidthProperty: ReadOnlyDoubleProperty [value: 1000.0]
12:00:42.924 [FXGL Background Thread 3 ] DEBUG Engine               - appIcon: fxgl_icon.png
12:00:42.924 [FXGL Background Thread 3 ] DEBUG Engine               - applicationMode: DEVELOPER
12:00:42.924 [FXGL Background Thread 3 ] DEBUG Engine               - cSSList: [fxgl_dark.css]
12:00:42.925 [FXGL Background Thread 3 ] DEBUG Engine               - collisionDetectionStrategy: BRUTE_FORCE
12:00:42.925 [FXGL Background Thread 3 ] DEBUG Engine               - configClass: Optional.empty
12:00:42.925 [FXGL Background Thread 3 ] DEBUG Engine               - credits: []
12:00:42.927 [FXGL Background Thread 3 ] DEBUG Engine               - defaultCursor: CursorInfo(imageName=fxgl_default_cursor.png, hotspotX=7.0, hotspotY=6.0)
12:00:42.927 [FXGL Background Thread 3 ] DEBUG Engine               - devBBoxColorProperty: ObjectProperty [value: 0xff0000ff]
12:00:42.928 [FXGL Background Thread 3 ] DEBUG Engine               - devEnableDebugCameraProperty: BooleanProperty [value: false]
12:00:42.929 [FXGL Background Thread 3 ] DEBUG Engine               - devSensorColorProperty: ObjectProperty [value: 0xffff00ff]
12:00:42.929 [FXGL Background Thread 3 ] DEBUG Engine               - devShowBBoxProperty: BooleanProperty [value: false]
12:00:42.930 [FXGL Background Thread 3 ] DEBUG Engine               - devShowPositionProperty: BooleanProperty [value: false]
12:00:42.930 [FXGL Background Thread 3 ] DEBUG Engine               - enabledMenuItems: []
12:00:42.930 [FXGL Background Thread 3 ] DEBUG Engine               - engineServices: [class com.almasb.fxgl.app.services.FXGLAssetLoaderService, class com.almasb.fxgl.app.FXGLApplication$GameApplicationService, class com.almasb.fxgl.app.services.FXGLDialogService, class com.almasb.fxgl.app.services.IOTaskExecutorService, class com.almasb.fxgl.io.FileSystemService, class com.almasb.fxgl.localization.LocalizationService, class com.almasb.fxgl.app.services.SystemBundleService, class com.almasb.fxgl.profile.SaveLoadService, class com.almasb.fxgl.ui.FXGLUIFactoryServiceProvider, class com.almasb.fxgl.ui.FXGLDialogFactoryServiceProvider, class com.almasb.fxgl.audio.AudioPlayer, class com.almasb.fxgl.notification.impl.NotificationServiceProvider, class com.almasb.fxgl.achievement.AchievementService, class com.almasb.fxgl.cutscene.CutsceneService, class com.almasb.fxgl.minigames.MiniGameService, class com.almasb.fxgl.net.NetService, class com.almasb.fxgl.app.services.UpdaterService, class com.almasb.fxgl.dev.DevService]
12:00:42.930 [FXGL Background Thread 3 ] DEBUG Engine               - fontGame: Abel-Regular.ttf
12:00:42.930 [FXGL Background Thread 3 ] DEBUG Engine               - fontMono: TerminalLandMono-Regular.otf
12:00:42.930 [FXGL Background Thread 3 ] DEBUG Engine               - fontText: Courier-Prime.ttf
12:00:42.930 [FXGL Background Thread 3 ] DEBUG Engine               - fontUI: VarelaRound-Regular.ttf
12:00:42.931 [FXGL Background Thread 3 ] DEBUG Engine               - fullScreen: BooleanProperty [value: false]
12:00:42.931 [FXGL Background Thread 3 ] DEBUG Engine               - gameDifficulty: MEDIUM
12:00:42.931 [FXGL Background Thread 3 ] DEBUG Engine               - gameDifficultyProperty: ObjectProperty [value: MEDIUM]
12:00:42.931 [FXGL Background Thread 3 ] DEBUG Engine               - globalMusicVolume: 0.5
12:00:42.931 [FXGL Background Thread 3 ] DEBUG Engine               - globalMusicVolumeProperty: DoubleProperty [value: 0.5]
12:00:42.931 [FXGL Background Thread 3 ] DEBUG Engine               - globalSoundVolume: 0.5
12:00:42.932 [FXGL Background Thread 3 ] DEBUG Engine               - globalSoundVolumeProperty: DoubleProperty [value: 0.5]
12:00:42.932 [FXGL Background Thread 3 ] DEBUG Engine               - height: 600
12:00:42.932 [FXGL Background Thread 3 ] DEBUG Engine               - is3D: false
12:00:42.932 [FXGL Background Thread 3 ] DEBUG Engine               - isAndroid: false
12:00:42.932 [FXGL Background Thread 3 ] DEBUG Engine               - isBrowser: false
12:00:42.932 [FXGL Background Thread 3 ] DEBUG Engine               - isClickFeedbackEnabled: false
12:00:42.932 [FXGL Background Thread 3 ] DEBUG Engine               - isCloseConfirmation: false
12:00:42.933 [FXGL Background Thread 3 ] DEBUG Engine               - isDesktop: true
12:00:42.933 [FXGL Background Thread 3 ] DEBUG Engine               - isDeveloperMenuEnabled: false
12:00:42.933 [FXGL Background Thread 3 ] DEBUG Engine               - isEmbedded: false
12:00:42.933 [FXGL Background Thread 3 ] DEBUG Engine               - isEntityPreloadEnabled: true
12:00:42.933 [FXGL Background Thread 3 ] DEBUG Engine               - isExperimentalTiledLargeMap: false
12:00:42.933 [FXGL Background Thread 3 ] DEBUG Engine               - isFileSystemWriteAllowed: true
12:00:42.933 [FXGL Background Thread 3 ] DEBUG Engine               - isFullScreenAllowed: false
12:00:42.933 [FXGL Background Thread 3 ] DEBUG Engine               - isFullScreenFromStart: false
12:00:42.933 [FXGL Background Thread 3 ] DEBUG Engine               - isGameMenuEnabled: true
12:00:42.934 [FXGL Background Thread 3 ] DEBUG Engine               - isIOS: false
12:00:42.934 [FXGL Background Thread 3 ] DEBUG Engine               - isIntroEnabled: false
12:00:42.934 [FXGL Background Thread 3 ] DEBUG Engine               - isLinux: false
12:00:42.934 [FXGL Background Thread 3 ] DEBUG Engine               - isMac: false
12:00:42.934 [FXGL Background Thread 3 ] DEBUG Engine               - isMainMenuEnabled: false
12:00:42.934 [FXGL Background Thread 3 ] DEBUG Engine               - isManualResizeEnabled: false
12:00:42.934 [FXGL Background Thread 3 ] DEBUG Engine               - isMobile: false
12:00:42.935 [FXGL Background Thread 3 ] DEBUG Engine               - isNative: false
12:00:42.935 [FXGL Background Thread 3 ] DEBUG Engine               - isPauseMusicWhenMinimized: true
12:00:42.935 [FXGL Background Thread 3 ] DEBUG Engine               - isPreserveResizeRatio: false
12:00:42.935 [FXGL Background Thread 3 ] DEBUG Engine               - isProfilingEnabled: false
12:00:42.936 [FXGL Background Thread 3 ] DEBUG Engine               - isScaleAffectedOnResize: true
12:00:42.936 [FXGL Background Thread 3 ] DEBUG Engine               - isSingleStep: false
12:00:42.936 [FXGL Background Thread 3 ] DEBUG Engine               - isUserProfileEnabled: false
12:00:42.936 [FXGL Background Thread 3 ] DEBUG Engine               - isWindows: true
12:00:42.936 [FXGL Background Thread 3 ] DEBUG Engine               - language: ObjectProperty [value: ENGLISH]
12:00:42.936 [FXGL Background Thread 3 ] DEBUG Engine               - menuKey: ESCAPE
12:00:42.937 [FXGL Background Thread 3 ] DEBUG Engine               - mouseSensitivity: 0.2
12:00:42.937 [FXGL Background Thread 3 ] DEBUG Engine               - notificationViewClass: class com.almasb.fxgl.notification.view.XboxNotificationView
12:00:42.937 [FXGL Background Thread 3 ] DEBUG Engine               - pixelsPerMeter: 50.0
12:00:42.937 [FXGL Background Thread 3 ] DEBUG Engine               - platform: WINDOWS
12:00:42.937 [FXGL Background Thread 3 ] DEBUG Engine               - prefHeightProperty: ReadOnlyDoubleProperty [value: 600.0]
12:00:42.937 [FXGL Background Thread 3 ] DEBUG Engine               - prefWidthProperty: ReadOnlyDoubleProperty [value: 1000.0]
12:00:42.938 [FXGL Background Thread 3 ] DEBUG Engine               - profileDir: profiles/
12:00:42.938 [FXGL Background Thread 3 ] DEBUG Engine               - profileName: StringProperty [value: DEFAULT]
12:00:42.938 [FXGL Background Thread 3 ] DEBUG Engine               - randomSeed: -1
12:00:42.939 [FXGL Background Thread 3 ] DEBUG Engine               - runtimeInfo: RuntimeInfo(platform=WINDOWS, version=17.1, build=24.03.2022 17.34)
12:00:42.939 [FXGL Background Thread 3 ] DEBUG Engine               - saveFileExt: sav
12:00:42.939 [FXGL Background Thread 3 ] DEBUG Engine               - scaledHeightProp$fxgl: DoubleProperty [bound, value: 600.0]
12:00:42.939 [FXGL Background Thread 3 ] DEBUG Engine               - scaledWidthProp$fxgl: DoubleProperty [bound, value: 1000.0]
12:00:42.939 [FXGL Background Thread 3 ] DEBUG Engine               - sceneFactory: com.almasb.fxgl.app.scene.SceneFactory@7e6ca3d
12:00:42.939 [FXGL Background Thread 3 ] DEBUG Engine               - secondsIn24h: 60
12:00:42.940 [FXGL Background Thread 3 ] DEBUG Engine               - soundMenuBack: menu/back.wav
12:00:42.940 [FXGL Background Thread 3 ] DEBUG Engine               - soundMenuPress: menu/press.wav
12:00:42.940 [FXGL Background Thread 3 ] DEBUG Engine               - soundMenuSelect: menu/select.wav
12:00:42.940 [FXGL Background Thread 3 ] DEBUG Engine               - soundNotification: core/notification.wav
12:00:42.940 [FXGL Background Thread 3 ] DEBUG Engine               - stageStyle: DECORATED
12:00:42.940 [FXGL Background Thread 3 ] DEBUG Engine               - supportedLanguages: [ENGLISH, FRENCH, GERMAN, HUNGARIAN, RUSSIAN]
12:00:42.941 [FXGL Background Thread 3 ] DEBUG Engine               - ticksPerSecond: -1
12:00:42.941 [FXGL Background Thread 3 ] DEBUG Engine               - title: Gestión de Áreas
12:00:42.941 [FXGL Background Thread 3 ] DEBUG Engine               - urlGithub: https://github.com/AlmasB/FXGL
12:00:42.941 [FXGL Background Thread 3 ] DEBUG Engine               - urlLeaderboard: http://fxgl-top.herokuapp.com/
12:00:42.941 [FXGL Background Thread 3 ] DEBUG Engine               - urlPOM: https://raw.githubusercontent.com/AlmasB/FXGL/release/README.md
12:00:42.941 [FXGL Background Thread 3 ] DEBUG Engine               - userAppClass: class org.example.Main
12:00:42.942 [FXGL Background Thread 3 ] DEBUG Engine               - version: 1.0
12:00:42.942 [FXGL Background Thread 3 ] DEBUG Engine               - versionCheckDays: 7
12:00:42.942 [FXGL Background Thread 3 ] DEBUG Engine               - width: 1000
12:00:42.942 [FXGL Background Thread 3 ] DEBUG Engine               - Logging services
12:00:42.942 [FXGL Background Thread 3 ] DEBUG Engine               - class com.almasb.fxgl.app.services.FXGLAssetLoaderService
12:00:42.943 [FXGL Background Thread 3 ] DEBUG Engine               - class com.almasb.fxgl.app.FXGLApplication$GameApplicationService
12:00:42.943 [FXGL Background Thread 3 ] DEBUG Engine               - class com.almasb.fxgl.app.services.FXGLDialogService
12:00:42.943 [FXGL Background Thread 3 ] DEBUG Engine               - class com.almasb.fxgl.app.services.IOTaskExecutorService
12:00:42.943 [FXGL Background Thread 3 ] DEBUG Engine               - class com.almasb.fxgl.io.FileSystemService
12:00:42.943 [FXGL Background Thread 3 ] DEBUG Engine               - class com.almasb.fxgl.localization.LocalizationService
12:00:42.944 [FXGL Background Thread 3 ] DEBUG Engine               - class com.almasb.fxgl.app.services.SystemBundleService
12:00:42.944 [FXGL Background Thread 3 ] DEBUG Engine               - class com.almasb.fxgl.profile.SaveLoadService
12:00:42.944 [FXGL Background Thread 3 ] DEBUG Engine               - class com.almasb.fxgl.ui.FXGLUIFactoryServiceProvider
12:00:42.944 [FXGL Background Thread 3 ] DEBUG Engine               - class com.almasb.fxgl.ui.FXGLDialogFactoryServiceProvider
12:00:42.944 [FXGL Background Thread 3 ] DEBUG Engine               - class com.almasb.fxgl.audio.AudioPlayer
12:00:42.945 [FXGL Background Thread 3 ] DEBUG Engine               - class com.almasb.fxgl.notification.impl.NotificationServiceProvider
12:00:42.945 [FXGL Background Thread 3 ] DEBUG Engine               - class com.almasb.fxgl.achievement.AchievementService
12:00:42.945 [FXGL Background Thread 3 ] DEBUG Engine               - class com.almasb.fxgl.cutscene.CutsceneService
12:00:42.946 [FXGL Background Thread 3 ] DEBUG Engine               - class com.almasb.fxgl.minigames.MiniGameService
12:00:42.946 [FXGL Background Thread 3 ] DEBUG Engine               - class com.almasb.fxgl.net.NetService
12:00:42.946 [FXGL Background Thread 3 ] DEBUG Engine               - class com.almasb.fxgl.app.services.UpdaterService
12:00:42.946 [FXGL Background Thread 3 ] DEBUG Engine               - class com.almasb.fxgl.dev.DevService
12:02:17.381 [JavaFX Application Thread] DEBUG FXGLApplication      - Exiting FXGL
12:02:17.382 [JavaFX Application Thread] DEBUG LoopRunner           - Stopping loop
12:02:17.382 [JavaFX Application Thread] DEBUG SystemBundleService  - Saving FXGL system data
12:02:17.389 [JavaFX Application Thread] DEBUG FileSystemAccess     - Writing to: C:\Users\100070997\Desktop\restaurant_simulator\system\fxgl.bundle
12:02:17.397 [JavaFX Application Thread] DEBUG Async                - Shutting down background threads
12:02:17.397 [JavaFX Application Thread] DEBUG PrimaryStageWindow   - Closing main window
12:02:17.472 [JavaFX Application Thread] DEBUG Logger               - Closing Logger
