04:56:30.676 [main                     ] DEBUG Logger               - Configured Logger
04:56:30.747 [main                     ] DEBUG GameApplication      - Logging settings
Title: Gestión de Áreas
Version: 1.0
Width: 1000
Height: 600
Fullscreen: false
Intro: false
Profiling: false
Single step:false
App Mode: DEVELOPER
Menu Key: ESCAPE
Stage Style: DECORATED
Scene Factory: class com.almasb.fxgl.app.scene.SceneFactory

04:56:31.497 [JavaFX Application Thread] DEBUG FXGLApplication      - Initializing FXGL
04:56:31.509 [JavaFX Application Thread] INFO  Engine               - FXGL-17.1 (24.03.2022 17.34) on WINDOWS (J:17.0.5 FX:18)
04:56:31.510 [JavaFX Application Thread] DEBUG Engine               - JRE Vendor Name: Eclipse Adoptium
04:56:31.511 [JavaFX Application Thread] DEBUG Engine               - Running on OS: Windows 11 version 10.0
04:56:31.511 [JavaFX Application Thread] DEBUG Engine               - Architecture: amd64
04:56:31.512 [JavaFX Application Thread] INFO  Engine               - Source code and latest versions at: https://github.com/AlmasB/FXGL
04:56:31.512 [JavaFX Application Thread] INFO  Engine               -       Ask questions and discuss at: https://github.com/AlmasB/FXGL/discussions
04:56:31.518 [JavaFX Application Thread] INFO  Engine               -              Join the FXGL chat at: https://gitter.im/AlmasB/FXGL
04:56:31.777 [JavaFX Application Thread] DEBUG PrimaryStageWindow   - Creating a JavaFX scene
04:56:31.898 [JavaFX Application Thread] DEBUG PrimaryStageWindow   - Target settings size: 1000.0 x 600.0
04:56:31.900 [JavaFX Application Thread] DEBUG PrimaryStageWindow   - Scaled scene size:    1000.0 x 600.0
04:56:31.906 [JavaFX Application Thread] DEBUG PrimaryStageWindow   - Scaled ratio: (1.0, 1.0)
04:56:31.908 [JavaFX Application Thread] DEBUG PrimaryStageWindow   - Set initial scene to FXGLStartupScene
04:56:31.931 [JavaFX Application Thread] DEBUG PrimaryStageWindow   - Opening main window
04:56:32.124 [JavaFX Application Thread] DEBUG PrimaryStageWindow   - Window border size: (14.66668701171875, 37.33331298828125)
04:56:32.125 [JavaFX Application Thread] DEBUG PrimaryStageWindow   - Scaled size: 1000.0 x 600.0
04:56:32.126 [JavaFX Application Thread] DEBUG PrimaryStageWindow   - Scaled ratio: (1.0, 1.0)
04:56:32.126 [JavaFX Application Thread] DEBUG PrimaryStageWindow   - Scene size: 1000.0 x 600.0
04:56:32.127 [JavaFX Application Thread] DEBUG PrimaryStageWindow   - Stage size: 1014.6666870117188 x 637.3333129882812
04:56:32.141 [FXGL Background Thread 1 ] DEBUG Engine               - Initializing environment variables
04:56:32.231 [FXGL Background Thread 1 ] DEBUG FXGLAssetLoaderServi - User app class for loading assets: class org.example.Main
04:56:32.232 [FXGL Background Thread 1 ] DEBUG GameApplicationServi - Applying CSS: fxgl_dark.css
04:56:32.234 [FXGL Background Thread 1 ] DEBUG FXGLAssetLoaderServi - Loading from file system: jar:file:/C:/Users/100070997/.m2/repository/com/github/almasb/fxgl/17.1/fxgl-17.1.jar!/fxglassets/ui/css/fxgl_dark.css
04:56:32.346 [FXGL Background Thread 1 ] DEBUG GameApplicationServi - Initializing application scenes
04:56:32.446 [FXGL Background Thread 1 ] DEBUG GameWorld            - Game world initialized
04:56:32.569 [FXGL Background Thread 1 ] DEBUG PhysicsWorld         - Physics world initialized: appHeight=600, physics.ppm=50.0
04:56:32.569 [FXGL Background Thread 1 ] DEBUG PhysicsWorld         - Using strategy: BRUTE_FORCE
04:56:32.579 [FXGL Background Thread 1 ] DEBUG GameScene            - Game scene initialized: 1000x600
04:56:32.608 [FXGL Background Thread 1 ] DEBUG FXGL.DefaultMenu     - createMenuBodyGameMenu()
04:56:32.649 [FXGL Background Thread 1 ] DEBUG FXGL.DefaultMenu     - createOptionsMenu()
04:56:32.676 [FXGL Background Thread 1 ] DEBUG FXGLAssetLoaderServi - Loading from file system: jar:file:/C:/Users/100070997/.m2/repository/com/github/almasb/fxgl/17.1/fxgl-17.1.jar!/fxglassets/textures/particles/smoke.png
04:56:32.934 [FXGL Background Thread 1 ] DEBUG FXGLAssetLoaderServi - Loading from file system: jar:file:/C:/Users/100070997/.m2/repository/com/github/almasb/fxgl/17.1/fxgl-17.1.jar!/fxglassets/textures/particles/trace_horizontal.png
04:56:33.001 [FXGL Background Thread 1 ] DEBUG GameApplicationServi - Application scenes initialized
04:56:33.033 [FXGL Background Thread 1 ] DEBUG SystemBundleService  - Loading FXGL system data
04:56:33.046 [FXGL Background Thread 1 ] DEBUG FileSystemAccess     - Reading from: C:\Users\100070997\Desktop\restaurant_simulator\system\fxgl.bundle
04:56:33.064 [FXGL Background Thread 1 ] DEBUG SystemBundleService  - Bundle FXGL: {}
04:56:33.065 [FXGL Background Thread 1 ] DEBUG UpdaterService       - Checking for updates
04:56:33.073 [FXGL Background Thread 4 ] DEBUG FXGLApplication      - Loading fonts
04:56:33.075 [FXGL Background Thread 4 ] DEBUG FXGLAssetLoaderServi - Loading from file system: jar:file:/C:/Users/100070997/.m2/repository/com/github/almasb/fxgl/17.1/fxgl-17.1.jar!/fxglassets/ui/fonts/VarelaRound-Regular.ttf
04:56:33.075 [FXGL Background Thread 1 ] DEBUG FXGLApplication      - Loading default localization
04:56:33.076 [FXGL Background Thread 1 ] DEBUG FXGLAssetLoaderServi - Loading from file system: jar:file:/C:/Users/100070997/.m2/repository/com/github/almasb/fxgl/17.1/fxgl-17.1.jar!/fxglassets/languages/english.lang
04:56:33.126 [FXGL Background Thread 1 ] INFO  FXGLApplication      - FXGL initialization took: 0.984 sec
04:56:33.131 [JavaFX Application Thread] DEBUG FXGLAssetLoaderServi - Loading from file system: jar:file:/C:/Users/100070997/.m2/repository/com/github/almasb/fxgl/17.1/fxgl-17.1.jar!/fxglassets/textures/fxgl_icon.png
04:56:33.181 [JavaFX Application Thread] DEBUG FXGLAssetLoaderServi - Loading from file system: jar:file:/C:/Users/100070997/.m2/repository/com/github/almasb/fxgl/17.1/fxgl-17.1.jar!/fxglassets/textures/fxgl_default_cursor.png
04:56:33.229 [JavaFX Application Thread] DEBUG Input                - Registered new binding: Screenshot - CTRL+8
04:56:33.231 [JavaFX Application Thread] DEBUG Input                - Registered new binding: System info dump - CTRL+9
04:56:33.234 [JavaFX Application Thread] DEBUG Input                - Registered new binding: Restart - CTRL+R
04:56:33.235 [JavaFX Application Thread] DEBUG Input                - Registered new binding: Toggle Debug Camera - CTRL+7
04:56:33.241 [JavaFX Application Thread] DEBUG LoopRunner           - Starting loop
04:56:33.241 [JavaFX Application Thread] DEBUG LoopRunner           - Initializing JavaFX AnimationTimerLoop
04:56:33.247 [JavaFX Application Thread] DEBUG GameApplicationServi - Starting new game
04:56:33.248 [JavaFX Application Thread] DEBUG Input                - Clearing active input actions
04:56:33.252 [FXGL Background Thread 4 ] DEBUG FXGLAssetLoaderServi - Loading from file system: jar:file:/C:/Users/100070997/.m2/repository/com/github/almasb/fxgl/17.1/fxgl-17.1.jar!/fxglassets/ui/fonts/Abel-Regular.ttf
04:56:33.274 [JavaFX Application Thread] DEBUG GameApplicationServi - Removing overlay from FXGLStartupScene and adding to FXGLLoadingScene
04:56:33.275 [JavaFX Application Thread] DEBUG PrimaryStageWindow   - FXGLStartupScene -> FXGLLoadingScene
04:56:33.276 [JavaFX Application Thread] DEBUG GameApplicationServi - Clearing previous game
04:56:33.276 [JavaFX Application Thread] DEBUG GameScene            - Clearing game scene
04:56:33.276 [JavaFX Application Thread] DEBUG GameWorld            - Clearing game world
04:56:33.276 [FXGL Background Thread 4 ] DEBUG FXGLAssetLoaderServi - Loading from file system: jar:file:/C:/Users/100070997/.m2/repository/com/github/almasb/fxgl/17.1/fxgl-17.1.jar!/fxglassets/ui/fonts/TerminalLandMono-Regular.otf
04:56:33.276 [JavaFX Application Thread] DEBUG PhysicsWorld         - Clearing physics world
04:56:33.289 [FXGL Background Thread 1 ] DEBUG FXGLApplication      - Initializing game
04:56:33.301 [FXGL Background Thread 4 ] DEBUG FXGLAssetLoaderServi - Loading from file system: jar:file:/C:/Users/100070997/.m2/repository/com/github/almasb/fxgl/17.1/fxgl-17.1.jar!/fxglassets/ui/fonts/Courier-Prime.ttf
04:56:33.414 [JavaFX Application Thread] DEBUG FXGLApplication      - Registering font factories with UI factory
04:56:34.064 [FXGL Background Thread 1 ] INFO  FXGLApplication      - Game initialization took: 0.775 sec
04:56:34.067 [JavaFX Application Thread] DEBUG Input                - Clearing active input actions
04:56:34.117 [JavaFX Application Thread] DEBUG GameApplicationServi - Removing overlay from FXGLLoadingScene and adding to GameScene
04:56:34.117 [JavaFX Application Thread] DEBUG PrimaryStageWindow   - FXGLLoadingScene -> GameScene
04:56:34.490 [FXGL Background Thread 2 ] INFO  UpdaterService       - Your current version:  17.1
04:56:34.492 [FXGL Background Thread 2 ] INFO  UpdaterService       - Latest stable version: 21.1
04:56:36.071 [FXGL Background Thread 3 ] DEBUG Engine               - Logging environment variables
04:56:36.072 [FXGL Background Thread 3 ] DEBUG Engine               - achievements: []
04:56:36.072 [FXGL Background Thread 3 ] DEBUG Engine               - actualHeight: 600.0
04:56:36.072 [FXGL Background Thread 3 ] DEBUG Engine               - actualHeightProperty: ReadOnlyDoubleProperty [value: 600.0]
04:56:36.073 [FXGL Background Thread 3 ] DEBUG Engine               - actualWidth: 1000.0
04:56:36.073 [FXGL Background Thread 3 ] DEBUG Engine               - actualWidthProperty: ReadOnlyDoubleProperty [value: 1000.0]
04:56:36.073 [FXGL Background Thread 3 ] DEBUG Engine               - appIcon: fxgl_icon.png
04:56:36.073 [FXGL Background Thread 3 ] DEBUG Engine               - applicationMode: DEVELOPER
04:56:36.073 [FXGL Background Thread 3 ] DEBUG Engine               - cSSList: [fxgl_dark.css]
04:56:36.073 [FXGL Background Thread 3 ] DEBUG Engine               - collisionDetectionStrategy: BRUTE_FORCE
04:56:36.074 [FXGL Background Thread 3 ] DEBUG Engine               - configClass: Optional.empty
04:56:36.074 [FXGL Background Thread 3 ] DEBUG Engine               - credits: []
04:56:36.077 [FXGL Background Thread 3 ] DEBUG Engine               - defaultCursor: CursorInfo(imageName=fxgl_default_cursor.png, hotspotX=7.0, hotspotY=6.0)
04:56:36.077 [FXGL Background Thread 3 ] DEBUG Engine               - devBBoxColorProperty: ObjectProperty [value: 0xff0000ff]
04:56:36.078 [FXGL Background Thread 3 ] DEBUG Engine               - devEnableDebugCameraProperty: BooleanProperty [value: false]
04:56:36.078 [FXGL Background Thread 3 ] DEBUG Engine               - devSensorColorProperty: ObjectProperty [value: 0xffff00ff]
04:56:36.078 [FXGL Background Thread 3 ] DEBUG Engine               - devShowBBoxProperty: BooleanProperty [value: false]
04:56:36.079 [FXGL Background Thread 3 ] DEBUG Engine               - devShowPositionProperty: BooleanProperty [value: false]
04:56:36.079 [FXGL Background Thread 3 ] DEBUG Engine               - enabledMenuItems: []
04:56:36.079 [FXGL Background Thread 3 ] DEBUG Engine               - engineServices: [class com.almasb.fxgl.app.services.FXGLAssetLoaderService, class com.almasb.fxgl.app.FXGLApplication$GameApplicationService, class com.almasb.fxgl.app.services.FXGLDialogService, class com.almasb.fxgl.app.services.IOTaskExecutorService, class com.almasb.fxgl.io.FileSystemService, class com.almasb.fxgl.localization.LocalizationService, class com.almasb.fxgl.app.services.SystemBundleService, class com.almasb.fxgl.profile.SaveLoadService, class com.almasb.fxgl.ui.FXGLUIFactoryServiceProvider, class com.almasb.fxgl.ui.FXGLDialogFactoryServiceProvider, class com.almasb.fxgl.audio.AudioPlayer, class com.almasb.fxgl.notification.impl.NotificationServiceProvider, class com.almasb.fxgl.achievement.AchievementService, class com.almasb.fxgl.cutscene.CutsceneService, class com.almasb.fxgl.minigames.MiniGameService, class com.almasb.fxgl.net.NetService, class com.almasb.fxgl.app.services.UpdaterService, class com.almasb.fxgl.dev.DevService]
04:56:36.079 [FXGL Background Thread 3 ] DEBUG Engine               - fontGame: Abel-Regular.ttf
04:56:36.079 [FXGL Background Thread 3 ] DEBUG Engine               - fontMono: TerminalLandMono-Regular.otf
04:56:36.079 [FXGL Background Thread 3 ] DEBUG Engine               - fontText: Courier-Prime.ttf
04:56:36.080 [FXGL Background Thread 3 ] DEBUG Engine               - fontUI: VarelaRound-Regular.ttf
04:56:36.080 [FXGL Background Thread 3 ] DEBUG Engine               - fullScreen: BooleanProperty [value: false]
04:56:36.080 [FXGL Background Thread 3 ] DEBUG Engine               - gameDifficulty: MEDIUM
04:56:36.080 [FXGL Background Thread 3 ] DEBUG Engine               - gameDifficultyProperty: ObjectProperty [value: MEDIUM]
04:56:36.080 [FXGL Background Thread 3 ] DEBUG Engine               - globalMusicVolume: 0.5
04:56:36.080 [FXGL Background Thread 3 ] DEBUG Engine               - globalMusicVolumeProperty: DoubleProperty [value: 0.5]
04:56:36.081 [FXGL Background Thread 3 ] DEBUG Engine               - globalSoundVolume: 0.5
04:56:36.081 [FXGL Background Thread 3 ] DEBUG Engine               - globalSoundVolumeProperty: DoubleProperty [value: 0.5]
04:56:36.081 [FXGL Background Thread 3 ] DEBUG Engine               - height: 600
04:56:36.081 [FXGL Background Thread 3 ] DEBUG Engine               - is3D: false
04:56:36.081 [FXGL Background Thread 3 ] DEBUG Engine               - isAndroid: false
04:56:36.081 [FXGL Background Thread 3 ] DEBUG Engine               - isBrowser: false
04:56:36.082 [FXGL Background Thread 3 ] DEBUG Engine               - isClickFeedbackEnabled: false
04:56:36.082 [FXGL Background Thread 3 ] DEBUG Engine               - isCloseConfirmation: false
04:56:36.082 [FXGL Background Thread 3 ] DEBUG Engine               - isDesktop: true
04:56:36.082 [FXGL Background Thread 3 ] DEBUG Engine               - isDeveloperMenuEnabled: false
04:56:36.083 [FXGL Background Thread 3 ] DEBUG Engine               - isEmbedded: false
04:56:36.083 [FXGL Background Thread 3 ] DEBUG Engine               - isEntityPreloadEnabled: true
04:56:36.083 [FXGL Background Thread 3 ] DEBUG Engine               - isExperimentalTiledLargeMap: false
04:56:36.083 [FXGL Background Thread 3 ] DEBUG Engine               - isFileSystemWriteAllowed: true
04:56:36.083 [FXGL Background Thread 3 ] DEBUG Engine               - isFullScreenAllowed: false
04:56:36.083 [FXGL Background Thread 3 ] DEBUG Engine               - isFullScreenFromStart: false
04:56:36.083 [FXGL Background Thread 3 ] DEBUG Engine               - isGameMenuEnabled: true
04:56:36.084 [FXGL Background Thread 3 ] DEBUG Engine               - isIOS: false
04:56:36.084 [FXGL Background Thread 3 ] DEBUG Engine               - isIntroEnabled: false
04:56:36.084 [FXGL Background Thread 3 ] DEBUG Engine               - isLinux: false
04:56:36.084 [FXGL Background Thread 3 ] DEBUG Engine               - isMac: false
04:56:36.084 [FXGL Background Thread 3 ] DEBUG Engine               - isMainMenuEnabled: false
04:56:36.084 [FXGL Background Thread 3 ] DEBUG Engine               - isManualResizeEnabled: false
04:56:36.085 [FXGL Background Thread 3 ] DEBUG Engine               - isMobile: false
04:56:36.085 [FXGL Background Thread 3 ] DEBUG Engine               - isNative: false
04:56:36.085 [FXGL Background Thread 3 ] DEBUG Engine               - isPauseMusicWhenMinimized: true
04:56:36.085 [FXGL Background Thread 3 ] DEBUG Engine               - isPreserveResizeRatio: false
04:56:36.085 [FXGL Background Thread 3 ] DEBUG Engine               - isProfilingEnabled: false
04:56:36.085 [FXGL Background Thread 3 ] DEBUG Engine               - isScaleAffectedOnResize: true
04:56:36.086 [FXGL Background Thread 3 ] DEBUG Engine               - isSingleStep: false
04:56:36.086 [FXGL Background Thread 3 ] DEBUG Engine               - isUserProfileEnabled: false
04:56:36.086 [FXGL Background Thread 3 ] DEBUG Engine               - isWindows: true
04:56:36.086 [FXGL Background Thread 3 ] DEBUG Engine               - language: ObjectProperty [value: ENGLISH]
04:56:36.086 [FXGL Background Thread 3 ] DEBUG Engine               - menuKey: ESCAPE
04:56:36.086 [FXGL Background Thread 3 ] DEBUG Engine               - mouseSensitivity: 0.2
04:56:36.086 [FXGL Background Thread 3 ] DEBUG Engine               - notificationViewClass: class com.almasb.fxgl.notification.view.XboxNotificationView
04:56:36.087 [FXGL Background Thread 3 ] DEBUG Engine               - pixelsPerMeter: 50.0
04:56:36.087 [FXGL Background Thread 3 ] DEBUG Engine               - platform: WINDOWS
04:56:36.087 [FXGL Background Thread 3 ] DEBUG Engine               - prefHeightProperty: ReadOnlyDoubleProperty [value: 600.0]
04:56:36.087 [FXGL Background Thread 3 ] DEBUG Engine               - prefWidthProperty: ReadOnlyDoubleProperty [value: 1000.0]
04:56:36.087 [FXGL Background Thread 3 ] DEBUG Engine               - profileDir: profiles/
04:56:36.088 [FXGL Background Thread 3 ] DEBUG Engine               - profileName: StringProperty [value: DEFAULT]
04:56:36.088 [FXGL Background Thread 3 ] DEBUG Engine               - randomSeed: -1
04:56:36.089 [FXGL Background Thread 3 ] DEBUG Engine               - runtimeInfo: RuntimeInfo(platform=WINDOWS, version=17.1, build=24.03.2022 17.34)
04:56:36.089 [FXGL Background Thread 3 ] DEBUG Engine               - saveFileExt: sav
04:56:36.089 [FXGL Background Thread 3 ] DEBUG Engine               - scaledHeightProp$fxgl: DoubleProperty [bound, value: 600.0]
04:56:36.090 [FXGL Background Thread 3 ] DEBUG Engine               - scaledWidthProp$fxgl: DoubleProperty [bound, value: 1000.0]
04:56:36.090 [FXGL Background Thread 3 ] DEBUG Engine               - sceneFactory: com.almasb.fxgl.app.scene.SceneFactory@41b3c0bd
04:56:36.090 [FXGL Background Thread 3 ] DEBUG Engine               - secondsIn24h: 60
04:56:36.090 [FXGL Background Thread 3 ] DEBUG Engine               - soundMenuBack: menu/back.wav
04:56:36.091 [FXGL Background Thread 3 ] DEBUG Engine               - soundMenuPress: menu/press.wav
04:56:36.091 [FXGL Background Thread 3 ] DEBUG Engine               - soundMenuSelect: menu/select.wav
04:56:36.092 [FXGL Background Thread 3 ] DEBUG Engine               - soundNotification: core/notification.wav
04:56:36.092 [FXGL Background Thread 3 ] DEBUG Engine               - stageStyle: DECORATED
04:56:36.093 [FXGL Background Thread 3 ] DEBUG Engine               - supportedLanguages: [ENGLISH, FRENCH, GERMAN, HUNGARIAN, RUSSIAN]
04:56:36.093 [FXGL Background Thread 3 ] DEBUG Engine               - ticksPerSecond: -1
04:56:36.093 [FXGL Background Thread 3 ] DEBUG Engine               - title: Gestión de Áreas
04:56:36.094 [FXGL Background Thread 3 ] DEBUG Engine               - urlGithub: https://github.com/AlmasB/FXGL
04:56:36.094 [FXGL Background Thread 3 ] DEBUG Engine               - urlLeaderboard: http://fxgl-top.herokuapp.com/
04:56:36.094 [FXGL Background Thread 3 ] DEBUG Engine               - urlPOM: https://raw.githubusercontent.com/AlmasB/FXGL/release/README.md
04:56:36.094 [FXGL Background Thread 3 ] DEBUG Engine               - userAppClass: class org.example.Main
04:56:36.094 [FXGL Background Thread 3 ] DEBUG Engine               - version: 1.0
04:56:36.094 [FXGL Background Thread 3 ] DEBUG Engine               - versionCheckDays: 7
04:56:36.094 [FXGL Background Thread 3 ] DEBUG Engine               - width: 1000
04:56:36.095 [FXGL Background Thread 3 ] DEBUG Engine               - Logging services
04:56:36.095 [FXGL Background Thread 3 ] DEBUG Engine               - class com.almasb.fxgl.app.services.FXGLAssetLoaderService
04:56:36.095 [FXGL Background Thread 3 ] DEBUG Engine               - class com.almasb.fxgl.app.FXGLApplication$GameApplicationService
04:56:36.095 [FXGL Background Thread 3 ] DEBUG Engine               - class com.almasb.fxgl.app.services.FXGLDialogService
04:56:36.095 [FXGL Background Thread 3 ] DEBUG Engine               - class com.almasb.fxgl.app.services.IOTaskExecutorService
04:56:36.095 [FXGL Background Thread 3 ] DEBUG Engine               - class com.almasb.fxgl.io.FileSystemService
04:56:36.095 [FXGL Background Thread 3 ] DEBUG Engine               - class com.almasb.fxgl.localization.LocalizationService
04:56:36.096 [FXGL Background Thread 3 ] DEBUG Engine               - class com.almasb.fxgl.app.services.SystemBundleService
04:56:36.096 [FXGL Background Thread 3 ] DEBUG Engine               - class com.almasb.fxgl.profile.SaveLoadService
04:56:36.096 [FXGL Background Thread 3 ] DEBUG Engine               - class com.almasb.fxgl.ui.FXGLUIFactoryServiceProvider
04:56:36.096 [FXGL Background Thread 3 ] DEBUG Engine               - class com.almasb.fxgl.ui.FXGLDialogFactoryServiceProvider
04:56:36.096 [FXGL Background Thread 3 ] DEBUG Engine               - class com.almasb.fxgl.audio.AudioPlayer
04:56:36.096 [FXGL Background Thread 3 ] DEBUG Engine               - class com.almasb.fxgl.notification.impl.NotificationServiceProvider
04:56:36.096 [FXGL Background Thread 3 ] DEBUG Engine               - class com.almasb.fxgl.achievement.AchievementService
04:56:36.096 [FXGL Background Thread 3 ] DEBUG Engine               - class com.almasb.fxgl.cutscene.CutsceneService
04:56:36.097 [FXGL Background Thread 3 ] DEBUG Engine               - class com.almasb.fxgl.minigames.MiniGameService
04:56:36.097 [FXGL Background Thread 3 ] DEBUG Engine               - class com.almasb.fxgl.net.NetService
04:56:36.097 [FXGL Background Thread 3 ] DEBUG Engine               - class com.almasb.fxgl.app.services.UpdaterService
04:56:36.097 [FXGL Background Thread 3 ] DEBUG Engine               - class com.almasb.fxgl.dev.DevService
04:56:54.211 [JavaFX Application Thread] DEBUG FXGLApplication      - Exiting FXGL
04:56:54.212 [JavaFX Application Thread] DEBUG LoopRunner           - Stopping loop
04:56:54.212 [JavaFX Application Thread] DEBUG SystemBundleService  - Saving FXGL system data
04:56:54.217 [JavaFX Application Thread] DEBUG FileSystemAccess     - Writing to: C:\Users\100070997\Desktop\restaurant_simulator\system\fxgl.bundle
04:56:54.221 [JavaFX Application Thread] DEBUG Async                - Shutting down background threads
04:56:54.222 [JavaFX Application Thread] DEBUG PrimaryStageWindow   - Closing main window
04:56:54.245 [JavaFX Application Thread] DEBUG Logger               - Closing Logger
