05:26:19.140 [main                     ] DEBUG Logger               - Configured Logger
05:26:19.206 [main                     ] DEBUG GameApplication      - Logging settings
Title: Gestión de Áreas
Version: 1.0
Width: 1000
Height: 600
Fullscreen: false
Intro: false
Profiling: false
Single step:false
App Mode: DEVELOPER
Menu Key: ESCAPE
Stage Style: DECORATED
Scene Factory: class com.almasb.fxgl.app.scene.SceneFactory

05:26:19.767 [JavaFX Application Thread] DEBUG FXGLApplication      - Initializing FXGL
05:26:19.782 [JavaFX Application Thread] INFO  Engine               - FXGL-17.1 (24.03.2022 17.34) on WINDOWS (J:17.0.5 FX:18)
05:26:19.782 [JavaFX Application Thread] DEBUG Engine               - JRE Vendor Name: Eclipse Adoptium
05:26:19.783 [JavaFX Application Thread] DEBUG Engine               - Running on OS: Windows 11 version 10.0
05:26:19.783 [JavaFX Application Thread] DEBUG Engine               - Architecture: amd64
05:26:19.783 [JavaFX Application Thread] INFO  Engine               - Source code and latest versions at: https://github.com/AlmasB/FXGL
05:26:19.784 [JavaFX Application Thread] INFO  Engine               -       Ask questions and discuss at: https://github.com/AlmasB/FXGL/discussions
05:26:19.784 [JavaFX Application Thread] INFO  Engine               -              Join the FXGL chat at: https://gitter.im/AlmasB/FXGL
05:26:20.010 [JavaFX Application Thread] DEBUG PrimaryStageWindow   - Creating a JavaFX scene
05:26:20.079 [JavaFX Application Thread] DEBUG PrimaryStageWindow   - Target settings size: 1000.0 x 600.0
05:26:20.080 [JavaFX Application Thread] DEBUG PrimaryStageWindow   - Scaled scene size:    1000.0 x 600.0
05:26:20.081 [JavaFX Application Thread] DEBUG PrimaryStageWindow   - Scaled ratio: (1.0, 1.0)
05:26:20.082 [JavaFX Application Thread] DEBUG PrimaryStageWindow   - Set initial scene to FXGLStartupScene
05:26:20.095 [JavaFX Application Thread] DEBUG PrimaryStageWindow   - Opening main window
05:26:20.267 [JavaFX Application Thread] DEBUG PrimaryStageWindow   - Window border size: (14.66668701171875, 37.33331298828125)
05:26:20.267 [JavaFX Application Thread] DEBUG PrimaryStageWindow   - Scaled size: 1000.0 x 600.0
05:26:20.267 [JavaFX Application Thread] DEBUG PrimaryStageWindow   - Scaled ratio: (1.0, 1.0)
05:26:20.268 [JavaFX Application Thread] DEBUG PrimaryStageWindow   - Scene size: 1000.0 x 600.0
05:26:20.268 [JavaFX Application Thread] DEBUG PrimaryStageWindow   - Stage size: 1014.6666870117188 x 637.3333129882812
05:26:20.279 [FXGL Background Thread 1 ] DEBUG Engine               - Initializing environment variables
05:26:20.354 [FXGL Background Thread 1 ] DEBUG FXGLAssetLoaderServi - User app class for loading assets: class org.example.Main
05:26:20.354 [FXGL Background Thread 1 ] DEBUG GameApplicationServi - Applying CSS: fxgl_dark.css
05:26:20.356 [FXGL Background Thread 1 ] DEBUG FXGLAssetLoaderServi - Loading from file system: jar:file:/C:/Users/100070997/.m2/repository/com/github/almasb/fxgl/17.1/fxgl-17.1.jar!/fxglassets/ui/css/fxgl_dark.css
05:26:20.434 [FXGL Background Thread 1 ] DEBUG GameApplicationServi - Initializing application scenes
05:26:20.488 [FXGL Background Thread 1 ] DEBUG GameWorld            - Game world initialized
05:26:20.596 [FXGL Background Thread 1 ] DEBUG PhysicsWorld         - Physics world initialized: appHeight=600, physics.ppm=50.0
05:26:20.597 [FXGL Background Thread 1 ] DEBUG PhysicsWorld         - Using strategy: BRUTE_FORCE
05:26:20.604 [FXGL Background Thread 1 ] DEBUG GameScene            - Game scene initialized: 1000x600
05:26:20.629 [FXGL Background Thread 1 ] DEBUG FXGL.DefaultMenu     - createMenuBodyGameMenu()
05:26:20.657 [FXGL Background Thread 1 ] DEBUG FXGL.DefaultMenu     - createOptionsMenu()
05:26:20.681 [FXGL Background Thread 1 ] DEBUG FXGLAssetLoaderServi - Loading from file system: jar:file:/C:/Users/100070997/.m2/repository/com/github/almasb/fxgl/17.1/fxgl-17.1.jar!/fxglassets/textures/particles/smoke.png
05:26:20.855 [FXGL Background Thread 1 ] DEBUG FXGLAssetLoaderServi - Loading from file system: jar:file:/C:/Users/100070997/.m2/repository/com/github/almasb/fxgl/17.1/fxgl-17.1.jar!/fxglassets/textures/particles/trace_horizontal.png
05:26:20.891 [FXGL Background Thread 1 ] DEBUG GameApplicationServi - Application scenes initialized
05:26:20.912 [FXGL Background Thread 1 ] DEBUG SystemBundleService  - Loading FXGL system data
05:26:20.920 [FXGL Background Thread 1 ] DEBUG FileSystemAccess     - Reading from: C:\Users\100070997\Desktop\restaurant_simulator\system\fxgl.bundle
05:26:20.934 [FXGL Background Thread 1 ] DEBUG SystemBundleService  - Bundle FXGL: {}
05:26:20.934 [FXGL Background Thread 1 ] DEBUG UpdaterService       - Checking for updates
05:26:20.943 [FXGL Background Thread 4 ] DEBUG FXGLApplication      - Loading fonts
05:26:20.943 [FXGL Background Thread 1 ] DEBUG FXGLApplication      - Loading default localization
05:26:20.944 [FXGL Background Thread 4 ] DEBUG FXGLAssetLoaderServi - Loading from file system: jar:file:/C:/Users/100070997/.m2/repository/com/github/almasb/fxgl/17.1/fxgl-17.1.jar!/fxglassets/ui/fonts/VarelaRound-Regular.ttf
05:26:20.944 [FXGL Background Thread 1 ] DEBUG FXGLAssetLoaderServi - Loading from file system: jar:file:/C:/Users/100070997/.m2/repository/com/github/almasb/fxgl/17.1/fxgl-17.1.jar!/fxglassets/languages/english.lang
05:26:20.980 [FXGL Background Thread 1 ] INFO  FXGLApplication      - FXGL initialization took: 0.699 sec
05:26:20.982 [JavaFX Application Thread] DEBUG FXGLAssetLoaderServi - Loading from file system: jar:file:/C:/Users/100070997/.m2/repository/com/github/almasb/fxgl/17.1/fxgl-17.1.jar!/fxglassets/textures/fxgl_icon.png
05:26:21.030 [JavaFX Application Thread] DEBUG FXGLAssetLoaderServi - Loading from file system: jar:file:/C:/Users/100070997/.m2/repository/com/github/almasb/fxgl/17.1/fxgl-17.1.jar!/fxglassets/textures/fxgl_default_cursor.png
05:26:21.056 [JavaFX Application Thread] DEBUG Input                - Registered new binding: Screenshot - CTRL+8
05:26:21.057 [JavaFX Application Thread] DEBUG Input                - Registered new binding: System info dump - CTRL+9
05:26:21.060 [JavaFX Application Thread] DEBUG Input                - Registered new binding: Restart - CTRL+R
05:26:21.063 [JavaFX Application Thread] DEBUG Input                - Registered new binding: Toggle Debug Camera - CTRL+7
05:26:21.067 [JavaFX Application Thread] DEBUG LoopRunner           - Starting loop
05:26:21.067 [JavaFX Application Thread] DEBUG LoopRunner           - Initializing JavaFX AnimationTimerLoop
05:26:21.070 [JavaFX Application Thread] DEBUG GameApplicationServi - Starting new game
05:26:21.071 [JavaFX Application Thread] DEBUG Input                - Clearing active input actions
05:26:21.093 [JavaFX Application Thread] DEBUG GameApplicationServi - Removing overlay from FXGLStartupScene and adding to FXGLLoadingScene
05:26:21.093 [FXGL Background Thread 4 ] DEBUG FXGLAssetLoaderServi - Loading from file system: jar:file:/C:/Users/100070997/.m2/repository/com/github/almasb/fxgl/17.1/fxgl-17.1.jar!/fxglassets/ui/fonts/Abel-Regular.ttf
05:26:21.094 [JavaFX Application Thread] DEBUG PrimaryStageWindow   - FXGLStartupScene -> FXGLLoadingScene
05:26:21.094 [JavaFX Application Thread] DEBUG GameApplicationServi - Clearing previous game
05:26:21.094 [JavaFX Application Thread] DEBUG GameScene            - Clearing game scene
05:26:21.095 [JavaFX Application Thread] DEBUG GameWorld            - Clearing game world
05:26:21.095 [JavaFX Application Thread] DEBUG PhysicsWorld         - Clearing physics world
05:26:21.097 [FXGL Background Thread 1 ] DEBUG FXGLApplication      - Initializing game
05:26:21.113 [FXGL Background Thread 4 ] DEBUG FXGLAssetLoaderServi - Loading from file system: jar:file:/C:/Users/100070997/.m2/repository/com/github/almasb/fxgl/17.1/fxgl-17.1.jar!/fxglassets/ui/fonts/TerminalLandMono-Regular.otf
05:26:21.134 [FXGL Background Thread 4 ] DEBUG FXGLAssetLoaderServi - Loading from file system: jar:file:/C:/Users/100070997/.m2/repository/com/github/almasb/fxgl/17.1/fxgl-17.1.jar!/fxglassets/ui/fonts/Courier-Prime.ttf
05:26:21.177 [JavaFX Application Thread] DEBUG FXGLApplication      - Registering font factories with UI factory
05:26:21.960 [FXGL Background Thread 2 ] INFO  UpdaterService       - Your current version:  17.1
05:26:21.967 [FXGL Background Thread 2 ] INFO  UpdaterService       - Latest stable version: 21.1
05:26:22.103 [FXGL Background Thread 1 ] INFO  FXGLApplication      - Game initialization took: 1.006 sec
05:26:22.104 [JavaFX Application Thread] DEBUG Input                - Clearing active input actions
05:26:22.153 [JavaFX Application Thread] DEBUG GameApplicationServi - Removing overlay from FXGLLoadingScene and adding to GameScene
05:26:22.154 [JavaFX Application Thread] DEBUG PrimaryStageWindow   - FXGLLoadingScene -> GameScene
05:26:23.939 [FXGL Background Thread 3 ] DEBUG Engine               - Logging environment variables
05:26:23.939 [FXGL Background Thread 3 ] DEBUG Engine               - achievements: []
05:26:23.939 [FXGL Background Thread 3 ] DEBUG Engine               - actualHeight: 600.0
05:26:23.941 [FXGL Background Thread 3 ] DEBUG Engine               - actualHeightProperty: ReadOnlyDoubleProperty [value: 600.0]
05:26:23.941 [FXGL Background Thread 3 ] DEBUG Engine               - actualWidth: 1000.0
05:26:23.941 [FXGL Background Thread 3 ] DEBUG Engine               - actualWidthProperty: ReadOnlyDoubleProperty [value: 1000.0]
05:26:23.941 [FXGL Background Thread 3 ] DEBUG Engine               - appIcon: fxgl_icon.png
05:26:23.941 [FXGL Background Thread 3 ] DEBUG Engine               - applicationMode: DEVELOPER
05:26:23.941 [FXGL Background Thread 3 ] DEBUG Engine               - cSSList: [fxgl_dark.css]
05:26:23.941 [FXGL Background Thread 3 ] DEBUG Engine               - collisionDetectionStrategy: BRUTE_FORCE
05:26:23.941 [FXGL Background Thread 3 ] DEBUG Engine               - configClass: Optional.empty
05:26:23.942 [FXGL Background Thread 3 ] DEBUG Engine               - credits: []
05:26:23.942 [FXGL Background Thread 3 ] DEBUG Engine               - defaultCursor: CursorInfo(imageName=fxgl_default_cursor.png, hotspotX=7.0, hotspotY=6.0)
05:26:23.942 [FXGL Background Thread 3 ] DEBUG Engine               - devBBoxColorProperty: ObjectProperty [value: 0xff0000ff]
05:26:23.942 [FXGL Background Thread 3 ] DEBUG Engine               - devEnableDebugCameraProperty: BooleanProperty [value: false]
05:26:23.944 [FXGL Background Thread 3 ] DEBUG Engine               - devSensorColorProperty: ObjectProperty [value: 0xffff00ff]
05:26:23.944 [FXGL Background Thread 3 ] DEBUG Engine               - devShowBBoxProperty: BooleanProperty [value: false]
05:26:23.945 [FXGL Background Thread 3 ] DEBUG Engine               - devShowPositionProperty: BooleanProperty [value: false]
05:26:23.945 [FXGL Background Thread 3 ] DEBUG Engine               - enabledMenuItems: []
05:26:23.945 [FXGL Background Thread 3 ] DEBUG Engine               - engineServices: [class com.almasb.fxgl.app.services.FXGLAssetLoaderService, class com.almasb.fxgl.app.FXGLApplication$GameApplicationService, class com.almasb.fxgl.app.services.FXGLDialogService, class com.almasb.fxgl.app.services.IOTaskExecutorService, class com.almasb.fxgl.io.FileSystemService, class com.almasb.fxgl.localization.LocalizationService, class com.almasb.fxgl.app.services.SystemBundleService, class com.almasb.fxgl.profile.SaveLoadService, class com.almasb.fxgl.ui.FXGLUIFactoryServiceProvider, class com.almasb.fxgl.ui.FXGLDialogFactoryServiceProvider, class com.almasb.fxgl.audio.AudioPlayer, class com.almasb.fxgl.notification.impl.NotificationServiceProvider, class com.almasb.fxgl.achievement.AchievementService, class com.almasb.fxgl.cutscene.CutsceneService, class com.almasb.fxgl.minigames.MiniGameService, class com.almasb.fxgl.net.NetService, class com.almasb.fxgl.app.services.UpdaterService, class com.almasb.fxgl.dev.DevService]
05:26:23.945 [FXGL Background Thread 3 ] DEBUG Engine               - fontGame: Abel-Regular.ttf
05:26:23.945 [FXGL Background Thread 3 ] DEBUG Engine               - fontMono: TerminalLandMono-Regular.otf
05:26:23.945 [FXGL Background Thread 3 ] DEBUG Engine               - fontText: Courier-Prime.ttf
05:26:23.945 [FXGL Background Thread 3 ] DEBUG Engine               - fontUI: VarelaRound-Regular.ttf
05:26:23.945 [FXGL Background Thread 3 ] DEBUG Engine               - fullScreen: BooleanProperty [value: false]
05:26:23.945 [FXGL Background Thread 3 ] DEBUG Engine               - gameDifficulty: MEDIUM
05:26:23.945 [FXGL Background Thread 3 ] DEBUG Engine               - gameDifficultyProperty: ObjectProperty [value: MEDIUM]
05:26:23.946 [FXGL Background Thread 3 ] DEBUG Engine               - globalMusicVolume: 0.5
05:26:23.946 [FXGL Background Thread 3 ] DEBUG Engine               - globalMusicVolumeProperty: DoubleProperty [value: 0.5]
05:26:23.946 [FXGL Background Thread 3 ] DEBUG Engine               - globalSoundVolume: 0.5
05:26:23.946 [FXGL Background Thread 3 ] DEBUG Engine               - globalSoundVolumeProperty: DoubleProperty [value: 0.5]
05:26:23.946 [FXGL Background Thread 3 ] DEBUG Engine               - height: 600
05:26:23.946 [FXGL Background Thread 3 ] DEBUG Engine               - is3D: false
05:26:23.946 [FXGL Background Thread 3 ] DEBUG Engine               - isAndroid: false
05:26:23.946 [FXGL Background Thread 3 ] DEBUG Engine               - isBrowser: false
05:26:23.946 [FXGL Background Thread 3 ] DEBUG Engine               - isClickFeedbackEnabled: false
05:26:23.946 [FXGL Background Thread 3 ] DEBUG Engine               - isCloseConfirmation: false
05:26:23.946 [FXGL Background Thread 3 ] DEBUG Engine               - isDesktop: true
05:26:23.947 [FXGL Background Thread 3 ] DEBUG Engine               - isDeveloperMenuEnabled: false
05:26:23.947 [FXGL Background Thread 3 ] DEBUG Engine               - isEmbedded: false
05:26:23.947 [FXGL Background Thread 3 ] DEBUG Engine               - isEntityPreloadEnabled: true
05:26:23.947 [FXGL Background Thread 3 ] DEBUG Engine               - isExperimentalTiledLargeMap: false
05:26:23.947 [FXGL Background Thread 3 ] DEBUG Engine               - isFileSystemWriteAllowed: true
05:26:23.947 [FXGL Background Thread 3 ] DEBUG Engine               - isFullScreenAllowed: false
05:26:23.947 [FXGL Background Thread 3 ] DEBUG Engine               - isFullScreenFromStart: false
05:26:23.947 [FXGL Background Thread 3 ] DEBUG Engine               - isGameMenuEnabled: true
05:26:23.947 [FXGL Background Thread 3 ] DEBUG Engine               - isIOS: false
05:26:23.947 [FXGL Background Thread 3 ] DEBUG Engine               - isIntroEnabled: false
05:26:23.947 [FXGL Background Thread 3 ] DEBUG Engine               - isLinux: false
05:26:23.947 [FXGL Background Thread 3 ] DEBUG Engine               - isMac: false
05:26:23.947 [FXGL Background Thread 3 ] DEBUG Engine               - isMainMenuEnabled: false
05:26:23.947 [FXGL Background Thread 3 ] DEBUG Engine               - isManualResizeEnabled: false
05:26:23.947 [FXGL Background Thread 3 ] DEBUG Engine               - isMobile: false
05:26:23.947 [FXGL Background Thread 3 ] DEBUG Engine               - isNative: false
05:26:23.947 [FXGL Background Thread 3 ] DEBUG Engine               - isPauseMusicWhenMinimized: true
05:26:23.949 [FXGL Background Thread 3 ] DEBUG Engine               - isPreserveResizeRatio: false
05:26:23.949 [FXGL Background Thread 3 ] DEBUG Engine               - isProfilingEnabled: false
05:26:23.949 [FXGL Background Thread 3 ] DEBUG Engine               - isScaleAffectedOnResize: true
05:26:23.949 [FXGL Background Thread 3 ] DEBUG Engine               - isSingleStep: false
05:26:23.949 [FXGL Background Thread 3 ] DEBUG Engine               - isUserProfileEnabled: false
05:26:23.949 [FXGL Background Thread 3 ] DEBUG Engine               - isWindows: true
05:26:23.949 [FXGL Background Thread 3 ] DEBUG Engine               - language: ObjectProperty [value: ENGLISH]
05:26:23.949 [FXGL Background Thread 3 ] DEBUG Engine               - menuKey: ESCAPE
05:26:23.949 [FXGL Background Thread 3 ] DEBUG Engine               - mouseSensitivity: 0.2
05:26:23.949 [FXGL Background Thread 3 ] DEBUG Engine               - notificationViewClass: class com.almasb.fxgl.notification.view.XboxNotificationView
05:26:23.949 [FXGL Background Thread 3 ] DEBUG Engine               - pixelsPerMeter: 50.0
05:26:23.950 [FXGL Background Thread 3 ] DEBUG Engine               - platform: WINDOWS
05:26:23.950 [FXGL Background Thread 3 ] DEBUG Engine               - prefHeightProperty: ReadOnlyDoubleProperty [value: 600.0]
05:26:23.950 [FXGL Background Thread 3 ] DEBUG Engine               - prefWidthProperty: ReadOnlyDoubleProperty [value: 1000.0]
05:26:23.950 [FXGL Background Thread 3 ] DEBUG Engine               - profileDir: profiles/
05:26:23.950 [FXGL Background Thread 3 ] DEBUG Engine               - profileName: StringProperty [value: DEFAULT]
05:26:23.950 [FXGL Background Thread 3 ] DEBUG Engine               - randomSeed: -1
05:26:23.950 [FXGL Background Thread 3 ] DEBUG Engine               - runtimeInfo: RuntimeInfo(platform=WINDOWS, version=17.1, build=24.03.2022 17.34)
05:26:23.951 [FXGL Background Thread 3 ] DEBUG Engine               - saveFileExt: sav
05:26:23.951 [FXGL Background Thread 3 ] DEBUG Engine               - scaledHeightProp$fxgl: DoubleProperty [bound, value: 600.0]
05:26:23.951 [FXGL Background Thread 3 ] DEBUG Engine               - scaledWidthProp$fxgl: DoubleProperty [bound, value: 1000.0]
05:26:23.951 [FXGL Background Thread 3 ] DEBUG Engine               - sceneFactory: com.almasb.fxgl.app.scene.SceneFactory@6e82867f
05:26:23.951 [FXGL Background Thread 3 ] DEBUG Engine               - secondsIn24h: 60
05:26:23.951 [FXGL Background Thread 3 ] DEBUG Engine               - soundMenuBack: menu/back.wav
05:26:23.951 [FXGL Background Thread 3 ] DEBUG Engine               - soundMenuPress: menu/press.wav
05:26:23.951 [FXGL Background Thread 3 ] DEBUG Engine               - soundMenuSelect: menu/select.wav
05:26:23.951 [FXGL Background Thread 3 ] DEBUG Engine               - soundNotification: core/notification.wav
05:26:23.951 [FXGL Background Thread 3 ] DEBUG Engine               - stageStyle: DECORATED
05:26:23.951 [FXGL Background Thread 3 ] DEBUG Engine               - supportedLanguages: [ENGLISH, FRENCH, GERMAN, HUNGARIAN, RUSSIAN]
05:26:23.951 [FXGL Background Thread 3 ] DEBUG Engine               - ticksPerSecond: -1
05:26:23.952 [FXGL Background Thread 3 ] DEBUG Engine               - title: Gestión de Áreas
05:26:23.952 [FXGL Background Thread 3 ] DEBUG Engine               - urlGithub: https://github.com/AlmasB/FXGL
05:26:23.952 [FXGL Background Thread 3 ] DEBUG Engine               - urlLeaderboard: http://fxgl-top.herokuapp.com/
05:26:23.952 [FXGL Background Thread 3 ] DEBUG Engine               - urlPOM: https://raw.githubusercontent.com/AlmasB/FXGL/release/README.md
05:26:23.952 [FXGL Background Thread 3 ] DEBUG Engine               - userAppClass: class org.example.Main
05:26:23.952 [FXGL Background Thread 3 ] DEBUG Engine               - version: 1.0
05:26:23.952 [FXGL Background Thread 3 ] DEBUG Engine               - versionCheckDays: 7
05:26:23.952 [FXGL Background Thread 3 ] DEBUG Engine               - width: 1000
05:26:23.952 [FXGL Background Thread 3 ] DEBUG Engine               - Logging services
05:26:23.952 [FXGL Background Thread 3 ] DEBUG Engine               - class com.almasb.fxgl.app.services.FXGLAssetLoaderService
05:26:23.952 [FXGL Background Thread 3 ] DEBUG Engine               - class com.almasb.fxgl.app.FXGLApplication$GameApplicationService
05:26:23.952 [FXGL Background Thread 3 ] DEBUG Engine               - class com.almasb.fxgl.app.services.FXGLDialogService
05:26:23.953 [FXGL Background Thread 3 ] DEBUG Engine               - class com.almasb.fxgl.app.services.IOTaskExecutorService
05:26:23.953 [FXGL Background Thread 3 ] DEBUG Engine               - class com.almasb.fxgl.io.FileSystemService
05:26:23.953 [FXGL Background Thread 3 ] DEBUG Engine               - class com.almasb.fxgl.localization.LocalizationService
05:26:23.953 [FXGL Background Thread 3 ] DEBUG Engine               - class com.almasb.fxgl.app.services.SystemBundleService
05:26:23.953 [FXGL Background Thread 3 ] DEBUG Engine               - class com.almasb.fxgl.profile.SaveLoadService
05:26:23.953 [FXGL Background Thread 3 ] DEBUG Engine               - class com.almasb.fxgl.ui.FXGLUIFactoryServiceProvider
05:26:23.953 [FXGL Background Thread 3 ] DEBUG Engine               - class com.almasb.fxgl.ui.FXGLDialogFactoryServiceProvider
05:26:23.953 [FXGL Background Thread 3 ] DEBUG Engine               - class com.almasb.fxgl.audio.AudioPlayer
05:26:23.953 [FXGL Background Thread 3 ] DEBUG Engine               - class com.almasb.fxgl.notification.impl.NotificationServiceProvider
05:26:23.954 [FXGL Background Thread 3 ] DEBUG Engine               - class com.almasb.fxgl.achievement.AchievementService
05:26:23.954 [FXGL Background Thread 3 ] DEBUG Engine               - class com.almasb.fxgl.cutscene.CutsceneService
05:26:23.954 [FXGL Background Thread 3 ] DEBUG Engine               - class com.almasb.fxgl.minigames.MiniGameService
05:26:23.954 [FXGL Background Thread 3 ] DEBUG Engine               - class com.almasb.fxgl.net.NetService
05:26:23.954 [FXGL Background Thread 3 ] DEBUG Engine               - class com.almasb.fxgl.app.services.UpdaterService
05:26:23.954 [FXGL Background Thread 3 ] DEBUG Engine               - class com.almasb.fxgl.dev.DevService
05:27:37.398 [JavaFX Application Thread] DEBUG FXGLApplication      - Exiting FXGL
05:27:37.398 [JavaFX Application Thread] DEBUG LoopRunner           - Stopping loop
05:27:37.398 [JavaFX Application Thread] DEBUG SystemBundleService  - Saving FXGL system data
05:27:37.412 [JavaFX Application Thread] DEBUG FileSystemAccess     - Writing to: C:\Users\100070997\Desktop\restaurant_simulator\system\fxgl.bundle
05:27:37.414 [JavaFX Application Thread] DEBUG Async                - Shutting down background threads
05:27:37.415 [JavaFX Application Thread] DEBUG PrimaryStageWindow   - Closing main window
05:27:37.436 [JavaFX Application Thread] DEBUG Logger               - Closing Logger
