05:31:15.938 [main                     ] DEBUG Logger               - Configured Logger
05:31:15.967 [main                     ] DEBUG GameApplication      - Logging settings
Title: Gestión de Áreas
Version: 1.0
Width: 1000
Height: 600
Fullscreen: false
Intro: false
Profiling: false
Single step:false
App Mode: DEVELOPER
Menu Key: ESCAPE
Stage Style: DECORATED
Scene Factory: class com.almasb.fxgl.app.scene.SceneFactory

05:31:16.343 [JavaFX Application Thread] DEBUG FXGLApplication      - Initializing FXGL
05:31:16.350 [JavaFX Application Thread] INFO  Engine               - FXGL-17.1 (24.03.2022 17.34) on WINDOWS (J:17.0.5 FX:18)
05:31:16.351 [JavaFX Application Thread] DEBUG Engine               - JRE Vendor Name: Eclipse Adoptium
05:31:16.351 [JavaFX Application Thread] DEBUG Engine               - Running on OS: Windows 11 version 10.0
05:31:16.351 [JavaFX Application Thread] DEBUG Engine               - Architecture: amd64
05:31:16.351 [JavaFX Application Thread] INFO  Engine               - Source code and latest versions at: https://github.com/AlmasB/FXGL
05:31:16.352 [JavaFX Application Thread] INFO  Engine               -       Ask questions and discuss at: https://github.com/AlmasB/FXGL/discussions
05:31:16.352 [JavaFX Application Thread] INFO  Engine               -              Join the FXGL chat at: https://gitter.im/AlmasB/FXGL
05:31:16.480 [JavaFX Application Thread] DEBUG PrimaryStageWindow   - Creating a JavaFX scene
05:31:16.523 [JavaFX Application Thread] DEBUG PrimaryStageWindow   - Target settings size: 1000.0 x 600.0
05:31:16.523 [JavaFX Application Thread] DEBUG PrimaryStageWindow   - Scaled scene size:    1000.0 x 600.0
05:31:16.523 [JavaFX Application Thread] DEBUG PrimaryStageWindow   - Scaled ratio: (1.0, 1.0)
05:31:16.524 [JavaFX Application Thread] DEBUG PrimaryStageWindow   - Set initial scene to FXGLStartupScene
05:31:16.534 [JavaFX Application Thread] DEBUG PrimaryStageWindow   - Opening main window
05:31:16.651 [JavaFX Application Thread] DEBUG PrimaryStageWindow   - Window border size: (14.66668701171875, 37.33331298828125)
05:31:16.651 [JavaFX Application Thread] DEBUG PrimaryStageWindow   - Scaled size: 1000.0 x 600.0
05:31:16.651 [JavaFX Application Thread] DEBUG PrimaryStageWindow   - Scaled ratio: (1.0, 1.0)
05:31:16.651 [JavaFX Application Thread] DEBUG PrimaryStageWindow   - Scene size: 1000.0 x 600.0
05:31:16.651 [JavaFX Application Thread] DEBUG PrimaryStageWindow   - Stage size: 1014.6666870117188 x 637.3333129882812
05:31:16.660 [FXGL Background Thread 1 ] DEBUG Engine               - Initializing environment variables
05:31:16.717 [FXGL Background Thread 1 ] DEBUG FXGLAssetLoaderServi - User app class for loading assets: class org.example.Main
05:31:16.717 [FXGL Background Thread 1 ] DEBUG GameApplicationServi - Applying CSS: fxgl_dark.css
05:31:16.719 [FXGL Background Thread 1 ] DEBUG FXGLAssetLoaderServi - Loading from file system: jar:file:/C:/Users/100070997/.m2/repository/com/github/almasb/fxgl/17.1/fxgl-17.1.jar!/fxglassets/ui/css/fxgl_dark.css
05:31:16.786 [FXGL Background Thread 1 ] DEBUG GameApplicationServi - Initializing application scenes
05:31:16.848 [FXGL Background Thread 1 ] DEBUG GameWorld            - Game world initialized
05:31:16.953 [FXGL Background Thread 1 ] DEBUG PhysicsWorld         - Physics world initialized: appHeight=600, physics.ppm=50.0
05:31:16.953 [FXGL Background Thread 1 ] DEBUG PhysicsWorld         - Using strategy: BRUTE_FORCE
05:31:16.961 [FXGL Background Thread 1 ] DEBUG GameScene            - Game scene initialized: 1000x600
05:31:16.982 [FXGL Background Thread 1 ] DEBUG FXGL.DefaultMenu     - createMenuBodyGameMenu()
05:31:17.007 [FXGL Background Thread 1 ] DEBUG FXGL.DefaultMenu     - createOptionsMenu()
05:31:17.030 [FXGL Background Thread 1 ] DEBUG FXGLAssetLoaderServi - Loading from file system: jar:file:/C:/Users/100070997/.m2/repository/com/github/almasb/fxgl/17.1/fxgl-17.1.jar!/fxglassets/textures/particles/smoke.png
05:31:17.151 [FXGL Background Thread 1 ] DEBUG FXGLAssetLoaderServi - Loading from file system: jar:file:/C:/Users/100070997/.m2/repository/com/github/almasb/fxgl/17.1/fxgl-17.1.jar!/fxglassets/textures/particles/trace_horizontal.png
05:31:17.190 [FXGL Background Thread 1 ] DEBUG GameApplicationServi - Application scenes initialized
05:31:17.205 [FXGL Background Thread 1 ] DEBUG SystemBundleService  - Loading FXGL system data
05:31:17.210 [FXGL Background Thread 1 ] DEBUG FileSystemAccess     - Reading from: C:\Users\100070997\Desktop\restaurant_simulator\system\fxgl.bundle
05:31:17.216 [FXGL Background Thread 1 ] DEBUG SystemBundleService  - Bundle FXGL: {}
05:31:17.216 [FXGL Background Thread 1 ] DEBUG UpdaterService       - Checking for updates
05:31:17.219 [FXGL Background Thread 4 ] DEBUG FXGLApplication      - Loading fonts
05:31:17.220 [FXGL Background Thread 4 ] DEBUG FXGLAssetLoaderServi - Loading from file system: jar:file:/C:/Users/100070997/.m2/repository/com/github/almasb/fxgl/17.1/fxgl-17.1.jar!/fxglassets/ui/fonts/VarelaRound-Regular.ttf
05:31:17.220 [FXGL Background Thread 1 ] DEBUG FXGLApplication      - Loading default localization
05:31:17.220 [FXGL Background Thread 1 ] DEBUG FXGLAssetLoaderServi - Loading from file system: jar:file:/C:/Users/100070997/.m2/repository/com/github/almasb/fxgl/17.1/fxgl-17.1.jar!/fxglassets/languages/english.lang
05:31:17.244 [FXGL Background Thread 1 ] INFO  FXGLApplication      - FXGL initialization took: 0.583 sec
05:31:17.245 [JavaFX Application Thread] DEBUG FXGLAssetLoaderServi - Loading from file system: jar:file:/C:/Users/100070997/.m2/repository/com/github/almasb/fxgl/17.1/fxgl-17.1.jar!/fxglassets/textures/fxgl_icon.png
05:31:17.267 [JavaFX Application Thread] DEBUG FXGLAssetLoaderServi - Loading from file system: jar:file:/C:/Users/100070997/.m2/repository/com/github/almasb/fxgl/17.1/fxgl-17.1.jar!/fxglassets/textures/fxgl_default_cursor.png
05:31:17.280 [JavaFX Application Thread] DEBUG Input                - Registered new binding: Screenshot - CTRL+8
05:31:17.281 [JavaFX Application Thread] DEBUG Input                - Registered new binding: System info dump - CTRL+9
05:31:17.281 [JavaFX Application Thread] DEBUG Input                - Registered new binding: Restart - CTRL+R
05:31:17.283 [JavaFX Application Thread] DEBUG Input                - Registered new binding: Toggle Debug Camera - CTRL+7
05:31:17.285 [JavaFX Application Thread] DEBUG LoopRunner           - Starting loop
05:31:17.286 [JavaFX Application Thread] DEBUG LoopRunner           - Initializing JavaFX AnimationTimerLoop
05:31:17.288 [JavaFX Application Thread] DEBUG GameApplicationServi - Starting new game
05:31:17.289 [JavaFX Application Thread] DEBUG Input                - Clearing active input actions
05:31:17.302 [JavaFX Application Thread] DEBUG GameApplicationServi - Removing overlay from FXGLStartupScene and adding to FXGLLoadingScene
05:31:17.303 [JavaFX Application Thread] DEBUG PrimaryStageWindow   - FXGLStartupScene -> FXGLLoadingScene
05:31:17.303 [JavaFX Application Thread] DEBUG GameApplicationServi - Clearing previous game
05:31:17.304 [JavaFX Application Thread] DEBUG GameScene            - Clearing game scene
05:31:17.304 [JavaFX Application Thread] DEBUG GameWorld            - Clearing game world
05:31:17.305 [JavaFX Application Thread] DEBUG PhysicsWorld         - Clearing physics world
05:31:17.309 [FXGL Background Thread 1 ] DEBUG FXGLApplication      - Initializing game
05:31:17.319 [FXGL Background Thread 4 ] DEBUG FXGLAssetLoaderServi - Loading from file system: jar:file:/C:/Users/100070997/.m2/repository/com/github/almasb/fxgl/17.1/fxgl-17.1.jar!/fxglassets/ui/fonts/Abel-Regular.ttf
05:31:17.348 [FXGL Background Thread 4 ] DEBUG FXGLAssetLoaderServi - Loading from file system: jar:file:/C:/Users/100070997/.m2/repository/com/github/almasb/fxgl/17.1/fxgl-17.1.jar!/fxglassets/ui/fonts/TerminalLandMono-Regular.otf
05:31:17.362 [FXGL Background Thread 4 ] DEBUG FXGLAssetLoaderServi - Loading from file system: jar:file:/C:/Users/100070997/.m2/repository/com/github/almasb/fxgl/17.1/fxgl-17.1.jar!/fxglassets/ui/fonts/Courier-Prime.ttf
05:31:17.394 [JavaFX Application Thread] DEBUG FXGLApplication      - Registering font factories with UI factory
05:31:17.671 [FXGL Background Thread 1 ] INFO  FXGLApplication      - Game initialization took: 0.363 sec
05:31:17.680 [JavaFX Application Thread] DEBUG Input                - Clearing active input actions
05:31:17.708 [JavaFX Application Thread] DEBUG GameApplicationServi - Removing overlay from FXGLLoadingScene and adding to GameScene
05:31:17.709 [JavaFX Application Thread] DEBUG PrimaryStageWindow   - FXGLLoadingScene -> GameScene
05:31:17.839 [FXGL Background Thread 2 ] INFO  UpdaterService       - Your current version:  17.1
05:31:17.840 [FXGL Background Thread 2 ] INFO  UpdaterService       - Latest stable version: 21.1
05:31:20.219 [FXGL Background Thread 3 ] DEBUG Engine               - Logging environment variables
05:31:20.219 [FXGL Background Thread 3 ] DEBUG Engine               - achievements: []
05:31:20.219 [FXGL Background Thread 3 ] DEBUG Engine               - actualHeight: 600.0
05:31:20.219 [FXGL Background Thread 3 ] DEBUG Engine               - actualHeightProperty: ReadOnlyDoubleProperty [value: 600.0]
05:31:20.220 [FXGL Background Thread 3 ] DEBUG Engine               - actualWidth: 1000.0
05:31:20.220 [FXGL Background Thread 3 ] DEBUG Engine               - actualWidthProperty: ReadOnlyDoubleProperty [value: 1000.0]
05:31:20.220 [FXGL Background Thread 3 ] DEBUG Engine               - appIcon: fxgl_icon.png
05:31:20.220 [FXGL Background Thread 3 ] DEBUG Engine               - applicationMode: DEVELOPER
05:31:20.220 [FXGL Background Thread 3 ] DEBUG Engine               - cSSList: [fxgl_dark.css]
05:31:20.220 [FXGL Background Thread 3 ] DEBUG Engine               - collisionDetectionStrategy: BRUTE_FORCE
05:31:20.220 [FXGL Background Thread 3 ] DEBUG Engine               - configClass: Optional.empty
05:31:20.220 [FXGL Background Thread 3 ] DEBUG Engine               - credits: []
05:31:20.220 [FXGL Background Thread 3 ] DEBUG Engine               - defaultCursor: CursorInfo(imageName=fxgl_default_cursor.png, hotspotX=7.0, hotspotY=6.0)
05:31:20.221 [FXGL Background Thread 3 ] DEBUG Engine               - devBBoxColorProperty: ObjectProperty [value: 0xff0000ff]
05:31:20.221 [FXGL Background Thread 3 ] DEBUG Engine               - devEnableDebugCameraProperty: BooleanProperty [value: false]
05:31:20.221 [FXGL Background Thread 3 ] DEBUG Engine               - devSensorColorProperty: ObjectProperty [value: 0xffff00ff]
05:31:20.221 [FXGL Background Thread 3 ] DEBUG Engine               - devShowBBoxProperty: BooleanProperty [value: false]
05:31:20.221 [FXGL Background Thread 3 ] DEBUG Engine               - devShowPositionProperty: BooleanProperty [value: false]
05:31:20.221 [FXGL Background Thread 3 ] DEBUG Engine               - enabledMenuItems: []
05:31:20.221 [FXGL Background Thread 3 ] DEBUG Engine               - engineServices: [class com.almasb.fxgl.app.services.FXGLAssetLoaderService, class com.almasb.fxgl.app.FXGLApplication$GameApplicationService, class com.almasb.fxgl.app.services.FXGLDialogService, class com.almasb.fxgl.app.services.IOTaskExecutorService, class com.almasb.fxgl.io.FileSystemService, class com.almasb.fxgl.localization.LocalizationService, class com.almasb.fxgl.app.services.SystemBundleService, class com.almasb.fxgl.profile.SaveLoadService, class com.almasb.fxgl.ui.FXGLUIFactoryServiceProvider, class com.almasb.fxgl.ui.FXGLDialogFactoryServiceProvider, class com.almasb.fxgl.audio.AudioPlayer, class com.almasb.fxgl.notification.impl.NotificationServiceProvider, class com.almasb.fxgl.achievement.AchievementService, class com.almasb.fxgl.cutscene.CutsceneService, class com.almasb.fxgl.minigames.MiniGameService, class com.almasb.fxgl.net.NetService, class com.almasb.fxgl.app.services.UpdaterService, class com.almasb.fxgl.dev.DevService]
05:31:20.221 [FXGL Background Thread 3 ] DEBUG Engine               - fontGame: Abel-Regular.ttf
05:31:20.221 [FXGL Background Thread 3 ] DEBUG Engine               - fontMono: TerminalLandMono-Regular.otf
05:31:20.221 [FXGL Background Thread 3 ] DEBUG Engine               - fontText: Courier-Prime.ttf
05:31:20.221 [FXGL Background Thread 3 ] DEBUG Engine               - fontUI: VarelaRound-Regular.ttf
05:31:20.222 [FXGL Background Thread 3 ] DEBUG Engine               - fullScreen: BooleanProperty [value: false]
05:31:20.222 [FXGL Background Thread 3 ] DEBUG Engine               - gameDifficulty: MEDIUM
05:31:20.222 [FXGL Background Thread 3 ] DEBUG Engine               - gameDifficultyProperty: ObjectProperty [value: MEDIUM]
05:31:20.222 [FXGL Background Thread 3 ] DEBUG Engine               - globalMusicVolume: 0.5
05:31:20.222 [FXGL Background Thread 3 ] DEBUG Engine               - globalMusicVolumeProperty: DoubleProperty [value: 0.5]
05:31:20.222 [FXGL Background Thread 3 ] DEBUG Engine               - globalSoundVolume: 0.5
05:31:20.222 [FXGL Background Thread 3 ] DEBUG Engine               - globalSoundVolumeProperty: DoubleProperty [value: 0.5]
05:31:20.222 [FXGL Background Thread 3 ] DEBUG Engine               - height: 600
05:31:20.223 [FXGL Background Thread 3 ] DEBUG Engine               - is3D: false
05:31:20.223 [FXGL Background Thread 3 ] DEBUG Engine               - isAndroid: false
05:31:20.223 [FXGL Background Thread 3 ] DEBUG Engine               - isBrowser: false
05:31:20.223 [FXGL Background Thread 3 ] DEBUG Engine               - isClickFeedbackEnabled: false
05:31:20.223 [FXGL Background Thread 3 ] DEBUG Engine               - isCloseConfirmation: false
05:31:20.223 [FXGL Background Thread 3 ] DEBUG Engine               - isDesktop: true
05:31:20.223 [FXGL Background Thread 3 ] DEBUG Engine               - isDeveloperMenuEnabled: false
05:31:20.223 [FXGL Background Thread 3 ] DEBUG Engine               - isEmbedded: false
05:31:20.223 [FXGL Background Thread 3 ] DEBUG Engine               - isEntityPreloadEnabled: true
05:31:20.223 [FXGL Background Thread 3 ] DEBUG Engine               - isExperimentalTiledLargeMap: false
05:31:20.223 [FXGL Background Thread 3 ] DEBUG Engine               - isFileSystemWriteAllowed: true
05:31:20.223 [FXGL Background Thread 3 ] DEBUG Engine               - isFullScreenAllowed: false
05:31:20.223 [FXGL Background Thread 3 ] DEBUG Engine               - isFullScreenFromStart: false
05:31:20.223 [FXGL Background Thread 3 ] DEBUG Engine               - isGameMenuEnabled: true
05:31:20.223 [FXGL Background Thread 3 ] DEBUG Engine               - isIOS: false
05:31:20.223 [FXGL Background Thread 3 ] DEBUG Engine               - isIntroEnabled: false
05:31:20.223 [FXGL Background Thread 3 ] DEBUG Engine               - isLinux: false
05:31:20.223 [FXGL Background Thread 3 ] DEBUG Engine               - isMac: false
05:31:20.223 [FXGL Background Thread 3 ] DEBUG Engine               - isMainMenuEnabled: false
05:31:20.223 [FXGL Background Thread 3 ] DEBUG Engine               - isManualResizeEnabled: false
05:31:20.223 [FXGL Background Thread 3 ] DEBUG Engine               - isMobile: false
05:31:20.225 [FXGL Background Thread 3 ] DEBUG Engine               - isNative: false
05:31:20.225 [FXGL Background Thread 3 ] DEBUG Engine               - isPauseMusicWhenMinimized: true
05:31:20.225 [FXGL Background Thread 3 ] DEBUG Engine               - isPreserveResizeRatio: false
05:31:20.225 [FXGL Background Thread 3 ] DEBUG Engine               - isProfilingEnabled: false
05:31:20.225 [FXGL Background Thread 3 ] DEBUG Engine               - isScaleAffectedOnResize: true
05:31:20.226 [FXGL Background Thread 3 ] DEBUG Engine               - isSingleStep: false
05:31:20.226 [FXGL Background Thread 3 ] DEBUG Engine               - isUserProfileEnabled: false
05:31:20.226 [FXGL Background Thread 3 ] DEBUG Engine               - isWindows: true
05:31:20.226 [FXGL Background Thread 3 ] DEBUG Engine               - language: ObjectProperty [value: ENGLISH]
05:31:20.226 [FXGL Background Thread 3 ] DEBUG Engine               - menuKey: ESCAPE
05:31:20.226 [FXGL Background Thread 3 ] DEBUG Engine               - mouseSensitivity: 0.2
05:31:20.227 [FXGL Background Thread 3 ] DEBUG Engine               - notificationViewClass: class com.almasb.fxgl.notification.view.XboxNotificationView
05:31:20.227 [FXGL Background Thread 3 ] DEBUG Engine               - pixelsPerMeter: 50.0
05:31:20.227 [FXGL Background Thread 3 ] DEBUG Engine               - platform: WINDOWS
05:31:20.227 [FXGL Background Thread 3 ] DEBUG Engine               - prefHeightProperty: ReadOnlyDoubleProperty [value: 600.0]
05:31:20.227 [FXGL Background Thread 3 ] DEBUG Engine               - prefWidthProperty: ReadOnlyDoubleProperty [value: 1000.0]
05:31:20.227 [FXGL Background Thread 3 ] DEBUG Engine               - profileDir: profiles/
05:31:20.227 [FXGL Background Thread 3 ] DEBUG Engine               - profileName: StringProperty [value: DEFAULT]
05:31:20.227 [FXGL Background Thread 3 ] DEBUG Engine               - randomSeed: -1
05:31:20.227 [FXGL Background Thread 3 ] DEBUG Engine               - runtimeInfo: RuntimeInfo(platform=WINDOWS, version=17.1, build=24.03.2022 17.34)
05:31:20.227 [FXGL Background Thread 3 ] DEBUG Engine               - saveFileExt: sav
05:31:20.228 [FXGL Background Thread 3 ] DEBUG Engine               - scaledHeightProp$fxgl: DoubleProperty [bound, value: 600.0]
05:31:20.228 [FXGL Background Thread 3 ] DEBUG Engine               - scaledWidthProp$fxgl: DoubleProperty [bound, value: 1000.0]
05:31:20.228 [FXGL Background Thread 3 ] DEBUG Engine               - sceneFactory: com.almasb.fxgl.app.scene.SceneFactory@1b17d70e
05:31:20.228 [FXGL Background Thread 3 ] DEBUG Engine               - secondsIn24h: 60
05:31:20.228 [FXGL Background Thread 3 ] DEBUG Engine               - soundMenuBack: menu/back.wav
05:31:20.228 [FXGL Background Thread 3 ] DEBUG Engine               - soundMenuPress: menu/press.wav
05:31:20.228 [FXGL Background Thread 3 ] DEBUG Engine               - soundMenuSelect: menu/select.wav
05:31:20.228 [FXGL Background Thread 3 ] DEBUG Engine               - soundNotification: core/notification.wav
05:31:20.228 [FXGL Background Thread 3 ] DEBUG Engine               - stageStyle: DECORATED
05:31:20.228 [FXGL Background Thread 3 ] DEBUG Engine               - supportedLanguages: [ENGLISH, FRENCH, GERMAN, HUNGARIAN, RUSSIAN]
05:31:20.228 [FXGL Background Thread 3 ] DEBUG Engine               - ticksPerSecond: -1
05:31:20.228 [FXGL Background Thread 3 ] DEBUG Engine               - title: Gestión de Áreas
05:31:20.228 [FXGL Background Thread 3 ] DEBUG Engine               - urlGithub: https://github.com/AlmasB/FXGL
05:31:20.228 [FXGL Background Thread 3 ] DEBUG Engine               - urlLeaderboard: http://fxgl-top.herokuapp.com/
05:31:20.228 [FXGL Background Thread 3 ] DEBUG Engine               - urlPOM: https://raw.githubusercontent.com/AlmasB/FXGL/release/README.md
05:31:20.228 [FXGL Background Thread 3 ] DEBUG Engine               - userAppClass: class org.example.Main
05:31:20.229 [FXGL Background Thread 3 ] DEBUG Engine               - version: 1.0
05:31:20.229 [FXGL Background Thread 3 ] DEBUG Engine               - versionCheckDays: 7
05:31:20.229 [FXGL Background Thread 3 ] DEBUG Engine               - width: 1000
05:31:20.229 [FXGL Background Thread 3 ] DEBUG Engine               - Logging services
05:31:20.229 [FXGL Background Thread 3 ] DEBUG Engine               - class com.almasb.fxgl.app.services.FXGLAssetLoaderService
05:31:20.229 [FXGL Background Thread 3 ] DEBUG Engine               - class com.almasb.fxgl.app.FXGLApplication$GameApplicationService
05:31:20.229 [FXGL Background Thread 3 ] DEBUG Engine               - class com.almasb.fxgl.app.services.FXGLDialogService
05:31:20.229 [FXGL Background Thread 3 ] DEBUG Engine               - class com.almasb.fxgl.app.services.IOTaskExecutorService
05:31:20.229 [FXGL Background Thread 3 ] DEBUG Engine               - class com.almasb.fxgl.io.FileSystemService
05:31:20.229 [FXGL Background Thread 3 ] DEBUG Engine               - class com.almasb.fxgl.localization.LocalizationService
05:31:20.229 [FXGL Background Thread 3 ] DEBUG Engine               - class com.almasb.fxgl.app.services.SystemBundleService
05:31:20.229 [FXGL Background Thread 3 ] DEBUG Engine               - class com.almasb.fxgl.profile.SaveLoadService
05:31:20.229 [FXGL Background Thread 3 ] DEBUG Engine               - class com.almasb.fxgl.ui.FXGLUIFactoryServiceProvider
05:31:20.229 [FXGL Background Thread 3 ] DEBUG Engine               - class com.almasb.fxgl.ui.FXGLDialogFactoryServiceProvider
05:31:20.229 [FXGL Background Thread 3 ] DEBUG Engine               - class com.almasb.fxgl.audio.AudioPlayer
05:31:20.230 [FXGL Background Thread 3 ] DEBUG Engine               - class com.almasb.fxgl.notification.impl.NotificationServiceProvider
05:31:20.230 [FXGL Background Thread 3 ] DEBUG Engine               - class com.almasb.fxgl.achievement.AchievementService
05:31:20.230 [FXGL Background Thread 3 ] DEBUG Engine               - class com.almasb.fxgl.cutscene.CutsceneService
05:31:20.230 [FXGL Background Thread 3 ] DEBUG Engine               - class com.almasb.fxgl.minigames.MiniGameService
05:31:20.230 [FXGL Background Thread 3 ] DEBUG Engine               - class com.almasb.fxgl.net.NetService
05:31:20.230 [FXGL Background Thread 3 ] DEBUG Engine               - class com.almasb.fxgl.app.services.UpdaterService
05:31:20.230 [FXGL Background Thread 3 ] DEBUG Engine               - class com.almasb.fxgl.dev.DevService
05:33:45.572 [JavaFX Application Thread] DEBUG FXGLApplication      - Exiting FXGL
05:33:45.573 [JavaFX Application Thread] DEBUG LoopRunner           - Stopping loop
05:33:45.573 [JavaFX Application Thread] DEBUG SystemBundleService  - Saving FXGL system data
05:33:45.575 [JavaFX Application Thread] DEBUG FileSystemAccess     - Writing to: C:\Users\100070997\Desktop\restaurant_simulator\system\fxgl.bundle
05:33:45.577 [JavaFX Application Thread] DEBUG Async                - Shutting down background threads
05:33:45.577 [JavaFX Application Thread] DEBUG PrimaryStageWindow   - Closing main window
05:33:45.596 [JavaFX Application Thread] DEBUG Logger               - Closing Logger
