22:05:05.664 [main                     ] DEBUG Logger               - Configured Logger
22:05:05.690 [main                     ] DEBUG GameApplication      - Logging settings
Title: Gestión de Áreas
Version: 1.0
Width: 1000
Height: 450
Fullscreen: false
Intro: false
Profiling: false
Single step:false
App Mode: DEVELOPER
Menu Key: ESCAPE
Stage Style: DECORATED
Scene Factory: class com.almasb.fxgl.app.scene.SceneFactory

22:05:06.052 [JavaFX Application Thread] DEBUG FXGLApplication      - Initializing FXGL
22:05:06.060 [JavaFX Application Thread] INFO  Engine               - FXGL-17.1 (24.03.2022 17.34) on WINDOWS (J:17.0.5 FX:18)
22:05:06.061 [JavaFX Application Thread] DEBUG Engine               - JRE Vendor Name: Eclipse Adoptium
22:05:06.061 [JavaFX Application Thread] DEBUG Engine               - Running on OS: Windows 11 version 10.0
22:05:06.061 [JavaFX Application Thread] DEBUG Engine               - Architecture: amd64
22:05:06.062 [JavaFX Application Thread] INFO  Engine               - Source code and latest versions at: https://github.com/AlmasB/FXGL
22:05:06.062 [JavaFX Application Thread] INFO  Engine               -       Ask questions and discuss at: https://github.com/AlmasB/FXGL/discussions
22:05:06.062 [JavaFX Application Thread] INFO  Engine               -              Join the FXGL chat at: https://gitter.im/AlmasB/FXGL
22:05:06.195 [JavaFX Application Thread] DEBUG PrimaryStageWindow   - Creating a JavaFX scene
22:05:06.253 [JavaFX Application Thread] DEBUG PrimaryStageWindow   - Target settings size: 1000.0 x 450.0
22:05:06.254 [JavaFX Application Thread] DEBUG PrimaryStageWindow   - Scaled scene size:    1000.0 x 450.0
22:05:06.254 [JavaFX Application Thread] DEBUG PrimaryStageWindow   - Scaled ratio: (1.0, 1.0)
22:05:06.256 [JavaFX Application Thread] DEBUG PrimaryStageWindow   - Set initial scene to FXGLStartupScene
22:05:06.268 [JavaFX Application Thread] DEBUG PrimaryStageWindow   - Opening main window
22:05:06.415 [JavaFX Application Thread] DEBUG PrimaryStageWindow   - Window border size: (14.66668701171875, 37.333343505859375)
22:05:06.416 [JavaFX Application Thread] DEBUG PrimaryStageWindow   - Scaled size: 1000.0 x 450.0
22:05:06.416 [JavaFX Application Thread] DEBUG PrimaryStageWindow   - Scaled ratio: (1.0, 1.0)
22:05:06.416 [JavaFX Application Thread] DEBUG PrimaryStageWindow   - Scene size: 1000.0 x 450.0
22:05:06.418 [JavaFX Application Thread] DEBUG PrimaryStageWindow   - Stage size: 1014.6666870117188 x 487.3333435058594
22:05:06.432 [FXGL Background Thread 1 ] DEBUG Engine               - Initializing environment variables
22:05:06.495 [FXGL Background Thread 1 ] DEBUG FXGLAssetLoaderServi - User app class for loading assets: class org.example.Main
22:05:06.495 [FXGL Background Thread 1 ] DEBUG GameApplicationServi - Applying CSS: fxgl_dark.css
22:05:06.497 [FXGL Background Thread 1 ] DEBUG FXGLAssetLoaderServi - Loading from file system: jar:file:/C:/Users/100070997/.m2/repository/com/github/almasb/fxgl/17.1/fxgl-17.1.jar!/fxglassets/ui/css/fxgl_dark.css
22:05:06.569 [FXGL Background Thread 1 ] DEBUG GameApplicationServi - Initializing application scenes
22:05:06.619 [FXGL Background Thread 1 ] DEBUG GameWorld            - Game world initialized
22:05:06.706 [FXGL Background Thread 1 ] DEBUG PhysicsWorld         - Physics world initialized: appHeight=450, physics.ppm=50.0
22:05:06.706 [FXGL Background Thread 1 ] DEBUG PhysicsWorld         - Using strategy: BRUTE_FORCE
22:05:06.712 [FXGL Background Thread 1 ] DEBUG GameScene            - Game scene initialized: 1000x450
22:05:06.735 [FXGL Background Thread 1 ] WARN  FXGL.DefaultMenu     - FXGLDefaultMenu is not designed for resolutions < 800x600
22:05:06.736 [FXGL Background Thread 1 ] DEBUG FXGL.DefaultMenu     - createMenuBodyGameMenu()
22:05:06.772 [FXGL Background Thread 1 ] DEBUG FXGL.DefaultMenu     - createOptionsMenu()
22:05:06.796 [FXGL Background Thread 1 ] DEBUG FXGLAssetLoaderServi - Loading from file system: jar:file:/C:/Users/100070997/.m2/repository/com/github/almasb/fxgl/17.1/fxgl-17.1.jar!/fxglassets/textures/particles/smoke.png
22:05:06.942 [FXGL Background Thread 1 ] DEBUG FXGLAssetLoaderServi - Loading from file system: jar:file:/C:/Users/100070997/.m2/repository/com/github/almasb/fxgl/17.1/fxgl-17.1.jar!/fxglassets/textures/particles/trace_horizontal.png
22:05:06.996 [FXGL Background Thread 1 ] DEBUG GameApplicationServi - Application scenes initialized
22:05:07.018 [FXGL Background Thread 1 ] DEBUG SystemBundleService  - Loading FXGL system data
22:05:07.026 [FXGL Background Thread 1 ] DEBUG FileSystemAccess     - Reading from: C:\Users\100070997\Desktop\restaurant_simulator\system\fxgl.bundle
22:05:07.036 [FXGL Background Thread 1 ] DEBUG SystemBundleService  - Bundle FXGL: {}
22:05:07.036 [FXGL Background Thread 1 ] DEBUG UpdaterService       - Checking for updates
22:05:07.043 [FXGL Background Thread 4 ] DEBUG FXGLApplication      - Loading fonts
22:05:07.043 [FXGL Background Thread 1 ] DEBUG FXGLApplication      - Loading default localization
22:05:07.044 [FXGL Background Thread 1 ] DEBUG FXGLAssetLoaderServi - Loading from file system: jar:file:/C:/Users/100070997/.m2/repository/com/github/almasb/fxgl/17.1/fxgl-17.1.jar!/fxglassets/languages/english.lang
22:05:07.043 [FXGL Background Thread 4 ] DEBUG FXGLAssetLoaderServi - Loading from file system: jar:file:/C:/Users/100070997/.m2/repository/com/github/almasb/fxgl/17.1/fxgl-17.1.jar!/fxglassets/ui/fonts/VarelaRound-Regular.ttf
22:05:07.071 [FXGL Background Thread 1 ] INFO  FXGLApplication      - FXGL initialization took: 0.639 sec
22:05:07.073 [JavaFX Application Thread] DEBUG FXGLAssetLoaderServi - Loading from file system: jar:file:/C:/Users/100070997/.m2/repository/com/github/almasb/fxgl/17.1/fxgl-17.1.jar!/fxglassets/textures/fxgl_icon.png
22:05:07.105 [JavaFX Application Thread] DEBUG FXGLAssetLoaderServi - Loading from file system: jar:file:/C:/Users/100070997/.m2/repository/com/github/almasb/fxgl/17.1/fxgl-17.1.jar!/fxglassets/textures/fxgl_default_cursor.png
22:05:07.123 [JavaFX Application Thread] DEBUG Input                - Registered new binding: Screenshot - CTRL+8
22:05:07.124 [JavaFX Application Thread] DEBUG Input                - Registered new binding: System info dump - CTRL+9
22:05:07.124 [JavaFX Application Thread] DEBUG Input                - Registered new binding: Restart - CTRL+R
22:05:07.126 [JavaFX Application Thread] DEBUG Input                - Registered new binding: Toggle Debug Camera - CTRL+7
22:05:07.129 [JavaFX Application Thread] DEBUG LoopRunner           - Starting loop
22:05:07.129 [JavaFX Application Thread] DEBUG LoopRunner           - Initializing JavaFX AnimationTimerLoop
22:05:07.131 [JavaFX Application Thread] DEBUG GameApplicationServi - Starting new game
22:05:07.132 [JavaFX Application Thread] DEBUG Input                - Clearing active input actions
22:05:07.146 [JavaFX Application Thread] DEBUG GameApplicationServi - Removing overlay from FXGLStartupScene and adding to FXGLLoadingScene
22:05:07.147 [JavaFX Application Thread] DEBUG PrimaryStageWindow   - FXGLStartupScene -> FXGLLoadingScene
22:05:07.147 [JavaFX Application Thread] DEBUG GameApplicationServi - Clearing previous game
22:05:07.147 [JavaFX Application Thread] DEBUG GameScene            - Clearing game scene
22:05:07.147 [JavaFX Application Thread] DEBUG GameWorld            - Clearing game world
22:05:07.147 [JavaFX Application Thread] DEBUG PhysicsWorld         - Clearing physics world
22:05:07.149 [FXGL Background Thread 1 ] DEBUG FXGLApplication      - Initializing game
22:05:07.209 [FXGL Background Thread 4 ] DEBUG FXGLAssetLoaderServi - Loading from file system: jar:file:/C:/Users/100070997/.m2/repository/com/github/almasb/fxgl/17.1/fxgl-17.1.jar!/fxglassets/ui/fonts/Abel-Regular.ttf
22:05:07.225 [FXGL Background Thread 4 ] DEBUG FXGLAssetLoaderServi - Loading from file system: jar:file:/C:/Users/100070997/.m2/repository/com/github/almasb/fxgl/17.1/fxgl-17.1.jar!/fxglassets/ui/fonts/TerminalLandMono-Regular.otf
22:05:07.246 [FXGL Background Thread 4 ] DEBUG FXGLAssetLoaderServi - Loading from file system: jar:file:/C:/Users/100070997/.m2/repository/com/github/almasb/fxgl/17.1/fxgl-17.1.jar!/fxglassets/ui/fonts/Courier-Prime.ttf
22:05:07.346 [JavaFX Application Thread] DEBUG FXGLApplication      - Registering font factories with UI factory
22:05:07.515 [FXGL Background Thread 1 ] INFO  FXGLApplication      - Game initialization took: 0.366 sec
22:05:07.523 [JavaFX Application Thread] DEBUG Input                - Clearing active input actions
22:05:07.545 [JavaFX Application Thread] DEBUG GameApplicationServi - Removing overlay from FXGLLoadingScene and adding to GameScene
22:05:07.546 [JavaFX Application Thread] DEBUG PrimaryStageWindow   - FXGLLoadingScene -> GameScene
22:05:07.658 [FXGL Background Thread 2 ] INFO  UpdaterService       - Your current version:  17.1
22:05:07.659 [FXGL Background Thread 2 ] INFO  UpdaterService       - Latest stable version: 21.1
22:05:10.041 [FXGL Background Thread 3 ] DEBUG Engine               - Logging environment variables
22:05:10.041 [FXGL Background Thread 3 ] DEBUG Engine               - achievements: []
22:05:10.041 [FXGL Background Thread 3 ] DEBUG Engine               - actualHeight: 450.0
22:05:10.042 [FXGL Background Thread 3 ] DEBUG Engine               - actualHeightProperty: ReadOnlyDoubleProperty [value: 450.0]
22:05:10.042 [FXGL Background Thread 3 ] DEBUG Engine               - actualWidth: 1000.0
22:05:10.042 [FXGL Background Thread 3 ] DEBUG Engine               - actualWidthProperty: ReadOnlyDoubleProperty [value: 1000.0]
22:05:10.042 [FXGL Background Thread 3 ] DEBUG Engine               - appIcon: fxgl_icon.png
22:05:10.042 [FXGL Background Thread 3 ] DEBUG Engine               - applicationMode: DEVELOPER
22:05:10.042 [FXGL Background Thread 3 ] DEBUG Engine               - cSSList: [fxgl_dark.css]
22:05:10.042 [FXGL Background Thread 3 ] DEBUG Engine               - collisionDetectionStrategy: BRUTE_FORCE
22:05:10.042 [FXGL Background Thread 3 ] DEBUG Engine               - configClass: Optional.empty
22:05:10.042 [FXGL Background Thread 3 ] DEBUG Engine               - credits: []
22:05:10.043 [FXGL Background Thread 3 ] DEBUG Engine               - defaultCursor: CursorInfo(imageName=fxgl_default_cursor.png, hotspotX=7.0, hotspotY=6.0)
22:05:10.043 [FXGL Background Thread 3 ] DEBUG Engine               - devBBoxColorProperty: ObjectProperty [value: 0xff0000ff]
22:05:10.043 [FXGL Background Thread 3 ] DEBUG Engine               - devEnableDebugCameraProperty: BooleanProperty [value: false]
22:05:10.043 [FXGL Background Thread 3 ] DEBUG Engine               - devSensorColorProperty: ObjectProperty [value: 0xffff00ff]
22:05:10.043 [FXGL Background Thread 3 ] DEBUG Engine               - devShowBBoxProperty: BooleanProperty [value: false]
22:05:10.043 [FXGL Background Thread 3 ] DEBUG Engine               - devShowPositionProperty: BooleanProperty [value: false]
22:05:10.043 [FXGL Background Thread 3 ] DEBUG Engine               - enabledMenuItems: []
22:05:10.043 [FXGL Background Thread 3 ] DEBUG Engine               - engineServices: [class com.almasb.fxgl.app.services.FXGLAssetLoaderService, class com.almasb.fxgl.app.FXGLApplication$GameApplicationService, class com.almasb.fxgl.app.services.FXGLDialogService, class com.almasb.fxgl.app.services.IOTaskExecutorService, class com.almasb.fxgl.io.FileSystemService, class com.almasb.fxgl.localization.LocalizationService, class com.almasb.fxgl.app.services.SystemBundleService, class com.almasb.fxgl.profile.SaveLoadService, class com.almasb.fxgl.ui.FXGLUIFactoryServiceProvider, class com.almasb.fxgl.ui.FXGLDialogFactoryServiceProvider, class com.almasb.fxgl.audio.AudioPlayer, class com.almasb.fxgl.notification.impl.NotificationServiceProvider, class com.almasb.fxgl.achievement.AchievementService, class com.almasb.fxgl.cutscene.CutsceneService, class com.almasb.fxgl.minigames.MiniGameService, class com.almasb.fxgl.net.NetService, class com.almasb.fxgl.app.services.UpdaterService, class com.almasb.fxgl.dev.DevService]
22:05:10.044 [FXGL Background Thread 3 ] DEBUG Engine               - fontGame: Abel-Regular.ttf
22:05:10.044 [FXGL Background Thread 3 ] DEBUG Engine               - fontMono: TerminalLandMono-Regular.otf
22:05:10.044 [FXGL Background Thread 3 ] DEBUG Engine               - fontText: Courier-Prime.ttf
22:05:10.044 [FXGL Background Thread 3 ] DEBUG Engine               - fontUI: VarelaRound-Regular.ttf
22:05:10.044 [FXGL Background Thread 3 ] DEBUG Engine               - fullScreen: BooleanProperty [value: false]
22:05:10.044 [FXGL Background Thread 3 ] DEBUG Engine               - gameDifficulty: MEDIUM
22:05:10.044 [FXGL Background Thread 3 ] DEBUG Engine               - gameDifficultyProperty: ObjectProperty [value: MEDIUM]
22:05:10.044 [FXGL Background Thread 3 ] DEBUG Engine               - globalMusicVolume: 0.5
22:05:10.044 [FXGL Background Thread 3 ] DEBUG Engine               - globalMusicVolumeProperty: DoubleProperty [value: 0.5]
22:05:10.044 [FXGL Background Thread 3 ] DEBUG Engine               - globalSoundVolume: 0.5
22:05:10.044 [FXGL Background Thread 3 ] DEBUG Engine               - globalSoundVolumeProperty: DoubleProperty [value: 0.5]
22:05:10.045 [FXGL Background Thread 3 ] DEBUG Engine               - height: 450
22:05:10.045 [FXGL Background Thread 3 ] DEBUG Engine               - is3D: false
22:05:10.045 [FXGL Background Thread 3 ] DEBUG Engine               - isAndroid: false
22:05:10.045 [FXGL Background Thread 3 ] DEBUG Engine               - isBrowser: false
22:05:10.045 [FXGL Background Thread 3 ] DEBUG Engine               - isClickFeedbackEnabled: false
22:05:10.045 [FXGL Background Thread 3 ] DEBUG Engine               - isCloseConfirmation: false
22:05:10.045 [FXGL Background Thread 3 ] DEBUG Engine               - isDesktop: true
22:05:10.045 [FXGL Background Thread 3 ] DEBUG Engine               - isDeveloperMenuEnabled: false
22:05:10.045 [FXGL Background Thread 3 ] DEBUG Engine               - isEmbedded: false
22:05:10.045 [FXGL Background Thread 3 ] DEBUG Engine               - isEntityPreloadEnabled: true
22:05:10.045 [FXGL Background Thread 3 ] DEBUG Engine               - isExperimentalTiledLargeMap: false
22:05:10.045 [FXGL Background Thread 3 ] DEBUG Engine               - isFileSystemWriteAllowed: true
22:05:10.046 [FXGL Background Thread 3 ] DEBUG Engine               - isFullScreenAllowed: false
22:05:10.046 [FXGL Background Thread 3 ] DEBUG Engine               - isFullScreenFromStart: false
22:05:10.046 [FXGL Background Thread 3 ] DEBUG Engine               - isGameMenuEnabled: true
22:05:10.046 [FXGL Background Thread 3 ] DEBUG Engine               - isIOS: false
22:05:10.046 [FXGL Background Thread 3 ] DEBUG Engine               - isIntroEnabled: false
22:05:10.046 [FXGL Background Thread 3 ] DEBUG Engine               - isLinux: false
22:05:10.046 [FXGL Background Thread 3 ] DEBUG Engine               - isMac: false
22:05:10.046 [FXGL Background Thread 3 ] DEBUG Engine               - isMainMenuEnabled: false
22:05:10.046 [FXGL Background Thread 3 ] DEBUG Engine               - isManualResizeEnabled: false
22:05:10.046 [FXGL Background Thread 3 ] DEBUG Engine               - isMobile: false
22:05:10.046 [FXGL Background Thread 3 ] DEBUG Engine               - isNative: false
22:05:10.047 [FXGL Background Thread 3 ] DEBUG Engine               - isPauseMusicWhenMinimized: true
22:05:10.047 [FXGL Background Thread 3 ] DEBUG Engine               - isPreserveResizeRatio: false
22:05:10.047 [FXGL Background Thread 3 ] DEBUG Engine               - isProfilingEnabled: false
22:05:10.047 [FXGL Background Thread 3 ] DEBUG Engine               - isScaleAffectedOnResize: true
22:05:10.047 [FXGL Background Thread 3 ] DEBUG Engine               - isSingleStep: false
22:05:10.047 [FXGL Background Thread 3 ] DEBUG Engine               - isUserProfileEnabled: false
22:05:10.047 [FXGL Background Thread 3 ] DEBUG Engine               - isWindows: true
22:05:10.047 [FXGL Background Thread 3 ] DEBUG Engine               - language: ObjectProperty [value: ENGLISH]
22:05:10.047 [FXGL Background Thread 3 ] DEBUG Engine               - menuKey: ESCAPE
22:05:10.047 [FXGL Background Thread 3 ] DEBUG Engine               - mouseSensitivity: 0.2
22:05:10.047 [FXGL Background Thread 3 ] DEBUG Engine               - notificationViewClass: class com.almasb.fxgl.notification.view.XboxNotificationView
22:05:10.047 [FXGL Background Thread 3 ] DEBUG Engine               - pixelsPerMeter: 50.0
22:05:10.047 [FXGL Background Thread 3 ] DEBUG Engine               - platform: WINDOWS
22:05:10.048 [FXGL Background Thread 3 ] DEBUG Engine               - prefHeightProperty: ReadOnlyDoubleProperty [value: 450.0]
22:05:10.048 [FXGL Background Thread 3 ] DEBUG Engine               - prefWidthProperty: ReadOnlyDoubleProperty [value: 1000.0]
22:05:10.048 [FXGL Background Thread 3 ] DEBUG Engine               - profileDir: profiles/
22:05:10.048 [FXGL Background Thread 3 ] DEBUG Engine               - profileName: StringProperty [value: DEFAULT]
22:05:10.048 [FXGL Background Thread 3 ] DEBUG Engine               - randomSeed: -1
22:05:10.048 [FXGL Background Thread 3 ] DEBUG Engine               - runtimeInfo: RuntimeInfo(platform=WINDOWS, version=17.1, build=24.03.2022 17.34)
22:05:10.048 [FXGL Background Thread 3 ] DEBUG Engine               - saveFileExt: sav
22:05:10.049 [FXGL Background Thread 3 ] DEBUG Engine               - scaledHeightProp$fxgl: DoubleProperty [bound, value: 450.0]
22:05:10.049 [FXGL Background Thread 3 ] DEBUG Engine               - scaledWidthProp$fxgl: DoubleProperty [bound, value: 1000.0]
22:05:10.049 [FXGL Background Thread 3 ] DEBUG Engine               - sceneFactory: com.almasb.fxgl.app.scene.SceneFactory@4041e010
22:05:10.049 [FXGL Background Thread 3 ] DEBUG Engine               - secondsIn24h: 60
22:05:10.049 [FXGL Background Thread 3 ] DEBUG Engine               - soundMenuBack: menu/back.wav
22:05:10.049 [FXGL Background Thread 3 ] DEBUG Engine               - soundMenuPress: menu/press.wav
22:05:10.049 [FXGL Background Thread 3 ] DEBUG Engine               - soundMenuSelect: menu/select.wav
22:05:10.049 [FXGL Background Thread 3 ] DEBUG Engine               - soundNotification: core/notification.wav
22:05:10.049 [FXGL Background Thread 3 ] DEBUG Engine               - stageStyle: DECORATED
22:05:10.049 [FXGL Background Thread 3 ] DEBUG Engine               - supportedLanguages: [ENGLISH, FRENCH, GERMAN, HUNGARIAN, RUSSIAN]
22:05:10.049 [FXGL Background Thread 3 ] DEBUG Engine               - ticksPerSecond: -1
22:05:10.049 [FXGL Background Thread 3 ] DEBUG Engine               - title: Gestión de Áreas
22:05:10.049 [FXGL Background Thread 3 ] DEBUG Engine               - urlGithub: https://github.com/AlmasB/FXGL
22:05:10.050 [FXGL Background Thread 3 ] DEBUG Engine               - urlLeaderboard: http://fxgl-top.herokuapp.com/
22:05:10.050 [FXGL Background Thread 3 ] DEBUG Engine               - urlPOM: https://raw.githubusercontent.com/AlmasB/FXGL/release/README.md
22:05:10.050 [FXGL Background Thread 3 ] DEBUG Engine               - userAppClass: class org.example.Main
22:05:10.050 [FXGL Background Thread 3 ] DEBUG Engine               - version: 1.0
22:05:10.050 [FXGL Background Thread 3 ] DEBUG Engine               - versionCheckDays: 7
22:05:10.050 [FXGL Background Thread 3 ] DEBUG Engine               - width: 1000
22:05:10.050 [FXGL Background Thread 3 ] DEBUG Engine               - Logging services
22:05:10.050 [FXGL Background Thread 3 ] DEBUG Engine               - class com.almasb.fxgl.app.services.FXGLAssetLoaderService
22:05:10.050 [FXGL Background Thread 3 ] DEBUG Engine               - class com.almasb.fxgl.app.FXGLApplication$GameApplicationService
22:05:10.050 [FXGL Background Thread 3 ] DEBUG Engine               - class com.almasb.fxgl.app.services.FXGLDialogService
22:05:10.050 [FXGL Background Thread 3 ] DEBUG Engine               - class com.almasb.fxgl.app.services.IOTaskExecutorService
22:05:10.050 [FXGL Background Thread 3 ] DEBUG Engine               - class com.almasb.fxgl.io.FileSystemService
22:05:10.050 [FXGL Background Thread 3 ] DEBUG Engine               - class com.almasb.fxgl.localization.LocalizationService
22:05:10.050 [FXGL Background Thread 3 ] DEBUG Engine               - class com.almasb.fxgl.app.services.SystemBundleService
22:05:10.051 [FXGL Background Thread 3 ] DEBUG Engine               - class com.almasb.fxgl.profile.SaveLoadService
22:05:10.051 [FXGL Background Thread 3 ] DEBUG Engine               - class com.almasb.fxgl.ui.FXGLUIFactoryServiceProvider
22:05:10.051 [FXGL Background Thread 3 ] DEBUG Engine               - class com.almasb.fxgl.ui.FXGLDialogFactoryServiceProvider
22:05:10.051 [FXGL Background Thread 3 ] DEBUG Engine               - class com.almasb.fxgl.audio.AudioPlayer
22:05:10.051 [FXGL Background Thread 3 ] DEBUG Engine               - class com.almasb.fxgl.notification.impl.NotificationServiceProvider
22:05:10.051 [FXGL Background Thread 3 ] DEBUG Engine               - class com.almasb.fxgl.achievement.AchievementService
22:05:10.051 [FXGL Background Thread 3 ] DEBUG Engine               - class com.almasb.fxgl.cutscene.CutsceneService
22:05:10.051 [FXGL Background Thread 3 ] DEBUG Engine               - class com.almasb.fxgl.minigames.MiniGameService
22:05:10.051 [FXGL Background Thread 3 ] DEBUG Engine               - class com.almasb.fxgl.net.NetService
22:05:10.051 [FXGL Background Thread 3 ] DEBUG Engine               - class com.almasb.fxgl.app.services.UpdaterService
22:05:10.051 [FXGL Background Thread 3 ] DEBUG Engine               - class com.almasb.fxgl.dev.DevService
22:05:17.467 [JavaFX Application Thread] DEBUG FXGLApplication      - Exiting FXGL
22:05:17.468 [JavaFX Application Thread] DEBUG LoopRunner           - Stopping loop
22:05:17.468 [JavaFX Application Thread] DEBUG SystemBundleService  - Saving FXGL system data
22:05:17.470 [JavaFX Application Thread] DEBUG FileSystemAccess     - Writing to: C:\Users\100070997\Desktop\restaurant_simulator\system\fxgl.bundle
22:05:17.472 [JavaFX Application Thread] DEBUG Async                - Shutting down background threads
22:05:17.472 [JavaFX Application Thread] DEBUG PrimaryStageWindow   - Closing main window
22:05:17.484 [JavaFX Application Thread] DEBUG Logger               - Closing Logger
