05:24:16.956 [main                     ] DEBUG Logger               - Configured Logger
05:24:17.005 [main                     ] DEBUG GameApplication      - Logging settings
Title: Gestión de Áreas
Version: 1.0
Width: 1000
Height: 600
Fullscreen: false
Intro: false
Profiling: false
Single step:false
App Mode: DEVELOPER
Menu Key: ESCAPE
Stage Style: DECORATED
Scene Factory: class com.almasb.fxgl.app.scene.SceneFactory

05:24:17.618 [JavaFX Application Thread] DEBUG FXGLApplication      - Initializing FXGL
05:24:17.629 [JavaFX Application Thread] INFO  Engine               - FXGL-17.1 (24.03.2022 17.34) on WINDOWS (J:17.0.5 FX:18)
05:24:17.630 [JavaFX Application Thread] DEBUG Engine               - JRE Vendor Name: Eclipse Adoptium
05:24:17.630 [JavaFX Application Thread] DEBUG Engine               - Running on OS: Windows 11 version 10.0
05:24:17.630 [JavaFX Application Thread] DEBUG Engine               - Architecture: amd64
05:24:17.631 [JavaFX Application Thread] INFO  Engine               - Source code and latest versions at: https://github.com/AlmasB/FXGL
05:24:17.631 [JavaFX Application Thread] INFO  Engine               -       Ask questions and discuss at: https://github.com/AlmasB/FXGL/discussions
05:24:17.632 [JavaFX Application Thread] INFO  Engine               -              Join the FXGL chat at: https://gitter.im/AlmasB/FXGL
05:24:17.866 [JavaFX Application Thread] DEBUG PrimaryStageWindow   - Creating a JavaFX scene
05:24:17.972 [JavaFX Application Thread] DEBUG PrimaryStageWindow   - Target settings size: 1000.0 x 600.0
05:24:17.973 [JavaFX Application Thread] DEBUG PrimaryStageWindow   - Scaled scene size:    1000.0 x 600.0
05:24:17.973 [JavaFX Application Thread] DEBUG PrimaryStageWindow   - Scaled ratio: (1.0, 1.0)
05:24:17.977 [JavaFX Application Thread] DEBUG PrimaryStageWindow   - Set initial scene to FXGLStartupScene
05:24:17.996 [JavaFX Application Thread] DEBUG PrimaryStageWindow   - Opening main window
05:24:18.216 [JavaFX Application Thread] DEBUG PrimaryStageWindow   - Window border size: (14.66668701171875, 37.33331298828125)
05:24:18.217 [JavaFX Application Thread] DEBUG PrimaryStageWindow   - Scaled size: 1000.0 x 600.0
05:24:18.218 [JavaFX Application Thread] DEBUG PrimaryStageWindow   - Scaled ratio: (1.0, 1.0)
05:24:18.218 [JavaFX Application Thread] DEBUG PrimaryStageWindow   - Scene size: 1000.0 x 600.0
05:24:18.219 [JavaFX Application Thread] DEBUG PrimaryStageWindow   - Stage size: 1014.6666870117188 x 637.3333129882812
05:24:18.237 [FXGL Background Thread 1 ] DEBUG Engine               - Initializing environment variables
05:24:18.327 [FXGL Background Thread 1 ] DEBUG FXGLAssetLoaderServi - User app class for loading assets: class org.example.Main
05:24:18.328 [FXGL Background Thread 1 ] DEBUG GameApplicationServi - Applying CSS: fxgl_dark.css
05:24:18.332 [FXGL Background Thread 1 ] DEBUG FXGLAssetLoaderServi - Loading from file system: jar:file:/C:/Users/100070997/.m2/repository/com/github/almasb/fxgl/17.1/fxgl-17.1.jar!/fxglassets/ui/css/fxgl_dark.css
05:24:18.445 [FXGL Background Thread 1 ] DEBUG GameApplicationServi - Initializing application scenes
05:24:18.526 [FXGL Background Thread 1 ] DEBUG GameWorld            - Game world initialized
05:24:18.633 [FXGL Background Thread 1 ] DEBUG PhysicsWorld         - Physics world initialized: appHeight=600, physics.ppm=50.0
05:24:18.634 [FXGL Background Thread 1 ] DEBUG PhysicsWorld         - Using strategy: BRUTE_FORCE
05:24:18.640 [FXGL Background Thread 1 ] DEBUG GameScene            - Game scene initialized: 1000x600
05:24:18.669 [FXGL Background Thread 1 ] DEBUG FXGL.DefaultMenu     - createMenuBodyGameMenu()
05:24:18.709 [FXGL Background Thread 1 ] DEBUG FXGL.DefaultMenu     - createOptionsMenu()
05:24:18.740 [FXGL Background Thread 1 ] DEBUG FXGLAssetLoaderServi - Loading from file system: jar:file:/C:/Users/100070997/.m2/repository/com/github/almasb/fxgl/17.1/fxgl-17.1.jar!/fxglassets/textures/particles/smoke.png
05:24:18.962 [FXGL Background Thread 1 ] DEBUG FXGLAssetLoaderServi - Loading from file system: jar:file:/C:/Users/100070997/.m2/repository/com/github/almasb/fxgl/17.1/fxgl-17.1.jar!/fxglassets/textures/particles/trace_horizontal.png
05:24:19.026 [FXGL Background Thread 1 ] DEBUG GameApplicationServi - Application scenes initialized
05:24:19.063 [FXGL Background Thread 1 ] DEBUG SystemBundleService  - Loading FXGL system data
05:24:19.073 [FXGL Background Thread 1 ] DEBUG FileSystemAccess     - Reading from: C:\Users\100070997\Desktop\restaurant_simulator\system\fxgl.bundle
05:24:19.089 [FXGL Background Thread 1 ] DEBUG SystemBundleService  - Bundle FXGL: {}
05:24:19.089 [FXGL Background Thread 1 ] DEBUG UpdaterService       - Checking for updates
05:24:19.100 [FXGL Background Thread 4 ] DEBUG FXGLApplication      - Loading fonts
05:24:19.101 [FXGL Background Thread 4 ] DEBUG FXGLAssetLoaderServi - Loading from file system: jar:file:/C:/Users/100070997/.m2/repository/com/github/almasb/fxgl/17.1/fxgl-17.1.jar!/fxglassets/ui/fonts/VarelaRound-Regular.ttf
05:24:19.101 [FXGL Background Thread 1 ] DEBUG FXGLApplication      - Loading default localization
05:24:19.102 [FXGL Background Thread 1 ] DEBUG FXGLAssetLoaderServi - Loading from file system: jar:file:/C:/Users/100070997/.m2/repository/com/github/almasb/fxgl/17.1/fxgl-17.1.jar!/fxglassets/languages/english.lang
05:24:19.157 [FXGL Background Thread 1 ] INFO  FXGLApplication      - FXGL initialization took: 0.919 sec
05:24:19.162 [JavaFX Application Thread] DEBUG FXGLAssetLoaderServi - Loading from file system: jar:file:/C:/Users/100070997/.m2/repository/com/github/almasb/fxgl/17.1/fxgl-17.1.jar!/fxglassets/textures/fxgl_icon.png
05:24:19.209 [JavaFX Application Thread] DEBUG FXGLAssetLoaderServi - Loading from file system: jar:file:/C:/Users/100070997/.m2/repository/com/github/almasb/fxgl/17.1/fxgl-17.1.jar!/fxglassets/textures/fxgl_default_cursor.png
05:24:19.238 [JavaFX Application Thread] DEBUG Input                - Registered new binding: Screenshot - CTRL+8
05:24:19.239 [JavaFX Application Thread] DEBUG Input                - Registered new binding: System info dump - CTRL+9
05:24:19.240 [JavaFX Application Thread] DEBUG Input                - Registered new binding: Restart - CTRL+R
05:24:19.242 [JavaFX Application Thread] DEBUG Input                - Registered new binding: Toggle Debug Camera - CTRL+7
05:24:19.247 [JavaFX Application Thread] DEBUG LoopRunner           - Starting loop
05:24:19.247 [JavaFX Application Thread] DEBUG LoopRunner           - Initializing JavaFX AnimationTimerLoop
05:24:19.253 [JavaFX Application Thread] DEBUG GameApplicationServi - Starting new game
05:24:19.254 [JavaFX Application Thread] DEBUG Input                - Clearing active input actions
05:24:19.282 [JavaFX Application Thread] DEBUG GameApplicationServi - Removing overlay from FXGLStartupScene and adding to FXGLLoadingScene
05:24:19.283 [JavaFX Application Thread] DEBUG PrimaryStageWindow   - FXGLStartupScene -> FXGLLoadingScene
05:24:19.283 [JavaFX Application Thread] DEBUG GameApplicationServi - Clearing previous game
05:24:19.283 [JavaFX Application Thread] DEBUG GameScene            - Clearing game scene
05:24:19.283 [JavaFX Application Thread] DEBUG GameWorld            - Clearing game world
05:24:19.283 [JavaFX Application Thread] DEBUG PhysicsWorld         - Clearing physics world
05:24:19.286 [FXGL Background Thread 1 ] DEBUG FXGLApplication      - Initializing game
05:24:19.339 [FXGL Background Thread 4 ] DEBUG FXGLAssetLoaderServi - Loading from file system: jar:file:/C:/Users/100070997/.m2/repository/com/github/almasb/fxgl/17.1/fxgl-17.1.jar!/fxglassets/ui/fonts/Abel-Regular.ttf
05:24:19.381 [FXGL Background Thread 4 ] DEBUG FXGLAssetLoaderServi - Loading from file system: jar:file:/C:/Users/100070997/.m2/repository/com/github/almasb/fxgl/17.1/fxgl-17.1.jar!/fxglassets/ui/fonts/TerminalLandMono-Regular.otf
05:24:19.418 [FXGL Background Thread 4 ] DEBUG FXGLAssetLoaderServi - Loading from file system: jar:file:/C:/Users/100070997/.m2/repository/com/github/almasb/fxgl/17.1/fxgl-17.1.jar!/fxglassets/ui/fonts/Courier-Prime.ttf
05:24:19.674 [JavaFX Application Thread] DEBUG FXGLApplication      - Registering font factories with UI factory
05:24:20.168 [FXGL Background Thread 2 ] INFO  UpdaterService       - Your current version:  17.1
05:24:20.169 [FXGL Background Thread 2 ] INFO  UpdaterService       - Latest stable version: 21.1
05:24:20.408 [FXGL Background Thread 1 ] INFO  FXGLApplication      - Game initialization took: 1.123 sec
05:24:20.419 [JavaFX Application Thread] DEBUG Input                - Clearing active input actions
05:24:20.473 [JavaFX Application Thread] DEBUG GameApplicationServi - Removing overlay from FXGLLoadingScene and adding to GameScene
05:24:20.474 [JavaFX Application Thread] DEBUG PrimaryStageWindow   - FXGLLoadingScene -> GameScene
05:24:22.098 [FXGL Background Thread 3 ] DEBUG Engine               - Logging environment variables
05:24:22.098 [FXGL Background Thread 3 ] DEBUG Engine               - achievements: []
05:24:22.100 [FXGL Background Thread 3 ] DEBUG Engine               - actualHeight: 600.0
05:24:22.100 [FXGL Background Thread 3 ] DEBUG Engine               - actualHeightProperty: ReadOnlyDoubleProperty [value: 600.0]
05:24:22.100 [FXGL Background Thread 3 ] DEBUG Engine               - actualWidth: 1000.0
05:24:22.100 [FXGL Background Thread 3 ] DEBUG Engine               - actualWidthProperty: ReadOnlyDoubleProperty [value: 1000.0]
05:24:22.103 [FXGL Background Thread 3 ] DEBUG Engine               - appIcon: fxgl_icon.png
05:24:22.103 [FXGL Background Thread 3 ] DEBUG Engine               - applicationMode: DEVELOPER
05:24:22.103 [FXGL Background Thread 3 ] DEBUG Engine               - cSSList: [fxgl_dark.css]
05:24:22.104 [FXGL Background Thread 3 ] DEBUG Engine               - collisionDetectionStrategy: BRUTE_FORCE
05:24:22.104 [FXGL Background Thread 3 ] DEBUG Engine               - configClass: Optional.empty
05:24:22.104 [FXGL Background Thread 3 ] DEBUG Engine               - credits: []
05:24:22.105 [FXGL Background Thread 3 ] DEBUG Engine               - defaultCursor: CursorInfo(imageName=fxgl_default_cursor.png, hotspotX=7.0, hotspotY=6.0)
05:24:22.105 [FXGL Background Thread 3 ] DEBUG Engine               - devBBoxColorProperty: ObjectProperty [value: 0xff0000ff]
05:24:22.105 [FXGL Background Thread 3 ] DEBUG Engine               - devEnableDebugCameraProperty: BooleanProperty [value: false]
05:24:22.105 [FXGL Background Thread 3 ] DEBUG Engine               - devSensorColorProperty: ObjectProperty [value: 0xffff00ff]
05:24:22.106 [FXGL Background Thread 3 ] DEBUG Engine               - devShowBBoxProperty: BooleanProperty [value: false]
05:24:22.106 [FXGL Background Thread 3 ] DEBUG Engine               - devShowPositionProperty: BooleanProperty [value: false]
05:24:22.106 [FXGL Background Thread 3 ] DEBUG Engine               - enabledMenuItems: []
05:24:22.106 [FXGL Background Thread 3 ] DEBUG Engine               - engineServices: [class com.almasb.fxgl.app.services.FXGLAssetLoaderService, class com.almasb.fxgl.app.FXGLApplication$GameApplicationService, class com.almasb.fxgl.app.services.FXGLDialogService, class com.almasb.fxgl.app.services.IOTaskExecutorService, class com.almasb.fxgl.io.FileSystemService, class com.almasb.fxgl.localization.LocalizationService, class com.almasb.fxgl.app.services.SystemBundleService, class com.almasb.fxgl.profile.SaveLoadService, class com.almasb.fxgl.ui.FXGLUIFactoryServiceProvider, class com.almasb.fxgl.ui.FXGLDialogFactoryServiceProvider, class com.almasb.fxgl.audio.AudioPlayer, class com.almasb.fxgl.notification.impl.NotificationServiceProvider, class com.almasb.fxgl.achievement.AchievementService, class com.almasb.fxgl.cutscene.CutsceneService, class com.almasb.fxgl.minigames.MiniGameService, class com.almasb.fxgl.net.NetService, class com.almasb.fxgl.app.services.UpdaterService, class com.almasb.fxgl.dev.DevService]
05:24:22.106 [FXGL Background Thread 3 ] DEBUG Engine               - fontGame: Abel-Regular.ttf
05:24:22.106 [FXGL Background Thread 3 ] DEBUG Engine               - fontMono: TerminalLandMono-Regular.otf
05:24:22.106 [FXGL Background Thread 3 ] DEBUG Engine               - fontText: Courier-Prime.ttf
05:24:22.106 [FXGL Background Thread 3 ] DEBUG Engine               - fontUI: VarelaRound-Regular.ttf
05:24:22.107 [FXGL Background Thread 3 ] DEBUG Engine               - fullScreen: BooleanProperty [value: false]
05:24:22.107 [FXGL Background Thread 3 ] DEBUG Engine               - gameDifficulty: MEDIUM
05:24:22.107 [FXGL Background Thread 3 ] DEBUG Engine               - gameDifficultyProperty: ObjectProperty [value: MEDIUM]
05:24:22.107 [FXGL Background Thread 3 ] DEBUG Engine               - globalMusicVolume: 0.5
05:24:22.108 [FXGL Background Thread 3 ] DEBUG Engine               - globalMusicVolumeProperty: DoubleProperty [value: 0.5]
05:24:22.108 [FXGL Background Thread 3 ] DEBUG Engine               - globalSoundVolume: 0.5
05:24:22.108 [FXGL Background Thread 3 ] DEBUG Engine               - globalSoundVolumeProperty: DoubleProperty [value: 0.5]
05:24:22.108 [FXGL Background Thread 3 ] DEBUG Engine               - height: 600
05:24:22.108 [FXGL Background Thread 3 ] DEBUG Engine               - is3D: false
05:24:22.108 [FXGL Background Thread 3 ] DEBUG Engine               - isAndroid: false
05:24:22.109 [FXGL Background Thread 3 ] DEBUG Engine               - isBrowser: false
05:24:22.109 [FXGL Background Thread 3 ] DEBUG Engine               - isClickFeedbackEnabled: false
05:24:22.109 [FXGL Background Thread 3 ] DEBUG Engine               - isCloseConfirmation: false
05:24:22.109 [FXGL Background Thread 3 ] DEBUG Engine               - isDesktop: true
05:24:22.109 [FXGL Background Thread 3 ] DEBUG Engine               - isDeveloperMenuEnabled: false
05:24:22.109 [FXGL Background Thread 3 ] DEBUG Engine               - isEmbedded: false
05:24:22.109 [FXGL Background Thread 3 ] DEBUG Engine               - isEntityPreloadEnabled: true
05:24:22.110 [FXGL Background Thread 3 ] DEBUG Engine               - isExperimentalTiledLargeMap: false
05:24:22.110 [FXGL Background Thread 3 ] DEBUG Engine               - isFileSystemWriteAllowed: true
05:24:22.110 [FXGL Background Thread 3 ] DEBUG Engine               - isFullScreenAllowed: false
05:24:22.110 [FXGL Background Thread 3 ] DEBUG Engine               - isFullScreenFromStart: false
05:24:22.111 [FXGL Background Thread 3 ] DEBUG Engine               - isGameMenuEnabled: true
05:24:22.111 [FXGL Background Thread 3 ] DEBUG Engine               - isIOS: false
05:24:22.111 [FXGL Background Thread 3 ] DEBUG Engine               - isIntroEnabled: false
05:24:22.112 [FXGL Background Thread 3 ] DEBUG Engine               - isLinux: false
05:24:22.112 [FXGL Background Thread 3 ] DEBUG Engine               - isMac: false
05:24:22.113 [FXGL Background Thread 3 ] DEBUG Engine               - isMainMenuEnabled: false
05:24:22.113 [FXGL Background Thread 3 ] DEBUG Engine               - isManualResizeEnabled: false
05:24:22.115 [FXGL Background Thread 3 ] DEBUG Engine               - isMobile: false
05:24:22.115 [FXGL Background Thread 3 ] DEBUG Engine               - isNative: false
05:24:22.115 [FXGL Background Thread 3 ] DEBUG Engine               - isPauseMusicWhenMinimized: true
05:24:22.115 [FXGL Background Thread 3 ] DEBUG Engine               - isPreserveResizeRatio: false
05:24:22.116 [FXGL Background Thread 3 ] DEBUG Engine               - isProfilingEnabled: false
05:24:22.116 [FXGL Background Thread 3 ] DEBUG Engine               - isScaleAffectedOnResize: true
05:24:22.116 [FXGL Background Thread 3 ] DEBUG Engine               - isSingleStep: false
05:24:22.116 [FXGL Background Thread 3 ] DEBUG Engine               - isUserProfileEnabled: false
05:24:22.116 [FXGL Background Thread 3 ] DEBUG Engine               - isWindows: true
05:24:22.116 [FXGL Background Thread 3 ] DEBUG Engine               - language: ObjectProperty [value: ENGLISH]
05:24:22.117 [FXGL Background Thread 3 ] DEBUG Engine               - menuKey: ESCAPE
05:24:22.117 [FXGL Background Thread 3 ] DEBUG Engine               - mouseSensitivity: 0.2
05:24:22.117 [FXGL Background Thread 3 ] DEBUG Engine               - notificationViewClass: class com.almasb.fxgl.notification.view.XboxNotificationView
05:24:22.117 [FXGL Background Thread 3 ] DEBUG Engine               - pixelsPerMeter: 50.0
05:24:22.117 [FXGL Background Thread 3 ] DEBUG Engine               - platform: WINDOWS
05:24:22.117 [FXGL Background Thread 3 ] DEBUG Engine               - prefHeightProperty: ReadOnlyDoubleProperty [value: 600.0]
05:24:22.117 [FXGL Background Thread 3 ] DEBUG Engine               - prefWidthProperty: ReadOnlyDoubleProperty [value: 1000.0]
05:24:22.117 [FXGL Background Thread 3 ] DEBUG Engine               - profileDir: profiles/
05:24:22.118 [FXGL Background Thread 3 ] DEBUG Engine               - profileName: StringProperty [value: DEFAULT]
05:24:22.118 [FXGL Background Thread 3 ] DEBUG Engine               - randomSeed: -1
05:24:22.118 [FXGL Background Thread 3 ] DEBUG Engine               - runtimeInfo: RuntimeInfo(platform=WINDOWS, version=17.1, build=24.03.2022 17.34)
05:24:22.119 [FXGL Background Thread 3 ] DEBUG Engine               - saveFileExt: sav
05:24:22.119 [FXGL Background Thread 3 ] DEBUG Engine               - scaledHeightProp$fxgl: DoubleProperty [bound, value: 600.0]
05:24:22.119 [FXGL Background Thread 3 ] DEBUG Engine               - scaledWidthProp$fxgl: DoubleProperty [bound, value: 1000.0]
05:24:22.119 [FXGL Background Thread 3 ] DEBUG Engine               - sceneFactory: com.almasb.fxgl.app.scene.SceneFactory@54763c6f
05:24:22.119 [FXGL Background Thread 3 ] DEBUG Engine               - secondsIn24h: 60
05:24:22.119 [FXGL Background Thread 3 ] DEBUG Engine               - soundMenuBack: menu/back.wav
05:24:22.119 [FXGL Background Thread 3 ] DEBUG Engine               - soundMenuPress: menu/press.wav
05:24:22.120 [FXGL Background Thread 3 ] DEBUG Engine               - soundMenuSelect: menu/select.wav
05:24:22.120 [FXGL Background Thread 3 ] DEBUG Engine               - soundNotification: core/notification.wav
05:24:22.120 [FXGL Background Thread 3 ] DEBUG Engine               - stageStyle: DECORATED
05:24:22.120 [FXGL Background Thread 3 ] DEBUG Engine               - supportedLanguages: [ENGLISH, FRENCH, GERMAN, HUNGARIAN, RUSSIAN]
05:24:22.120 [FXGL Background Thread 3 ] DEBUG Engine               - ticksPerSecond: -1
05:24:22.120 [FXGL Background Thread 3 ] DEBUG Engine               - title: Gestión de Áreas
05:24:22.120 [FXGL Background Thread 3 ] DEBUG Engine               - urlGithub: https://github.com/AlmasB/FXGL
05:24:22.120 [FXGL Background Thread 3 ] DEBUG Engine               - urlLeaderboard: http://fxgl-top.herokuapp.com/
05:24:22.121 [FXGL Background Thread 3 ] DEBUG Engine               - urlPOM: https://raw.githubusercontent.com/AlmasB/FXGL/release/README.md
05:24:22.121 [FXGL Background Thread 3 ] DEBUG Engine               - userAppClass: class org.example.Main
05:24:22.121 [FXGL Background Thread 3 ] DEBUG Engine               - version: 1.0
05:24:22.121 [FXGL Background Thread 3 ] DEBUG Engine               - versionCheckDays: 7
05:24:22.121 [FXGL Background Thread 3 ] DEBUG Engine               - width: 1000
05:24:22.121 [FXGL Background Thread 3 ] DEBUG Engine               - Logging services
05:24:22.121 [FXGL Background Thread 3 ] DEBUG Engine               - class com.almasb.fxgl.app.services.FXGLAssetLoaderService
05:24:22.122 [FXGL Background Thread 3 ] DEBUG Engine               - class com.almasb.fxgl.app.FXGLApplication$GameApplicationService
05:24:22.122 [FXGL Background Thread 3 ] DEBUG Engine               - class com.almasb.fxgl.app.services.FXGLDialogService
05:24:22.122 [FXGL Background Thread 3 ] DEBUG Engine               - class com.almasb.fxgl.app.services.IOTaskExecutorService
05:24:22.122 [FXGL Background Thread 3 ] DEBUG Engine               - class com.almasb.fxgl.io.FileSystemService
05:24:22.122 [FXGL Background Thread 3 ] DEBUG Engine               - class com.almasb.fxgl.localization.LocalizationService
05:24:22.122 [FXGL Background Thread 3 ] DEBUG Engine               - class com.almasb.fxgl.app.services.SystemBundleService
05:24:22.122 [FXGL Background Thread 3 ] DEBUG Engine               - class com.almasb.fxgl.profile.SaveLoadService
05:24:22.123 [FXGL Background Thread 3 ] DEBUG Engine               - class com.almasb.fxgl.ui.FXGLUIFactoryServiceProvider
05:24:22.123 [FXGL Background Thread 3 ] DEBUG Engine               - class com.almasb.fxgl.ui.FXGLDialogFactoryServiceProvider
05:24:22.123 [FXGL Background Thread 3 ] DEBUG Engine               - class com.almasb.fxgl.audio.AudioPlayer
05:24:22.123 [FXGL Background Thread 3 ] DEBUG Engine               - class com.almasb.fxgl.notification.impl.NotificationServiceProvider
05:24:22.123 [FXGL Background Thread 3 ] DEBUG Engine               - class com.almasb.fxgl.achievement.AchievementService
05:24:22.123 [FXGL Background Thread 3 ] DEBUG Engine               - class com.almasb.fxgl.cutscene.CutsceneService
05:24:22.123 [FXGL Background Thread 3 ] DEBUG Engine               - class com.almasb.fxgl.minigames.MiniGameService
05:24:22.123 [FXGL Background Thread 3 ] DEBUG Engine               - class com.almasb.fxgl.net.NetService
05:24:22.123 [FXGL Background Thread 3 ] DEBUG Engine               - class com.almasb.fxgl.app.services.UpdaterService
05:24:22.123 [FXGL Background Thread 3 ] DEBUG Engine               - class com.almasb.fxgl.dev.DevService
05:24:27.610 [JavaFX Application Thread] DEBUG FXGLApplication      - Exiting FXGL
05:24:27.610 [JavaFX Application Thread] DEBUG LoopRunner           - Stopping loop
05:24:27.612 [JavaFX Application Thread] DEBUG SystemBundleService  - Saving FXGL system data
05:24:27.613 [JavaFX Application Thread] DEBUG FileSystemAccess     - Writing to: C:\Users\100070997\Desktop\restaurant_simulator\system\fxgl.bundle
05:24:27.616 [JavaFX Application Thread] DEBUG Async                - Shutting down background threads
05:24:27.616 [JavaFX Application Thread] DEBUG PrimaryStageWindow   - Closing main window
05:24:27.643 [JavaFX Application Thread] DEBUG Logger               - Closing Logger
