20:37:08.251 [main                     ] DEBUG Logger               - Configured Logger
20:37:08.279 [main                     ] DEBUG GameApplication      - Logging settings
Title: Gestión de Áreas
Version: 1.0
Width: 1000
Height: 600
Fullscreen: false
Intro: false
Profiling: false
Single step:false
App Mode: DEVELOPER
Menu Key: ESCAPE
Stage Style: DECORATED
Scene Factory: class com.almasb.fxgl.app.scene.SceneFactory

20:37:08.620 [JavaFX Application Thread] DEBUG FXGLApplication      - Initializing FXGL
20:37:08.628 [JavaFX Application Thread] INFO  Engine               - FXGL-17.1 (24.03.2022 17.34) on WINDOWS (J:17.0.5 FX:18)
20:37:08.629 [JavaFX Application Thread] DEBUG Engine               - JRE Vendor Name: Eclipse Adoptium
20:37:08.629 [JavaFX Application Thread] DEBUG Engine               - Running on OS: Windows 11 version 10.0
20:37:08.629 [JavaFX Application Thread] DEBUG Engine               - Architecture: amd64
20:37:08.630 [JavaFX Application Thread] INFO  Engine               - Source code and latest versions at: https://github.com/AlmasB/FXGL
20:37:08.630 [JavaFX Application Thread] INFO  Engine               -       Ask questions and discuss at: https://github.com/AlmasB/FXGL/discussions
20:37:08.630 [JavaFX Application Thread] INFO  Engine               -              Join the FXGL chat at: https://gitter.im/AlmasB/FXGL
20:37:08.831 [JavaFX Application Thread] DEBUG PrimaryStageWindow   - Creating a JavaFX scene
20:37:08.880 [JavaFX Application Thread] DEBUG PrimaryStageWindow   - Target settings size: 1000.0 x 600.0
20:37:08.881 [JavaFX Application Thread] DEBUG PrimaryStageWindow   - Scaled scene size:    1000.0 x 600.0
20:37:08.881 [JavaFX Application Thread] DEBUG PrimaryStageWindow   - Scaled ratio: (1.0, 1.0)
20:37:08.882 [JavaFX Application Thread] DEBUG PrimaryStageWindow   - Set initial scene to FXGLStartupScene
20:37:08.894 [JavaFX Application Thread] DEBUG PrimaryStageWindow   - Opening main window
20:37:09.022 [JavaFX Application Thread] DEBUG PrimaryStageWindow   - Window border size: (14.66668701171875, 37.33331298828125)
20:37:09.023 [JavaFX Application Thread] DEBUG PrimaryStageWindow   - Scaled size: 1000.0 x 600.0
20:37:09.023 [JavaFX Application Thread] DEBUG PrimaryStageWindow   - Scaled ratio: (1.0, 1.0)
20:37:09.024 [JavaFX Application Thread] DEBUG PrimaryStageWindow   - Scene size: 1000.0 x 600.0
20:37:09.024 [JavaFX Application Thread] DEBUG PrimaryStageWindow   - Stage size: 1014.6666870117188 x 637.3333129882812
20:37:09.040 [FXGL Background Thread 1 ] DEBUG Engine               - Initializing environment variables
20:37:09.085 [FXGL Background Thread 1 ] DEBUG FXGLAssetLoaderServi - User app class for loading assets: class org.example.Main
20:37:09.086 [FXGL Background Thread 1 ] DEBUG GameApplicationServi - Applying CSS: fxgl_dark.css
20:37:09.087 [FXGL Background Thread 1 ] DEBUG FXGLAssetLoaderServi - Loading from file system: jar:file:/C:/Users/100070997/.m2/repository/com/github/almasb/fxgl/17.1/fxgl-17.1.jar!/fxglassets/ui/css/fxgl_dark.css
20:37:09.158 [FXGL Background Thread 1 ] DEBUG GameApplicationServi - Initializing application scenes
20:37:09.228 [FXGL Background Thread 1 ] DEBUG GameWorld            - Game world initialized
20:37:09.311 [FXGL Background Thread 1 ] DEBUG PhysicsWorld         - Physics world initialized: appHeight=600, physics.ppm=50.0
20:37:09.311 [FXGL Background Thread 1 ] DEBUG PhysicsWorld         - Using strategy: BRUTE_FORCE
20:37:09.321 [FXGL Background Thread 1 ] DEBUG GameScene            - Game scene initialized: 1000x600
20:37:09.347 [FXGL Background Thread 1 ] DEBUG FXGL.DefaultMenu     - createMenuBodyGameMenu()
20:37:09.379 [FXGL Background Thread 1 ] DEBUG FXGL.DefaultMenu     - createOptionsMenu()
20:37:09.400 [FXGL Background Thread 1 ] DEBUG FXGLAssetLoaderServi - Loading from file system: jar:file:/C:/Users/100070997/.m2/repository/com/github/almasb/fxgl/17.1/fxgl-17.1.jar!/fxglassets/textures/particles/smoke.png
20:37:09.507 [FXGL Background Thread 1 ] DEBUG FXGLAssetLoaderServi - Loading from file system: jar:file:/C:/Users/100070997/.m2/repository/com/github/almasb/fxgl/17.1/fxgl-17.1.jar!/fxglassets/textures/particles/trace_horizontal.png
20:37:09.532 [FXGL Background Thread 1 ] DEBUG GameApplicationServi - Application scenes initialized
20:37:09.545 [FXGL Background Thread 1 ] DEBUG SystemBundleService  - Loading FXGL system data
20:37:09.555 [FXGL Background Thread 1 ] DEBUG FileSystemAccess     - Reading from: C:\Users\100070997\Desktop\restaurant_simulator\system\fxgl.bundle
20:37:09.565 [FXGL Background Thread 1 ] DEBUG SystemBundleService  - Bundle FXGL: {}
20:37:09.565 [FXGL Background Thread 1 ] DEBUG UpdaterService       - Checking for updates
20:37:09.568 [FXGL Background Thread 4 ] DEBUG FXGLApplication      - Loading fonts
20:37:09.569 [FXGL Background Thread 4 ] DEBUG FXGLAssetLoaderServi - Loading from file system: jar:file:/C:/Users/100070997/.m2/repository/com/github/almasb/fxgl/17.1/fxgl-17.1.jar!/fxglassets/ui/fonts/VarelaRound-Regular.ttf
20:37:09.569 [FXGL Background Thread 1 ] DEBUG FXGLApplication      - Loading default localization
20:37:09.570 [FXGL Background Thread 1 ] DEBUG FXGLAssetLoaderServi - Loading from file system: jar:file:/C:/Users/100070997/.m2/repository/com/github/almasb/fxgl/17.1/fxgl-17.1.jar!/fxglassets/languages/english.lang
20:37:09.591 [FXGL Background Thread 1 ] INFO  FXGLApplication      - FXGL initialization took: 0.551 sec
20:37:09.592 [JavaFX Application Thread] DEBUG FXGLAssetLoaderServi - Loading from file system: jar:file:/C:/Users/100070997/.m2/repository/com/github/almasb/fxgl/17.1/fxgl-17.1.jar!/fxglassets/textures/fxgl_icon.png
20:37:09.615 [JavaFX Application Thread] DEBUG FXGLAssetLoaderServi - Loading from file system: jar:file:/C:/Users/100070997/.m2/repository/com/github/almasb/fxgl/17.1/fxgl-17.1.jar!/fxglassets/textures/fxgl_default_cursor.png
20:37:09.632 [JavaFX Application Thread] DEBUG Input                - Registered new binding: Screenshot - CTRL+8
20:37:09.633 [JavaFX Application Thread] DEBUG Input                - Registered new binding: System info dump - CTRL+9
20:37:09.633 [JavaFX Application Thread] DEBUG Input                - Registered new binding: Restart - CTRL+R
20:37:09.634 [JavaFX Application Thread] DEBUG Input                - Registered new binding: Toggle Debug Camera - CTRL+7
20:37:09.638 [JavaFX Application Thread] DEBUG LoopRunner           - Starting loop
20:37:09.638 [JavaFX Application Thread] DEBUG LoopRunner           - Initializing JavaFX AnimationTimerLoop
20:37:09.639 [JavaFX Application Thread] DEBUG GameApplicationServi - Starting new game
20:37:09.640 [JavaFX Application Thread] DEBUG Input                - Clearing active input actions
20:37:09.654 [JavaFX Application Thread] DEBUG GameApplicationServi - Removing overlay from FXGLStartupScene and adding to FXGLLoadingScene
20:37:09.654 [JavaFX Application Thread] DEBUG PrimaryStageWindow   - FXGLStartupScene -> FXGLLoadingScene
20:37:09.654 [JavaFX Application Thread] DEBUG GameApplicationServi - Clearing previous game
20:37:09.654 [JavaFX Application Thread] DEBUG GameScene            - Clearing game scene
20:37:09.654 [JavaFX Application Thread] DEBUG GameWorld            - Clearing game world
20:37:09.655 [JavaFX Application Thread] DEBUG PhysicsWorld         - Clearing physics world
20:37:09.656 [FXGL Background Thread 1 ] DEBUG FXGLApplication      - Initializing game
20:37:09.674 [FXGL Background Thread 4 ] DEBUG FXGLAssetLoaderServi - Loading from file system: jar:file:/C:/Users/100070997/.m2/repository/com/github/almasb/fxgl/17.1/fxgl-17.1.jar!/fxglassets/ui/fonts/Abel-Regular.ttf
20:37:09.691 [FXGL Background Thread 4 ] DEBUG FXGLAssetLoaderServi - Loading from file system: jar:file:/C:/Users/100070997/.m2/repository/com/github/almasb/fxgl/17.1/fxgl-17.1.jar!/fxglassets/ui/fonts/TerminalLandMono-Regular.otf
20:37:09.708 [FXGL Background Thread 4 ] DEBUG FXGLAssetLoaderServi - Loading from file system: jar:file:/C:/Users/100070997/.m2/repository/com/github/almasb/fxgl/17.1/fxgl-17.1.jar!/fxglassets/ui/fonts/Courier-Prime.ttf
20:37:09.739 [JavaFX Application Thread] DEBUG FXGLApplication      - Registering font factories with UI factory
20:37:10.042 [FXGL Background Thread 1 ] INFO  FXGLApplication      - Game initialization took: 0.385 sec
20:37:10.047 [JavaFX Application Thread] DEBUG Input                - Clearing active input actions
20:37:10.064 [JavaFX Application Thread] DEBUG GameApplicationServi - Removing overlay from FXGLLoadingScene and adding to GameScene
20:37:10.065 [JavaFX Application Thread] DEBUG PrimaryStageWindow   - FXGLLoadingScene -> GameScene
20:37:10.483 [FXGL Background Thread 2 ] INFO  UpdaterService       - Your current version:  17.1
20:37:10.484 [FXGL Background Thread 2 ] INFO  UpdaterService       - Latest stable version: 21.1
20:37:12.569 [FXGL Background Thread 3 ] DEBUG Engine               - Logging environment variables
20:37:12.570 [FXGL Background Thread 3 ] DEBUG Engine               - achievements: []
20:37:12.570 [FXGL Background Thread 3 ] DEBUG Engine               - actualHeight: 600.0
20:37:12.571 [FXGL Background Thread 3 ] DEBUG Engine               - actualHeightProperty: ReadOnlyDoubleProperty [value: 600.0]
20:37:12.571 [FXGL Background Thread 3 ] DEBUG Engine               - actualWidth: 1000.0
20:37:12.571 [FXGL Background Thread 3 ] DEBUG Engine               - actualWidthProperty: ReadOnlyDoubleProperty [value: 1000.0]
20:37:12.571 [FXGL Background Thread 3 ] DEBUG Engine               - appIcon: fxgl_icon.png
20:37:12.571 [FXGL Background Thread 3 ] DEBUG Engine               - applicationMode: DEVELOPER
20:37:12.572 [FXGL Background Thread 3 ] DEBUG Engine               - cSSList: [fxgl_dark.css]
20:37:12.572 [FXGL Background Thread 3 ] DEBUG Engine               - collisionDetectionStrategy: BRUTE_FORCE
20:37:12.572 [FXGL Background Thread 3 ] DEBUG Engine               - configClass: Optional.empty
20:37:12.573 [FXGL Background Thread 3 ] DEBUG Engine               - credits: []
20:37:12.574 [FXGL Background Thread 3 ] DEBUG Engine               - defaultCursor: CursorInfo(imageName=fxgl_default_cursor.png, hotspotX=7.0, hotspotY=6.0)
20:37:12.574 [FXGL Background Thread 3 ] DEBUG Engine               - devBBoxColorProperty: ObjectProperty [value: 0xff0000ff]
20:37:12.575 [FXGL Background Thread 3 ] DEBUG Engine               - devEnableDebugCameraProperty: BooleanProperty [value: false]
20:37:12.575 [FXGL Background Thread 3 ] DEBUG Engine               - devSensorColorProperty: ObjectProperty [value: 0xffff00ff]
20:37:12.575 [FXGL Background Thread 3 ] DEBUG Engine               - devShowBBoxProperty: BooleanProperty [value: false]
20:37:12.575 [FXGL Background Thread 3 ] DEBUG Engine               - devShowPositionProperty: BooleanProperty [value: false]
20:37:12.575 [FXGL Background Thread 3 ] DEBUG Engine               - enabledMenuItems: []
20:37:12.577 [FXGL Background Thread 3 ] DEBUG Engine               - engineServices: [class com.almasb.fxgl.app.services.FXGLAssetLoaderService, class com.almasb.fxgl.app.FXGLApplication$GameApplicationService, class com.almasb.fxgl.app.services.FXGLDialogService, class com.almasb.fxgl.app.services.IOTaskExecutorService, class com.almasb.fxgl.io.FileSystemService, class com.almasb.fxgl.localization.LocalizationService, class com.almasb.fxgl.app.services.SystemBundleService, class com.almasb.fxgl.profile.SaveLoadService, class com.almasb.fxgl.ui.FXGLUIFactoryServiceProvider, class com.almasb.fxgl.ui.FXGLDialogFactoryServiceProvider, class com.almasb.fxgl.audio.AudioPlayer, class com.almasb.fxgl.notification.impl.NotificationServiceProvider, class com.almasb.fxgl.achievement.AchievementService, class com.almasb.fxgl.cutscene.CutsceneService, class com.almasb.fxgl.minigames.MiniGameService, class com.almasb.fxgl.net.NetService, class com.almasb.fxgl.app.services.UpdaterService, class com.almasb.fxgl.dev.DevService]
20:37:12.577 [FXGL Background Thread 3 ] DEBUG Engine               - fontGame: Abel-Regular.ttf
20:37:12.577 [FXGL Background Thread 3 ] DEBUG Engine               - fontMono: TerminalLandMono-Regular.otf
20:37:12.578 [FXGL Background Thread 3 ] DEBUG Engine               - fontText: Courier-Prime.ttf
20:37:12.578 [FXGL Background Thread 3 ] DEBUG Engine               - fontUI: VarelaRound-Regular.ttf
20:37:12.578 [FXGL Background Thread 3 ] DEBUG Engine               - fullScreen: BooleanProperty [value: false]
20:37:12.578 [FXGL Background Thread 3 ] DEBUG Engine               - gameDifficulty: MEDIUM
20:37:12.579 [FXGL Background Thread 3 ] DEBUG Engine               - gameDifficultyProperty: ObjectProperty [value: MEDIUM]
20:37:12.579 [FXGL Background Thread 3 ] DEBUG Engine               - globalMusicVolume: 0.5
20:37:12.579 [FXGL Background Thread 3 ] DEBUG Engine               - globalMusicVolumeProperty: DoubleProperty [value: 0.5]
20:37:12.579 [FXGL Background Thread 3 ] DEBUG Engine               - globalSoundVolume: 0.5
20:37:12.580 [FXGL Background Thread 3 ] DEBUG Engine               - globalSoundVolumeProperty: DoubleProperty [value: 0.5]
20:37:12.580 [FXGL Background Thread 3 ] DEBUG Engine               - height: 600
20:37:12.580 [FXGL Background Thread 3 ] DEBUG Engine               - is3D: false
20:37:12.580 [FXGL Background Thread 3 ] DEBUG Engine               - isAndroid: false
20:37:12.580 [FXGL Background Thread 3 ] DEBUG Engine               - isBrowser: false
20:37:12.580 [FXGL Background Thread 3 ] DEBUG Engine               - isClickFeedbackEnabled: false
20:37:12.581 [FXGL Background Thread 3 ] DEBUG Engine               - isCloseConfirmation: false
20:37:12.581 [FXGL Background Thread 3 ] DEBUG Engine               - isDesktop: true
20:37:12.581 [FXGL Background Thread 3 ] DEBUG Engine               - isDeveloperMenuEnabled: false
20:37:12.581 [FXGL Background Thread 3 ] DEBUG Engine               - isEmbedded: false
20:37:12.581 [FXGL Background Thread 3 ] DEBUG Engine               - isEntityPreloadEnabled: true
20:37:12.581 [FXGL Background Thread 3 ] DEBUG Engine               - isExperimentalTiledLargeMap: false
20:37:12.582 [FXGL Background Thread 3 ] DEBUG Engine               - isFileSystemWriteAllowed: true
20:37:12.582 [FXGL Background Thread 3 ] DEBUG Engine               - isFullScreenAllowed: false
20:37:12.582 [FXGL Background Thread 3 ] DEBUG Engine               - isFullScreenFromStart: false
20:37:12.582 [FXGL Background Thread 3 ] DEBUG Engine               - isGameMenuEnabled: true
20:37:12.583 [FXGL Background Thread 3 ] DEBUG Engine               - isIOS: false
20:37:12.583 [FXGL Background Thread 3 ] DEBUG Engine               - isIntroEnabled: false
20:37:12.584 [FXGL Background Thread 3 ] DEBUG Engine               - isLinux: false
20:37:12.584 [FXGL Background Thread 3 ] DEBUG Engine               - isMac: false
20:37:12.584 [FXGL Background Thread 3 ] DEBUG Engine               - isMainMenuEnabled: false
20:37:12.584 [FXGL Background Thread 3 ] DEBUG Engine               - isManualResizeEnabled: false
20:37:12.584 [FXGL Background Thread 3 ] DEBUG Engine               - isMobile: false
20:37:12.584 [FXGL Background Thread 3 ] DEBUG Engine               - isNative: false
20:37:12.584 [FXGL Background Thread 3 ] DEBUG Engine               - isPauseMusicWhenMinimized: true
20:37:12.584 [FXGL Background Thread 3 ] DEBUG Engine               - isPreserveResizeRatio: false
20:37:12.585 [FXGL Background Thread 3 ] DEBUG Engine               - isProfilingEnabled: false
20:37:12.585 [FXGL Background Thread 3 ] DEBUG Engine               - isScaleAffectedOnResize: true
20:37:12.585 [FXGL Background Thread 3 ] DEBUG Engine               - isSingleStep: false
20:37:12.585 [FXGL Background Thread 3 ] DEBUG Engine               - isUserProfileEnabled: false
20:37:12.585 [FXGL Background Thread 3 ] DEBUG Engine               - isWindows: true
20:37:12.585 [FXGL Background Thread 3 ] DEBUG Engine               - language: ObjectProperty [value: ENGLISH]
20:37:12.585 [FXGL Background Thread 3 ] DEBUG Engine               - menuKey: ESCAPE
20:37:12.586 [FXGL Background Thread 3 ] DEBUG Engine               - mouseSensitivity: 0.2
20:37:12.586 [FXGL Background Thread 3 ] DEBUG Engine               - notificationViewClass: class com.almasb.fxgl.notification.view.XboxNotificationView
20:37:12.586 [FXGL Background Thread 3 ] DEBUG Engine               - pixelsPerMeter: 50.0
20:37:12.586 [FXGL Background Thread 3 ] DEBUG Engine               - platform: WINDOWS
20:37:12.586 [FXGL Background Thread 3 ] DEBUG Engine               - prefHeightProperty: ReadOnlyDoubleProperty [value: 600.0]
20:37:12.586 [FXGL Background Thread 3 ] DEBUG Engine               - prefWidthProperty: ReadOnlyDoubleProperty [value: 1000.0]
20:37:12.586 [FXGL Background Thread 3 ] DEBUG Engine               - profileDir: profiles/
20:37:12.587 [FXGL Background Thread 3 ] DEBUG Engine               - profileName: StringProperty [value: DEFAULT]
20:37:12.587 [FXGL Background Thread 3 ] DEBUG Engine               - randomSeed: -1
20:37:12.587 [FXGL Background Thread 3 ] DEBUG Engine               - runtimeInfo: RuntimeInfo(platform=WINDOWS, version=17.1, build=24.03.2022 17.34)
20:37:12.587 [FXGL Background Thread 3 ] DEBUG Engine               - saveFileExt: sav
20:37:12.587 [FXGL Background Thread 3 ] DEBUG Engine               - scaledHeightProp$fxgl: DoubleProperty [bound, value: 600.0]
20:37:12.587 [FXGL Background Thread 3 ] DEBUG Engine               - scaledWidthProp$fxgl: DoubleProperty [bound, value: 1000.0]
20:37:12.587 [FXGL Background Thread 3 ] DEBUG Engine               - sceneFactory: com.almasb.fxgl.app.scene.SceneFactory@dab03db
20:37:12.587 [FXGL Background Thread 3 ] DEBUG Engine               - secondsIn24h: 60
20:37:12.587 [FXGL Background Thread 3 ] DEBUG Engine               - soundMenuBack: menu/back.wav
20:37:12.587 [FXGL Background Thread 3 ] DEBUG Engine               - soundMenuPress: menu/press.wav
20:37:12.588 [FXGL Background Thread 3 ] DEBUG Engine               - soundMenuSelect: menu/select.wav
20:37:12.588 [FXGL Background Thread 3 ] DEBUG Engine               - soundNotification: core/notification.wav
20:37:12.588 [FXGL Background Thread 3 ] DEBUG Engine               - stageStyle: DECORATED
20:37:12.588 [FXGL Background Thread 3 ] DEBUG Engine               - supportedLanguages: [ENGLISH, FRENCH, GERMAN, HUNGARIAN, RUSSIAN]
20:37:12.588 [FXGL Background Thread 3 ] DEBUG Engine               - ticksPerSecond: -1
20:37:12.588 [FXGL Background Thread 3 ] DEBUG Engine               - title: Gestión de Áreas
20:37:12.588 [FXGL Background Thread 3 ] DEBUG Engine               - urlGithub: https://github.com/AlmasB/FXGL
20:37:12.588 [FXGL Background Thread 3 ] DEBUG Engine               - urlLeaderboard: http://fxgl-top.herokuapp.com/
20:37:12.588 [FXGL Background Thread 3 ] DEBUG Engine               - urlPOM: https://raw.githubusercontent.com/AlmasB/FXGL/release/README.md
20:37:12.588 [FXGL Background Thread 3 ] DEBUG Engine               - userAppClass: class org.example.Main
20:37:12.589 [FXGL Background Thread 3 ] DEBUG Engine               - version: 1.0
20:37:12.589 [FXGL Background Thread 3 ] DEBUG Engine               - versionCheckDays: 7
20:37:12.589 [FXGL Background Thread 3 ] DEBUG Engine               - width: 1000
20:37:12.589 [FXGL Background Thread 3 ] DEBUG Engine               - Logging services
20:37:12.589 [FXGL Background Thread 3 ] DEBUG Engine               - class com.almasb.fxgl.app.services.FXGLAssetLoaderService
20:37:12.589 [FXGL Background Thread 3 ] DEBUG Engine               - class com.almasb.fxgl.app.FXGLApplication$GameApplicationService
20:37:12.589 [FXGL Background Thread 3 ] DEBUG Engine               - class com.almasb.fxgl.app.services.FXGLDialogService
20:37:12.589 [FXGL Background Thread 3 ] DEBUG Engine               - class com.almasb.fxgl.app.services.IOTaskExecutorService
20:37:12.589 [FXGL Background Thread 3 ] DEBUG Engine               - class com.almasb.fxgl.io.FileSystemService
20:37:12.589 [FXGL Background Thread 3 ] DEBUG Engine               - class com.almasb.fxgl.localization.LocalizationService
20:37:12.590 [FXGL Background Thread 3 ] DEBUG Engine               - class com.almasb.fxgl.app.services.SystemBundleService
20:37:12.590 [FXGL Background Thread 3 ] DEBUG Engine               - class com.almasb.fxgl.profile.SaveLoadService
20:37:12.590 [FXGL Background Thread 3 ] DEBUG Engine               - class com.almasb.fxgl.ui.FXGLUIFactoryServiceProvider
20:37:12.590 [FXGL Background Thread 3 ] DEBUG Engine               - class com.almasb.fxgl.ui.FXGLDialogFactoryServiceProvider
20:37:12.590 [FXGL Background Thread 3 ] DEBUG Engine               - class com.almasb.fxgl.audio.AudioPlayer
20:37:12.590 [FXGL Background Thread 3 ] DEBUG Engine               - class com.almasb.fxgl.notification.impl.NotificationServiceProvider
20:37:12.590 [FXGL Background Thread 3 ] DEBUG Engine               - class com.almasb.fxgl.achievement.AchievementService
20:37:12.590 [FXGL Background Thread 3 ] DEBUG Engine               - class com.almasb.fxgl.cutscene.CutsceneService
20:37:12.590 [FXGL Background Thread 3 ] DEBUG Engine               - class com.almasb.fxgl.minigames.MiniGameService
20:37:12.590 [FXGL Background Thread 3 ] DEBUG Engine               - class com.almasb.fxgl.net.NetService
20:37:12.590 [FXGL Background Thread 3 ] DEBUG Engine               - class com.almasb.fxgl.app.services.UpdaterService
20:37:12.591 [FXGL Background Thread 3 ] DEBUG Engine               - class com.almasb.fxgl.dev.DevService
20:37:35.739 [JavaFX Application Thread] DEBUG FXGLApplication      - Exiting FXGL
20:37:35.739 [JavaFX Application Thread] DEBUG LoopRunner           - Stopping loop
20:37:35.739 [JavaFX Application Thread] DEBUG SystemBundleService  - Saving FXGL system data
20:37:35.749 [JavaFX Application Thread] DEBUG FileSystemAccess     - Writing to: C:\Users\100070997\Desktop\restaurant_simulator\system\fxgl.bundle
20:37:35.752 [JavaFX Application Thread] DEBUG Async                - Shutting down background threads
20:37:35.752 [JavaFX Application Thread] DEBUG PrimaryStageWindow   - Closing main window
20:37:35.768 [JavaFX Application Thread] DEBUG Logger               - Closing Logger
