21:32:09.887 [main                     ] DEBUG Logger               - Configured Logger
21:32:09.915 [main                     ] DEBUG GameApplication      - Logging settings
Title: Gestión de Áreas
Version: 1.0
Width: 1000
Height: 600
Fullscreen: false
Intro: false
Profiling: false
Single step:false
App Mode: DEVELOPER
Menu Key: ESCAPE
Stage Style: DECORATED
Scene Factory: class com.almasb.fxgl.app.scene.SceneFactory

21:32:10.267 [JavaFX Application Thread] DEBUG FXGLApplication      - Initializing FXGL
21:32:10.274 [JavaFX Application Thread] INFO  Engine               - FXGL-17.1 (24.03.2022 17.34) on WINDOWS (J:17.0.5 FX:18)
21:32:10.274 [JavaFX Application Thread] DEBUG Engine               - JRE Vendor Name: Eclipse Adoptium
21:32:10.275 [JavaFX Application Thread] DEBUG Engine               - Running on OS: Windows 11 version 10.0
21:32:10.275 [JavaFX Application Thread] DEBUG Engine               - Architecture: amd64
21:32:10.275 [JavaFX Application Thread] INFO  Engine               - Source code and latest versions at: https://github.com/AlmasB/FXGL
21:32:10.275 [JavaFX Application Thread] INFO  Engine               -       Ask questions and discuss at: https://github.com/AlmasB/FXGL/discussions
21:32:10.276 [JavaFX Application Thread] INFO  Engine               -              Join the FXGL chat at: https://gitter.im/AlmasB/FXGL
21:32:10.405 [JavaFX Application Thread] DEBUG PrimaryStageWindow   - Creating a JavaFX scene
21:32:10.485 [JavaFX Application Thread] DEBUG PrimaryStageWindow   - Target settings size: 1000.0 x 600.0
21:32:10.485 [JavaFX Application Thread] DEBUG PrimaryStageWindow   - Scaled scene size:    1000.0 x 600.0
21:32:10.486 [JavaFX Application Thread] DEBUG PrimaryStageWindow   - Scaled ratio: (1.0, 1.0)
21:32:10.487 [JavaFX Application Thread] DEBUG PrimaryStageWindow   - Set initial scene to FXGLStartupScene
21:32:10.501 [JavaFX Application Thread] DEBUG PrimaryStageWindow   - Opening main window
21:32:10.627 [JavaFX Application Thread] DEBUG PrimaryStageWindow   - Window border size: (14.66668701171875, 37.33331298828125)
21:32:10.627 [JavaFX Application Thread] DEBUG PrimaryStageWindow   - Scaled size: 1000.0 x 600.0
21:32:10.627 [JavaFX Application Thread] DEBUG PrimaryStageWindow   - Scaled ratio: (1.0, 1.0)
21:32:10.627 [JavaFX Application Thread] DEBUG PrimaryStageWindow   - Scene size: 1000.0 x 600.0
21:32:10.627 [JavaFX Application Thread] DEBUG PrimaryStageWindow   - Stage size: 1014.6666870117188 x 637.3333129882812
21:32:10.639 [FXGL Background Thread 1 ] DEBUG Engine               - Initializing environment variables
21:32:10.696 [FXGL Background Thread 1 ] DEBUG FXGLAssetLoaderServi - User app class for loading assets: class org.example.Main
21:32:10.696 [FXGL Background Thread 1 ] DEBUG GameApplicationServi - Applying CSS: fxgl_dark.css
21:32:10.697 [FXGL Background Thread 1 ] DEBUG FXGLAssetLoaderServi - Loading from file system: jar:file:/C:/Users/100070997/.m2/repository/com/github/almasb/fxgl/17.1/fxgl-17.1.jar!/fxglassets/ui/css/fxgl_dark.css
21:32:10.769 [FXGL Background Thread 1 ] DEBUG GameApplicationServi - Initializing application scenes
21:32:10.840 [FXGL Background Thread 1 ] DEBUG GameWorld            - Game world initialized
21:32:10.926 [FXGL Background Thread 1 ] DEBUG PhysicsWorld         - Physics world initialized: appHeight=600, physics.ppm=50.0
21:32:10.927 [FXGL Background Thread 1 ] DEBUG PhysicsWorld         - Using strategy: BRUTE_FORCE
21:32:10.936 [FXGL Background Thread 1 ] DEBUG GameScene            - Game scene initialized: 1000x600
21:32:10.959 [FXGL Background Thread 1 ] DEBUG FXGL.DefaultMenu     - createMenuBodyGameMenu()
21:32:10.989 [FXGL Background Thread 1 ] DEBUG FXGL.DefaultMenu     - createOptionsMenu()
21:32:11.011 [FXGL Background Thread 1 ] DEBUG FXGLAssetLoaderServi - Loading from file system: jar:file:/C:/Users/100070997/.m2/repository/com/github/almasb/fxgl/17.1/fxgl-17.1.jar!/fxglassets/textures/particles/smoke.png
21:32:11.123 [FXGL Background Thread 1 ] DEBUG FXGLAssetLoaderServi - Loading from file system: jar:file:/C:/Users/100070997/.m2/repository/com/github/almasb/fxgl/17.1/fxgl-17.1.jar!/fxglassets/textures/particles/trace_horizontal.png
21:32:11.159 [FXGL Background Thread 1 ] DEBUG GameApplicationServi - Application scenes initialized
21:32:11.175 [FXGL Background Thread 1 ] DEBUG SystemBundleService  - Loading FXGL system data
21:32:11.182 [FXGL Background Thread 1 ] DEBUG FileSystemAccess     - Reading from: C:\Users\100070997\Desktop\restaurant_simulator\system\fxgl.bundle
21:32:11.189 [FXGL Background Thread 1 ] DEBUG SystemBundleService  - Bundle FXGL: {}
21:32:11.189 [FXGL Background Thread 1 ] DEBUG UpdaterService       - Checking for updates
21:32:11.195 [FXGL Background Thread 4 ] DEBUG FXGLApplication      - Loading fonts
21:32:11.196 [FXGL Background Thread 4 ] DEBUG FXGLAssetLoaderServi - Loading from file system: jar:file:/C:/Users/100070997/.m2/repository/com/github/almasb/fxgl/17.1/fxgl-17.1.jar!/fxglassets/ui/fonts/VarelaRound-Regular.ttf
21:32:11.196 [FXGL Background Thread 1 ] DEBUG FXGLApplication      - Loading default localization
21:32:11.197 [FXGL Background Thread 1 ] DEBUG FXGLAssetLoaderServi - Loading from file system: jar:file:/C:/Users/100070997/.m2/repository/com/github/almasb/fxgl/17.1/fxgl-17.1.jar!/fxglassets/languages/english.lang
21:32:11.225 [FXGL Background Thread 1 ] INFO  FXGLApplication      - FXGL initialization took: 0.586 sec
21:32:11.228 [JavaFX Application Thread] DEBUG FXGLAssetLoaderServi - Loading from file system: jar:file:/C:/Users/100070997/.m2/repository/com/github/almasb/fxgl/17.1/fxgl-17.1.jar!/fxglassets/textures/fxgl_icon.png
21:32:11.258 [JavaFX Application Thread] DEBUG FXGLAssetLoaderServi - Loading from file system: jar:file:/C:/Users/100070997/.m2/repository/com/github/almasb/fxgl/17.1/fxgl-17.1.jar!/fxglassets/textures/fxgl_default_cursor.png
21:32:11.276 [JavaFX Application Thread] DEBUG Input                - Registered new binding: Screenshot - CTRL+8
21:32:11.277 [JavaFX Application Thread] DEBUG Input                - Registered new binding: System info dump - CTRL+9
21:32:11.278 [JavaFX Application Thread] DEBUG Input                - Registered new binding: Restart - CTRL+R
21:32:11.278 [JavaFX Application Thread] DEBUG Input                - Registered new binding: Toggle Debug Camera - CTRL+7
21:32:11.282 [JavaFX Application Thread] DEBUG LoopRunner           - Starting loop
21:32:11.282 [JavaFX Application Thread] DEBUG LoopRunner           - Initializing JavaFX AnimationTimerLoop
21:32:11.285 [JavaFX Application Thread] DEBUG GameApplicationServi - Starting new game
21:32:11.286 [JavaFX Application Thread] DEBUG Input                - Clearing active input actions
21:32:11.301 [JavaFX Application Thread] DEBUG GameApplicationServi - Removing overlay from FXGLStartupScene and adding to FXGLLoadingScene
21:32:11.302 [JavaFX Application Thread] DEBUG PrimaryStageWindow   - FXGLStartupScene -> FXGLLoadingScene
21:32:11.302 [JavaFX Application Thread] DEBUG GameApplicationServi - Clearing previous game
21:32:11.302 [JavaFX Application Thread] DEBUG GameScene            - Clearing game scene
21:32:11.302 [JavaFX Application Thread] DEBUG GameWorld            - Clearing game world
21:32:11.302 [JavaFX Application Thread] DEBUG PhysicsWorld         - Clearing physics world
21:32:11.305 [FXGL Background Thread 1 ] DEBUG FXGLApplication      - Initializing game
21:32:11.320 [FXGL Background Thread 4 ] DEBUG FXGLAssetLoaderServi - Loading from file system: jar:file:/C:/Users/100070997/.m2/repository/com/github/almasb/fxgl/17.1/fxgl-17.1.jar!/fxglassets/ui/fonts/Abel-Regular.ttf
21:32:11.339 [FXGL Background Thread 4 ] DEBUG FXGLAssetLoaderServi - Loading from file system: jar:file:/C:/Users/100070997/.m2/repository/com/github/almasb/fxgl/17.1/fxgl-17.1.jar!/fxglassets/ui/fonts/TerminalLandMono-Regular.otf
21:32:11.359 [FXGL Background Thread 4 ] DEBUG FXGLAssetLoaderServi - Loading from file system: jar:file:/C:/Users/100070997/.m2/repository/com/github/almasb/fxgl/17.1/fxgl-17.1.jar!/fxglassets/ui/fonts/Courier-Prime.ttf
21:32:11.392 [JavaFX Application Thread] DEBUG FXGLApplication      - Registering font factories with UI factory
21:32:11.990 [FXGL Background Thread 1 ] INFO  FXGLApplication      - Game initialization took: 0.685 sec
21:32:11.991 [JavaFX Application Thread] DEBUG Input                - Clearing active input actions
21:32:12.024 [JavaFX Application Thread] DEBUG GameApplicationServi - Removing overlay from FXGLLoadingScene and adding to GameScene
21:32:12.025 [JavaFX Application Thread] DEBUG PrimaryStageWindow   - FXGLLoadingScene -> GameScene
21:32:12.155 [FXGL Background Thread 2 ] INFO  UpdaterService       - Your current version:  17.1
21:32:12.163 [FXGL Background Thread 2 ] INFO  UpdaterService       - Latest stable version: 21.1
21:32:14.194 [FXGL Background Thread 3 ] DEBUG Engine               - Logging environment variables
21:32:14.194 [FXGL Background Thread 3 ] DEBUG Engine               - achievements: []
21:32:14.195 [FXGL Background Thread 3 ] DEBUG Engine               - actualHeight: 600.0
21:32:14.195 [FXGL Background Thread 3 ] DEBUG Engine               - actualHeightProperty: ReadOnlyDoubleProperty [value: 600.0]
21:32:14.195 [FXGL Background Thread 3 ] DEBUG Engine               - actualWidth: 1000.0
21:32:14.195 [FXGL Background Thread 3 ] DEBUG Engine               - actualWidthProperty: ReadOnlyDoubleProperty [value: 1000.0]
21:32:14.195 [FXGL Background Thread 3 ] DEBUG Engine               - appIcon: fxgl_icon.png
21:32:14.197 [FXGL Background Thread 3 ] DEBUG Engine               - applicationMode: DEVELOPER
21:32:14.197 [FXGL Background Thread 3 ] DEBUG Engine               - cSSList: [fxgl_dark.css]
21:32:14.197 [FXGL Background Thread 3 ] DEBUG Engine               - collisionDetectionStrategy: BRUTE_FORCE
21:32:14.197 [FXGL Background Thread 3 ] DEBUG Engine               - configClass: Optional.empty
21:32:14.197 [FXGL Background Thread 3 ] DEBUG Engine               - credits: []
21:32:14.198 [FXGL Background Thread 3 ] DEBUG Engine               - defaultCursor: CursorInfo(imageName=fxgl_default_cursor.png, hotspotX=7.0, hotspotY=6.0)
21:32:14.200 [FXGL Background Thread 3 ] DEBUG Engine               - devBBoxColorProperty: ObjectProperty [value: 0xff0000ff]
21:32:14.200 [FXGL Background Thread 3 ] DEBUG Engine               - devEnableDebugCameraProperty: BooleanProperty [value: false]
21:32:14.200 [FXGL Background Thread 3 ] DEBUG Engine               - devSensorColorProperty: ObjectProperty [value: 0xffff00ff]
21:32:14.201 [FXGL Background Thread 3 ] DEBUG Engine               - devShowBBoxProperty: BooleanProperty [value: false]
21:32:14.201 [FXGL Background Thread 3 ] DEBUG Engine               - devShowPositionProperty: BooleanProperty [value: false]
21:32:14.201 [FXGL Background Thread 3 ] DEBUG Engine               - enabledMenuItems: []
21:32:14.201 [FXGL Background Thread 3 ] DEBUG Engine               - engineServices: [class com.almasb.fxgl.app.services.FXGLAssetLoaderService, class com.almasb.fxgl.app.FXGLApplication$GameApplicationService, class com.almasb.fxgl.app.services.FXGLDialogService, class com.almasb.fxgl.app.services.IOTaskExecutorService, class com.almasb.fxgl.io.FileSystemService, class com.almasb.fxgl.localization.LocalizationService, class com.almasb.fxgl.app.services.SystemBundleService, class com.almasb.fxgl.profile.SaveLoadService, class com.almasb.fxgl.ui.FXGLUIFactoryServiceProvider, class com.almasb.fxgl.ui.FXGLDialogFactoryServiceProvider, class com.almasb.fxgl.audio.AudioPlayer, class com.almasb.fxgl.notification.impl.NotificationServiceProvider, class com.almasb.fxgl.achievement.AchievementService, class com.almasb.fxgl.cutscene.CutsceneService, class com.almasb.fxgl.minigames.MiniGameService, class com.almasb.fxgl.net.NetService, class com.almasb.fxgl.app.services.UpdaterService, class com.almasb.fxgl.dev.DevService]
21:32:14.201 [FXGL Background Thread 3 ] DEBUG Engine               - fontGame: Abel-Regular.ttf
21:32:14.201 [FXGL Background Thread 3 ] DEBUG Engine               - fontMono: TerminalLandMono-Regular.otf
21:32:14.202 [FXGL Background Thread 3 ] DEBUG Engine               - fontText: Courier-Prime.ttf
21:32:14.202 [FXGL Background Thread 3 ] DEBUG Engine               - fontUI: VarelaRound-Regular.ttf
21:32:14.202 [FXGL Background Thread 3 ] DEBUG Engine               - fullScreen: BooleanProperty [value: false]
21:32:14.202 [FXGL Background Thread 3 ] DEBUG Engine               - gameDifficulty: MEDIUM
21:32:14.202 [FXGL Background Thread 3 ] DEBUG Engine               - gameDifficultyProperty: ObjectProperty [value: MEDIUM]
21:32:14.202 [FXGL Background Thread 3 ] DEBUG Engine               - globalMusicVolume: 0.5
21:32:14.204 [FXGL Background Thread 3 ] DEBUG Engine               - globalMusicVolumeProperty: DoubleProperty [value: 0.5]
21:32:14.204 [FXGL Background Thread 3 ] DEBUG Engine               - globalSoundVolume: 0.5
21:32:14.204 [FXGL Background Thread 3 ] DEBUG Engine               - globalSoundVolumeProperty: DoubleProperty [value: 0.5]
21:32:14.204 [FXGL Background Thread 3 ] DEBUG Engine               - height: 600
21:32:14.204 [FXGL Background Thread 3 ] DEBUG Engine               - is3D: false
21:32:14.204 [FXGL Background Thread 3 ] DEBUG Engine               - isAndroid: false
21:32:14.205 [FXGL Background Thread 3 ] DEBUG Engine               - isBrowser: false
21:32:14.205 [FXGL Background Thread 3 ] DEBUG Engine               - isClickFeedbackEnabled: false
21:32:14.205 [FXGL Background Thread 3 ] DEBUG Engine               - isCloseConfirmation: false
21:32:14.205 [FXGL Background Thread 3 ] DEBUG Engine               - isDesktop: true
21:32:14.205 [FXGL Background Thread 3 ] DEBUG Engine               - isDeveloperMenuEnabled: false
21:32:14.205 [FXGL Background Thread 3 ] DEBUG Engine               - isEmbedded: false
21:32:14.205 [FXGL Background Thread 3 ] DEBUG Engine               - isEntityPreloadEnabled: true
21:32:14.206 [FXGL Background Thread 3 ] DEBUG Engine               - isExperimentalTiledLargeMap: false
21:32:14.206 [FXGL Background Thread 3 ] DEBUG Engine               - isFileSystemWriteAllowed: true
21:32:14.206 [FXGL Background Thread 3 ] DEBUG Engine               - isFullScreenAllowed: false
21:32:14.206 [FXGL Background Thread 3 ] DEBUG Engine               - isFullScreenFromStart: false
21:32:14.206 [FXGL Background Thread 3 ] DEBUG Engine               - isGameMenuEnabled: true
21:32:14.206 [FXGL Background Thread 3 ] DEBUG Engine               - isIOS: false
21:32:14.206 [FXGL Background Thread 3 ] DEBUG Engine               - isIntroEnabled: false
21:32:14.207 [FXGL Background Thread 3 ] DEBUG Engine               - isLinux: false
21:32:14.207 [FXGL Background Thread 3 ] DEBUG Engine               - isMac: false
21:32:14.207 [FXGL Background Thread 3 ] DEBUG Engine               - isMainMenuEnabled: false
21:32:14.207 [FXGL Background Thread 3 ] DEBUG Engine               - isManualResizeEnabled: false
21:32:14.207 [FXGL Background Thread 3 ] DEBUG Engine               - isMobile: false
21:32:14.207 [FXGL Background Thread 3 ] DEBUG Engine               - isNative: false
21:32:14.207 [FXGL Background Thread 3 ] DEBUG Engine               - isPauseMusicWhenMinimized: true
21:32:14.208 [FXGL Background Thread 3 ] DEBUG Engine               - isPreserveResizeRatio: false
21:32:14.208 [FXGL Background Thread 3 ] DEBUG Engine               - isProfilingEnabled: false
21:32:14.208 [FXGL Background Thread 3 ] DEBUG Engine               - isScaleAffectedOnResize: true
21:32:14.208 [FXGL Background Thread 3 ] DEBUG Engine               - isSingleStep: false
21:32:14.208 [FXGL Background Thread 3 ] DEBUG Engine               - isUserProfileEnabled: false
21:32:14.208 [FXGL Background Thread 3 ] DEBUG Engine               - isWindows: true
21:32:14.208 [FXGL Background Thread 3 ] DEBUG Engine               - language: ObjectProperty [value: ENGLISH]
21:32:14.208 [FXGL Background Thread 3 ] DEBUG Engine               - menuKey: ESCAPE
21:32:14.208 [FXGL Background Thread 3 ] DEBUG Engine               - mouseSensitivity: 0.2
21:32:14.209 [FXGL Background Thread 3 ] DEBUG Engine               - notificationViewClass: class com.almasb.fxgl.notification.view.XboxNotificationView
21:32:14.209 [FXGL Background Thread 3 ] DEBUG Engine               - pixelsPerMeter: 50.0
21:32:14.209 [FXGL Background Thread 3 ] DEBUG Engine               - platform: WINDOWS
21:32:14.209 [FXGL Background Thread 3 ] DEBUG Engine               - prefHeightProperty: ReadOnlyDoubleProperty [value: 600.0]
21:32:14.209 [FXGL Background Thread 3 ] DEBUG Engine               - prefWidthProperty: ReadOnlyDoubleProperty [value: 1000.0]
21:32:14.209 [FXGL Background Thread 3 ] DEBUG Engine               - profileDir: profiles/
21:32:14.210 [FXGL Background Thread 3 ] DEBUG Engine               - profileName: StringProperty [value: DEFAULT]
21:32:14.210 [FXGL Background Thread 3 ] DEBUG Engine               - randomSeed: -1
21:32:14.210 [FXGL Background Thread 3 ] DEBUG Engine               - runtimeInfo: RuntimeInfo(platform=WINDOWS, version=17.1, build=24.03.2022 17.34)
21:32:14.211 [FXGL Background Thread 3 ] DEBUG Engine               - saveFileExt: sav
21:32:14.211 [FXGL Background Thread 3 ] DEBUG Engine               - scaledHeightProp$fxgl: DoubleProperty [bound, value: 600.0]
21:32:14.211 [FXGL Background Thread 3 ] DEBUG Engine               - scaledWidthProp$fxgl: DoubleProperty [bound, value: 1000.0]
21:32:14.211 [FXGL Background Thread 3 ] DEBUG Engine               - sceneFactory: com.almasb.fxgl.app.scene.SceneFactory@1493f1c3
21:32:14.211 [FXGL Background Thread 3 ] DEBUG Engine               - secondsIn24h: 60
21:32:14.212 [FXGL Background Thread 3 ] DEBUG Engine               - soundMenuBack: menu/back.wav
21:32:14.212 [FXGL Background Thread 3 ] DEBUG Engine               - soundMenuPress: menu/press.wav
21:32:14.212 [FXGL Background Thread 3 ] DEBUG Engine               - soundMenuSelect: menu/select.wav
21:32:14.212 [FXGL Background Thread 3 ] DEBUG Engine               - soundNotification: core/notification.wav
21:32:14.212 [FXGL Background Thread 3 ] DEBUG Engine               - stageStyle: DECORATED
21:32:14.212 [FXGL Background Thread 3 ] DEBUG Engine               - supportedLanguages: [ENGLISH, FRENCH, GERMAN, HUNGARIAN, RUSSIAN]
21:32:14.212 [FXGL Background Thread 3 ] DEBUG Engine               - ticksPerSecond: -1
21:32:14.212 [FXGL Background Thread 3 ] DEBUG Engine               - title: Gestión de Áreas
21:32:14.212 [FXGL Background Thread 3 ] DEBUG Engine               - urlGithub: https://github.com/AlmasB/FXGL
21:32:14.213 [FXGL Background Thread 3 ] DEBUG Engine               - urlLeaderboard: http://fxgl-top.herokuapp.com/
21:32:14.213 [FXGL Background Thread 3 ] DEBUG Engine               - urlPOM: https://raw.githubusercontent.com/AlmasB/FXGL/release/README.md
21:32:14.213 [FXGL Background Thread 3 ] DEBUG Engine               - userAppClass: class org.example.Main
21:32:14.213 [FXGL Background Thread 3 ] DEBUG Engine               - version: 1.0
21:32:14.213 [FXGL Background Thread 3 ] DEBUG Engine               - versionCheckDays: 7
21:32:14.213 [FXGL Background Thread 3 ] DEBUG Engine               - width: 1000
21:32:14.213 [FXGL Background Thread 3 ] DEBUG Engine               - Logging services
21:32:14.213 [FXGL Background Thread 3 ] DEBUG Engine               - class com.almasb.fxgl.app.services.FXGLAssetLoaderService
21:32:14.214 [FXGL Background Thread 3 ] DEBUG Engine               - class com.almasb.fxgl.app.FXGLApplication$GameApplicationService
21:32:14.214 [FXGL Background Thread 3 ] DEBUG Engine               - class com.almasb.fxgl.app.services.FXGLDialogService
21:32:14.214 [FXGL Background Thread 3 ] DEBUG Engine               - class com.almasb.fxgl.app.services.IOTaskExecutorService
21:32:14.214 [FXGL Background Thread 3 ] DEBUG Engine               - class com.almasb.fxgl.io.FileSystemService
21:32:14.214 [FXGL Background Thread 3 ] DEBUG Engine               - class com.almasb.fxgl.localization.LocalizationService
21:32:14.215 [FXGL Background Thread 3 ] DEBUG Engine               - class com.almasb.fxgl.app.services.SystemBundleService
21:32:14.215 [FXGL Background Thread 3 ] DEBUG Engine               - class com.almasb.fxgl.profile.SaveLoadService
21:32:14.215 [FXGL Background Thread 3 ] DEBUG Engine               - class com.almasb.fxgl.ui.FXGLUIFactoryServiceProvider
21:32:14.216 [FXGL Background Thread 3 ] DEBUG Engine               - class com.almasb.fxgl.ui.FXGLDialogFactoryServiceProvider
21:32:14.216 [FXGL Background Thread 3 ] DEBUG Engine               - class com.almasb.fxgl.audio.AudioPlayer
21:32:14.217 [FXGL Background Thread 3 ] DEBUG Engine               - class com.almasb.fxgl.notification.impl.NotificationServiceProvider
21:32:14.217 [FXGL Background Thread 3 ] DEBUG Engine               - class com.almasb.fxgl.achievement.AchievementService
21:32:14.217 [FXGL Background Thread 3 ] DEBUG Engine               - class com.almasb.fxgl.cutscene.CutsceneService
21:32:14.217 [FXGL Background Thread 3 ] DEBUG Engine               - class com.almasb.fxgl.minigames.MiniGameService
21:32:14.217 [FXGL Background Thread 3 ] DEBUG Engine               - class com.almasb.fxgl.net.NetService
21:32:14.217 [FXGL Background Thread 3 ] DEBUG Engine               - class com.almasb.fxgl.app.services.UpdaterService
21:32:14.217 [FXGL Background Thread 3 ] DEBUG Engine               - class com.almasb.fxgl.dev.DevService
21:32:56.644 [JavaFX Application Thread] DEBUG FXGLApplication      - Exiting FXGL
21:32:56.644 [JavaFX Application Thread] DEBUG LoopRunner           - Stopping loop
21:32:56.644 [JavaFX Application Thread] DEBUG SystemBundleService  - Saving FXGL system data
21:32:56.646 [JavaFX Application Thread] DEBUG FileSystemAccess     - Writing to: C:\Users\100070997\Desktop\restaurant_simulator\system\fxgl.bundle
21:32:56.649 [JavaFX Application Thread] DEBUG Async                - Shutting down background threads
21:32:56.649 [JavaFX Application Thread] DEBUG PrimaryStageWindow   - Closing main window
21:32:56.666 [JavaFX Application Thread] DEBUG Logger               - Closing Logger
