15:14:10.288 [main                     ] DEBUG Logger               - Configured Logger
15:14:10.366 [main                     ] DEBUG GameApplication      - Logging settings
Title: Gestión de Áreas
Version: 1.0
Width: 1000
Height: 600
Fullscreen: false
Intro: false
Profiling: false
Single step:false
App Mode: DEVELOPER
Menu Key: ESCAPE
Stage Style: DECORATED
Scene Factory: class com.almasb.fxgl.app.scene.SceneFactory

15:14:11.316 [JavaFX Application Thread] DEBUG FXGLApplication      - Initializing FXGL
15:14:11.340 [JavaFX Application Thread] INFO  Engine               - FXGL-17.1 (24.03.2022 17.34) on WINDOWS (J:17.0.5 FX:18)
15:14:11.342 [JavaFX Application Thread] DEBUG Engine               - JRE Vendor Name: Eclipse Adoptium
15:14:11.343 [JavaFX Application Thread] DEBUG Engine               - Running on OS: Windows 11 version 10.0
15:14:11.343 [JavaFX Application Thread] DEBUG Engine               - Architecture: amd64
15:14:11.344 [JavaFX Application Thread] INFO  Engine               - Source code and latest versions at: https://github.com/AlmasB/FXGL
15:14:11.345 [JavaFX Application Thread] INFO  Engine               -       Ask questions and discuss at: https://github.com/AlmasB/FXGL/discussions
15:14:11.346 [JavaFX Application Thread] INFO  Engine               -              Join the FXGL chat at: https://gitter.im/AlmasB/FXGL
15:14:11.627 [JavaFX Application Thread] DEBUG PrimaryStageWindow   - Creating a JavaFX scene
15:14:11.725 [JavaFX Application Thread] DEBUG PrimaryStageWindow   - Target settings size: 1000.0 x 600.0
15:14:11.726 [JavaFX Application Thread] DEBUG PrimaryStageWindow   - Scaled scene size:    1000.0 x 600.0
15:14:11.726 [JavaFX Application Thread] DEBUG PrimaryStageWindow   - Scaled ratio: (1.0, 1.0)
15:14:11.729 [JavaFX Application Thread] DEBUG PrimaryStageWindow   - Set initial scene to FXGLStartupScene
15:14:11.749 [JavaFX Application Thread] DEBUG PrimaryStageWindow   - Opening main window
15:14:11.915 [JavaFX Application Thread] DEBUG PrimaryStageWindow   - Window border size: (14.66668701171875, 37.33331298828125)
15:14:11.916 [JavaFX Application Thread] DEBUG PrimaryStageWindow   - Scaled size: 1000.0 x 600.0
15:14:11.916 [JavaFX Application Thread] DEBUG PrimaryStageWindow   - Scaled ratio: (1.0, 1.0)
15:14:11.917 [JavaFX Application Thread] DEBUG PrimaryStageWindow   - Scene size: 1000.0 x 600.0
15:14:11.917 [JavaFX Application Thread] DEBUG PrimaryStageWindow   - Stage size: 1014.6666870117188 x 637.3333129882812
15:14:11.932 [FXGL Background Thread 1 ] DEBUG Engine               - Initializing environment variables
15:14:12.019 [FXGL Background Thread 1 ] DEBUG FXGLAssetLoaderServi - User app class for loading assets: class org.example.Main
15:14:12.020 [FXGL Background Thread 1 ] DEBUG GameApplicationServi - Applying CSS: fxgl_dark.css
15:14:12.023 [FXGL Background Thread 1 ] DEBUG FXGLAssetLoaderServi - Loading from file system: jar:file:/C:/Users/100070997/.m2/repository/com/github/almasb/fxgl/17.1/fxgl-17.1.jar!/fxglassets/ui/css/fxgl_dark.css
15:14:12.147 [FXGL Background Thread 1 ] DEBUG GameApplicationServi - Initializing application scenes
15:14:12.230 [FXGL Background Thread 1 ] DEBUG GameWorld            - Game world initialized
15:14:12.363 [FXGL Background Thread 1 ] DEBUG PhysicsWorld         - Physics world initialized: appHeight=600, physics.ppm=50.0
15:14:12.363 [FXGL Background Thread 1 ] DEBUG PhysicsWorld         - Using strategy: BRUTE_FORCE
15:14:12.374 [FXGL Background Thread 1 ] DEBUG GameScene            - Game scene initialized: 1000x600
15:14:12.406 [FXGL Background Thread 1 ] DEBUG FXGL.DefaultMenu     - createMenuBodyGameMenu()
15:14:12.447 [FXGL Background Thread 1 ] DEBUG FXGL.DefaultMenu     - createOptionsMenu()
15:14:12.472 [FXGL Background Thread 1 ] DEBUG FXGLAssetLoaderServi - Loading from file system: jar:file:/C:/Users/100070997/.m2/repository/com/github/almasb/fxgl/17.1/fxgl-17.1.jar!/fxglassets/textures/particles/smoke.png
15:14:12.662 [FXGL Background Thread 1 ] DEBUG FXGLAssetLoaderServi - Loading from file system: jar:file:/C:/Users/100070997/.m2/repository/com/github/almasb/fxgl/17.1/fxgl-17.1.jar!/fxglassets/textures/particles/trace_horizontal.png
15:14:12.722 [FXGL Background Thread 1 ] DEBUG GameApplicationServi - Application scenes initialized
15:14:12.743 [FXGL Background Thread 1 ] DEBUG SystemBundleService  - Loading FXGL system data
15:14:12.750 [FXGL Background Thread 1 ] DEBUG FileSystemAccess     - Reading from: C:\Users\100070997\Desktop\restaurant_simulator\system\fxgl.bundle
15:14:12.760 [FXGL Background Thread 1 ] DEBUG SystemBundleService  - Bundle FXGL: {}
15:14:12.760 [FXGL Background Thread 1 ] DEBUG UpdaterService       - Checking for updates
15:14:12.767 [FXGL Background Thread 4 ] DEBUG FXGLApplication      - Loading fonts
15:14:12.767 [FXGL Background Thread 4 ] DEBUG FXGLAssetLoaderServi - Loading from file system: jar:file:/C:/Users/100070997/.m2/repository/com/github/almasb/fxgl/17.1/fxgl-17.1.jar!/fxglassets/ui/fonts/VarelaRound-Regular.ttf
15:14:12.767 [FXGL Background Thread 1 ] DEBUG FXGLApplication      - Loading default localization
15:14:12.768 [FXGL Background Thread 1 ] DEBUG FXGLAssetLoaderServi - Loading from file system: jar:file:/C:/Users/100070997/.m2/repository/com/github/almasb/fxgl/17.1/fxgl-17.1.jar!/fxglassets/languages/english.lang
15:14:12.815 [FXGL Background Thread 1 ] INFO  FXGLApplication      - FXGL initialization took: 0.883 sec
15:14:12.817 [JavaFX Application Thread] DEBUG FXGLAssetLoaderServi - Loading from file system: jar:file:/C:/Users/100070997/.m2/repository/com/github/almasb/fxgl/17.1/fxgl-17.1.jar!/fxglassets/textures/fxgl_icon.png
15:14:12.869 [JavaFX Application Thread] DEBUG FXGLAssetLoaderServi - Loading from file system: jar:file:/C:/Users/100070997/.m2/repository/com/github/almasb/fxgl/17.1/fxgl-17.1.jar!/fxglassets/textures/fxgl_default_cursor.png
15:14:12.900 [JavaFX Application Thread] DEBUG Input                - Registered new binding: Screenshot - CTRL+8
15:14:12.901 [JavaFX Application Thread] DEBUG Input                - Registered new binding: System info dump - CTRL+9
15:14:12.905 [JavaFX Application Thread] DEBUG Input                - Registered new binding: Restart - CTRL+R
15:14:12.907 [JavaFX Application Thread] DEBUG Input                - Registered new binding: Toggle Debug Camera - CTRL+7
15:14:12.913 [JavaFX Application Thread] DEBUG LoopRunner           - Starting loop
15:14:12.913 [JavaFX Application Thread] DEBUG LoopRunner           - Initializing JavaFX AnimationTimerLoop
15:14:12.918 [JavaFX Application Thread] DEBUG GameApplicationServi - Starting new game
15:14:12.919 [JavaFX Application Thread] DEBUG Input                - Clearing active input actions
15:14:12.933 [FXGL Background Thread 4 ] DEBUG FXGLAssetLoaderServi - Loading from file system: jar:file:/C:/Users/100070997/.m2/repository/com/github/almasb/fxgl/17.1/fxgl-17.1.jar!/fxglassets/ui/fonts/Abel-Regular.ttf
15:14:12.943 [JavaFX Application Thread] DEBUG GameApplicationServi - Removing overlay from FXGLStartupScene and adding to FXGLLoadingScene
15:14:12.943 [JavaFX Application Thread] DEBUG PrimaryStageWindow   - FXGLStartupScene -> FXGLLoadingScene
15:14:12.944 [JavaFX Application Thread] DEBUG GameApplicationServi - Clearing previous game
15:14:12.944 [JavaFX Application Thread] DEBUG GameScene            - Clearing game scene
15:14:12.944 [JavaFX Application Thread] DEBUG GameWorld            - Clearing game world
15:14:12.944 [JavaFX Application Thread] DEBUG PhysicsWorld         - Clearing physics world
15:14:12.947 [FXGL Background Thread 1 ] DEBUG FXGLApplication      - Initializing game
15:14:12.962 [FXGL Background Thread 4 ] DEBUG FXGLAssetLoaderServi - Loading from file system: jar:file:/C:/Users/100070997/.m2/repository/com/github/almasb/fxgl/17.1/fxgl-17.1.jar!/fxglassets/ui/fonts/TerminalLandMono-Regular.otf
15:14:12.986 [FXGL Background Thread 4 ] DEBUG FXGLAssetLoaderServi - Loading from file system: jar:file:/C:/Users/100070997/.m2/repository/com/github/almasb/fxgl/17.1/fxgl-17.1.jar!/fxglassets/ui/fonts/Courier-Prime.ttf
15:14:13.032 [JavaFX Application Thread] DEBUG FXGLApplication      - Registering font factories with UI factory
15:14:13.611 [FXGL Background Thread 2 ] INFO  UpdaterService       - Your current version:  17.1
15:14:13.613 [FXGL Background Thread 2 ] INFO  UpdaterService       - Latest stable version: 21.1
15:14:13.617 [FXGL Background Thread 1 ] INFO  FXGLApplication      - Game initialization took: 0.668 sec
15:14:13.618 [JavaFX Application Thread] DEBUG Input                - Clearing active input actions
15:14:13.651 [JavaFX Application Thread] DEBUG GameApplicationServi - Removing overlay from FXGLLoadingScene and adding to GameScene
15:14:13.651 [JavaFX Application Thread] DEBUG PrimaryStageWindow   - FXGLLoadingScene -> GameScene
15:14:15.765 [FXGL Background Thread 3 ] DEBUG Engine               - Logging environment variables
15:14:15.767 [FXGL Background Thread 3 ] DEBUG Engine               - achievements: []
15:14:15.768 [FXGL Background Thread 3 ] DEBUG Engine               - actualHeight: 600.0
15:14:15.769 [FXGL Background Thread 3 ] DEBUG Engine               - actualHeightProperty: ReadOnlyDoubleProperty [value: 600.0]
15:14:15.769 [FXGL Background Thread 3 ] DEBUG Engine               - actualWidth: 1000.0
15:14:15.770 [FXGL Background Thread 3 ] DEBUG Engine               - actualWidthProperty: ReadOnlyDoubleProperty [value: 1000.0]
15:14:15.770 [FXGL Background Thread 3 ] DEBUG Engine               - appIcon: fxgl_icon.png
15:14:15.771 [FXGL Background Thread 3 ] DEBUG Engine               - applicationMode: DEVELOPER
15:14:15.771 [FXGL Background Thread 3 ] DEBUG Engine               - cSSList: [fxgl_dark.css]
15:14:15.772 [FXGL Background Thread 3 ] DEBUG Engine               - collisionDetectionStrategy: BRUTE_FORCE
15:14:15.772 [FXGL Background Thread 3 ] DEBUG Engine               - configClass: Optional.empty
15:14:15.773 [FXGL Background Thread 3 ] DEBUG Engine               - credits: []
15:14:15.774 [FXGL Background Thread 3 ] DEBUG Engine               - defaultCursor: CursorInfo(imageName=fxgl_default_cursor.png, hotspotX=7.0, hotspotY=6.0)
15:14:15.776 [FXGL Background Thread 3 ] DEBUG Engine               - devBBoxColorProperty: ObjectProperty [value: 0xff0000ff]
15:14:15.777 [FXGL Background Thread 3 ] DEBUG Engine               - devEnableDebugCameraProperty: BooleanProperty [value: false]
15:14:15.778 [FXGL Background Thread 3 ] DEBUG Engine               - devSensorColorProperty: ObjectProperty [value: 0xffff00ff]
15:14:15.779 [FXGL Background Thread 3 ] DEBUG Engine               - devShowBBoxProperty: BooleanProperty [value: false]
15:14:15.779 [FXGL Background Thread 3 ] DEBUG Engine               - devShowPositionProperty: BooleanProperty [value: false]
15:14:15.779 [FXGL Background Thread 3 ] DEBUG Engine               - enabledMenuItems: []
15:14:15.780 [FXGL Background Thread 3 ] DEBUG Engine               - engineServices: [class com.almasb.fxgl.app.services.FXGLAssetLoaderService, class com.almasb.fxgl.app.FXGLApplication$GameApplicationService, class com.almasb.fxgl.app.services.FXGLDialogService, class com.almasb.fxgl.app.services.IOTaskExecutorService, class com.almasb.fxgl.io.FileSystemService, class com.almasb.fxgl.localization.LocalizationService, class com.almasb.fxgl.app.services.SystemBundleService, class com.almasb.fxgl.profile.SaveLoadService, class com.almasb.fxgl.ui.FXGLUIFactoryServiceProvider, class com.almasb.fxgl.ui.FXGLDialogFactoryServiceProvider, class com.almasb.fxgl.audio.AudioPlayer, class com.almasb.fxgl.notification.impl.NotificationServiceProvider, class com.almasb.fxgl.achievement.AchievementService, class com.almasb.fxgl.cutscene.CutsceneService, class com.almasb.fxgl.minigames.MiniGameService, class com.almasb.fxgl.net.NetService, class com.almasb.fxgl.app.services.UpdaterService, class com.almasb.fxgl.dev.DevService]
15:14:15.780 [FXGL Background Thread 3 ] DEBUG Engine               - fontGame: Abel-Regular.ttf
15:14:15.781 [FXGL Background Thread 3 ] DEBUG Engine               - fontMono: TerminalLandMono-Regular.otf
15:14:15.781 [FXGL Background Thread 3 ] DEBUG Engine               - fontText: Courier-Prime.ttf
15:14:15.782 [FXGL Background Thread 3 ] DEBUG Engine               - fontUI: VarelaRound-Regular.ttf
15:14:15.782 [FXGL Background Thread 3 ] DEBUG Engine               - fullScreen: BooleanProperty [value: false]
15:14:15.783 [FXGL Background Thread 3 ] DEBUG Engine               - gameDifficulty: MEDIUM
15:14:15.783 [FXGL Background Thread 3 ] DEBUG Engine               - gameDifficultyProperty: ObjectProperty [value: MEDIUM]
15:14:15.784 [FXGL Background Thread 3 ] DEBUG Engine               - globalMusicVolume: 0.5
15:14:15.784 [FXGL Background Thread 3 ] DEBUG Engine               - globalMusicVolumeProperty: DoubleProperty [value: 0.5]
15:14:15.785 [FXGL Background Thread 3 ] DEBUG Engine               - globalSoundVolume: 0.5
15:14:15.786 [FXGL Background Thread 3 ] DEBUG Engine               - globalSoundVolumeProperty: DoubleProperty [value: 0.5]
15:14:15.786 [FXGL Background Thread 3 ] DEBUG Engine               - height: 600
15:14:15.787 [FXGL Background Thread 3 ] DEBUG Engine               - is3D: false
15:14:15.787 [FXGL Background Thread 3 ] DEBUG Engine               - isAndroid: false
15:14:15.788 [FXGL Background Thread 3 ] DEBUG Engine               - isBrowser: false
15:14:15.788 [FXGL Background Thread 3 ] DEBUG Engine               - isClickFeedbackEnabled: false
15:14:15.788 [FXGL Background Thread 3 ] DEBUG Engine               - isCloseConfirmation: false
15:14:15.789 [FXGL Background Thread 3 ] DEBUG Engine               - isDesktop: true
15:14:15.789 [FXGL Background Thread 3 ] DEBUG Engine               - isDeveloperMenuEnabled: false
15:14:15.790 [FXGL Background Thread 3 ] DEBUG Engine               - isEmbedded: false
15:14:15.790 [FXGL Background Thread 3 ] DEBUG Engine               - isEntityPreloadEnabled: true
15:14:15.791 [FXGL Background Thread 3 ] DEBUG Engine               - isExperimentalTiledLargeMap: false
15:14:15.791 [FXGL Background Thread 3 ] DEBUG Engine               - isFileSystemWriteAllowed: true
15:14:15.792 [FXGL Background Thread 3 ] DEBUG Engine               - isFullScreenAllowed: false
15:14:15.793 [FXGL Background Thread 3 ] DEBUG Engine               - isFullScreenFromStart: false
15:14:15.793 [FXGL Background Thread 3 ] DEBUG Engine               - isGameMenuEnabled: true
15:14:15.794 [FXGL Background Thread 3 ] DEBUG Engine               - isIOS: false
15:14:15.794 [FXGL Background Thread 3 ] DEBUG Engine               - isIntroEnabled: false
15:14:15.795 [FXGL Background Thread 3 ] DEBUG Engine               - isLinux: false
15:14:15.795 [FXGL Background Thread 3 ] DEBUG Engine               - isMac: false
15:14:15.796 [FXGL Background Thread 3 ] DEBUG Engine               - isMainMenuEnabled: false
15:14:15.796 [FXGL Background Thread 3 ] DEBUG Engine               - isManualResizeEnabled: false
15:14:15.797 [FXGL Background Thread 3 ] DEBUG Engine               - isMobile: false
15:14:15.797 [FXGL Background Thread 3 ] DEBUG Engine               - isNative: false
15:14:15.798 [FXGL Background Thread 3 ] DEBUG Engine               - isPauseMusicWhenMinimized: true
15:14:15.798 [FXGL Background Thread 3 ] DEBUG Engine               - isPreserveResizeRatio: false
15:14:15.799 [FXGL Background Thread 3 ] DEBUG Engine               - isProfilingEnabled: false
15:14:15.800 [FXGL Background Thread 3 ] DEBUG Engine               - isScaleAffectedOnResize: true
15:14:15.800 [FXGL Background Thread 3 ] DEBUG Engine               - isSingleStep: false
15:14:15.801 [FXGL Background Thread 3 ] DEBUG Engine               - isUserProfileEnabled: false
15:14:15.801 [FXGL Background Thread 3 ] DEBUG Engine               - isWindows: true
15:14:15.802 [FXGL Background Thread 3 ] DEBUG Engine               - language: ObjectProperty [value: ENGLISH]
15:14:15.802 [FXGL Background Thread 3 ] DEBUG Engine               - menuKey: ESCAPE
15:14:15.802 [FXGL Background Thread 3 ] DEBUG Engine               - mouseSensitivity: 0.2
15:14:15.803 [FXGL Background Thread 3 ] DEBUG Engine               - notificationViewClass: class com.almasb.fxgl.notification.view.XboxNotificationView
15:14:15.803 [FXGL Background Thread 3 ] DEBUG Engine               - pixelsPerMeter: 50.0
15:14:15.804 [FXGL Background Thread 3 ] DEBUG Engine               - platform: WINDOWS
15:14:15.804 [FXGL Background Thread 3 ] DEBUG Engine               - prefHeightProperty: ReadOnlyDoubleProperty [value: 600.0]
15:14:15.804 [FXGL Background Thread 3 ] DEBUG Engine               - prefWidthProperty: ReadOnlyDoubleProperty [value: 1000.0]
15:14:15.805 [FXGL Background Thread 3 ] DEBUG Engine               - profileDir: profiles/
15:14:15.805 [FXGL Background Thread 3 ] DEBUG Engine               - profileName: StringProperty [value: DEFAULT]
15:14:15.806 [FXGL Background Thread 3 ] DEBUG Engine               - randomSeed: -1
15:14:15.807 [FXGL Background Thread 3 ] DEBUG Engine               - runtimeInfo: RuntimeInfo(platform=WINDOWS, version=17.1, build=24.03.2022 17.34)
15:14:15.807 [FXGL Background Thread 3 ] DEBUG Engine               - saveFileExt: sav
15:14:15.808 [FXGL Background Thread 3 ] DEBUG Engine               - scaledHeightProp$fxgl: DoubleProperty [bound, value: 600.0]
15:14:15.808 [FXGL Background Thread 3 ] DEBUG Engine               - scaledWidthProp$fxgl: DoubleProperty [bound, value: 1000.0]
15:14:15.810 [FXGL Background Thread 3 ] DEBUG Engine               - sceneFactory: com.almasb.fxgl.app.scene.SceneFactory@129a9010
15:14:15.810 [FXGL Background Thread 3 ] DEBUG Engine               - secondsIn24h: 60
15:14:15.810 [FXGL Background Thread 3 ] DEBUG Engine               - soundMenuBack: menu/back.wav
15:14:15.811 [FXGL Background Thread 3 ] DEBUG Engine               - soundMenuPress: menu/press.wav
15:14:15.811 [FXGL Background Thread 3 ] DEBUG Engine               - soundMenuSelect: menu/select.wav
15:14:15.811 [FXGL Background Thread 3 ] DEBUG Engine               - soundNotification: core/notification.wav
15:14:15.812 [FXGL Background Thread 3 ] DEBUG Engine               - stageStyle: DECORATED
15:14:15.812 [FXGL Background Thread 3 ] DEBUG Engine               - supportedLanguages: [ENGLISH, FRENCH, GERMAN, HUNGARIAN, RUSSIAN]
15:14:15.813 [FXGL Background Thread 3 ] DEBUG Engine               - ticksPerSecond: -1
15:14:15.813 [FXGL Background Thread 3 ] DEBUG Engine               - title: Gestión de Áreas
15:14:15.813 [FXGL Background Thread 3 ] DEBUG Engine               - urlGithub: https://github.com/AlmasB/FXGL
15:14:15.814 [FXGL Background Thread 3 ] DEBUG Engine               - urlLeaderboard: http://fxgl-top.herokuapp.com/
15:14:15.814 [FXGL Background Thread 3 ] DEBUG Engine               - urlPOM: https://raw.githubusercontent.com/AlmasB/FXGL/release/README.md
15:14:15.815 [FXGL Background Thread 3 ] DEBUG Engine               - userAppClass: class org.example.Main
15:14:15.815 [FXGL Background Thread 3 ] DEBUG Engine               - version: 1.0
15:14:15.815 [FXGL Background Thread 3 ] DEBUG Engine               - versionCheckDays: 7
15:14:15.816 [FXGL Background Thread 3 ] DEBUG Engine               - width: 1000
15:14:15.816 [FXGL Background Thread 3 ] DEBUG Engine               - Logging services
15:14:15.816 [FXGL Background Thread 3 ] DEBUG Engine               - class com.almasb.fxgl.app.services.FXGLAssetLoaderService
15:14:15.817 [FXGL Background Thread 3 ] DEBUG Engine               - class com.almasb.fxgl.app.FXGLApplication$GameApplicationService
15:14:15.817 [FXGL Background Thread 3 ] DEBUG Engine               - class com.almasb.fxgl.app.services.FXGLDialogService
15:14:15.817 [FXGL Background Thread 3 ] DEBUG Engine               - class com.almasb.fxgl.app.services.IOTaskExecutorService
15:14:15.817 [FXGL Background Thread 3 ] DEBUG Engine               - class com.almasb.fxgl.io.FileSystemService
15:14:15.818 [FXGL Background Thread 3 ] DEBUG Engine               - class com.almasb.fxgl.localization.LocalizationService
15:14:15.818 [FXGL Background Thread 3 ] DEBUG Engine               - class com.almasb.fxgl.app.services.SystemBundleService
15:14:15.819 [FXGL Background Thread 3 ] DEBUG Engine               - class com.almasb.fxgl.profile.SaveLoadService
15:14:15.819 [FXGL Background Thread 3 ] DEBUG Engine               - class com.almasb.fxgl.ui.FXGLUIFactoryServiceProvider
15:14:15.819 [FXGL Background Thread 3 ] DEBUG Engine               - class com.almasb.fxgl.ui.FXGLDialogFactoryServiceProvider
15:14:15.820 [FXGL Background Thread 3 ] DEBUG Engine               - class com.almasb.fxgl.audio.AudioPlayer
15:14:15.820 [FXGL Background Thread 3 ] DEBUG Engine               - class com.almasb.fxgl.notification.impl.NotificationServiceProvider
15:14:15.820 [FXGL Background Thread 3 ] DEBUG Engine               - class com.almasb.fxgl.achievement.AchievementService
15:14:15.820 [FXGL Background Thread 3 ] DEBUG Engine               - class com.almasb.fxgl.cutscene.CutsceneService
15:14:15.821 [FXGL Background Thread 3 ] DEBUG Engine               - class com.almasb.fxgl.minigames.MiniGameService
15:14:15.821 [FXGL Background Thread 3 ] DEBUG Engine               - class com.almasb.fxgl.net.NetService
15:14:15.821 [FXGL Background Thread 3 ] DEBUG Engine               - class com.almasb.fxgl.app.services.UpdaterService
15:14:15.821 [FXGL Background Thread 3 ] DEBUG Engine               - class com.almasb.fxgl.dev.DevService
15:14:58.757 [JavaFX Application Thread] DEBUG FXGLApplication      - Exiting FXGL
15:14:58.757 [JavaFX Application Thread] DEBUG LoopRunner           - Stopping loop
15:14:58.758 [JavaFX Application Thread] DEBUG SystemBundleService  - Saving FXGL system data
15:14:58.765 [JavaFX Application Thread] DEBUG FileSystemAccess     - Writing to: C:\Users\100070997\Desktop\restaurant_simulator\system\fxgl.bundle
15:14:58.771 [JavaFX Application Thread] DEBUG Async                - Shutting down background threads
15:14:58.772 [JavaFX Application Thread] DEBUG PrimaryStageWindow   - Closing main window
15:14:58.835 [JavaFX Application Thread] DEBUG Logger               - Closing Logger
