21:56:28.074 [main                     ] DEBUG Logger               - Configured Logger
21:56:28.101 [main                     ] DEBUG GameApplication      - Logging settings
Title: Gestión de Áreas
Version: 1.0
Width: 1000
Height: 450
Fullscreen: false
Intro: false
Profiling: false
Single step:false
App Mode: DEVELOPER
Menu Key: ESCAPE
Stage Style: DECORATED
Scene Factory: class com.almasb.fxgl.app.scene.SceneFactory

21:56:28.456 [JavaFX Application Thread] DEBUG FXGLApplication      - Initializing FXGL
21:56:28.463 [JavaFX Application Thread] INFO  Engine               - FXGL-17.1 (24.03.2022 17.34) on WINDOWS (J:17.0.5 FX:18)
21:56:28.463 [JavaFX Application Thread] DEBUG Engine               - JRE Vendor Name: Eclipse Adoptium
21:56:28.464 [JavaFX Application Thread] DEBUG Engine               - Running on OS: Windows 11 version 10.0
21:56:28.464 [JavaFX Application Thread] DEBUG Engine               - Architecture: amd64
21:56:28.464 [JavaFX Application Thread] INFO  Engine               - Source code and latest versions at: https://github.com/AlmasB/FXGL
21:56:28.464 [JavaFX Application Thread] INFO  Engine               -       Ask questions and discuss at: https://github.com/AlmasB/FXGL/discussions
21:56:28.466 [JavaFX Application Thread] INFO  Engine               -              Join the FXGL chat at: https://gitter.im/AlmasB/FXGL
21:56:28.587 [JavaFX Application Thread] DEBUG PrimaryStageWindow   - Creating a JavaFX scene
21:56:28.632 [JavaFX Application Thread] DEBUG PrimaryStageWindow   - Target settings size: 1000.0 x 450.0
21:56:28.632 [JavaFX Application Thread] DEBUG PrimaryStageWindow   - Scaled scene size:    1000.0 x 450.0
21:56:28.633 [JavaFX Application Thread] DEBUG PrimaryStageWindow   - Scaled ratio: (1.0, 1.0)
21:56:28.634 [JavaFX Application Thread] DEBUG PrimaryStageWindow   - Set initial scene to FXGLStartupScene
21:56:28.645 [JavaFX Application Thread] DEBUG PrimaryStageWindow   - Opening main window
21:56:28.737 [JavaFX Application Thread] DEBUG PrimaryStageWindow   - Window border size: (14.66668701171875, 37.333343505859375)
21:56:28.739 [JavaFX Application Thread] DEBUG PrimaryStageWindow   - Scaled size: 1000.0 x 450.0
21:56:28.740 [JavaFX Application Thread] DEBUG PrimaryStageWindow   - Scaled ratio: (1.0, 1.0)
21:56:28.740 [JavaFX Application Thread] DEBUG PrimaryStageWindow   - Scene size: 1000.0 x 450.0
21:56:28.740 [JavaFX Application Thread] DEBUG PrimaryStageWindow   - Stage size: 1014.6666870117188 x 487.3333435058594
21:56:28.749 [FXGL Background Thread 1 ] DEBUG Engine               - Initializing environment variables
21:56:28.812 [FXGL Background Thread 1 ] DEBUG FXGLAssetLoaderServi - User app class for loading assets: class org.example.Main
21:56:28.813 [FXGL Background Thread 1 ] DEBUG GameApplicationServi - Applying CSS: fxgl_dark.css
21:56:28.815 [FXGL Background Thread 1 ] DEBUG FXGLAssetLoaderServi - Loading from file system: jar:file:/C:/Users/100070997/.m2/repository/com/github/almasb/fxgl/17.1/fxgl-17.1.jar!/fxglassets/ui/css/fxgl_dark.css
21:56:28.884 [FXGL Background Thread 1 ] DEBUG GameApplicationServi - Initializing application scenes
21:56:28.947 [FXGL Background Thread 1 ] DEBUG GameWorld            - Game world initialized
21:56:29.017 [FXGL Background Thread 1 ] DEBUG PhysicsWorld         - Physics world initialized: appHeight=450, physics.ppm=50.0
21:56:29.018 [FXGL Background Thread 1 ] DEBUG PhysicsWorld         - Using strategy: BRUTE_FORCE
21:56:29.023 [FXGL Background Thread 1 ] DEBUG GameScene            - Game scene initialized: 1000x450
21:56:29.037 [FXGL Background Thread 1 ] WARN  FXGL.DefaultMenu     - FXGLDefaultMenu is not designed for resolutions < 800x600
21:56:29.038 [FXGL Background Thread 1 ] DEBUG FXGL.DefaultMenu     - createMenuBodyGameMenu()
21:56:29.058 [FXGL Background Thread 1 ] DEBUG FXGL.DefaultMenu     - createOptionsMenu()
21:56:29.075 [FXGL Background Thread 1 ] DEBUG FXGLAssetLoaderServi - Loading from file system: jar:file:/C:/Users/100070997/.m2/repository/com/github/almasb/fxgl/17.1/fxgl-17.1.jar!/fxglassets/textures/particles/smoke.png
21:56:29.174 [FXGL Background Thread 1 ] DEBUG FXGLAssetLoaderServi - Loading from file system: jar:file:/C:/Users/100070997/.m2/repository/com/github/almasb/fxgl/17.1/fxgl-17.1.jar!/fxglassets/textures/particles/trace_horizontal.png
21:56:29.202 [FXGL Background Thread 1 ] DEBUG GameApplicationServi - Application scenes initialized
21:56:29.214 [FXGL Background Thread 1 ] DEBUG SystemBundleService  - Loading FXGL system data
21:56:29.218 [FXGL Background Thread 1 ] DEBUG FileSystemAccess     - Reading from: C:\Users\100070997\Desktop\restaurant_simulator\system\fxgl.bundle
21:56:29.223 [FXGL Background Thread 1 ] DEBUG SystemBundleService  - Bundle FXGL: {}
21:56:29.223 [FXGL Background Thread 1 ] DEBUG UpdaterService       - Checking for updates
21:56:29.227 [FXGL Background Thread 4 ] DEBUG FXGLApplication      - Loading fonts
21:56:29.227 [FXGL Background Thread 4 ] DEBUG FXGLAssetLoaderServi - Loading from file system: jar:file:/C:/Users/100070997/.m2/repository/com/github/almasb/fxgl/17.1/fxgl-17.1.jar!/fxglassets/ui/fonts/VarelaRound-Regular.ttf
21:56:29.227 [FXGL Background Thread 1 ] DEBUG FXGLApplication      - Loading default localization
21:56:29.228 [FXGL Background Thread 1 ] DEBUG FXGLAssetLoaderServi - Loading from file system: jar:file:/C:/Users/100070997/.m2/repository/com/github/almasb/fxgl/17.1/fxgl-17.1.jar!/fxglassets/languages/english.lang
21:56:29.248 [FXGL Background Thread 1 ] INFO  FXGLApplication      - FXGL initialization took: 0.499 sec
21:56:29.251 [JavaFX Application Thread] DEBUG FXGLAssetLoaderServi - Loading from file system: jar:file:/C:/Users/100070997/.m2/repository/com/github/almasb/fxgl/17.1/fxgl-17.1.jar!/fxglassets/textures/fxgl_icon.png
21:56:29.280 [JavaFX Application Thread] DEBUG FXGLAssetLoaderServi - Loading from file system: jar:file:/C:/Users/100070997/.m2/repository/com/github/almasb/fxgl/17.1/fxgl-17.1.jar!/fxglassets/textures/fxgl_default_cursor.png
21:56:29.296 [JavaFX Application Thread] DEBUG Input                - Registered new binding: Screenshot - CTRL+8
21:56:29.296 [JavaFX Application Thread] DEBUG Input                - Registered new binding: System info dump - CTRL+9
21:56:29.298 [JavaFX Application Thread] DEBUG Input                - Registered new binding: Restart - CTRL+R
21:56:29.299 [JavaFX Application Thread] DEBUG Input                - Registered new binding: Toggle Debug Camera - CTRL+7
21:56:29.302 [JavaFX Application Thread] DEBUG LoopRunner           - Starting loop
21:56:29.302 [JavaFX Application Thread] DEBUG LoopRunner           - Initializing JavaFX AnimationTimerLoop
21:56:29.304 [JavaFX Application Thread] DEBUG GameApplicationServi - Starting new game
21:56:29.304 [JavaFX Application Thread] DEBUG Input                - Clearing active input actions
21:56:29.319 [JavaFX Application Thread] DEBUG GameApplicationServi - Removing overlay from FXGLStartupScene and adding to FXGLLoadingScene
21:56:29.320 [JavaFX Application Thread] DEBUG PrimaryStageWindow   - FXGLStartupScene -> FXGLLoadingScene
21:56:29.320 [JavaFX Application Thread] DEBUG GameApplicationServi - Clearing previous game
21:56:29.320 [JavaFX Application Thread] DEBUG GameScene            - Clearing game scene
21:56:29.320 [JavaFX Application Thread] DEBUG GameWorld            - Clearing game world
21:56:29.320 [JavaFX Application Thread] DEBUG PhysicsWorld         - Clearing physics world
21:56:29.323 [FXGL Background Thread 1 ] DEBUG FXGLApplication      - Initializing game
21:56:29.345 [FXGL Background Thread 4 ] DEBUG FXGLAssetLoaderServi - Loading from file system: jar:file:/C:/Users/100070997/.m2/repository/com/github/almasb/fxgl/17.1/fxgl-17.1.jar!/fxglassets/ui/fonts/Abel-Regular.ttf
21:56:29.363 [FXGL Background Thread 4 ] DEBUG FXGLAssetLoaderServi - Loading from file system: jar:file:/C:/Users/100070997/.m2/repository/com/github/almasb/fxgl/17.1/fxgl-17.1.jar!/fxglassets/ui/fonts/TerminalLandMono-Regular.otf
21:56:29.380 [FXGL Background Thread 4 ] DEBUG FXGLAssetLoaderServi - Loading from file system: jar:file:/C:/Users/100070997/.m2/repository/com/github/almasb/fxgl/17.1/fxgl-17.1.jar!/fxglassets/ui/fonts/Courier-Prime.ttf
21:56:29.495 [JavaFX Application Thread] DEBUG FXGLApplication      - Registering font factories with UI factory
21:56:29.664 [FXGL Background Thread 1 ] INFO  FXGLApplication      - Game initialization took: 0.342 sec
21:56:29.665 [JavaFX Application Thread] DEBUG Input                - Clearing active input actions
21:56:29.684 [JavaFX Application Thread] DEBUG GameApplicationServi - Removing overlay from FXGLLoadingScene and adding to GameScene
21:56:29.684 [JavaFX Application Thread] DEBUG PrimaryStageWindow   - FXGLLoadingScene -> GameScene
21:56:29.883 [FXGL Background Thread 2 ] INFO  UpdaterService       - Your current version:  17.1
21:56:29.884 [FXGL Background Thread 2 ] INFO  UpdaterService       - Latest stable version: 21.1
21:56:32.227 [FXGL Background Thread 3 ] DEBUG Engine               - Logging environment variables
21:56:32.227 [FXGL Background Thread 3 ] DEBUG Engine               - achievements: []
21:56:32.227 [FXGL Background Thread 3 ] DEBUG Engine               - actualHeight: 450.0
21:56:32.228 [FXGL Background Thread 3 ] DEBUG Engine               - actualHeightProperty: ReadOnlyDoubleProperty [value: 450.0]
21:56:32.228 [FXGL Background Thread 3 ] DEBUG Engine               - actualWidth: 1000.0
21:56:32.228 [FXGL Background Thread 3 ] DEBUG Engine               - actualWidthProperty: ReadOnlyDoubleProperty [value: 1000.0]
21:56:32.228 [FXGL Background Thread 3 ] DEBUG Engine               - appIcon: fxgl_icon.png
21:56:32.228 [FXGL Background Thread 3 ] DEBUG Engine               - applicationMode: DEVELOPER
21:56:32.228 [FXGL Background Thread 3 ] DEBUG Engine               - cSSList: [fxgl_dark.css]
21:56:32.228 [FXGL Background Thread 3 ] DEBUG Engine               - collisionDetectionStrategy: BRUTE_FORCE
21:56:32.228 [FXGL Background Thread 3 ] DEBUG Engine               - configClass: Optional.empty
21:56:32.228 [FXGL Background Thread 3 ] DEBUG Engine               - credits: []
21:56:32.229 [FXGL Background Thread 3 ] DEBUG Engine               - defaultCursor: CursorInfo(imageName=fxgl_default_cursor.png, hotspotX=7.0, hotspotY=6.0)
21:56:32.229 [FXGL Background Thread 3 ] DEBUG Engine               - devBBoxColorProperty: ObjectProperty [value: 0xff0000ff]
21:56:32.229 [FXGL Background Thread 3 ] DEBUG Engine               - devEnableDebugCameraProperty: BooleanProperty [value: false]
21:56:32.229 [FXGL Background Thread 3 ] DEBUG Engine               - devSensorColorProperty: ObjectProperty [value: 0xffff00ff]
21:56:32.229 [FXGL Background Thread 3 ] DEBUG Engine               - devShowBBoxProperty: BooleanProperty [value: false]
21:56:32.229 [FXGL Background Thread 3 ] DEBUG Engine               - devShowPositionProperty: BooleanProperty [value: false]
21:56:32.229 [FXGL Background Thread 3 ] DEBUG Engine               - enabledMenuItems: []
21:56:32.229 [FXGL Background Thread 3 ] DEBUG Engine               - engineServices: [class com.almasb.fxgl.app.services.FXGLAssetLoaderService, class com.almasb.fxgl.app.FXGLApplication$GameApplicationService, class com.almasb.fxgl.app.services.FXGLDialogService, class com.almasb.fxgl.app.services.IOTaskExecutorService, class com.almasb.fxgl.io.FileSystemService, class com.almasb.fxgl.localization.LocalizationService, class com.almasb.fxgl.app.services.SystemBundleService, class com.almasb.fxgl.profile.SaveLoadService, class com.almasb.fxgl.ui.FXGLUIFactoryServiceProvider, class com.almasb.fxgl.ui.FXGLDialogFactoryServiceProvider, class com.almasb.fxgl.audio.AudioPlayer, class com.almasb.fxgl.notification.impl.NotificationServiceProvider, class com.almasb.fxgl.achievement.AchievementService, class com.almasb.fxgl.cutscene.CutsceneService, class com.almasb.fxgl.minigames.MiniGameService, class com.almasb.fxgl.net.NetService, class com.almasb.fxgl.app.services.UpdaterService, class com.almasb.fxgl.dev.DevService]
21:56:32.229 [FXGL Background Thread 3 ] DEBUG Engine               - fontGame: Abel-Regular.ttf
21:56:32.229 [FXGL Background Thread 3 ] DEBUG Engine               - fontMono: TerminalLandMono-Regular.otf
21:56:32.229 [FXGL Background Thread 3 ] DEBUG Engine               - fontText: Courier-Prime.ttf
21:56:32.230 [FXGL Background Thread 3 ] DEBUG Engine               - fontUI: VarelaRound-Regular.ttf
21:56:32.230 [FXGL Background Thread 3 ] DEBUG Engine               - fullScreen: BooleanProperty [value: false]
21:56:32.230 [FXGL Background Thread 3 ] DEBUG Engine               - gameDifficulty: MEDIUM
21:56:32.230 [FXGL Background Thread 3 ] DEBUG Engine               - gameDifficultyProperty: ObjectProperty [value: MEDIUM]
21:56:32.230 [FXGL Background Thread 3 ] DEBUG Engine               - globalMusicVolume: 0.5
21:56:32.230 [FXGL Background Thread 3 ] DEBUG Engine               - globalMusicVolumeProperty: DoubleProperty [value: 0.5]
21:56:32.230 [FXGL Background Thread 3 ] DEBUG Engine               - globalSoundVolume: 0.5
21:56:32.230 [FXGL Background Thread 3 ] DEBUG Engine               - globalSoundVolumeProperty: DoubleProperty [value: 0.5]
21:56:32.230 [FXGL Background Thread 3 ] DEBUG Engine               - height: 450
21:56:32.230 [FXGL Background Thread 3 ] DEBUG Engine               - is3D: false
21:56:32.230 [FXGL Background Thread 3 ] DEBUG Engine               - isAndroid: false
21:56:32.230 [FXGL Background Thread 3 ] DEBUG Engine               - isBrowser: false
21:56:32.230 [FXGL Background Thread 3 ] DEBUG Engine               - isClickFeedbackEnabled: false
21:56:32.230 [FXGL Background Thread 3 ] DEBUG Engine               - isCloseConfirmation: false
21:56:32.231 [FXGL Background Thread 3 ] DEBUG Engine               - isDesktop: true
21:56:32.231 [FXGL Background Thread 3 ] DEBUG Engine               - isDeveloperMenuEnabled: false
21:56:32.231 [FXGL Background Thread 3 ] DEBUG Engine               - isEmbedded: false
21:56:32.231 [FXGL Background Thread 3 ] DEBUG Engine               - isEntityPreloadEnabled: true
21:56:32.231 [FXGL Background Thread 3 ] DEBUG Engine               - isExperimentalTiledLargeMap: false
21:56:32.231 [FXGL Background Thread 3 ] DEBUG Engine               - isFileSystemWriteAllowed: true
21:56:32.231 [FXGL Background Thread 3 ] DEBUG Engine               - isFullScreenAllowed: false
21:56:32.231 [FXGL Background Thread 3 ] DEBUG Engine               - isFullScreenFromStart: false
21:56:32.231 [FXGL Background Thread 3 ] DEBUG Engine               - isGameMenuEnabled: true
21:56:32.231 [FXGL Background Thread 3 ] DEBUG Engine               - isIOS: false
21:56:32.232 [FXGL Background Thread 3 ] DEBUG Engine               - isIntroEnabled: false
21:56:32.232 [FXGL Background Thread 3 ] DEBUG Engine               - isLinux: false
21:56:32.232 [FXGL Background Thread 3 ] DEBUG Engine               - isMac: false
21:56:32.232 [FXGL Background Thread 3 ] DEBUG Engine               - isMainMenuEnabled: false
21:56:32.232 [FXGL Background Thread 3 ] DEBUG Engine               - isManualResizeEnabled: false
21:56:32.232 [FXGL Background Thread 3 ] DEBUG Engine               - isMobile: false
21:56:32.232 [FXGL Background Thread 3 ] DEBUG Engine               - isNative: false
21:56:32.232 [FXGL Background Thread 3 ] DEBUG Engine               - isPauseMusicWhenMinimized: true
21:56:32.233 [FXGL Background Thread 3 ] DEBUG Engine               - isPreserveResizeRatio: false
21:56:32.233 [FXGL Background Thread 3 ] DEBUG Engine               - isProfilingEnabled: false
21:56:32.233 [FXGL Background Thread 3 ] DEBUG Engine               - isScaleAffectedOnResize: true
21:56:32.233 [FXGL Background Thread 3 ] DEBUG Engine               - isSingleStep: false
21:56:32.233 [FXGL Background Thread 3 ] DEBUG Engine               - isUserProfileEnabled: false
21:56:32.233 [FXGL Background Thread 3 ] DEBUG Engine               - isWindows: true
21:56:32.233 [FXGL Background Thread 3 ] DEBUG Engine               - language: ObjectProperty [value: ENGLISH]
21:56:32.233 [FXGL Background Thread 3 ] DEBUG Engine               - menuKey: ESCAPE
21:56:32.233 [FXGL Background Thread 3 ] DEBUG Engine               - mouseSensitivity: 0.2
21:56:32.233 [FXGL Background Thread 3 ] DEBUG Engine               - notificationViewClass: class com.almasb.fxgl.notification.view.XboxNotificationView
21:56:32.233 [FXGL Background Thread 3 ] DEBUG Engine               - pixelsPerMeter: 50.0
21:56:32.233 [FXGL Background Thread 3 ] DEBUG Engine               - platform: WINDOWS
21:56:32.233 [FXGL Background Thread 3 ] DEBUG Engine               - prefHeightProperty: ReadOnlyDoubleProperty [value: 450.0]
21:56:32.233 [FXGL Background Thread 3 ] DEBUG Engine               - prefWidthProperty: ReadOnlyDoubleProperty [value: 1000.0]
21:56:32.234 [FXGL Background Thread 3 ] DEBUG Engine               - profileDir: profiles/
21:56:32.234 [FXGL Background Thread 3 ] DEBUG Engine               - profileName: StringProperty [value: DEFAULT]
21:56:32.234 [FXGL Background Thread 3 ] DEBUG Engine               - randomSeed: -1
21:56:32.234 [FXGL Background Thread 3 ] DEBUG Engine               - runtimeInfo: RuntimeInfo(platform=WINDOWS, version=17.1, build=24.03.2022 17.34)
21:56:32.235 [FXGL Background Thread 3 ] DEBUG Engine               - saveFileExt: sav
21:56:32.235 [FXGL Background Thread 3 ] DEBUG Engine               - scaledHeightProp$fxgl: DoubleProperty [bound, value: 450.0]
21:56:32.235 [FXGL Background Thread 3 ] DEBUG Engine               - scaledWidthProp$fxgl: DoubleProperty [bound, value: 1000.0]
21:56:32.235 [FXGL Background Thread 3 ] DEBUG Engine               - sceneFactory: com.almasb.fxgl.app.scene.SceneFactory@3e30aa8f
21:56:32.235 [FXGL Background Thread 3 ] DEBUG Engine               - secondsIn24h: 60
21:56:32.235 [FXGL Background Thread 3 ] DEBUG Engine               - soundMenuBack: menu/back.wav
21:56:32.235 [FXGL Background Thread 3 ] DEBUG Engine               - soundMenuPress: menu/press.wav
21:56:32.235 [FXGL Background Thread 3 ] DEBUG Engine               - soundMenuSelect: menu/select.wav
21:56:32.235 [FXGL Background Thread 3 ] DEBUG Engine               - soundNotification: core/notification.wav
21:56:32.235 [FXGL Background Thread 3 ] DEBUG Engine               - stageStyle: DECORATED
21:56:32.236 [FXGL Background Thread 3 ] DEBUG Engine               - supportedLanguages: [ENGLISH, FRENCH, GERMAN, HUNGARIAN, RUSSIAN]
21:56:32.236 [FXGL Background Thread 3 ] DEBUG Engine               - ticksPerSecond: -1
21:56:32.236 [FXGL Background Thread 3 ] DEBUG Engine               - title: Gestión de Áreas
21:56:32.236 [FXGL Background Thread 3 ] DEBUG Engine               - urlGithub: https://github.com/AlmasB/FXGL
21:56:32.236 [FXGL Background Thread 3 ] DEBUG Engine               - urlLeaderboard: http://fxgl-top.herokuapp.com/
21:56:32.236 [FXGL Background Thread 3 ] DEBUG Engine               - urlPOM: https://raw.githubusercontent.com/AlmasB/FXGL/release/README.md
21:56:32.236 [FXGL Background Thread 3 ] DEBUG Engine               - userAppClass: class org.example.Main
21:56:32.236 [FXGL Background Thread 3 ] DEBUG Engine               - version: 1.0
21:56:32.236 [FXGL Background Thread 3 ] DEBUG Engine               - versionCheckDays: 7
21:56:32.236 [FXGL Background Thread 3 ] DEBUG Engine               - width: 1000
21:56:32.237 [FXGL Background Thread 3 ] DEBUG Engine               - Logging services
21:56:32.237 [FXGL Background Thread 3 ] DEBUG Engine               - class com.almasb.fxgl.app.services.FXGLAssetLoaderService
21:56:32.237 [FXGL Background Thread 3 ] DEBUG Engine               - class com.almasb.fxgl.app.FXGLApplication$GameApplicationService
21:56:32.237 [FXGL Background Thread 3 ] DEBUG Engine               - class com.almasb.fxgl.app.services.FXGLDialogService
21:56:32.237 [FXGL Background Thread 3 ] DEBUG Engine               - class com.almasb.fxgl.app.services.IOTaskExecutorService
21:56:32.237 [FXGL Background Thread 3 ] DEBUG Engine               - class com.almasb.fxgl.io.FileSystemService
21:56:32.237 [FXGL Background Thread 3 ] DEBUG Engine               - class com.almasb.fxgl.localization.LocalizationService
21:56:32.237 [FXGL Background Thread 3 ] DEBUG Engine               - class com.almasb.fxgl.app.services.SystemBundleService
21:56:32.237 [FXGL Background Thread 3 ] DEBUG Engine               - class com.almasb.fxgl.profile.SaveLoadService
21:56:32.237 [FXGL Background Thread 3 ] DEBUG Engine               - class com.almasb.fxgl.ui.FXGLUIFactoryServiceProvider
21:56:32.237 [FXGL Background Thread 3 ] DEBUG Engine               - class com.almasb.fxgl.ui.FXGLDialogFactoryServiceProvider
21:56:32.237 [FXGL Background Thread 3 ] DEBUG Engine               - class com.almasb.fxgl.audio.AudioPlayer
21:56:32.237 [FXGL Background Thread 3 ] DEBUG Engine               - class com.almasb.fxgl.notification.impl.NotificationServiceProvider
21:56:32.238 [FXGL Background Thread 3 ] DEBUG Engine               - class com.almasb.fxgl.achievement.AchievementService
21:56:32.238 [FXGL Background Thread 3 ] DEBUG Engine               - class com.almasb.fxgl.cutscene.CutsceneService
21:56:32.238 [FXGL Background Thread 3 ] DEBUG Engine               - class com.almasb.fxgl.minigames.MiniGameService
21:56:32.238 [FXGL Background Thread 3 ] DEBUG Engine               - class com.almasb.fxgl.net.NetService
21:56:32.238 [FXGL Background Thread 3 ] DEBUG Engine               - class com.almasb.fxgl.app.services.UpdaterService
21:56:32.238 [FXGL Background Thread 3 ] DEBUG Engine               - class com.almasb.fxgl.dev.DevService
21:56:59.667 [JavaFX Application Thread] DEBUG FXGLApplication      - Exiting FXGL
21:56:59.667 [JavaFX Application Thread] DEBUG LoopRunner           - Stopping loop
21:56:59.668 [JavaFX Application Thread] DEBUG SystemBundleService  - Saving FXGL system data
21:56:59.670 [JavaFX Application Thread] DEBUG FileSystemAccess     - Writing to: C:\Users\100070997\Desktop\restaurant_simulator\system\fxgl.bundle
21:56:59.672 [JavaFX Application Thread] DEBUG Async                - Shutting down background threads
21:56:59.672 [JavaFX Application Thread] DEBUG PrimaryStageWindow   - Closing main window
21:56:59.692 [JavaFX Application Thread] DEBUG Logger               - Closing Logger
